<?xml version="1.0" encoding="UTF-8"?>
<testsuites name="New Test Suite (1)" time="1721.785" tests="22" failures="0" errors="0">
   <testsuite name="New Test Suite (1)" tests="22" failures="0" errors="0" time="1721.785" skipped="0" timestamp="05-11-2024T12:08:16" hostname="AnusmitaKundu - PSDLAP361" id="Test Suites/Threads/New Test Suite (1)">
      <properties>
[...]
</properties>
      <testcase name="Test Cases/Threads_Webshop/1 Registration/TC-73,31-Verify the registration" time="60.993" classname="Test Cases/Threads_Webshop/1 Registration/TC-73,31-Verify the registration" status="PASSED">
         <system-out><![CDATA[05-11-2024T12:08:16 - [TEST_CASE][PASSED] - Test Cases/Threads_Webshop/1 Registration/TC-73,31-Verify the registration: Test Cases/Threads_Webshop/1 Registration/TC-73,31-Verify the registration

05-11-2024T12:08:17 - [TEST_STEP][PASSED] - currentDateTime = LocalDateTime.now(): null

05-11-2024T12:08:17 - [TEST_STEP][PASSED] - formatter = DateTimeFormatter.ofPattern("yyyyMMddHHmmss"): null

05-11-2024T12:08:17 - [TEST_STEP][PASSED] - dateTimeString = currentDateTime.format(formatter): null

05-11-2024T12:08:17 - [TEST_STEP][PASSED] - uniqueEmail = "tester_" + dateTimeString + "@mailinator.com": null

05-11-2024T12:08:17 - [TEST_STEP][PASSED] - println("Generated unique email: " + uniqueEmail): null

05-11-2024T12:08:17 - [TEST_STEP][PASSED] - screenshotFolderPath = "screenshots/regestration_" + dateTimeString + "/": null

05-11-2024T12:08:17 - [TEST_STEP][PASSED] - File(screenshotFolderPath).mkdirs(): null

05-11-2024T12:08:17 - [TEST_STEP][PASSED] - callTestCase(findTestCase("Threads_Webshop/ReUsable Testcases/Enter Password"), [:], STOP_ON_FAILURE): Call Test Case 'Test Cases/Threads_Webshop/ReUsable Testcases/Enter Password' successfully

05-11-2024T12:08:17 - [TEST_CASE][PASSED] - Test Cases/Threads_Webshop/ReUsable Testcases/Enter Password: Test Cases/Threads_Webshop/ReUsable Testcases/Enter Password

05-11-2024T12:08:17 - [TEST_STEP][PASSED] - openBrowser(""): Browser is opened with url: ''

05-11-2024T12:08:18 - [MESSAGE][INFO] - Starting 'Chrome' driver

05-11-2024T12:08:18 - [MESSAGE][INFO] - Action delay is set to 0 milliseconds

05-11-2024T12:08:21 - [MESSAGE][PASSED] - Browser is opened with url: ''

05-11-2024T12:08:21 - [TEST_STEP][PASSED] - maximizeWindow(): Current window maximized

05-11-2024T12:08:21 - [MESSAGE][PASSED] - Current window maximized

05-11-2024T12:08:21 - [TEST_STEP][PASSED] - navigateToUrl("https://threads0.myshopify.com/password"): Navigate to 'https://threads0.myshopify.com/password' successfully

05-11-2024T12:08:24 - [MESSAGE][PASSED] - Navigate to 'https://threads0.myshopify.com/password' successfully

05-11-2024T12:08:24 - [TEST_STEP][PASSED] - click(findTestObject("Object Repository/Thread_Webshop/Reusable Testcase/Page_Threads/div_Enter using password")): Object: 'Object Repository/Thread_Webshop/Reusable Testcase/Page_Threads/div_Enter using password' is clicked on

05-11-2024T12:08:28 - [MESSAGE][PASSED] - Object: 'Object Repository/Thread_Webshop/Reusable Testcase/Page_Threads/div_Enter using password' is clicked on

05-11-2024T12:08:28 - [TEST_STEP][PASSED] - setEncryptedText(findTestObject("Object Repository/Thread_Webshop/Reusable Testcase/Page_Threads/input_Enter store using password_password"), "gnzTAVlujIw+lTr0To6+Cg=="): Text ****** has been set on object 'Object Repository/Thread_Webshop/Reusable Testcase/Page_Threads/input_Enter store using password_password'

05-11-2024T12:08:29 - [MESSAGE][PASSED] - Text ****** has been set on object 'Object Repository/Thread_Webshop/Reusable Testcase/Page_Threads/input_Enter store using password_password'

05-11-2024T12:08:29 - [TEST_STEP][PASSED] - click(findTestObject("Object Repository/Thread_Webshop/Reusable Testcase/Page_Threads/button_Enter")): Object: 'Object Repository/Thread_Webshop/Reusable Testcase/Page_Threads/button_Enter' is clicked on

05-11-2024T12:08:31 - [MESSAGE][PASSED] - Object: 'Object Repository/Thread_Webshop/Reusable Testcase/Page_Threads/button_Enter' is clicked on

05-11-2024T12:08:31 - [MESSAGE][PASSED] - Call Test Case 'Test Cases/Threads_Webshop/ReUsable Testcases/Enter Password' successfully

05-11-2024T12:08:31 - [TEST_STEP][PASSED] - takeScreenshot(screenshotFolderPath + "enter_password.png"): Taking screenshot successfully

05-11-2024T12:08:32 - [MESSAGE][PASSED] - Taking screenshot successfully
[[ATTACHMENT|C:\\Users\\AnusmitaKundu\\git\\threadShopify\\ThreadShopify\\Reports\\20241105_120811\\Threads\\New Test Suite (1)\\20241105_120811\\screenshots/regestration_20241105120817/enter_password.png]]

05-11-2024T12:08:32 - [TEST_STEP][PASSED] - click(findTestObject("Object Repository/Page_Threads/button_Enter")): Object: 'Object Repository/Page_Threads/button_Enter' is clicked on

05-11-2024T12:08:33 - [MESSAGE][PASSED] - Object: 'Object Repository/Page_Threads/button_Enter' is clicked on

05-11-2024T12:08:33 - [TEST_STEP][PASSED] - verifyElementClickable(findTestObject("Object Repository/Page_Threads/svg_Search_icon icon-account")): Object 'Object Repository/Page_Threads/svg_Search_icon icon-account' is clickable

05-11-2024T12:08:33 - [MESSAGE][PASSED] - Object 'Object Repository/Page_Threads/svg_Search_icon icon-account' is clickable

05-11-2024T12:08:33 - [TEST_STEP][PASSED] - takeScreenshot(screenshotFolderPath + "home_page.png"): Taking screenshot successfully

05-11-2024T12:08:34 - [MESSAGE][PASSED] - Taking screenshot successfully
[[ATTACHMENT|C:\\Users\\AnusmitaKundu\\git\\threadShopify\\ThreadShopify\\Reports\\20241105_120811\\Threads\\New Test Suite (1)\\20241105_120811\\screenshots/regestration_20241105120817/home_page.png]]

05-11-2024T12:08:34 - [TEST_STEP][PASSED] - click(findTestObject("Object Repository/Page_Threads/svg_Search_icon icon-account")): Object: 'Object Repository/Page_Threads/svg_Search_icon icon-account' is clicked on

05-11-2024T12:08:37 - [MESSAGE][PASSED] - Object: 'Object Repository/Page_Threads/svg_Search_icon icon-account' is clicked on

05-11-2024T12:08:37 - [TEST_STEP][PASSED] - verifyElementClickable(findTestObject("Object Repository/Thread_Webshop/Register_/Page_Account  Threads/a_Create account")): Object 'Object Repository/Thread_Webshop/Register_/Page_Account  Threads/a_Create account' is clickable

05-11-2024T12:08:38 - [MESSAGE][PASSED] - Object 'Object Repository/Thread_Webshop/Register_/Page_Account  Threads/a_Create account' is clickable

05-11-2024T12:08:38 - [TEST_STEP][PASSED] - takeScreenshot(screenshotFolderPath + "create_account_page.png"): Taking screenshot successfully

05-11-2024T12:08:39 - [MESSAGE][PASSED] - Taking screenshot successfully
[[ATTACHMENT|C:\\Users\\AnusmitaKundu\\git\\threadShopify\\ThreadShopify\\Reports\\20241105_120811\\Threads\\New Test Suite (1)\\20241105_120811\\screenshots/regestration_20241105120817/create_account_page.png]]

05-11-2024T12:08:39 - [TEST_STEP][PASSED] - click(findTestObject("Object Repository/Thread_Webshop/Register_/Page_Account  Threads/a_Create account")): Object: 'Object Repository/Thread_Webshop/Register_/Page_Account  Threads/a_Create account' is clicked on

05-11-2024T12:08:40 - [MESSAGE][PASSED] - Object: 'Object Repository/Thread_Webshop/Register_/Page_Account  Threads/a_Create account' is clicked on

05-11-2024T12:08:40 - [TEST_STEP][PASSED] - takeScreenshot(screenshotFolderPath + "account_page.png"): Taking screenshot successfully

05-11-2024T12:08:41 - [MESSAGE][PASSED] - Taking screenshot successfully
[[ATTACHMENT|C:\\Users\\AnusmitaKundu\\git\\threadShopify\\ThreadShopify\\Reports\\20241105_120811\\Threads\\New Test Suite (1)\\20241105_120811\\screenshots/regestration_20241105120817/account_page.png]]

05-11-2024T12:08:41 - [TEST_STEP][PASSED] - verifyElementClickable(findTestObject("Object Repository/Thread_Webshop/Register_/Page_Create Account  Threads/button_Create")): Object 'Object Repository/Thread_Webshop/Register_/Page_Create Account  Threads/button_Create' is clickable

05-11-2024T12:08:41 - [MESSAGE][PASSED] - Object 'Object Repository/Thread_Webshop/Register_/Page_Create Account  Threads/button_Create' is clickable

05-11-2024T12:08:41 - [TEST_STEP][PASSED] - click(findTestObject("Object Repository/Thread_Webshop/Register_/Page_Create Account  Threads/button_Create")): Object: 'Object Repository/Thread_Webshop/Register_/Page_Create Account  Threads/button_Create' is clicked on

05-11-2024T12:08:43 - [MESSAGE][PASSED] - Object: 'Object Repository/Thread_Webshop/Register_/Page_Create Account  Threads/button_Create' is clicked on

05-11-2024T12:08:43 - [TEST_STEP][PASSED] - verifyTextPresent(error_msg1, false): Text 'Please adjust the following:' is present on page 

05-11-2024T12:08:44 - [MESSAGE][PASSED] - Text 'Please adjust the following:' is present on page 

05-11-2024T12:08:44 - [TEST_STEP][PASSED] - verifyTextPresent(error_msg2, false): Text 'Password can't be blank' is present on page 

05-11-2024T12:08:45 - [MESSAGE][PASSED] - Text 'Password can't be blank' is present on page 

05-11-2024T12:08:45 - [TEST_STEP][PASSED] - verifyTextPresent(error_msg3, false): Text 'Email can't be blank' is present on page 

05-11-2024T12:08:45 - [MESSAGE][PASSED] - Text 'Email can't be blank' is present on page 

05-11-2024T12:08:45 - [TEST_STEP][PASSED] - takeScreenshot(screenshotFolderPath + "blank_fields.png"): Taking screenshot successfully

05-11-2024T12:08:46 - [MESSAGE][PASSED] - Taking screenshot successfully
[[ATTACHMENT|C:\\Users\\AnusmitaKundu\\git\\threadShopify\\ThreadShopify\\Reports\\20241105_120811\\Threads\\New Test Suite (1)\\20241105_120811\\screenshots/regestration_20241105120817/blank_fields.png]]

05-11-2024T12:08:46 - [TEST_STEP][PASSED] - setText(findTestObject("Object Repository/Thread_Webshop/Register_/Page_Create Account  Threads/input_Create account_customerfirst_name"), f_name): Text 'Tester' is set on object 'Object Repository/Thread_Webshop/Register_/Page_Create Account  Threads/input_Create account_customerfirst_name'

05-11-2024T12:08:47 - [MESSAGE][PASSED] - Text 'Tester' is set on object 'Object Repository/Thread_Webshop/Register_/Page_Create Account  Threads/input_Create account_customerfirst_name'

05-11-2024T12:08:47 - [TEST_STEP][PASSED] - setText(findTestObject("Object Repository/Thread_Webshop/Register_/Page_Create Account  Threads/input_First name_customerlast_name"), l_name): Text 'terter' is set on object 'Object Repository/Thread_Webshop/Register_/Page_Create Account  Threads/input_First name_customerlast_name'

05-11-2024T12:08:48 - [MESSAGE][PASSED] - Text 'terter' is set on object 'Object Repository/Thread_Webshop/Register_/Page_Create Account  Threads/input_First name_customerlast_name'

05-11-2024T12:08:48 - [TEST_STEP][PASSED] - setText(findTestObject("Object Repository/Thread_Webshop/Register_/Page_Create Account  Threads/input_Last name_customeremail"), uniqueEmail): Text 'tester_20241105120817@mailinator.com' is set on object 'Object Repository/Thread_Webshop/Register_/Page_Create Account  Threads/input_Last name_customeremail'

05-11-2024T12:08:48 - [MESSAGE][PASSED] - Text 'tester_20241105120817@mailinator.com' is set on object 'Object Repository/Thread_Webshop/Register_/Page_Create Account  Threads/input_Last name_customeremail'

05-11-2024T12:08:48 - [TEST_STEP][PASSED] - takeScreenshot(screenshotFolderPath + "without_passwordBefore.png"): Taking screenshot successfully

05-11-2024T12:08:49 - [MESSAGE][PASSED] - Taking screenshot successfully
[[ATTACHMENT|C:\\Users\\AnusmitaKundu\\git\\threadShopify\\ThreadShopify\\Reports\\20241105_120811\\Threads\\New Test Suite (1)\\20241105_120811\\screenshots/regestration_20241105120817/without_passwordBefore.png]]

05-11-2024T12:08:49 - [TEST_STEP][PASSED] - click(findTestObject("Object Repository/Thread_Webshop/Register_/Page_Create Account  Threads/button_Create")): Object: 'Object Repository/Thread_Webshop/Register_/Page_Create Account  Threads/button_Create' is clicked on

05-11-2024T12:08:51 - [MESSAGE][PASSED] - Object: 'Object Repository/Thread_Webshop/Register_/Page_Create Account  Threads/button_Create' is clicked on

05-11-2024T12:08:51 - [TEST_STEP][PASSED] - verifyTextPresent(error_msg1, false): Text 'Please adjust the following:' is present on page 

05-11-2024T12:08:52 - [MESSAGE][PASSED] - Text 'Please adjust the following:' is present on page 

05-11-2024T12:08:52 - [TEST_STEP][PASSED] - verifyTextPresent(error_msg2, false): Text 'Password can't be blank' is present on page 

05-11-2024T12:08:52 - [MESSAGE][PASSED] - Text 'Password can't be blank' is present on page 

05-11-2024T12:08:52 - [TEST_STEP][PASSED] - takeScreenshot(screenshotFolderPath + "without_passwordAfter.png"): Taking screenshot successfully

05-11-2024T12:08:53 - [MESSAGE][PASSED] - Taking screenshot successfully
[[ATTACHMENT|C:\\Users\\AnusmitaKundu\\git\\threadShopify\\ThreadShopify\\Reports\\20241105_120811\\Threads\\New Test Suite (1)\\20241105_120811\\screenshots/regestration_20241105120817/without_passwordAfter.png]]

05-11-2024T12:08:53 - [TEST_STEP][PASSED] - setText(findTestObject("Object Repository/Thread_Webshop/Register_/Page_Create Account  Threads/input_Create account_customerfirst_name"), f_name): Text 'Tester' is set on object 'Object Repository/Thread_Webshop/Register_/Page_Create Account  Threads/input_Create account_customerfirst_name'

05-11-2024T12:08:54 - [MESSAGE][PASSED] - Text 'Tester' is set on object 'Object Repository/Thread_Webshop/Register_/Page_Create Account  Threads/input_Create account_customerfirst_name'

05-11-2024T12:08:54 - [TEST_STEP][PASSED] - setText(findTestObject("Object Repository/Thread_Webshop/Register_/Page_Create Account  Threads/input_First name_customerlast_name"), l_name): Text 'terter' is set on object 'Object Repository/Thread_Webshop/Register_/Page_Create Account  Threads/input_First name_customerlast_name'

05-11-2024T12:08:55 - [MESSAGE][PASSED] - Text 'terter' is set on object 'Object Repository/Thread_Webshop/Register_/Page_Create Account  Threads/input_First name_customerlast_name'

05-11-2024T12:08:55 - [TEST_STEP][PASSED] - setText(findTestObject("Object Repository/Thread_Webshop/Register_/Page_Create Account  Threads/input_Last name_customeremail"), "tester1234mailinator.com"): Text 'tester1234mailinator.com' is set on object 'Object Repository/Thread_Webshop/Register_/Page_Create Account  Threads/input_Last name_customeremail'

05-11-2024T12:08:56 - [MESSAGE][PASSED] - Text 'tester1234mailinator.com' is set on object 'Object Repository/Thread_Webshop/Register_/Page_Create Account  Threads/input_Last name_customeremail'

05-11-2024T12:08:56 - [TEST_STEP][PASSED] - setEncryptedText(findTestObject("Object Repository/Thread_Webshop/Register_/Page_Create Account  Threads/input_Email_customerpassword"), "UDMlkmqWREzH+mr49N5wRw=="): Text ****** has been set on object 'Object Repository/Thread_Webshop/Register_/Page_Create Account  Threads/input_Email_customerpassword'

05-11-2024T12:08:56 - [MESSAGE][PASSED] - Text ****** has been set on object 'Object Repository/Thread_Webshop/Register_/Page_Create Account  Threads/input_Email_customerpassword'

05-11-2024T12:08:56 - [TEST_STEP][PASSED] - takeScreenshot(screenshotFolderPath + "wrong_emailBefore.png"): Taking screenshot successfully

05-11-2024T12:08:57 - [MESSAGE][PASSED] - Taking screenshot successfully
[[ATTACHMENT|C:\\Users\\AnusmitaKundu\\git\\threadShopify\\ThreadShopify\\Reports\\20241105_120811\\Threads\\New Test Suite (1)\\20241105_120811\\screenshots/regestration_20241105120817/wrong_emailBefore.png]]

05-11-2024T12:08:57 - [TEST_STEP][PASSED] - click(findTestObject("Object Repository/Thread_Webshop/Register_/Page_Create Account  Threads/button_Create")): Object: 'Object Repository/Thread_Webshop/Register_/Page_Create Account  Threads/button_Create' is clicked on

05-11-2024T12:08:59 - [MESSAGE][PASSED] - Object: 'Object Repository/Thread_Webshop/Register_/Page_Create Account  Threads/button_Create' is clicked on

05-11-2024T12:08:59 - [TEST_STEP][PASSED] - verifyTextPresent(error_msg1, false): Text 'Please adjust the following:' is present on page 

05-11-2024T12:09:00 - [MESSAGE][PASSED] - Text 'Please adjust the following:' is present on page 

05-11-2024T12:09:00 - [TEST_STEP][PASSED] - verifyTextPresent(error_msg4, false): Text 'Email is invalid' is present on page 

05-11-2024T12:09:00 - [MESSAGE][PASSED] - Text 'Email is invalid' is present on page 

05-11-2024T12:09:00 - [TEST_STEP][PASSED] - takeScreenshot(screenshotFolderPath + "wrong_emailAfter.png"): Taking screenshot successfully

05-11-2024T12:09:01 - [MESSAGE][PASSED] - Taking screenshot successfully
[[ATTACHMENT|C:\\Users\\AnusmitaKundu\\git\\threadShopify\\ThreadShopify\\Reports\\20241105_120811\\Threads\\New Test Suite (1)\\20241105_120811\\screenshots/regestration_20241105120817/wrong_emailAfter.png]]

05-11-2024T12:09:01 - [TEST_STEP][PASSED] - setText(findTestObject("Object Repository/Thread_Webshop/Register_/Page_Create Account  Threads/input_Create account_customerfirst_name"), l_name): Text 'terter' is set on object 'Object Repository/Thread_Webshop/Register_/Page_Create Account  Threads/input_Create account_customerfirst_name'

05-11-2024T12:09:02 - [MESSAGE][PASSED] - Text 'terter' is set on object 'Object Repository/Thread_Webshop/Register_/Page_Create Account  Threads/input_Create account_customerfirst_name'

05-11-2024T12:09:02 - [TEST_STEP][PASSED] - setText(findTestObject("Object Repository/Thread_Webshop/Register_/Page_Create Account  Threads/input_First name_customerlast_name"), "Sing"): Text 'Sing' is set on object 'Object Repository/Thread_Webshop/Register_/Page_Create Account  Threads/input_First name_customerlast_name'

05-11-2024T12:09:03 - [MESSAGE][PASSED] - Text 'Sing' is set on object 'Object Repository/Thread_Webshop/Register_/Page_Create Account  Threads/input_First name_customerlast_name'

05-11-2024T12:09:03 - [TEST_STEP][PASSED] - setText(findTestObject("Object Repository/Thread_Webshop/Register_/Page_Create Account  Threads/input_Last name_customeremail"), uniqueEmail): Text 'tester_20241105120817@mailinator.com' is set on object 'Object Repository/Thread_Webshop/Register_/Page_Create Account  Threads/input_Last name_customeremail'

05-11-2024T12:09:04 - [MESSAGE][PASSED] - Text 'tester_20241105120817@mailinator.com' is set on object 'Object Repository/Thread_Webshop/Register_/Page_Create Account  Threads/input_Last name_customeremail'

05-11-2024T12:09:04 - [TEST_STEP][PASSED] - setEncryptedText(findTestObject("Object Repository/Thread_Webshop/Register_/Page_Create Account  Threads/input_Email_customerpassword"), "UDMlkmqWREzH+mr49N5wRw=="): Text ****** has been set on object 'Object Repository/Thread_Webshop/Register_/Page_Create Account  Threads/input_Email_customerpassword'

05-11-2024T12:09:04 - [MESSAGE][PASSED] - Text ****** has been set on object 'Object Repository/Thread_Webshop/Register_/Page_Create Account  Threads/input_Email_customerpassword'

05-11-2024T12:09:04 - [TEST_STEP][PASSED] - takeScreenshot(screenshotFolderPath + "correctBefore.png"): Taking screenshot successfully

05-11-2024T12:09:05 - [MESSAGE][PASSED] - Taking screenshot successfully
[[ATTACHMENT|C:\\Users\\AnusmitaKundu\\git\\threadShopify\\ThreadShopify\\Reports\\20241105_120811\\Threads\\New Test Suite (1)\\20241105_120811\\screenshots/regestration_20241105120817/correctBefore.png]]

05-11-2024T12:09:05 - [TEST_STEP][PASSED] - click(findTestObject("Object Repository/Thread_Webshop/Register_/Page_Create Account  Threads/button_Create")): Object: 'Object Repository/Thread_Webshop/Register_/Page_Create Account  Threads/button_Create' is clicked on

05-11-2024T12:09:08 - [MESSAGE][PASSED] - Object: 'Object Repository/Thread_Webshop/Register_/Page_Create Account  Threads/button_Create' is clicked on

05-11-2024T12:09:08 - [TEST_STEP][PASSED] - takeScreenshot(screenshotFolderPath + "correctAfter.png"): Taking screenshot successfully

05-11-2024T12:09:09 - [MESSAGE][PASSED] - Taking screenshot successfully
[[ATTACHMENT|C:\\Users\\AnusmitaKundu\\git\\threadShopify\\ThreadShopify\\Reports\\20241105_120811\\Threads\\New Test Suite (1)\\20241105_120811\\screenshots/regestration_20241105120817/correctAfter.png]]

05-11-2024T12:09:09 - [TEST_STEP][PASSED] - verifyTextPresent(verify_home_page, false): Text 'Home' is present on page 

05-11-2024T12:09:10 - [MESSAGE][PASSED] - Text 'Home' is present on page 

05-11-2024T12:09:10 - [TEST_STEP][PASSED] - takeScreenshot(screenshotFolderPath + "home_page_post_login.png"): Taking screenshot successfully

05-11-2024T12:09:11 - [MESSAGE][PASSED] - Taking screenshot successfully
[[ATTACHMENT|C:\\Users\\AnusmitaKundu\\git\\threadShopify\\ThreadShopify\\Reports\\20241105_120811\\Threads\\New Test Suite (1)\\20241105_120811\\screenshots/regestration_20241105120817/home_page_post_login.png]]

05-11-2024T12:09:11 - [TEST_STEP][PASSED] - click(findTestObject("Object Repository/Page_Threads/svg_Search_icon icon-account")): Object: 'Object Repository/Page_Threads/svg_Search_icon icon-account' is clicked on

05-11-2024T12:09:12 - [MESSAGE][PASSED] - Object: 'Object Repository/Page_Threads/svg_Search_icon icon-account' is clicked on

05-11-2024T12:09:12 - [TEST_STEP][PASSED] - takeScreenshot(screenshotFolderPath + "logout.png"): Taking screenshot successfully

05-11-2024T12:09:13 - [MESSAGE][PASSED] - Taking screenshot successfully
[[ATTACHMENT|C:\\Users\\AnusmitaKundu\\git\\threadShopify\\ThreadShopify\\Reports\\20241105_120811\\Threads\\New Test Suite (1)\\20241105_120811\\screenshots/regestration_20241105120817/logout.png]]

05-11-2024T12:09:13 - [TEST_STEP][PASSED] - click(findTestObject("Object Repository/Thread_Webshop/Register_/Page_Account  Threads/a_Log out")): Object: 'Object Repository/Thread_Webshop/Register_/Page_Account  Threads/a_Log out' is clicked on

05-11-2024T12:09:15 - [MESSAGE][PASSED] - Object: 'Object Repository/Thread_Webshop/Register_/Page_Account  Threads/a_Log out' is clicked on

05-11-2024T12:09:15 - [TEST_STEP][PASSED] - verifyTextPresent(verify_home_page, false): Text 'Home' is present on page 

05-11-2024T12:09:16 - [MESSAGE][PASSED] - Text 'Home' is present on page 

05-11-2024T12:09:16 - [TEST_STEP][PASSED] - closeBrowser(): Browser is closed

05-11-2024T12:09:17 - [MESSAGE][PASSED] - Browser is closed]]></system-out>
         <system-err><![CDATA[]]></system-err>
      </testcase>
      <testcase name="Test Cases/Threads_Webshop/2 Login/Verify Login" time="47.405" classname="Test Cases/Threads_Webshop/2 Login/Verify Login" status="PASSED">
         <system-out><![CDATA[05-11-2024T12:09:17 - [TEST_CASE][PASSED] - Test Cases/Threads_Webshop/2 Login/Verify Login: Test Cases/Threads_Webshop/2 Login/Verify Login

05-11-2024T12:09:18 - [TEST_STEP][PASSED] - currentDateTime = LocalDateTime.now(): null

05-11-2024T12:09:18 - [TEST_STEP][PASSED] - formatter = DateTimeFormatter.ofPattern("yyyyMMddHHmmss"): null

05-11-2024T12:09:18 - [TEST_STEP][PASSED] - dateTimeString = currentDateTime.format(formatter): null

05-11-2024T12:09:18 - [TEST_STEP][PASSED] - screenshotFolderPath = "screenshots/login_" + dateTimeString + "/": null

05-11-2024T12:09:18 - [TEST_STEP][PASSED] - File(screenshotFolderPath).mkdirs(): null

05-11-2024T12:09:18 - [TEST_STEP][PASSED] - callTestCase(findTestCase("Threads_Webshop/ReUsable Testcases/Enter Password"), [:], STOP_ON_FAILURE): Call Test Case 'Test Cases/Threads_Webshop/ReUsable Testcases/Enter Password' successfully

05-11-2024T12:09:18 - [TEST_CASE][PASSED] - Test Cases/Threads_Webshop/ReUsable Testcases/Enter Password: Test Cases/Threads_Webshop/ReUsable Testcases/Enter Password

05-11-2024T12:09:18 - [TEST_STEP][PASSED] - openBrowser(""): Browser is opened with url: ''

05-11-2024T12:09:18 - [MESSAGE][INFO] - Starting 'Chrome' driver

05-11-2024T12:09:18 - [MESSAGE][INFO] - Action delay is set to 0 milliseconds

05-11-2024T12:09:19 - [MESSAGE][PASSED] - Browser is opened with url: ''

05-11-2024T12:09:19 - [TEST_STEP][PASSED] - maximizeWindow(): Current window maximized

05-11-2024T12:09:19 - [MESSAGE][PASSED] - Current window maximized

05-11-2024T12:09:19 - [TEST_STEP][PASSED] - navigateToUrl("https://threads0.myshopify.com/password"): Navigate to 'https://threads0.myshopify.com/password' successfully

05-11-2024T12:09:21 - [MESSAGE][PASSED] - Navigate to 'https://threads0.myshopify.com/password' successfully

05-11-2024T12:09:21 - [TEST_STEP][PASSED] - click(findTestObject("Object Repository/Thread_Webshop/Reusable Testcase/Page_Threads/div_Enter using password")): Object: 'Object Repository/Thread_Webshop/Reusable Testcase/Page_Threads/div_Enter using password' is clicked on

05-11-2024T12:09:24 - [MESSAGE][PASSED] - Object: 'Object Repository/Thread_Webshop/Reusable Testcase/Page_Threads/div_Enter using password' is clicked on

05-11-2024T12:09:24 - [TEST_STEP][PASSED] - setEncryptedText(findTestObject("Object Repository/Thread_Webshop/Reusable Testcase/Page_Threads/input_Enter store using password_password"), "gnzTAVlujIw+lTr0To6+Cg=="): Text ****** has been set on object 'Object Repository/Thread_Webshop/Reusable Testcase/Page_Threads/input_Enter store using password_password'

05-11-2024T12:09:25 - [MESSAGE][PASSED] - Text ****** has been set on object 'Object Repository/Thread_Webshop/Reusable Testcase/Page_Threads/input_Enter store using password_password'

05-11-2024T12:09:25 - [TEST_STEP][PASSED] - click(findTestObject("Object Repository/Thread_Webshop/Reusable Testcase/Page_Threads/button_Enter")): Object: 'Object Repository/Thread_Webshop/Reusable Testcase/Page_Threads/button_Enter' is clicked on

05-11-2024T12:09:26 - [MESSAGE][PASSED] - Object: 'Object Repository/Thread_Webshop/Reusable Testcase/Page_Threads/button_Enter' is clicked on

05-11-2024T12:09:26 - [MESSAGE][PASSED] - Call Test Case 'Test Cases/Threads_Webshop/ReUsable Testcases/Enter Password' successfully

05-11-2024T12:09:26 - [TEST_STEP][PASSED] - click(findTestObject("Object Repository/Login_An/Login with Invalid Credentials/Page_Threads/svg_Search_icon icon-account")): Object: 'Object Repository/Login_An/Login with Invalid Credentials/Page_Threads/svg_Search_icon icon-account' is clicked on

05-11-2024T12:09:28 - [MESSAGE][PASSED] - Object: 'Object Repository/Login_An/Login with Invalid Credentials/Page_Threads/svg_Search_icon icon-account' is clicked on

05-11-2024T12:09:28 - [TEST_STEP][PASSED] - verifyTextPresent(login_page, false): Text 'Login' is present on page 

05-11-2024T12:09:29 - [MESSAGE][PASSED] - Text 'Login' is present on page 

05-11-2024T12:09:29 - [TEST_STEP][PASSED] - takeScreenshot(screenshotFolderPath + "login_page.png"): Taking screenshot successfully

05-11-2024T12:09:30 - [MESSAGE][PASSED] - Taking screenshot successfully
[[ATTACHMENT|C:\\Users\\AnusmitaKundu\\git\\threadShopify\\ThreadShopify\\Reports\\20241105_120811\\Threads\\New Test Suite (1)\\20241105_120811\\screenshots/login_20241105120918/login_page.png]]

05-11-2024T12:09:30 - [TEST_STEP][PASSED] - click(findTestObject("Object Repository/Login_An/Login with Invalid Credentials/Page_Account  Threads/button_Sign in")): Object: 'Object Repository/Login_An/Login with Invalid Credentials/Page_Account  Threads/button_Sign in' is clicked on

05-11-2024T12:09:32 - [MESSAGE][PASSED] - Object: 'Object Repository/Login_An/Login with Invalid Credentials/Page_Account  Threads/button_Sign in' is clicked on

05-11-2024T12:09:32 - [TEST_STEP][PASSED] - takeScreenshot(screenshotFolderPath + "login_page_after.png"): Taking screenshot successfully

05-11-2024T12:09:33 - [MESSAGE][PASSED] - Taking screenshot successfully
[[ATTACHMENT|C:\\Users\\AnusmitaKundu\\git\\threadShopify\\ThreadShopify\\Reports\\20241105_120811\\Threads\\New Test Suite (1)\\20241105_120811\\screenshots/login_20241105120918/login_page_after.png]]

05-11-2024T12:09:33 - [TEST_STEP][PASSED] - verifyTextPresent(error_msg1, false): Text 'Please adjust the following:' is present on page 

05-11-2024T12:09:33 - [MESSAGE][PASSED] - Text 'Please adjust the following:' is present on page 

05-11-2024T12:09:33 - [TEST_STEP][PASSED] - verifyTextPresent(error_msg2, false): Text 'Incorrect email or password.' is present on page 

05-11-2024T12:09:33 - [MESSAGE][PASSED] - Text 'Incorrect email or password.' is present on page 

05-11-2024T12:09:33 - [TEST_STEP][PASSED] - setText(findTestObject("Object Repository/Login_An/Login with Invalid Credentials/Page_Account  Threads/input_Login_customeremail"), invalidemail): Text 'cenaalice@mailcom' is set on object 'Object Repository/Login_An/Login with Invalid Credentials/Page_Account  Threads/input_Login_customeremail'

05-11-2024T12:09:34 - [MESSAGE][PASSED] - Text 'cenaalice@mailcom' is set on object 'Object Repository/Login_An/Login with Invalid Credentials/Page_Account  Threads/input_Login_customeremail'

05-11-2024T12:09:34 - [TEST_STEP][PASSED] - setEncryptedText(findTestObject("Object Repository/Login_An/Login with Invalid Credentials/Page_Account  Threads/input_Email_customerpassword"), validpassword): Text ****** has been set on object 'Object Repository/Login_An/Login with Invalid Credentials/Page_Account  Threads/input_Email_customerpassword'

05-11-2024T12:09:35 - [MESSAGE][PASSED] - Text ****** has been set on object 'Object Repository/Login_An/Login with Invalid Credentials/Page_Account  Threads/input_Email_customerpassword'

05-11-2024T12:09:35 - [TEST_STEP][PASSED] - takeScreenshot(screenshotFolderPath + "invalid_email_before.png"): Taking screenshot successfully

05-11-2024T12:09:35 - [MESSAGE][PASSED] - Taking screenshot successfully
[[ATTACHMENT|C:\\Users\\AnusmitaKundu\\git\\threadShopify\\ThreadShopify\\Reports\\20241105_120811\\Threads\\New Test Suite (1)\\20241105_120811\\screenshots/login_20241105120918/invalid_email_before.png]]

05-11-2024T12:09:35 - [TEST_STEP][PASSED] - click(findTestObject("Object Repository/Login_An/Login with Invalid Credentials/Page_Account  Threads/button_Sign in")): Object: 'Object Repository/Login_An/Login with Invalid Credentials/Page_Account  Threads/button_Sign in' is clicked on

05-11-2024T12:09:37 - [MESSAGE][PASSED] - Object: 'Object Repository/Login_An/Login with Invalid Credentials/Page_Account  Threads/button_Sign in' is clicked on

05-11-2024T12:09:37 - [TEST_STEP][PASSED] - verifyTextPresent(error_msg1, false): Text 'Please adjust the following:' is present on page 

05-11-2024T12:09:38 - [MESSAGE][PASSED] - Text 'Please adjust the following:' is present on page 

05-11-2024T12:09:38 - [TEST_STEP][PASSED] - verifyTextPresent(error_msg2, false): Text 'Incorrect email or password.' is present on page 

05-11-2024T12:09:39 - [MESSAGE][PASSED] - Text 'Incorrect email or password.' is present on page 

05-11-2024T12:09:39 - [TEST_STEP][PASSED] - takeScreenshot(screenshotFolderPath + "invalid_email_after.png"): Taking screenshot successfully

05-11-2024T12:09:39 - [MESSAGE][PASSED] - Taking screenshot successfully
[[ATTACHMENT|C:\\Users\\AnusmitaKundu\\git\\threadShopify\\ThreadShopify\\Reports\\20241105_120811\\Threads\\New Test Suite (1)\\20241105_120811\\screenshots/login_20241105120918/invalid_email_after.png]]

05-11-2024T12:09:39 - [TEST_STEP][PASSED] - setText(findTestObject("Object Repository/Login_An/Login with Invalid Credentials/Page_Account  Threads/input_Login_customeremail"), validemail): Text 'cenaalice1234@mailinator.com' is set on object 'Object Repository/Login_An/Login with Invalid Credentials/Page_Account  Threads/input_Login_customeremail'

05-11-2024T12:09:41 - [MESSAGE][PASSED] - Text 'cenaalice1234@mailinator.com' is set on object 'Object Repository/Login_An/Login with Invalid Credentials/Page_Account  Threads/input_Login_customeremail'

05-11-2024T12:09:41 - [TEST_STEP][PASSED] - setEncryptedText(findTestObject("Object Repository/Login_An/Login with Invalid Credentials/Page_Account  Threads/input_Email_customerpassword"), invalidpass): Text ****** has been set on object 'Object Repository/Login_An/Login with Invalid Credentials/Page_Account  Threads/input_Email_customerpassword'

05-11-2024T12:09:41 - [MESSAGE][PASSED] - Text ****** has been set on object 'Object Repository/Login_An/Login with Invalid Credentials/Page_Account  Threads/input_Email_customerpassword'

05-11-2024T12:09:41 - [TEST_STEP][PASSED] - takeScreenshot(screenshotFolderPath + "invalid_password_before.png"): Taking screenshot successfully

05-11-2024T12:09:42 - [MESSAGE][PASSED] - Taking screenshot successfully
[[ATTACHMENT|C:\\Users\\AnusmitaKundu\\git\\threadShopify\\ThreadShopify\\Reports\\20241105_120811\\Threads\\New Test Suite (1)\\20241105_120811\\screenshots/login_20241105120918/invalid_password_before.png]]

05-11-2024T12:09:42 - [TEST_STEP][PASSED] - click(findTestObject("Object Repository/Login_An/Login with Invalid Credentials/Page_Account  Threads/button_Sign in")): Object: 'Object Repository/Login_An/Login with Invalid Credentials/Page_Account  Threads/button_Sign in' is clicked on

05-11-2024T12:09:44 - [MESSAGE][PASSED] - Object: 'Object Repository/Login_An/Login with Invalid Credentials/Page_Account  Threads/button_Sign in' is clicked on

05-11-2024T12:09:44 - [TEST_STEP][PASSED] - verifyTextPresent(error_msg1, false): Text 'Please adjust the following:' is present on page 

05-11-2024T12:09:45 - [MESSAGE][PASSED] - Text 'Please adjust the following:' is present on page 

05-11-2024T12:09:45 - [TEST_STEP][PASSED] - verifyTextPresent(error_msg2, false): Text 'Incorrect email or password.' is present on page 

05-11-2024T12:09:45 - [MESSAGE][PASSED] - Text 'Incorrect email or password.' is present on page 

05-11-2024T12:09:45 - [TEST_STEP][PASSED] - takeScreenshot(screenshotFolderPath + "invalid_password_after.png"): Taking screenshot successfully

05-11-2024T12:09:45 - [MESSAGE][PASSED] - Taking screenshot successfully
[[ATTACHMENT|C:\\Users\\AnusmitaKundu\\git\\threadShopify\\ThreadShopify\\Reports\\20241105_120811\\Threads\\New Test Suite (1)\\20241105_120811\\screenshots/login_20241105120918/invalid_password_after.png]]

05-11-2024T12:09:45 - [TEST_STEP][PASSED] - setText(findTestObject("Object Repository/Login_An/Login with Invalid Credentials/Page_Account  Threads/input_Login_customeremail"), validemail): Text 'cenaalice1234@mailinator.com' is set on object 'Object Repository/Login_An/Login with Invalid Credentials/Page_Account  Threads/input_Login_customeremail'

05-11-2024T12:09:47 - [MESSAGE][PASSED] - Text 'cenaalice1234@mailinator.com' is set on object 'Object Repository/Login_An/Login with Invalid Credentials/Page_Account  Threads/input_Login_customeremail'

05-11-2024T12:09:47 - [TEST_STEP][PASSED] - setEncryptedText(findTestObject("Object Repository/Login_An/Login with Invalid Credentials/Page_Account  Threads/input_Email_customerpassword"), validpassword): Text ****** has been set on object 'Object Repository/Login_An/Login with Invalid Credentials/Page_Account  Threads/input_Email_customerpassword'

05-11-2024T12:09:47 - [MESSAGE][PASSED] - Text ****** has been set on object 'Object Repository/Login_An/Login with Invalid Credentials/Page_Account  Threads/input_Email_customerpassword'

05-11-2024T12:09:47 - [TEST_STEP][PASSED] - takeScreenshot(screenshotFolderPath + "valid_before.png"): Taking screenshot successfully

05-11-2024T12:09:48 - [MESSAGE][PASSED] - Taking screenshot successfully
[[ATTACHMENT|C:\\Users\\AnusmitaKundu\\git\\threadShopify\\ThreadShopify\\Reports\\20241105_120811\\Threads\\New Test Suite (1)\\20241105_120811\\screenshots/login_20241105120918/valid_before.png]]

05-11-2024T12:09:48 - [TEST_STEP][PASSED] - click(findTestObject("Object Repository/Login_An/Login with Invalid Credentials/Page_Account  Threads/button_Sign in")): Object: 'Object Repository/Login_An/Login with Invalid Credentials/Page_Account  Threads/button_Sign in' is clicked on

05-11-2024T12:09:50 - [MESSAGE][PASSED] - Object: 'Object Repository/Login_An/Login with Invalid Credentials/Page_Account  Threads/button_Sign in' is clicked on

05-11-2024T12:09:50 - [TEST_STEP][PASSED] - takeScreenshot(screenshotFolderPath + "valid_after.png"): Taking screenshot successfully

05-11-2024T12:09:52 - [MESSAGE][PASSED] - Taking screenshot successfully
[[ATTACHMENT|C:\\Users\\AnusmitaKundu\\git\\threadShopify\\ThreadShopify\\Reports\\20241105_120811\\Threads\\New Test Suite (1)\\20241105_120811\\screenshots/login_20241105120918/valid_after.png]]

05-11-2024T12:09:52 - [TEST_STEP][PASSED] - verifyTextPresent(account_page, false): Text 'Account' is present on page 

05-11-2024T12:09:52 - [MESSAGE][PASSED] - Text 'Account' is present on page 

05-11-2024T12:09:52 - [TEST_STEP][PASSED] - verifyTextPresent(name, false): Text 'Alice Cena' is present on page 

05-11-2024T12:09:53 - [MESSAGE][PASSED] - Text 'Alice Cena' is present on page 

05-11-2024T12:09:53 - [TEST_STEP][PASSED] - takeScreenshot(screenshotFolderPath + "account_page.png"): Taking screenshot successfully

05-11-2024T12:09:53 - [MESSAGE][PASSED] - Taking screenshot successfully
[[ATTACHMENT|C:\\Users\\AnusmitaKundu\\git\\threadShopify\\ThreadShopify\\Reports\\20241105_120811\\Threads\\New Test Suite (1)\\20241105_120811\\screenshots/login_20241105120918/account_page.png]]

05-11-2024T12:09:53 - [TEST_STEP][PASSED] - click(findTestObject("Object Repository/Login_An/Login with Invalid Credentials/Page_Account  Threads/span_Home")): Object: 'Object Repository/Login_An/Login with Invalid Credentials/Page_Account  Threads/span_Home' is clicked on

05-11-2024T12:09:54 - [MESSAGE][PASSED] - Object: 'Object Repository/Login_An/Login with Invalid Credentials/Page_Account  Threads/span_Home' is clicked on

05-11-2024T12:09:54 - [TEST_STEP][PASSED] - click(findTestObject("Object Repository/Login_An/Login with Invalid Credentials/Page_Threads/svg_Search_icon icon-account")): Object: 'Object Repository/Login_An/Login with Invalid Credentials/Page_Threads/svg_Search_icon icon-account' is clicked on

05-11-2024T12:09:56 - [MESSAGE][PASSED] - Object: 'Object Repository/Login_An/Login with Invalid Credentials/Page_Threads/svg_Search_icon icon-account' is clicked on

05-11-2024T12:09:56 - [TEST_STEP][PASSED] - takeScreenshot(screenshotFolderPath + "logout_page.png"): Taking screenshot successfully

05-11-2024T12:09:57 - [MESSAGE][PASSED] - Taking screenshot successfully
[[ATTACHMENT|C:\\Users\\AnusmitaKundu\\git\\threadShopify\\ThreadShopify\\Reports\\20241105_120811\\Threads\\New Test Suite (1)\\20241105_120811\\screenshots/login_20241105120918/logout_page.png]]

05-11-2024T12:09:57 - [TEST_STEP][PASSED] - click(findTestObject("Object Repository/Login_An/Login with Invalid Credentials/Page_Account  Threads/a_Log out")): Object: 'Object Repository/Login_An/Login with Invalid Credentials/Page_Account  Threads/a_Log out' is clicked on

05-11-2024T12:10:00 - [MESSAGE][PASSED] - Object: 'Object Repository/Login_An/Login with Invalid Credentials/Page_Account  Threads/a_Log out' is clicked on

05-11-2024T12:10:00 - [TEST_STEP][PASSED] - click(findTestObject("Object Repository/Login_An/Login with Invalid Credentials/Page_Threads/span_Search_svg-wrapper")): Object: 'Object Repository/Login_An/Login with Invalid Credentials/Page_Threads/span_Search_svg-wrapper' is clicked on

05-11-2024T12:10:02 - [MESSAGE][PASSED] - Object: 'Object Repository/Login_An/Login with Invalid Credentials/Page_Threads/span_Search_svg-wrapper' is clicked on

05-11-2024T12:10:02 - [TEST_STEP][PASSED] - takeScreenshot(screenshotFolderPath + "login_page_after_logout.png"): Taking screenshot successfully

05-11-2024T12:10:03 - [MESSAGE][PASSED] - Taking screenshot successfully
[[ATTACHMENT|C:\\Users\\AnusmitaKundu\\git\\threadShopify\\ThreadShopify\\Reports\\20241105_120811\\Threads\\New Test Suite (1)\\20241105_120811\\screenshots/login_20241105120918/login_page_after_logout.png]]

05-11-2024T12:10:03 - [TEST_STEP][PASSED] - verifyTextPresent(login_page, false): Text 'Login' is present on page 

05-11-2024T12:10:04 - [MESSAGE][PASSED] - Text 'Login' is present on page 

05-11-2024T12:10:04 - [TEST_STEP][PASSED] - closeBrowser(): Browser is closed

05-11-2024T12:10:05 - [MESSAGE][PASSED] - Browser is closed]]></system-out>
         <system-err><![CDATA[]]></system-err>
      </testcase>
      <testcase name="Test Cases/Threads_Webshop/3 Homepage/TC-3,66-Verify Seach Bar" time="33.385" classname="Test Cases/Threads_Webshop/3 Homepage/TC-3,66-Verify Seach Bar" status="PASSED">
         <system-out><![CDATA[05-11-2024T12:10:05 - [TEST_CASE][PASSED] - Test Cases/Threads_Webshop/3 Homepage/TC-3,66-Verify Seach Bar: Test Cases/Threads_Webshop/3 Homepage/TC-3,66-Verify Seach Bar

05-11-2024T12:10:05 - [TEST_STEP][PASSED] - currentDateTime = LocalDateTime.now(): null

05-11-2024T12:10:05 - [TEST_STEP][PASSED] - formatter = DateTimeFormatter.ofPattern("yyyyMMdd_HHmmss"): null

05-11-2024T12:10:05 - [TEST_STEP][PASSED] - dateTimeString = currentDateTime.format(formatter): null

05-11-2024T12:10:05 - [TEST_STEP][PASSED] - screenshotFolderPath = "screenshots/home_page_" + dateTimeString + "/": null

05-11-2024T12:10:05 - [TEST_STEP][PASSED] - File(screenshotFolderPath).mkdirs(): null

05-11-2024T12:10:05 - [TEST_STEP][PASSED] - callTestCase(findTestCase("Threads_Webshop/ReUsable Testcases/Enter Password"), [:], STOP_ON_FAILURE): Call Test Case 'Test Cases/Threads_Webshop/ReUsable Testcases/Enter Password' successfully

05-11-2024T12:10:05 - [TEST_CASE][PASSED] - Test Cases/Threads_Webshop/ReUsable Testcases/Enter Password: Test Cases/Threads_Webshop/ReUsable Testcases/Enter Password

05-11-2024T12:10:05 - [TEST_STEP][PASSED] - openBrowser(""): Browser is opened with url: ''

05-11-2024T12:10:05 - [MESSAGE][INFO] - Starting 'Chrome' driver

05-11-2024T12:10:05 - [MESSAGE][INFO] - Action delay is set to 0 milliseconds

05-11-2024T12:10:06 - [MESSAGE][PASSED] - Browser is opened with url: ''

05-11-2024T12:10:06 - [TEST_STEP][PASSED] - maximizeWindow(): Current window maximized

05-11-2024T12:10:06 - [MESSAGE][PASSED] - Current window maximized

05-11-2024T12:10:06 - [TEST_STEP][PASSED] - navigateToUrl("https://threads0.myshopify.com/password"): Navigate to 'https://threads0.myshopify.com/password' successfully

05-11-2024T12:10:08 - [MESSAGE][PASSED] - Navigate to 'https://threads0.myshopify.com/password' successfully

05-11-2024T12:10:08 - [TEST_STEP][PASSED] - click(findTestObject("Object Repository/Thread_Webshop/Reusable Testcase/Page_Threads/div_Enter using password")): Object: 'Object Repository/Thread_Webshop/Reusable Testcase/Page_Threads/div_Enter using password' is clicked on

05-11-2024T12:10:13 - [MESSAGE][PASSED] - Object: 'Object Repository/Thread_Webshop/Reusable Testcase/Page_Threads/div_Enter using password' is clicked on

05-11-2024T12:10:13 - [TEST_STEP][PASSED] - setEncryptedText(findTestObject("Object Repository/Thread_Webshop/Reusable Testcase/Page_Threads/input_Enter store using password_password"), "gnzTAVlujIw+lTr0To6+Cg=="): Text ****** has been set on object 'Object Repository/Thread_Webshop/Reusable Testcase/Page_Threads/input_Enter store using password_password'

05-11-2024T12:10:13 - [MESSAGE][PASSED] - Text ****** has been set on object 'Object Repository/Thread_Webshop/Reusable Testcase/Page_Threads/input_Enter store using password_password'

05-11-2024T12:10:13 - [TEST_STEP][PASSED] - click(findTestObject("Object Repository/Thread_Webshop/Reusable Testcase/Page_Threads/button_Enter")): Object: 'Object Repository/Thread_Webshop/Reusable Testcase/Page_Threads/button_Enter' is clicked on

05-11-2024T12:10:15 - [MESSAGE][PASSED] - Object: 'Object Repository/Thread_Webshop/Reusable Testcase/Page_Threads/button_Enter' is clicked on

05-11-2024T12:10:15 - [MESSAGE][PASSED] - Call Test Case 'Test Cases/Threads_Webshop/ReUsable Testcases/Enter Password' successfully

05-11-2024T12:10:15 - [TEST_STEP][PASSED] - verifyTextPresent(home_page, false): Text 'Home' is present on page 

05-11-2024T12:10:16 - [MESSAGE][PASSED] - Text 'Home' is present on page 

05-11-2024T12:10:16 - [TEST_STEP][PASSED] - takeScreenshot(screenshotFolderPath + "home.png"): Taking screenshot successfully

05-11-2024T12:10:16 - [MESSAGE][PASSED] - Taking screenshot successfully
[[ATTACHMENT|C:\\Users\\AnusmitaKundu\\git\\threadShopify\\ThreadShopify\\Reports\\20241105_120811\\Threads\\New Test Suite (1)\\20241105_120811\\screenshots/home_page_20241105_121005/home.png]]

05-11-2024T12:10:16 - [TEST_STEP][PASSED] - verifyElementClickable(findTestObject("Object Repository/Page_Threads/svg_Contact_icon icon-search")): Object 'Object Repository/Page_Threads/svg_Contact_icon icon-search' is clickable

05-11-2024T12:10:17 - [MESSAGE][PASSED] - Object 'Object Repository/Page_Threads/svg_Contact_icon icon-search' is clickable

05-11-2024T12:10:17 - [TEST_STEP][PASSED] - click(findTestObject("Object Repository/Page_Threads/svg_Contact_icon icon-search")): Object: 'Object Repository/Page_Threads/svg_Contact_icon icon-search' is clicked on

05-11-2024T12:10:17 - [MESSAGE][PASSED] - Object: 'Object Repository/Page_Threads/svg_Contact_icon icon-search' is clicked on

05-11-2024T12:10:17 - [TEST_STEP][PASSED] - takeScreenshot(screenshotFolderPath + "open_search_bar.png"): Taking screenshot successfully

05-11-2024T12:10:18 - [MESSAGE][PASSED] - Taking screenshot successfully
[[ATTACHMENT|C:\\Users\\AnusmitaKundu\\git\\threadShopify\\ThreadShopify\\Reports\\20241105_120811\\Threads\\New Test Suite (1)\\20241105_120811\\screenshots/home_page_20241105_121005/open_search_bar.png]]

05-11-2024T12:10:18 - [TEST_STEP][PASSED] - verifyTextPresent("", false): Text '' is present on page 

05-11-2024T12:10:18 - [MESSAGE][PASSED] - Text '' is present on page 

05-11-2024T12:10:18 - [TEST_STEP][PASSED] - verifyElementClickable(findTestObject("Object Repository/Page_Threads/svg_Search_icon icon-search")): Object 'Object Repository/Page_Threads/svg_Search_icon icon-search' is clickable

05-11-2024T12:10:19 - [MESSAGE][PASSED] - Object 'Object Repository/Page_Threads/svg_Search_icon icon-search' is clickable

05-11-2024T12:10:19 - [TEST_STEP][PASSED] - click(findTestObject("Object Repository/Page_Threads/svg_Search_icon icon-search")): Object: 'Object Repository/Page_Threads/svg_Search_icon icon-search' is clicked on

05-11-2024T12:10:19 - [MESSAGE][PASSED] - Object: 'Object Repository/Page_Threads/svg_Search_icon icon-search' is clicked on

05-11-2024T12:10:19 - [TEST_STEP][PASSED] - takeScreenshot(screenshotFolderPath + "blank_bar.png"): Taking screenshot successfully

05-11-2024T12:10:20 - [MESSAGE][PASSED] - Taking screenshot successfully
[[ATTACHMENT|C:\\Users\\AnusmitaKundu\\git\\threadShopify\\ThreadShopify\\Reports\\20241105_120811\\Threads\\New Test Suite (1)\\20241105_120811\\screenshots/home_page_20241105_121005/blank_bar.png]]

05-11-2024T12:10:20 - [TEST_STEP][PASSED] - setText(findTestObject("Object Repository/Page_Threads/input_Contact_q"), invalid_search): Text 'Verify invalid search' is set on object 'Object Repository/Page_Threads/input_Contact_q'

05-11-2024T12:10:20 - [MESSAGE][PASSED] - Text 'Verify invalid search' is set on object 'Object Repository/Page_Threads/input_Contact_q'

05-11-2024T12:10:20 - [TEST_STEP][PASSED] - takeScreenshot(screenshotFolderPath + "invalid_before.png"): Taking screenshot successfully

05-11-2024T12:10:22 - [MESSAGE][PASSED] - Taking screenshot successfully
[[ATTACHMENT|C:\\Users\\AnusmitaKundu\\git\\threadShopify\\ThreadShopify\\Reports\\20241105_120811\\Threads\\New Test Suite (1)\\20241105_120811\\screenshots/home_page_20241105_121005/invalid_before.png]]

05-11-2024T12:10:22 - [TEST_STEP][PASSED] - click(findTestObject("Object Repository/Page_Threads/svg_Search_icon icon-search")): Object: 'Object Repository/Page_Threads/svg_Search_icon icon-search' is clicked on

05-11-2024T12:10:23 - [MESSAGE][PASSED] - Object: 'Object Repository/Page_Threads/svg_Search_icon icon-search' is clicked on

05-11-2024T12:10:23 - [TEST_STEP][PASSED] - verifyTextPresent(search_result, false): Text 'Search results' is present on page 

05-11-2024T12:10:24 - [MESSAGE][PASSED] - Text 'Search results' is present on page 

05-11-2024T12:10:24 - [TEST_STEP][PASSED] - verifyTextPresent(no_result, false): Text 'No results found for' is present on page 

05-11-2024T12:10:24 - [MESSAGE][PASSED] - Text 'No results found for' is present on page 

05-11-2024T12:10:24 - [TEST_STEP][PASSED] - takeScreenshot(screenshotFolderPath + "invalid_after.png"): Taking screenshot successfully

05-11-2024T12:10:24 - [MESSAGE][PASSED] - Taking screenshot successfully
[[ATTACHMENT|C:\\Users\\AnusmitaKundu\\git\\threadShopify\\ThreadShopify\\Reports\\20241105_120811\\Threads\\New Test Suite (1)\\20241105_120811\\screenshots/home_page_20241105_121005/invalid_after.png]]

05-11-2024T12:10:24 - [TEST_STEP][PASSED] - click(findTestObject("Object Repository/Thread_Webshop/Home_Page/Page_Threads/Page_Search 0 results found for Verify inva_0640af/svg_Contact_icon icon-search")): Object: 'Object Repository/Thread_Webshop/Home_Page/Page_Threads/Page_Search 0 results found for Verify inva_0640af/svg_Contact_icon icon-search' is clicked on

05-11-2024T12:10:25 - [MESSAGE][PASSED] - Object: 'Object Repository/Thread_Webshop/Home_Page/Page_Threads/Page_Search 0 results found for Verify inva_0640af/svg_Contact_icon icon-search' is clicked on

05-11-2024T12:10:25 - [TEST_STEP][PASSED] - setText(findTestObject("Object Repository/Thread_Webshop/Home_Page/Page_Threads/Page_Search 0 results found for Verify inva_0640af/input_Contact_q"), search_item): Text 'Shoe' is set on object 'Object Repository/Thread_Webshop/Home_Page/Page_Threads/Page_Search 0 results found for Verify inva_0640af/input_Contact_q'

05-11-2024T12:10:26 - [MESSAGE][PASSED] - Text 'Shoe' is set on object 'Object Repository/Thread_Webshop/Home_Page/Page_Threads/Page_Search 0 results found for Verify inva_0640af/input_Contact_q'

05-11-2024T12:10:26 - [TEST_STEP][PASSED] - takeScreenshot(screenshotFolderPath + "search_item_before.png"): Taking screenshot successfully

05-11-2024T12:10:26 - [MESSAGE][PASSED] - Taking screenshot successfully
[[ATTACHMENT|C:\\Users\\AnusmitaKundu\\git\\threadShopify\\ThreadShopify\\Reports\\20241105_120811\\Threads\\New Test Suite (1)\\20241105_120811\\screenshots/home_page_20241105_121005/search_item_before.png]]

05-11-2024T12:10:26 - [TEST_STEP][PASSED] - delay(3): Delayed 3 second(s)

05-11-2024T12:10:29 - [MESSAGE][PASSED] - Delayed 3 second(s)

05-11-2024T12:10:29 - [TEST_STEP][PASSED] - verifyElementPresent(findTestObject("Object Repository/Thread_Webshop/Home_Page/Page_Threads/Page_Search 0 results found for Verify inva_0640af/p_DR MARTENS  CAVENDISH 3-EYE SHOE BLACK"), 0): Object 'Object Repository/Thread_Webshop/Home_Page/Page_Threads/Page_Search 0 results found for Verify inva_0640af/p_DR MARTENS  CAVENDISH 3-EYE SHOE BLACK' is present

05-11-2024T12:10:29 - [MESSAGE][WARNING] - Timeout '0' is invalid. Using default page load timeout: '30'

05-11-2024T12:10:30 - [MESSAGE][PASSED] - Object 'Object Repository/Thread_Webshop/Home_Page/Page_Threads/Page_Search 0 results found for Verify inva_0640af/p_DR MARTENS  CAVENDISH 3-EYE SHOE BLACK' is present

05-11-2024T12:10:30 - [TEST_STEP][PASSED] - verifyElementPresent(findTestObject("Object Repository/Thread_Webshop/Home_Page/Page_Threads/Page_Search 0 results found for Verify inva_0640af/p_DR MARTENS  1461 DMC 3-EYE SHOE  BLACK SMOOTH"), 0): Object 'Object Repository/Thread_Webshop/Home_Page/Page_Threads/Page_Search 0 results found for Verify inva_0640af/p_DR MARTENS  1461 DMC 3-EYE SHOE  BLACK SMOOTH' is present

05-11-2024T12:10:30 - [MESSAGE][WARNING] - Timeout '0' is invalid. Using default page load timeout: '30'

05-11-2024T12:10:30 - [MESSAGE][PASSED] - Object 'Object Repository/Thread_Webshop/Home_Page/Page_Threads/Page_Search 0 results found for Verify inva_0640af/p_DR MARTENS  1461 DMC 3-EYE SHOE  BLACK SMOOTH' is present

05-11-2024T12:10:30 - [TEST_STEP][PASSED] - verifyElementPresent(findTestObject("Object Repository/Thread_Webshop/Home_Page/Page_Threads/Page_Search 0 results found for Verify inva_0640af/p_DR MARTENS  1460Z DMC 8-EYE BOOT  CHERRY SMOOTH"), 0): Object 'Object Repository/Thread_Webshop/Home_Page/Page_Threads/Page_Search 0 results found for Verify inva_0640af/p_DR MARTENS  1460Z DMC 8-EYE BOOT  CHERRY SMOOTH' is present

05-11-2024T12:10:30 - [MESSAGE][WARNING] - Timeout '0' is invalid. Using default page load timeout: '30'

05-11-2024T12:10:30 - [MESSAGE][PASSED] - Object 'Object Repository/Thread_Webshop/Home_Page/Page_Threads/Page_Search 0 results found for Verify inva_0640af/p_DR MARTENS  1460Z DMC 8-EYE BOOT  CHERRY SMOOTH' is present

05-11-2024T12:10:30 - [TEST_STEP][PASSED] - verifyElementPresent(findTestObject("Object Repository/Thread_Webshop/Home_Page/Page_Threads/Page_Search 0 results found for Verify inva_0640af/p_TIMBERLAND  MENS 6 INCH PREMIUM BOOT"), 0): Object 'Object Repository/Thread_Webshop/Home_Page/Page_Threads/Page_Search 0 results found for Verify inva_0640af/p_TIMBERLAND  MENS 6 INCH PREMIUM BOOT' is present

05-11-2024T12:10:30 - [MESSAGE][WARNING] - Timeout '0' is invalid. Using default page load timeout: '30'

05-11-2024T12:10:31 - [MESSAGE][PASSED] - Object 'Object Repository/Thread_Webshop/Home_Page/Page_Threads/Page_Search 0 results found for Verify inva_0640af/p_TIMBERLAND  MENS 6 INCH PREMIUM BOOT' is present

05-11-2024T12:10:31 - [TEST_STEP][PASSED] - click(findTestObject("Object Repository/Thread_Webshop/Home_Page/Page_Threads/Page_Search 0 results found for Verify inva_0640af/svg_Search_icon icon-search")): Object: 'Object Repository/Thread_Webshop/Home_Page/Page_Threads/Page_Search 0 results found for Verify inva_0640af/svg_Search_icon icon-search' is clicked on

05-11-2024T12:10:32 - [MESSAGE][PASSED] - Object: 'Object Repository/Thread_Webshop/Home_Page/Page_Threads/Page_Search 0 results found for Verify inva_0640af/svg_Search_icon icon-search' is clicked on

05-11-2024T12:10:32 - [TEST_STEP][PASSED] - takeScreenshot(screenshotFolderPath + "search_item_after.png"): Taking screenshot successfully

05-11-2024T12:10:33 - [MESSAGE][PASSED] - Taking screenshot successfully
[[ATTACHMENT|C:\\Users\\AnusmitaKundu\\git\\threadShopify\\ThreadShopify\\Reports\\20241105_120811\\Threads\\New Test Suite (1)\\20241105_120811\\screenshots/home_page_20241105_121005/search_item_after.png]]

05-11-2024T12:10:33 - [TEST_STEP][PASSED] - verifyTextPresent(search_result, false): Text 'Search results' is present on page 

05-11-2024T12:10:33 - [MESSAGE][PASSED] - Text 'Search results' is present on page 

05-11-2024T12:10:33 - [TEST_STEP][PASSED] - scrollToPosition(500, 0): Browser is scrolled to position x = 500, y = 0

05-11-2024T12:10:33 - [MESSAGE][PASSED] - Browser is scrolled to position x = 500, y = 0

05-11-2024T12:10:33 - [TEST_STEP][PASSED] - verifyElementPresent(findTestObject("Object Repository/Thread_Webshop/Home_Page/Page_Threads/Page_Search 24 results found for Shoe  Threads/a_DR MARTENS  CAVENDISH 3-EYE SHOE BLACK"), 0): Object 'Object Repository/Thread_Webshop/Home_Page/Page_Threads/Page_Search 24 results found for Shoe  Threads/a_DR MARTENS  CAVENDISH 3-EYE SHOE BLACK' is present

05-11-2024T12:10:33 - [MESSAGE][WARNING] - Timeout '0' is invalid. Using default page load timeout: '30'

05-11-2024T12:10:34 - [MESSAGE][PASSED] - Object 'Object Repository/Thread_Webshop/Home_Page/Page_Threads/Page_Search 24 results found for Shoe  Threads/a_DR MARTENS  CAVENDISH 3-EYE SHOE BLACK' is present

05-11-2024T12:10:34 - [TEST_STEP][PASSED] - verifyElementPresent(findTestObject("Object Repository/Thread_Webshop/Home_Page/Page_Threads/Page_Search 24 results found for Shoe  Threads/a_DR MARTENS  1461 DMC 3-EYE SHOE  BLACK SMOOTH"), 0): Object 'Object Repository/Thread_Webshop/Home_Page/Page_Threads/Page_Search 24 results found for Shoe  Threads/a_DR MARTENS  1461 DMC 3-EYE SHOE  BLACK SMOOTH' is present

05-11-2024T12:10:34 - [MESSAGE][WARNING] - Timeout '0' is invalid. Using default page load timeout: '30'

05-11-2024T12:10:34 - [MESSAGE][PASSED] - Object 'Object Repository/Thread_Webshop/Home_Page/Page_Threads/Page_Search 24 results found for Shoe  Threads/a_DR MARTENS  1461 DMC 3-EYE SHOE  BLACK SMOOTH' is present

05-11-2024T12:10:34 - [TEST_STEP][PASSED] - verifyElementPresent(findTestObject("Object Repository/Thread_Webshop/Home_Page/Page_Threads/Page_Search 24 results found for Shoe  Threads/a_ADIDAS  SUPERSTAR 80S"), 0): Object 'Object Repository/Thread_Webshop/Home_Page/Page_Threads/Page_Search 24 results found for Shoe  Threads/a_ADIDAS  SUPERSTAR 80S' is present

05-11-2024T12:10:34 - [MESSAGE][WARNING] - Timeout '0' is invalid. Using default page load timeout: '30'

05-11-2024T12:10:35 - [MESSAGE][PASSED] - Object 'Object Repository/Thread_Webshop/Home_Page/Page_Threads/Page_Search 24 results found for Shoe  Threads/a_ADIDAS  SUPERSTAR 80S' is present

05-11-2024T12:10:35 - [TEST_STEP][PASSED] - verifyElementPresent(findTestObject("Object Repository/Thread_Webshop/Home_Page/Page_Threads/Page_Search 24 results found for Shoe  Threads/a_NIKE  TODDLER ROSHE ONE"), 0): Object 'Object Repository/Thread_Webshop/Home_Page/Page_Threads/Page_Search 24 results found for Shoe  Threads/a_NIKE  TODDLER ROSHE ONE' is present

05-11-2024T12:10:35 - [MESSAGE][WARNING] - Timeout '0' is invalid. Using default page load timeout: '30'

05-11-2024T12:10:35 - [MESSAGE][PASSED] - Object 'Object Repository/Thread_Webshop/Home_Page/Page_Threads/Page_Search 24 results found for Shoe  Threads/a_NIKE  TODDLER ROSHE ONE' is present

05-11-2024T12:10:35 - [TEST_STEP][PASSED] - takeScreenshot(screenshotFolderPath + "search_result.png"): Taking screenshot successfully

05-11-2024T12:10:35 - [MESSAGE][PASSED] - Taking screenshot successfully
[[ATTACHMENT|C:\\Users\\AnusmitaKundu\\git\\threadShopify\\ThreadShopify\\Reports\\20241105_120811\\Threads\\New Test Suite (1)\\20241105_120811\\screenshots/home_page_20241105_121005/search_result.png]]

05-11-2024T12:10:35 - [TEST_STEP][PASSED] - click(findTestObject("Object Repository/Thread_Webshop/Home_Page/Page_Threads/Page_Search 24 results found for Shoe  Threads/span_Home")): Object: 'Object Repository/Thread_Webshop/Home_Page/Page_Threads/Page_Search 24 results found for Shoe  Threads/span_Home' is clicked on

05-11-2024T12:10:36 - [MESSAGE][PASSED] - Object: 'Object Repository/Thread_Webshop/Home_Page/Page_Threads/Page_Search 24 results found for Shoe  Threads/span_Home' is clicked on

05-11-2024T12:10:36 - [TEST_STEP][PASSED] - takeScreenshot(screenshotFolderPath + "home_final.png"): Taking screenshot successfully

05-11-2024T12:10:37 - [MESSAGE][PASSED] - Taking screenshot successfully
[[ATTACHMENT|C:\\Users\\AnusmitaKundu\\git\\threadShopify\\ThreadShopify\\Reports\\20241105_120811\\Threads\\New Test Suite (1)\\20241105_120811\\screenshots/home_page_20241105_121005/home_final.png]]

05-11-2024T12:10:37 - [TEST_STEP][PASSED] - closeBrowser(): Browser is closed

05-11-2024T12:10:38 - [MESSAGE][PASSED] - Browser is closed]]></system-out>
         <system-err><![CDATA[]]></system-err>
      </testcase>
      <testcase name="Test Cases/Threads_Webshop/3 Homepage/TC-672-Verify the Social media button" time="12.108" classname="Test Cases/Threads_Webshop/3 Homepage/TC-672-Verify the Social media button" status="PASSED">
         <system-out><![CDATA[05-11-2024T12:10:38 - [TEST_CASE][PASSED] - Test Cases/Threads_Webshop/3 Homepage/TC-672-Verify the Social media button: Test Cases/Threads_Webshop/3 Homepage/TC-672-Verify the Social media button

05-11-2024T12:10:38 - [TEST_STEP][PASSED] - currentDateTime = LocalDateTime.now(): null

05-11-2024T12:10:38 - [TEST_STEP][PASSED] - formatter = DateTimeFormatter.ofPattern("yyyyMMdd_HHmmss"): null

05-11-2024T12:10:38 - [TEST_STEP][PASSED] - dateTimeString = currentDateTime.format(formatter): null

05-11-2024T12:10:38 - [TEST_STEP][PASSED] - screenshotFolderPath = "screenshots/home_page_" + dateTimeString + "/": null

05-11-2024T12:10:38 - [TEST_STEP][PASSED] - File(screenshotFolderPath).mkdirs(): null

05-11-2024T12:10:38 - [TEST_STEP][PASSED] - callTestCase(findTestCase("Threads_Webshop/ReUsable Testcases/Enter Password"), [:], STOP_ON_FAILURE): Call Test Case 'Test Cases/Threads_Webshop/ReUsable Testcases/Enter Password' successfully

05-11-2024T12:10:38 - [TEST_CASE][PASSED] - Test Cases/Threads_Webshop/ReUsable Testcases/Enter Password: Test Cases/Threads_Webshop/ReUsable Testcases/Enter Password

05-11-2024T12:10:38 - [TEST_STEP][PASSED] - openBrowser(""): Browser is opened with url: ''

05-11-2024T12:10:38 - [MESSAGE][INFO] - Starting 'Chrome' driver

05-11-2024T12:10:38 - [MESSAGE][INFO] - Action delay is set to 0 milliseconds

05-11-2024T12:10:39 - [MESSAGE][PASSED] - Browser is opened with url: ''

05-11-2024T12:10:39 - [TEST_STEP][PASSED] - maximizeWindow(): Current window maximized

05-11-2024T12:10:40 - [MESSAGE][PASSED] - Current window maximized

05-11-2024T12:10:40 - [TEST_STEP][PASSED] - navigateToUrl("https://threads0.myshopify.com/password"): Navigate to 'https://threads0.myshopify.com/password' successfully

05-11-2024T12:10:41 - [MESSAGE][PASSED] - Navigate to 'https://threads0.myshopify.com/password' successfully

05-11-2024T12:10:41 - [TEST_STEP][PASSED] - click(findTestObject("Object Repository/Thread_Webshop/Reusable Testcase/Page_Threads/div_Enter using password")): Object: 'Object Repository/Thread_Webshop/Reusable Testcase/Page_Threads/div_Enter using password' is clicked on

05-11-2024T12:10:45 - [MESSAGE][PASSED] - Object: 'Object Repository/Thread_Webshop/Reusable Testcase/Page_Threads/div_Enter using password' is clicked on

05-11-2024T12:10:45 - [TEST_STEP][PASSED] - setEncryptedText(findTestObject("Object Repository/Thread_Webshop/Reusable Testcase/Page_Threads/input_Enter store using password_password"), "gnzTAVlujIw+lTr0To6+Cg=="): Text ****** has been set on object 'Object Repository/Thread_Webshop/Reusable Testcase/Page_Threads/input_Enter store using password_password'

05-11-2024T12:10:45 - [MESSAGE][PASSED] - Text ****** has been set on object 'Object Repository/Thread_Webshop/Reusable Testcase/Page_Threads/input_Enter store using password_password'

05-11-2024T12:10:45 - [TEST_STEP][PASSED] - click(findTestObject("Object Repository/Thread_Webshop/Reusable Testcase/Page_Threads/button_Enter")): Object: 'Object Repository/Thread_Webshop/Reusable Testcase/Page_Threads/button_Enter' is clicked on

05-11-2024T12:10:47 - [MESSAGE][PASSED] - Object: 'Object Repository/Thread_Webshop/Reusable Testcase/Page_Threads/button_Enter' is clicked on

05-11-2024T12:10:47 - [MESSAGE][PASSED] - Call Test Case 'Test Cases/Threads_Webshop/ReUsable Testcases/Enter Password' successfully

05-11-2024T12:10:47 - [TEST_STEP][PASSED] - maximizeWindow(): Current window maximized

05-11-2024T12:10:47 - [MESSAGE][PASSED] - Current window maximized

05-11-2024T12:10:47 - [TEST_STEP][PASSED] - scrollToPosition(0, 10000): Browser is scrolled to position x = 0, y = 10000

05-11-2024T12:10:47 - [MESSAGE][PASSED] - Browser is scrolled to position x = 0, y = 10000

05-11-2024T12:10:47 - [TEST_STEP][PASSED] - takeScreenshot(screenshotFolderPath + "social_media_icon.png"): Taking screenshot successfully

05-11-2024T12:10:48 - [MESSAGE][PASSED] - Taking screenshot successfully
[[ATTACHMENT|C:\\Users\\AnusmitaKundu\\git\\threadShopify\\ThreadShopify\\Reports\\20241105_120811\\Threads\\New Test Suite (1)\\20241105_120811\\screenshots/home_page_20241105_121038/social_media_icon.png]]

05-11-2024T12:10:48 - [TEST_STEP][PASSED] - verifyElementClickable(findTestObject("Object Repository/Page_Threads/a_Facebook")): Object 'Object Repository/Page_Threads/a_Facebook' is clickable

05-11-2024T12:10:48 - [MESSAGE][PASSED] - Object 'Object Repository/Page_Threads/a_Facebook' is clickable

05-11-2024T12:10:48 - [TEST_STEP][PASSED] - verifyElementClickable(findTestObject("Object Repository/Page_Threads/a_Instagram")): Object 'Object Repository/Page_Threads/a_Instagram' is clickable

05-11-2024T12:10:49 - [MESSAGE][PASSED] - Object 'Object Repository/Page_Threads/a_Instagram' is clickable

05-11-2024T12:10:49 - [TEST_STEP][PASSED] - verifyElementClickable(findTestObject("Object Repository/Page_Threads/a_YouTube")): Object 'Object Repository/Page_Threads/a_YouTube' is clickable

05-11-2024T12:10:49 - [MESSAGE][PASSED] - Object 'Object Repository/Page_Threads/a_YouTube' is clickable

05-11-2024T12:10:49 - [TEST_STEP][PASSED] - verifyElementClickable(findTestObject("Object Repository/Page_Threads/a_X (Twitter)")): Object 'Object Repository/Page_Threads/a_X (Twitter)' is clickable

05-11-2024T12:10:50 - [MESSAGE][PASSED] - Object 'Object Repository/Page_Threads/a_X (Twitter)' is clickable

05-11-2024T12:10:50 - [TEST_STEP][PASSED] - closeBrowser(): Browser is closed

05-11-2024T12:10:50 - [MESSAGE][PASSED] - Browser is closed]]></system-out>
         <system-err><![CDATA[]]></system-err>
      </testcase>
      <testcase name="Test Cases/Threads_Webshop/3 Homepage/TC-89,11-Verify Home page elements" time="21.647" classname="Test Cases/Threads_Webshop/3 Homepage/TC-89,11-Verify Home page elements" status="PASSED">
         <system-out><![CDATA[05-11-2024T12:10:50 - [TEST_CASE][PASSED] - Test Cases/Threads_Webshop/3 Homepage/TC-89,11-Verify Home page elements: Test Cases/Threads_Webshop/3 Homepage/TC-89,11-Verify Home page elements

05-11-2024T12:10:50 - [TEST_STEP][PASSED] - currentDateTime = LocalDateTime.now(): null

05-11-2024T12:10:50 - [TEST_STEP][PASSED] - formatter = DateTimeFormatter.ofPattern("yyyyMMdd_HHmmss"): null

05-11-2024T12:10:50 - [TEST_STEP][PASSED] - dateTimeString = currentDateTime.format(formatter): null

05-11-2024T12:10:50 - [TEST_STEP][PASSED] - screenshotFolderPath = "screenshots/home_page_" + dateTimeString + "/": null

05-11-2024T12:10:50 - [TEST_STEP][PASSED] - File(screenshotFolderPath).mkdirs(): null

05-11-2024T12:10:50 - [TEST_STEP][PASSED] - callTestCase(findTestCase("Threads_Webshop/ReUsable Testcases/Enter Password"), [:], STOP_ON_FAILURE): Call Test Case 'Test Cases/Threads_Webshop/ReUsable Testcases/Enter Password' successfully

05-11-2024T12:10:51 - [TEST_CASE][PASSED] - Test Cases/Threads_Webshop/ReUsable Testcases/Enter Password: Test Cases/Threads_Webshop/ReUsable Testcases/Enter Password

05-11-2024T12:10:51 - [TEST_STEP][PASSED] - openBrowser(""): Browser is opened with url: ''

05-11-2024T12:10:51 - [MESSAGE][INFO] - Starting 'Chrome' driver

05-11-2024T12:10:51 - [MESSAGE][INFO] - Action delay is set to 0 milliseconds

05-11-2024T12:10:52 - [MESSAGE][PASSED] - Browser is opened with url: ''

05-11-2024T12:10:52 - [TEST_STEP][PASSED] - maximizeWindow(): Current window maximized

05-11-2024T12:10:52 - [MESSAGE][PASSED] - Current window maximized

05-11-2024T12:10:52 - [TEST_STEP][PASSED] - navigateToUrl("https://threads0.myshopify.com/password"): Navigate to 'https://threads0.myshopify.com/password' successfully

05-11-2024T12:10:54 - [MESSAGE][PASSED] - Navigate to 'https://threads0.myshopify.com/password' successfully

05-11-2024T12:10:54 - [TEST_STEP][PASSED] - click(findTestObject("Object Repository/Thread_Webshop/Reusable Testcase/Page_Threads/div_Enter using password")): Object: 'Object Repository/Thread_Webshop/Reusable Testcase/Page_Threads/div_Enter using password' is clicked on

05-11-2024T12:11:02 - [MESSAGE][PASSED] - Object: 'Object Repository/Thread_Webshop/Reusable Testcase/Page_Threads/div_Enter using password' is clicked on

05-11-2024T12:11:02 - [TEST_STEP][PASSED] - setEncryptedText(findTestObject("Object Repository/Thread_Webshop/Reusable Testcase/Page_Threads/input_Enter store using password_password"), "gnzTAVlujIw+lTr0To6+Cg=="): Text ****** has been set on object 'Object Repository/Thread_Webshop/Reusable Testcase/Page_Threads/input_Enter store using password_password'

05-11-2024T12:11:02 - [MESSAGE][PASSED] - Text ****** has been set on object 'Object Repository/Thread_Webshop/Reusable Testcase/Page_Threads/input_Enter store using password_password'

05-11-2024T12:11:02 - [TEST_STEP][PASSED] - click(findTestObject("Object Repository/Thread_Webshop/Reusable Testcase/Page_Threads/button_Enter")): Object: 'Object Repository/Thread_Webshop/Reusable Testcase/Page_Threads/button_Enter' is clicked on

05-11-2024T12:11:04 - [MESSAGE][PASSED] - Object: 'Object Repository/Thread_Webshop/Reusable Testcase/Page_Threads/button_Enter' is clicked on

05-11-2024T12:11:04 - [MESSAGE][PASSED] - Call Test Case 'Test Cases/Threads_Webshop/ReUsable Testcases/Enter Password' successfully

05-11-2024T12:11:04 - [TEST_STEP][PASSED] - verifyTextPresent("Home", false): Text 'Home' is present on page 

05-11-2024T12:11:05 - [MESSAGE][PASSED] - Text 'Home' is present on page 

05-11-2024T12:11:05 - [TEST_STEP][PASSED] - takeScreenshot(screenshotFolderPath + "home.png"): Taking screenshot successfully

05-11-2024T12:11:05 - [MESSAGE][PASSED] - Taking screenshot successfully
[[ATTACHMENT|C:\\Users\\AnusmitaKundu\\git\\threadShopify\\ThreadShopify\\Reports\\20241105_120811\\Threads\\New Test Suite (1)\\20241105_120811\\screenshots/home_page_20241105_121050/home.png]]

05-11-2024T12:11:05 - [TEST_STEP][PASSED] - verifyElementPresent(findTestObject("Object Repository/Thread_Webshop/Home_Page/Page_Threads/div_Uncover your wardrobe essentials       _66e2bc"), 0): Object 'Object Repository/Thread_Webshop/Home_Page/Page_Threads/div_Uncover your wardrobe essentials       _66e2bc' is present

05-11-2024T12:11:05 - [MESSAGE][WARNING] - Timeout '0' is invalid. Using default page load timeout: '30'

05-11-2024T12:11:06 - [MESSAGE][PASSED] - Object 'Object Repository/Thread_Webshop/Home_Page/Page_Threads/div_Uncover your wardrobe essentials       _66e2bc' is present

05-11-2024T12:11:06 - [TEST_STEP][PASSED] - takeScreenshot(screenshotFolderPath + "banner.png"): Taking screenshot successfully

05-11-2024T12:11:07 - [MESSAGE][PASSED] - Taking screenshot successfully
[[ATTACHMENT|C:\\Users\\AnusmitaKundu\\git\\threadShopify\\ThreadShopify\\Reports\\20241105_120811\\Threads\\New Test Suite (1)\\20241105_120811\\screenshots/home_page_20241105_121050/banner.png]]

05-11-2024T12:11:07 - [TEST_STEP][PASSED] - verifyTextPresent("Uncover your wardrobe essentials", false): Text 'Uncover your wardrobe essentials' is present on page 

05-11-2024T12:11:07 - [MESSAGE][PASSED] - Text 'Uncover your wardrobe essentials' is present on page 

05-11-2024T12:11:07 - [TEST_STEP][PASSED] - isFeaturedPresent = verifyTextPresent("Featured", false, OPTIONAL): Text 'Featured' is present on page 

05-11-2024T12:11:07 - [MESSAGE][PASSED] - Text 'Featured' is present on page 

05-11-2024T12:11:07 - [TEST_STEP][PASSED] - if (isFeaturedPresent): Object 'Object Repository/Thread_Webshop/Home_Page/Page_Threads/a_ADIDAS  SUPERSTAR 80S' is clickable

05-11-2024T12:11:07 - [TEST_STEP][PASSED] - verifyElementClickable(findTestObject("Object Repository/Thread_Webshop/Home_Page/Page_Threads/a_ADIDAS  CLASSIC BACKPACK")): Object 'Object Repository/Thread_Webshop/Home_Page/Page_Threads/a_ADIDAS  CLASSIC BACKPACK' is clickable

05-11-2024T12:11:08 - [MESSAGE][PASSED] - Object 'Object Repository/Thread_Webshop/Home_Page/Page_Threads/a_ADIDAS  CLASSIC BACKPACK' is clickable

05-11-2024T12:11:08 - [TEST_STEP][PASSED] - verifyElementClickable(findTestObject("Object Repository/Thread_Webshop/Home_Page/Page_Threads/a_ADIDAS  CLASSIC BACKPACK  LEGEND INK MULTICOLOUR")): Object 'Object Repository/Thread_Webshop/Home_Page/Page_Threads/a_ADIDAS  CLASSIC BACKPACK  LEGEND INK MULTICOLOUR' is clickable

05-11-2024T12:11:08 - [MESSAGE][PASSED] - Object 'Object Repository/Thread_Webshop/Home_Page/Page_Threads/a_ADIDAS  CLASSIC BACKPACK  LEGEND INK MULTICOLOUR' is clickable

05-11-2024T12:11:08 - [TEST_STEP][PASSED] - verifyElementClickable(findTestObject("Object Repository/Thread_Webshop/Home_Page/Page_Threads/a_ADIDAS  KIDS STAN SMITH")): Object 'Object Repository/Thread_Webshop/Home_Page/Page_Threads/a_ADIDAS  KIDS STAN SMITH' is clickable

05-11-2024T12:11:08 - [MESSAGE][PASSED] - Object 'Object Repository/Thread_Webshop/Home_Page/Page_Threads/a_ADIDAS  KIDS STAN SMITH' is clickable

05-11-2024T12:11:08 - [TEST_STEP][PASSED] - verifyElementClickable(findTestObject("Object Repository/Thread_Webshop/Home_Page/Page_Threads/a_ADIDAS  SUPERSTAR 80S")): Object 'Object Repository/Thread_Webshop/Home_Page/Page_Threads/a_ADIDAS  SUPERSTAR 80S' is clickable

05-11-2024T12:11:09 - [MESSAGE][PASSED] - Object 'Object Repository/Thread_Webshop/Home_Page/Page_Threads/a_ADIDAS  SUPERSTAR 80S' is clickable

05-11-2024T12:11:09 - [TEST_STEP][PASSED] - scrollToPosition(0, 1000): Browser is scrolled to position x = 0, y = 1000

05-11-2024T12:11:09 - [MESSAGE][PASSED] - Browser is scrolled to position x = 0, y = 1000

05-11-2024T12:11:09 - [TEST_STEP][PASSED] - delay(2): Delayed 2 second(s)

05-11-2024T12:11:11 - [MESSAGE][PASSED] - Delayed 2 second(s)

05-11-2024T12:11:11 - [TEST_STEP][PASSED] - takeScreenshot(screenshotFolderPath + "featured.png"): Taking screenshot successfully

05-11-2024T12:11:11 - [MESSAGE][PASSED] - Taking screenshot successfully
[[ATTACHMENT|C:\\Users\\AnusmitaKundu\\git\\threadShopify\\ThreadShopify\\Reports\\20241105_120811\\Threads\\New Test Suite (1)\\20241105_120811\\screenshots/home_page_20241105_121050/featured.png]]

05-11-2024T12:11:11 - [TEST_STEP][PASSED] - closeBrowser(): Browser is closed

05-11-2024T12:11:12 - [MESSAGE][PASSED] - Browser is closed]]></system-out>
         <system-err><![CDATA[]]></system-err>
      </testcase>
      <testcase name="Test Cases/Threads_Webshop/4 Search/TC-112, 169, 143-Verify Search Scenario" time="60.376" classname="Test Cases/Threads_Webshop/4 Search/TC-112, 169, 143-Verify Search Scenario" status="PASSED">
         <system-out><![CDATA[05-11-2024T12:11:12 - [TEST_CASE][PASSED] - Test Cases/Threads_Webshop/4 Search/TC-112, 169, 143-Verify Search Scenario: Test Cases/Threads_Webshop/4 Search/TC-112, 169, 143-Verify Search Scenario

05-11-2024T12:11:12 - [TEST_STEP][PASSED] - timestamp = SimpleDateFormat(yyyyMMdd_HHmmss).format(new java.util.Date()): null

05-11-2024T12:11:12 - [TEST_STEP][PASSED] - screenshotFolder = "screenshots/search_" + timestamp + "/": null

05-11-2024T12:11:12 - [TEST_STEP][PASSED] - openBrowser(""): Browser is opened with url: ''

05-11-2024T12:11:12 - [MESSAGE][INFO] - Starting 'Chrome' driver

05-11-2024T12:11:12 - [MESSAGE][INFO] - Action delay is set to 0 milliseconds

05-11-2024T12:11:13 - [MESSAGE][PASSED] - Browser is opened with url: ''

05-11-2024T12:11:13 - [TEST_STEP][PASSED] - maximizeWindow(): Current window maximized

05-11-2024T12:11:13 - [MESSAGE][PASSED] - Current window maximized

05-11-2024T12:11:13 - [TEST_STEP][PASSED] - navigateToUrl("https://threads0.myshopify.com/password"): Navigate to 'https://threads0.myshopify.com/password' successfully

05-11-2024T12:11:15 - [MESSAGE][PASSED] - Navigate to 'https://threads0.myshopify.com/password' successfully

05-11-2024T12:11:15 - [TEST_STEP][PASSED] - click(findTestObject("Object Repository/Search with Category_An/Page_Threads/div_Enter using password")): Object: 'Object Repository/Search with Category_An/Page_Threads/div_Enter using password' is clicked on

05-11-2024T12:11:18 - [MESSAGE][PASSED] - Object: 'Object Repository/Search with Category_An/Page_Threads/div_Enter using password' is clicked on

05-11-2024T12:11:18 - [TEST_STEP][PASSED] - setEncryptedText(findTestObject("Object Repository/Search with Category_An/Page_Threads/input_Enter store using password_password"), "gnzTAVlujIw+lTr0To6+Cg=="): Text ****** has been set on object 'Object Repository/Search with Category_An/Page_Threads/input_Enter store using password_password'

05-11-2024T12:11:19 - [MESSAGE][PASSED] - Text ****** has been set on object 'Object Repository/Search with Category_An/Page_Threads/input_Enter store using password_password'

05-11-2024T12:11:19 - [TEST_STEP][PASSED] - click(findTestObject("Object Repository/Search with Category_An/Page_Threads/button_Enter")): Object: 'Object Repository/Search with Category_An/Page_Threads/button_Enter' is clicked on

05-11-2024T12:11:21 - [MESSAGE][PASSED] - Object: 'Object Repository/Search with Category_An/Page_Threads/button_Enter' is clicked on

05-11-2024T12:11:21 - [TEST_STEP][PASSED] - verifyTextPresent("Home", false): Text 'Home' is present on page 

05-11-2024T12:11:22 - [MESSAGE][PASSED] - Text 'Home' is present on page 

05-11-2024T12:11:22 - [TEST_STEP][PASSED] - takeScreenshot(screenshotFolder + "home.png"): Taking screenshot successfully

05-11-2024T12:11:23 - [MESSAGE][PASSED] - Taking screenshot successfully
[[ATTACHMENT|C:\\Users\\AnusmitaKundu\\git\\threadShopify\\ThreadShopify\\Reports\\20241105_120811\\Threads\\New Test Suite (1)\\20241105_120811\\screenshots/search_20241105_121112/home.png]]

05-11-2024T12:11:23 - [TEST_STEP][PASSED] - verifyTextPresent("Catalog", false): Text 'Catalog' is present on page 

05-11-2024T12:11:23 - [MESSAGE][PASSED] - Text 'Catalog' is present on page 

05-11-2024T12:11:23 - [TEST_STEP][PASSED] - takeScreenshot(screenshotFolder + "catalog.png"): Taking screenshot successfully

05-11-2024T12:11:24 - [MESSAGE][PASSED] - Taking screenshot successfully
[[ATTACHMENT|C:\\Users\\AnusmitaKundu\\git\\threadShopify\\ThreadShopify\\Reports\\20241105_120811\\Threads\\New Test Suite (1)\\20241105_120811\\screenshots/search_20241105_121112/catalog.png]]

05-11-2024T12:11:24 - [TEST_STEP][PASSED] - click(findTestObject("Object Repository/Search with Category_An/Page_Threads/span_Catalog")): Object: 'Object Repository/Search with Category_An/Page_Threads/span_Catalog' is clicked on

05-11-2024T12:11:25 - [MESSAGE][PASSED] - Object: 'Object Repository/Search with Category_An/Page_Threads/span_Catalog' is clicked on

05-11-2024T12:11:25 - [TEST_STEP][PASSED] - verifyTextPresent("Products", false): Text 'Products' is present on page 

05-11-2024T12:11:26 - [MESSAGE][PASSED] - Text 'Products' is present on page 

05-11-2024T12:11:26 - [TEST_STEP][PASSED] - takeScreenshot(screenshotFolder + "product.png"): Taking screenshot successfully

05-11-2024T12:11:26 - [MESSAGE][PASSED] - Taking screenshot successfully
[[ATTACHMENT|C:\\Users\\AnusmitaKundu\\git\\threadShopify\\ThreadShopify\\Reports\\20241105_120811\\Threads\\New Test Suite (1)\\20241105_120811\\screenshots/search_20241105_121112/product.png]]

05-11-2024T12:11:26 - [TEST_STEP][PASSED] - verifyTextPresent("Price", false): Text 'Price' is present on page 

05-11-2024T12:11:27 - [MESSAGE][PASSED] - Text 'Price' is present on page 

05-11-2024T12:11:27 - [TEST_STEP][PASSED] - click(findTestObject("Object Repository/Search with Category_An/Page_Products  Threads/span_Price")): Object: 'Object Repository/Search with Category_An/Page_Products  Threads/span_Price' is clicked on

05-11-2024T12:11:27 - [MESSAGE][PASSED] - Object: 'Object Repository/Search with Category_An/Page_Products  Threads/span_Price' is clicked on

05-11-2024T12:11:27 - [TEST_STEP][PASSED] - delay(2): Delayed 2 second(s)

05-11-2024T12:11:29 - [MESSAGE][PASSED] - Delayed 2 second(s)

05-11-2024T12:11:29 - [TEST_STEP][PASSED] - setText(findTestObject("Object Repository/Search with Category_An/Page_Products  Threads/input__filter.v.price.gte"), "199"): Text '199' is set on object 'Object Repository/Search with Category_An/Page_Products  Threads/input__filter.v.price.gte'

05-11-2024T12:11:30 - [MESSAGE][PASSED] - Text '199' is set on object 'Object Repository/Search with Category_An/Page_Products  Threads/input__filter.v.price.gte'

05-11-2024T12:11:30 - [TEST_STEP][PASSED] - setText(findTestObject("Object Repository/Search with Category_An/Page_Products  Threads/input__filter.v.price.lte"), "299"): Text '299' is set on object 'Object Repository/Search with Category_An/Page_Products  Threads/input__filter.v.price.lte'

05-11-2024T12:11:31 - [MESSAGE][PASSED] - Text '299' is set on object 'Object Repository/Search with Category_An/Page_Products  Threads/input__filter.v.price.lte'

[...]

05-11-2024T12:33:48 - [MESSAGE][INFO] - Unable to find the element located by 'By.xpath: //iframe[@name='21babb25-8e7e-4493-93a1-8ae7bd2c3301']'. Please recheck the objects properties to make sure the desired element is located. 

05-11-2024T12:33:48 - [MESSAGE][WARNING] - [SELF-HEALING] Failed to find element with id 'Object Repository/Thread_Webshop/Banner/Page_Threads  Customize Dawn  Shopify/iframe_Skip to content_21babb25-8e7e-4493-9_120058'. Try using Self-healing.

05-11-2024T12:33:48 - [MESSAGE][ERROR] - [SELF-HEALING] com.google.gson.stream.MalformedJsonException: Expected ':' at line 5 column 10 path $.brokenTestObjects[0].<<<<<<<

05-11-2024T12:33:48 - [MESSAGE][INFO] - [SELF-HEALING] Failed Locator: '//iframe[@name='21babb25-8e7e-4493-93a1-8ae7bd2c3301']'.

05-11-2024T12:33:48 - [MESSAGE][INFO] - [SELF-HEALING] Working Locator: '//div[@id='AppFrameScrollable']/div/div/div/div/div/div/iframe'.

05-11-2024T12:33:49 - [MESSAGE][INFO] - [SELF-HEALING] Screenshot: C:/Users/AnusmitaKundu/git/threadShopify/ThreadShopify/Reports/Self-healing/Object Repository/Thread_Webshop/Banner/Page_Threads  Customize Dawn  Shopify/iframe_Skip to content_21babb25-8e7e-4493-9_120058_idRelative.png

05-11-2024T12:33:49 - [MESSAGE][ERROR] - [SELF-HEALING] com.google.gson.stream.MalformedJsonException: Expected ':' at line 5 column 10 path $.brokenTestObjects[0].<<<<<<<

05-11-2024T12:33:49 - [MESSAGE][ERROR] - [SELF-HEALING] C:\Users\AnusmitaKundu\git\threadShopify\ThreadShopify\Reports\Self-healing\broken-test-objects-v2.json does not exist or is provided by Self-healing Plugin!

05-11-2024T12:33:49 - [MESSAGE][WARNING] - [SELF-HEALING] The current locator of test object 'Object Repository/Thread_Webshop/Banner/Page_Threads  Customize Dawn  Shopify/iframe_Skip to content_21babb25-8e7e-4493-9_120058' was broken. Propose an alternative one: '//div[@id='AppFrameScrollable']/div/div/div/div/div/div/iframe'.

05-11-2024T12:33:50 - [MESSAGE][PASSED] - Object: 'Object Repository/Thread_Webshop/Banner/Page_Threads  Customize Dawn  Shopify/button_Uncover your wardrobe essentials_Onl_54202d' is clicked on

05-11-2024T12:33:50 - [TEST_STEP][PASSED] - click(findTestObject("Object Repository/Thread_Webshop/Banner/Page_Threads  Customize Dawn  Shopify/input_First button link_UrlSetting1 (1)")): Object: 'Object Repository/Thread_Webshop/Banner/Page_Threads  Customize Dawn  Shopify/input_First button link_UrlSetting1 (1)' is clicked on

05-11-2024T12:34:21 - [MESSAGE][INFO] - Unable to find the element located by 'By.xpath: //iframe[@name='21babb25-8e7e-4493-93a1-8ae7bd2c3301']'. Please recheck the objects properties to make sure the desired element is located. 

05-11-2024T12:34:21 - [MESSAGE][WARNING] - [SELF-HEALING] Failed to find element with id 'Object Repository/Thread_Webshop/Banner/Page_Threads  Customize Dawn  Shopify/iframe_Skip to content_21babb25-8e7e-4493-9_120058'. Try using Self-healing.

05-11-2024T12:34:21 - [MESSAGE][ERROR] - [SELF-HEALING] com.google.gson.stream.MalformedJsonException: Expected ':' at line 5 column 10 path $.brokenTestObjects[0].<<<<<<<

05-11-2024T12:34:21 - [MESSAGE][INFO] - [SELF-HEALING] Failed Locator: '//iframe[@name='21babb25-8e7e-4493-93a1-8ae7bd2c3301']'.

05-11-2024T12:34:22 - [MESSAGE][INFO] - [SELF-HEALING] Working Locator: '//div[@id='AppFrameScrollable']/div/div/div/div/div/div/iframe'.

05-11-2024T12:34:22 - [MESSAGE][INFO] - [SELF-HEALING] Screenshot: C:/Users/AnusmitaKundu/git/threadShopify/ThreadShopify/Reports/Self-healing/Object Repository/Thread_Webshop/Banner/Page_Threads  Customize Dawn  Shopify/iframe_Skip to content_21babb25-8e7e-4493-9_120058_idRelative.png

05-11-2024T12:34:22 - [MESSAGE][ERROR] - [SELF-HEALING] com.google.gson.stream.MalformedJsonException: Expected ':' at line 5 column 10 path $.brokenTestObjects[0].<<<<<<<

05-11-2024T12:34:22 - [MESSAGE][ERROR] - [SELF-HEALING] C:\Users\AnusmitaKundu\git\threadShopify\ThreadShopify\Reports\Self-healing\broken-test-objects-v2.json does not exist or is provided by Self-healing Plugin!

05-11-2024T12:34:22 - [MESSAGE][WARNING] - [SELF-HEALING] The current locator of test object 'Object Repository/Thread_Webshop/Banner/Page_Threads  Customize Dawn  Shopify/iframe_Skip to content_21babb25-8e7e-4493-9_120058' was broken. Propose an alternative one: '//div[@id='AppFrameScrollable']/div/div/div/div/div/div/iframe'.

05-11-2024T12:34:23 - [MESSAGE][PASSED] - Object: 'Object Repository/Thread_Webshop/Banner/Page_Threads  Customize Dawn  Shopify/input_First button link_UrlSetting1 (1)' is clicked on

05-11-2024T12:34:23 - [TEST_STEP][PASSED] - click(findTestObject("Object Repository/Thread_Webshop/Banner/Page_Threads  Customize Dawn  Shopify/input_First button link_UrlSetting1 (2)")): Object: 'Object Repository/Thread_Webshop/Banner/Page_Threads  Customize Dawn  Shopify/input_First button link_UrlSetting1 (2)' is clicked on

05-11-2024T12:34:54 - [MESSAGE][INFO] - Unable to find the element located by 'By.xpath: //iframe[@name='9cc54c77-f6ce-460d-a73a-47539e55d8d3']'. Please recheck the objects properties to make sure the desired element is located. 

05-11-2024T12:34:54 - [MESSAGE][WARNING] - [SELF-HEALING] Failed to find element with id 'Object Repository/Thread_Webshop/Banner/Page_Threads  Customize Dawn  Shopify/iframe_Skip to content_9cc54c77-f6ce-460d-a_b95ee9'. Try using Self-healing.

05-11-2024T12:34:54 - [MESSAGE][ERROR] - [SELF-HEALING] com.google.gson.stream.MalformedJsonException: Expected ':' at line 5 column 10 path $.brokenTestObjects[0].<<<<<<<

05-11-2024T12:34:56 - [MESSAGE][INFO] - [SELF-HEALING] Failed Locator: '//iframe[@name='9cc54c77-f6ce-460d-a73a-47539e55d8d3']'.

05-11-2024T12:34:58 - [MESSAGE][INFO] - [SELF-HEALING] Working Locator: '//div[@id='AppFrameScrollable']/div/div/div/div/div/div/iframe'.

05-11-2024T12:34:59 - [MESSAGE][INFO] - [SELF-HEALING] Screenshot: C:/Users/AnusmitaKundu/git/threadShopify/ThreadShopify/Reports/Self-healing/Object Repository/Thread_Webshop/Banner/Page_Threads  Customize Dawn  Shopify/iframe_Skip to content_9cc54c77-f6ce-460d-a_b95ee9_idRelative.png

05-11-2024T12:34:59 - [MESSAGE][ERROR] - [SELF-HEALING] com.google.gson.stream.MalformedJsonException: Expected ':' at line 5 column 10 path $.brokenTestObjects[0].<<<<<<<

05-11-2024T12:34:59 - [MESSAGE][ERROR] - [SELF-HEALING] C:\Users\AnusmitaKundu\git\threadShopify\ThreadShopify\Reports\Self-healing\broken-test-objects-v2.json does not exist or is provided by Self-healing Plugin!

05-11-2024T12:34:59 - [MESSAGE][WARNING] - [SELF-HEALING] The current locator of test object 'Object Repository/Thread_Webshop/Banner/Page_Threads  Customize Dawn  Shopify/iframe_Skip to content_9cc54c77-f6ce-460d-a_b95ee9' was broken. Propose an alternative one: '//div[@id='AppFrameScrollable']/div/div/div/div/div/div/iframe'.

05-11-2024T12:34:59 - [MESSAGE][PASSED] - Object: 'Object Repository/Thread_Webshop/Banner/Page_Threads  Customize Dawn  Shopify/input_First button link_UrlSetting1 (2)' is clicked on

05-11-2024T12:34:59 - [TEST_STEP][PASSED] - click(findTestObject("Object Repository/Thread_Webshop/Banner/Page_Threads  Customize Dawn  Shopify/div_Products (2)")): Object: 'Object Repository/Thread_Webshop/Banner/Page_Threads  Customize Dawn  Shopify/div_Products (2)' is clicked on

05-11-2024T12:35:31 - [MESSAGE][INFO] - Unable to find the element located by 'By.xpath: //iframe[@name='9cc54c77-f6ce-460d-a73a-47539e55d8d3']'. Please recheck the objects properties to make sure the desired element is located. 

05-11-2024T12:35:31 - [MESSAGE][WARNING] - [SELF-HEALING] Failed to find element with id 'Object Repository/Thread_Webshop/Banner/Page_Threads  Customize Dawn  Shopify/iframe_Skip to content_9cc54c77-f6ce-460d-a_b95ee9'. Try using Self-healing.

05-11-2024T12:35:31 - [MESSAGE][ERROR] - [SELF-HEALING] com.google.gson.stream.MalformedJsonException: Expected ':' at line 5 column 10 path $.brokenTestObjects[0].<<<<<<<

05-11-2024T12:35:31 - [MESSAGE][INFO] - [SELF-HEALING] Failed Locator: '//iframe[@name='9cc54c77-f6ce-460d-a73a-47539e55d8d3']'.

05-11-2024T12:35:31 - [MESSAGE][INFO] - [SELF-HEALING] Working Locator: '//div[@id='AppFrameScrollable']/div/div/div/div/div/div/iframe'.

05-11-2024T12:35:32 - [MESSAGE][INFO] - [SELF-HEALING] Screenshot: C:/Users/AnusmitaKundu/git/threadShopify/ThreadShopify/Reports/Self-healing/Object Repository/Thread_Webshop/Banner/Page_Threads  Customize Dawn  Shopify/iframe_Skip to content_9cc54c77-f6ce-460d-a_b95ee9_idRelative.png

05-11-2024T12:35:32 - [MESSAGE][ERROR] - [SELF-HEALING] com.google.gson.stream.MalformedJsonException: Expected ':' at line 5 column 10 path $.brokenTestObjects[0].<<<<<<<

05-11-2024T12:35:32 - [MESSAGE][ERROR] - [SELF-HEALING] C:\Users\AnusmitaKundu\git\threadShopify\ThreadShopify\Reports\Self-healing\broken-test-objects-v2.json does not exist or is provided by Self-healing Plugin!

05-11-2024T12:35:32 - [MESSAGE][WARNING] - [SELF-HEALING] The current locator of test object 'Object Repository/Thread_Webshop/Banner/Page_Threads  Customize Dawn  Shopify/iframe_Skip to content_9cc54c77-f6ce-460d-a_b95ee9' was broken. Propose an alternative one: '//div[@id='AppFrameScrollable']/div/div/div/div/div/div/iframe'.

05-11-2024T12:35:32 - [MESSAGE][PASSED] - Object: 'Object Repository/Thread_Webshop/Banner/Page_Threads  Customize Dawn  Shopify/div_Products (2)' is clicked on

05-11-2024T12:35:32 - [TEST_STEP][PASSED] - click(findTestObject("Object Repository/Thread_Webshop/Banner/Page_Threads  Customize Dawn  Shopify/div_All products")): Object: 'Object Repository/Thread_Webshop/Banner/Page_Threads  Customize Dawn  Shopify/div_All products' is clicked on

05-11-2024T12:36:03 - [MESSAGE][INFO] - Unable to find the element located by 'By.xpath: //iframe[@name='9cc54c77-f6ce-460d-a73a-47539e55d8d3']'. Please recheck the objects properties to make sure the desired element is located. 

05-11-2024T12:36:03 - [MESSAGE][WARNING] - [SELF-HEALING] Failed to find element with id 'Object Repository/Thread_Webshop/Banner/Page_Threads  Customize Dawn  Shopify/iframe_Skip to content_9cc54c77-f6ce-460d-a_b95ee9'. Try using Self-healing.

05-11-2024T12:36:03 - [MESSAGE][ERROR] - [SELF-HEALING] com.google.gson.stream.MalformedJsonException: Expected ':' at line 5 column 10 path $.brokenTestObjects[0].<<<<<<<

05-11-2024T12:36:03 - [MESSAGE][INFO] - [SELF-HEALING] Failed Locator: '//iframe[@name='9cc54c77-f6ce-460d-a73a-47539e55d8d3']'.

05-11-2024T12:36:04 - [MESSAGE][INFO] - [SELF-HEALING] Working Locator: '//div[@id='AppFrameScrollable']/div/div/div/div/div/div/iframe'.

05-11-2024T12:36:04 - [MESSAGE][INFO] - [SELF-HEALING] Screenshot: C:/Users/AnusmitaKundu/git/threadShopify/ThreadShopify/Reports/Self-healing/Object Repository/Thread_Webshop/Banner/Page_Threads  Customize Dawn  Shopify/iframe_Skip to content_9cc54c77-f6ce-460d-a_b95ee9_idRelative.png

05-11-2024T12:36:04 - [MESSAGE][ERROR] - [SELF-HEALING] com.google.gson.stream.MalformedJsonException: Expected ':' at line 5 column 10 path $.brokenTestObjects[0].<<<<<<<

05-11-2024T12:36:04 - [MESSAGE][ERROR] - [SELF-HEALING] C:\Users\AnusmitaKundu\git\threadShopify\ThreadShopify\Reports\Self-healing\broken-test-objects-v2.json does not exist or is provided by Self-healing Plugin!

05-11-2024T12:36:04 - [MESSAGE][WARNING] - [SELF-HEALING] The current locator of test object 'Object Repository/Thread_Webshop/Banner/Page_Threads  Customize Dawn  Shopify/iframe_Skip to content_9cc54c77-f6ce-460d-a_b95ee9' was broken. Propose an alternative one: '//div[@id='AppFrameScrollable']/div/div/div/div/div/div/iframe'.

05-11-2024T12:36:05 - [MESSAGE][PASSED] - Object: 'Object Repository/Thread_Webshop/Banner/Page_Threads  Customize Dawn  Shopify/div_All products' is clicked on

05-11-2024T12:36:05 - [TEST_STEP][PASSED] - takeScreenshot(screenshotFolder + "selection_banner.png"): Taking screenshot successfully

05-11-2024T12:36:06 - [MESSAGE][PASSED] - Taking screenshot successfully
[[ATTACHMENT|C:\\Users\\AnusmitaKundu\\git\\threadShopify\\ThreadShopify\\Reports\\20241105_120811\\Threads\\New Test Suite (1)\\20241105_120811\\screenshots/Banner_20241105_123212/selection_banner.png]]

05-11-2024T12:36:06 - [TEST_STEP][PASSED] - click(findTestObject("Object Repository/Thread_Webshop/Banner/Page_Threads  Customize Dawn  Shopify/span_Save (4)")): Object: 'Object Repository/Thread_Webshop/Banner/Page_Threads  Customize Dawn  Shopify/span_Save (4)' is clicked on

05-11-2024T12:36:37 - [MESSAGE][INFO] - Unable to find the element located by 'By.xpath: //iframe[@name='fe56d741-3ec3-491d-b2e4-4f073b20fe50']'. Please recheck the objects properties to make sure the desired element is located. 

05-11-2024T12:36:37 - [MESSAGE][WARNING] - [SELF-HEALING] Failed to find element with id 'Object Repository/Thread_Webshop/Banner/Page_Threads  Customize Dawn  Shopify/iframe_Skip to content_fe56d741-3ec3-491d-b_5f461d'. Try using Self-healing.

05-11-2024T12:36:37 - [MESSAGE][ERROR] - [SELF-HEALING] com.google.gson.stream.MalformedJsonException: Expected ':' at line 5 column 10 path $.brokenTestObjects[0].<<<<<<<

05-11-2024T12:36:37 - [MESSAGE][INFO] - [SELF-HEALING] Failed Locator: '//iframe[@name='fe56d741-3ec3-491d-b2e4-4f073b20fe50']'.

05-11-2024T12:36:38 - [MESSAGE][INFO] - [SELF-HEALING] Working Locator: '//div[@id='AppFrameScrollable']/div/div/div/div/div/div/iframe'.

05-11-2024T12:36:38 - [MESSAGE][INFO] - [SELF-HEALING] Screenshot: C:/Users/AnusmitaKundu/git/threadShopify/ThreadShopify/Reports/Self-healing/Object Repository/Thread_Webshop/Banner/Page_Threads  Customize Dawn  Shopify/iframe_Skip to content_fe56d741-3ec3-491d-b_5f461d_idRelative.png

05-11-2024T12:36:38 - [MESSAGE][ERROR] - [SELF-HEALING] com.google.gson.stream.MalformedJsonException: Expected ':' at line 5 column 10 path $.brokenTestObjects[0].<<<<<<<

05-11-2024T12:36:38 - [MESSAGE][ERROR] - [SELF-HEALING] C:\Users\AnusmitaKundu\git\threadShopify\ThreadShopify\Reports\Self-healing\broken-test-objects-v2.json does not exist or is provided by Self-healing Plugin!

05-11-2024T12:36:38 - [MESSAGE][WARNING] - [SELF-HEALING] The current locator of test object 'Object Repository/Thread_Webshop/Banner/Page_Threads  Customize Dawn  Shopify/iframe_Skip to content_fe56d741-3ec3-491d-b_5f461d' was broken. Propose an alternative one: '//div[@id='AppFrameScrollable']/div/div/div/div/div/div/iframe'.

05-11-2024T12:36:39 - [MESSAGE][PASSED] - Object: 'Object Repository/Thread_Webshop/Banner/Page_Threads  Customize Dawn  Shopify/span_Save (4)' is clicked on

05-11-2024T12:36:39 - [TEST_STEP][PASSED] - delay(2): Delayed 2 second(s)

05-11-2024T12:36:41 - [MESSAGE][PASSED] - Delayed 2 second(s)

05-11-2024T12:36:41 - [TEST_STEP][PASSED] - callTestCase(findTestCase("Threads_Webshop/ReUsable Testcases/Enter Password"), [:], STOP_ON_FAILURE): Call Test Case 'Test Cases/Threads_Webshop/ReUsable Testcases/Enter Password' successfully

05-11-2024T12:36:41 - [TEST_CASE][PASSED] - Test Cases/Threads_Webshop/ReUsable Testcases/Enter Password: Test Cases/Threads_Webshop/ReUsable Testcases/Enter Password

05-11-2024T12:36:41 - [TEST_STEP][PASSED] - openBrowser(""): Browser is opened with url: ''

05-11-2024T12:36:41 - [MESSAGE][WARNING] - A browser is already opened. Closing browser and opening a new one

05-11-2024T12:36:42 - [MESSAGE][INFO] - Starting 'Chrome' driver

05-11-2024T12:36:42 - [MESSAGE][INFO] - Action delay is set to 0 milliseconds

05-11-2024T12:36:43 - [MESSAGE][PASSED] - Browser is opened with url: ''

05-11-2024T12:36:43 - [TEST_STEP][PASSED] - maximizeWindow(): Current window maximized

05-11-2024T12:36:44 - [MESSAGE][PASSED] - Current window maximized

05-11-2024T12:36:44 - [TEST_STEP][PASSED] - navigateToUrl("https://threads0.myshopify.com/password"): Navigate to 'https://threads0.myshopify.com/password' successfully

05-11-2024T12:36:45 - [MESSAGE][PASSED] - Navigate to 'https://threads0.myshopify.com/password' successfully

05-11-2024T12:36:45 - [TEST_STEP][PASSED] - click(findTestObject("Object Repository/Thread_Webshop/Reusable Testcase/Page_Threads/div_Enter using password")): Object: 'Object Repository/Thread_Webshop/Reusable Testcase/Page_Threads/div_Enter using password' is clicked on

05-11-2024T12:36:48 - [MESSAGE][PASSED] - Object: 'Object Repository/Thread_Webshop/Reusable Testcase/Page_Threads/div_Enter using password' is clicked on

05-11-2024T12:36:48 - [TEST_STEP][PASSED] - setEncryptedText(findTestObject("Object Repository/Thread_Webshop/Reusable Testcase/Page_Threads/input_Enter store using password_password"), "gnzTAVlujIw+lTr0To6+Cg=="): Text ****** has been set on object 'Object Repository/Thread_Webshop/Reusable Testcase/Page_Threads/input_Enter store using password_password'

05-11-2024T12:36:49 - [MESSAGE][PASSED] - Text ****** has been set on object 'Object Repository/Thread_Webshop/Reusable Testcase/Page_Threads/input_Enter store using password_password'

05-11-2024T12:36:49 - [TEST_STEP][PASSED] - click(findTestObject("Object Repository/Thread_Webshop/Reusable Testcase/Page_Threads/button_Enter")): Object: 'Object Repository/Thread_Webshop/Reusable Testcase/Page_Threads/button_Enter' is clicked on

05-11-2024T12:36:53 - [MESSAGE][PASSED] - Object: 'Object Repository/Thread_Webshop/Reusable Testcase/Page_Threads/button_Enter' is clicked on

05-11-2024T12:36:53 - [MESSAGE][INFO] - 

05-11-2024T12:36:53 - [MESSAGE][INFO] - ===================== Self-healing Report ====================

05-11-2024T12:36:53 - [MESSAGE][INFO] - One of the failed test object locators has been recovered by Self-healing. Please refer to the Self-healing Insights tab for more details.

05-11-2024T12:36:53 - [MESSAGE][INFO] - To learn more about Self-healing, please read https://docs.katalon.com/katalon-studio/docs/self-healing.html

05-11-2024T12:36:53 - [MESSAGE][INFO] - ==============================================================

05-11-2024T12:36:53 - [MESSAGE][PASSED] - Call Test Case 'Test Cases/Threads_Webshop/ReUsable Testcases/Enter Password' successfully

05-11-2024T12:36:53 - [TEST_STEP][PASSED] - click(findTestObject("Object Repository/Thread_Webshop/Banner/Page_Threads/a_Explore Threads_1")): Object: 'Object Repository/Thread_Webshop/Banner/Page_Threads/a_Explore Threads_1' is clicked on

05-11-2024T12:36:55 - [MESSAGE][PASSED] - Object: 'Object Repository/Thread_Webshop/Banner/Page_Threads/a_Explore Threads_1' is clicked on

05-11-2024T12:36:55 - [TEST_STEP][PASSED] - takeScreenshot(screenshotFolder + "check_banner.png"): Taking screenshot successfully

05-11-2024T12:36:56 - [MESSAGE][PASSED] - Taking screenshot successfully
[[ATTACHMENT|C:\\Users\\AnusmitaKundu\\git\\threadShopify\\ThreadShopify\\Reports\\20241105_120811\\Threads\\New Test Suite (1)\\20241105_120811\\screenshots/Banner_20241105_123212/check_banner.png]]

05-11-2024T12:36:56 - [TEST_STEP][PASSED] - click(findTestObject("Object Repository/Thread_Webshop/Banner/Page_Products  Threads/a_ADIDAS  CLASSIC BACKPACK")): Object: 'Object Repository/Thread_Webshop/Banner/Page_Products  Threads/a_ADIDAS  CLASSIC BACKPACK' is clicked on

05-11-2024T12:36:57 - [MESSAGE][PASSED] - Object: 'Object Repository/Thread_Webshop/Banner/Page_Products  Threads/a_ADIDAS  CLASSIC BACKPACK' is clicked on

05-11-2024T12:36:57 - [TEST_STEP][PASSED] - closeBrowser(): Browser is closed

05-11-2024T12:36:58 - [MESSAGE][PASSED] - Browser is closed]]></system-out>
         <system-err><![CDATA[]]></system-err>
      </testcase>
      <system-out><![CDATA[05-11-2024T12:08:16 - [TEST_SUITE][PASSED] - New Test Suite (1): Test Cases/Threads_Webshop/3 Homepage/Homepage-Banner/Reset the Banner]]></system-out>
      <system-err><![CDATA[]]></system-err>
   </testsuite>
</testsuites>
