<?xml version="1.0" encoding="UTF-8"?>
<testsuites name="Final TestSuit" time="2622.103" tests="21" failures="0" errors="1">
   <testsuite name="Final TestSuit" tests="21" failures="0" errors="1" time="2622.103" skipped="0" timestamp="04-11-2024T22:38:46" hostname="SamajitKundu - PSDLAP275" id="Test Suites/Threads/Final TestSuit">
      <properties>
[...]
</properties>
      <testcase name="Test Cases/Threads_Webshop/1 Registration/TC-73,31-Verify the registration" time="60.271" classname="Test Cases/Threads_Webshop/1 Registration/TC-73,31-Verify the registration" status="PASSED">
         <system-out><![CDATA[04-11-2024T22:38:46 - [TEST_CASE][PASSED] - Test Cases/Threads_Webshop/1 Registration/TC-73,31-Verify the registration: Test Cases/Threads_Webshop/1 Registration/TC-73,31-Verify the registration

04-11-2024T22:38:47 - [TEST_STEP][PASSED] - currentDateTime = LocalDateTime.now(): null

04-11-2024T22:38:47 - [TEST_STEP][PASSED] - formatter = DateTimeFormatter.ofPattern("yyyyMMddHHmmss"): null

04-11-2024T22:38:47 - [TEST_STEP][PASSED] - dateTimeString = currentDateTime.format(formatter): null

04-11-2024T22:38:47 - [TEST_STEP][PASSED] - uniqueEmail = "tester_" + dateTimeString + "@mailinator.com": null

04-11-2024T22:38:47 - [TEST_STEP][PASSED] - println("Generated unique email: " + uniqueEmail): null

04-11-2024T22:38:47 - [TEST_STEP][PASSED] - screenshotFolderPath = "screenshots/regestration_" + dateTimeString + "/": null

04-11-2024T22:38:47 - [TEST_STEP][PASSED] - File(screenshotFolderPath).mkdirs(): null

04-11-2024T22:38:47 - [TEST_STEP][PASSED] - callTestCase(findTestCase("Threads_Webshop/ReUsable Testcases/Enter Password"), [:], STOP_ON_FAILURE): Call Test Case 'Test Cases/Threads_Webshop/ReUsable Testcases/Enter Password' successfully

04-11-2024T22:38:47 - [TEST_CASE][PASSED] - Test Cases/Threads_Webshop/ReUsable Testcases/Enter Password: Test Cases/Threads_Webshop/ReUsable Testcases/Enter Password

04-11-2024T22:38:47 - [TEST_STEP][PASSED] - openBrowser(""): Browser is opened with url: ''

04-11-2024T22:38:47 - [MESSAGE][INFO] - Starting 'Chrome' driver

04-11-2024T22:38:47 - [MESSAGE][INFO] - Action delay is set to 0 milliseconds

04-11-2024T22:38:48 - [MESSAGE][PASSED] - Browser is opened with url: ''

04-11-2024T22:38:48 - [TEST_STEP][PASSED] - maximizeWindow(): Current window maximized

04-11-2024T22:38:48 - [MESSAGE][PASSED] - Current window maximized

04-11-2024T22:38:48 - [TEST_STEP][PASSED] - navigateToUrl("https://threads0.myshopify.com/password"): Navigate to 'https://threads0.myshopify.com/password' successfully

04-11-2024T22:38:51 - [MESSAGE][PASSED] - Navigate to 'https://threads0.myshopify.com/password' successfully

04-11-2024T22:38:51 - [TEST_STEP][PASSED] - click(findTestObject("Object Repository/Thread_Webshop/Reusable Testcase/Page_Threads/div_Enter using password")): Object: 'Object Repository/Thread_Webshop/Reusable Testcase/Page_Threads/div_Enter using password' is clicked on

04-11-2024T22:39:00 - [MESSAGE][PASSED] - Object: 'Object Repository/Thread_Webshop/Reusable Testcase/Page_Threads/div_Enter using password' is clicked on

04-11-2024T22:39:00 - [TEST_STEP][PASSED] - setEncryptedText(findTestObject("Object Repository/Thread_Webshop/Reusable Testcase/Page_Threads/input_Enter store using password_password"), "gnzTAVlujIw+lTr0To6+Cg=="): Text ****** has been set on object 'Object Repository/Thread_Webshop/Reusable Testcase/Page_Threads/input_Enter store using password_password'

04-11-2024T22:39:01 - [MESSAGE][PASSED] - Text ****** has been set on object 'Object Repository/Thread_Webshop/Reusable Testcase/Page_Threads/input_Enter store using password_password'

04-11-2024T22:39:01 - [TEST_STEP][PASSED] - click(findTestObject("Object Repository/Thread_Webshop/Reusable Testcase/Page_Threads/button_Enter")): Object: 'Object Repository/Thread_Webshop/Reusable Testcase/Page_Threads/button_Enter' is clicked on

04-11-2024T22:39:02 - [MESSAGE][PASSED] - Object: 'Object Repository/Thread_Webshop/Reusable Testcase/Page_Threads/button_Enter' is clicked on

04-11-2024T22:39:02 - [MESSAGE][PASSED] - Call Test Case 'Test Cases/Threads_Webshop/ReUsable Testcases/Enter Password' successfully

04-11-2024T22:39:02 - [TEST_STEP][PASSED] - takeScreenshot(screenshotFolderPath + "enter_password.png"): Taking screenshot successfully

04-11-2024T22:39:04 - [MESSAGE][PASSED] - Taking screenshot successfully
[[ATTACHMENT|C:\\Users\\SamajitKundu\\git\\threadShopify\\ThreadShopify\\Reports\\20241104_223842\\Threads\\Final TestSuit\\20241104_223843\\screenshots/regestration_20241104223847/enter_password.png]]

04-11-2024T22:39:04 - [TEST_STEP][PASSED] - click(findTestObject("Object Repository/Page_Threads/button_Enter")): Object: 'Object Repository/Page_Threads/button_Enter' is clicked on

04-11-2024T22:39:05 - [MESSAGE][PASSED] - Object: 'Object Repository/Page_Threads/button_Enter' is clicked on

04-11-2024T22:39:05 - [TEST_STEP][PASSED] - verifyElementClickable(findTestObject("Object Repository/Page_Threads/svg_Search_icon icon-account")): Object 'Object Repository/Page_Threads/svg_Search_icon icon-account' is clickable

04-11-2024T22:39:05 - [MESSAGE][PASSED] - Object 'Object Repository/Page_Threads/svg_Search_icon icon-account' is clickable

04-11-2024T22:39:05 - [TEST_STEP][PASSED] - takeScreenshot(screenshotFolderPath + "home_page.png"): Taking screenshot successfully

04-11-2024T22:39:05 - [MESSAGE][PASSED] - Taking screenshot successfully
[[ATTACHMENT|C:\\Users\\SamajitKundu\\git\\threadShopify\\ThreadShopify\\Reports\\20241104_223842\\Threads\\Final TestSuit\\20241104_223843\\screenshots/regestration_20241104223847/home_page.png]]

04-11-2024T22:39:05 - [TEST_STEP][PASSED] - click(findTestObject("Object Repository/Page_Threads/svg_Search_icon icon-account")): Object: 'Object Repository/Page_Threads/svg_Search_icon icon-account' is clicked on

04-11-2024T22:39:09 - [MESSAGE][PASSED] - Object: 'Object Repository/Page_Threads/svg_Search_icon icon-account' is clicked on

04-11-2024T22:39:09 - [TEST_STEP][PASSED] - verifyElementClickable(findTestObject("Object Repository/Thread_Webshop/Register_/Page_Account  Threads/a_Create account")): Object 'Object Repository/Thread_Webshop/Register_/Page_Account  Threads/a_Create account' is clickable

04-11-2024T22:39:10 - [MESSAGE][PASSED] - Object 'Object Repository/Thread_Webshop/Register_/Page_Account  Threads/a_Create account' is clickable

04-11-2024T22:39:10 - [TEST_STEP][PASSED] - takeScreenshot(screenshotFolderPath + "create_account_page.png"): Taking screenshot successfully

04-11-2024T22:39:10 - [MESSAGE][PASSED] - Taking screenshot successfully
[[ATTACHMENT|C:\\Users\\SamajitKundu\\git\\threadShopify\\ThreadShopify\\Reports\\20241104_223842\\Threads\\Final TestSuit\\20241104_223843\\screenshots/regestration_20241104223847/create_account_page.png]]

04-11-2024T22:39:10 - [TEST_STEP][PASSED] - click(findTestObject("Object Repository/Thread_Webshop/Register_/Page_Account  Threads/a_Create account")): Object: 'Object Repository/Thread_Webshop/Register_/Page_Account  Threads/a_Create account' is clicked on

04-11-2024T22:39:13 - [MESSAGE][PASSED] - Object: 'Object Repository/Thread_Webshop/Register_/Page_Account  Threads/a_Create account' is clicked on

04-11-2024T22:39:13 - [TEST_STEP][PASSED] - takeScreenshot(screenshotFolderPath + "account_page.png"): Taking screenshot successfully

04-11-2024T22:39:13 - [MESSAGE][PASSED] - Taking screenshot successfully
[[ATTACHMENT|C:\\Users\\SamajitKundu\\git\\threadShopify\\ThreadShopify\\Reports\\20241104_223842\\Threads\\Final TestSuit\\20241104_223843\\screenshots/regestration_20241104223847/account_page.png]]

04-11-2024T22:39:13 - [TEST_STEP][PASSED] - verifyElementClickable(findTestObject("Object Repository/Thread_Webshop/Register_/Page_Create Account  Threads/button_Create")): Object 'Object Repository/Thread_Webshop/Register_/Page_Create Account  Threads/button_Create' is clickable

04-11-2024T22:39:14 - [MESSAGE][PASSED] - Object 'Object Repository/Thread_Webshop/Register_/Page_Create Account  Threads/button_Create' is clickable

04-11-2024T22:39:14 - [TEST_STEP][PASSED] - click(findTestObject("Object Repository/Thread_Webshop/Register_/Page_Create Account  Threads/button_Create")): Object: 'Object Repository/Thread_Webshop/Register_/Page_Create Account  Threads/button_Create' is clicked on

04-11-2024T22:39:16 - [MESSAGE][PASSED] - Object: 'Object Repository/Thread_Webshop/Register_/Page_Create Account  Threads/button_Create' is clicked on

04-11-2024T22:39:16 - [TEST_STEP][PASSED] - verifyTextPresent(error_msg1, false): Text 'Please adjust the following:' is present on page 

04-11-2024T22:39:17 - [MESSAGE][PASSED] - Text 'Please adjust the following:' is present on page 

04-11-2024T22:39:17 - [TEST_STEP][PASSED] - verifyTextPresent(error_msg2, false): Text 'Password can't be blank' is present on page 

04-11-2024T22:39:17 - [MESSAGE][PASSED] - Text 'Password can't be blank' is present on page 

04-11-2024T22:39:17 - [TEST_STEP][PASSED] - verifyTextPresent(error_msg3, false): Text 'Email can't be blank' is present on page 

04-11-2024T22:39:18 - [MESSAGE][PASSED] - Text 'Email can't be blank' is present on page 

04-11-2024T22:39:18 - [TEST_STEP][PASSED] - takeScreenshot(screenshotFolderPath + "blank_fields.png"): Taking screenshot successfully

04-11-2024T22:39:18 - [MESSAGE][PASSED] - Taking screenshot successfully
[[ATTACHMENT|C:\\Users\\SamajitKundu\\git\\threadShopify\\ThreadShopify\\Reports\\20241104_223842\\Threads\\Final TestSuit\\20241104_223843\\screenshots/regestration_20241104223847/blank_fields.png]]

04-11-2024T22:39:18 - [TEST_STEP][PASSED] - setText(findTestObject("Object Repository/Thread_Webshop/Register_/Page_Create Account  Threads/input_Create account_customerfirst_name"), f_name): Text 'Tester' is set on object 'Object Repository/Thread_Webshop/Register_/Page_Create Account  Threads/input_Create account_customerfirst_name'

04-11-2024T22:39:19 - [MESSAGE][PASSED] - Text 'Tester' is set on object 'Object Repository/Thread_Webshop/Register_/Page_Create Account  Threads/input_Create account_customerfirst_name'

04-11-2024T22:39:19 - [TEST_STEP][PASSED] - setText(findTestObject("Object Repository/Thread_Webshop/Register_/Page_Create Account  Threads/input_First name_customerlast_name"), l_name): Text 'terter' is set on object 'Object Repository/Thread_Webshop/Register_/Page_Create Account  Threads/input_First name_customerlast_name'

04-11-2024T22:39:20 - [MESSAGE][PASSED] - Text 'terter' is set on object 'Object Repository/Thread_Webshop/Register_/Page_Create Account  Threads/input_First name_customerlast_name'

04-11-2024T22:39:20 - [TEST_STEP][PASSED] - setText(findTestObject("Object Repository/Thread_Webshop/Register_/Page_Create Account  Threads/input_Last name_customeremail"), uniqueEmail): Text 'tester_20241104223847@mailinator.com' is set on object 'Object Repository/Thread_Webshop/Register_/Page_Create Account  Threads/input_Last name_customeremail'

04-11-2024T22:39:20 - [MESSAGE][PASSED] - Text 'tester_20241104223847@mailinator.com' is set on object 'Object Repository/Thread_Webshop/Register_/Page_Create Account  Threads/input_Last name_customeremail'

04-11-2024T22:39:20 - [TEST_STEP][PASSED] - takeScreenshot(screenshotFolderPath + "without_passwordBefore.png"): Taking screenshot successfully

04-11-2024T22:39:21 - [MESSAGE][PASSED] - Taking screenshot successfully
[[ATTACHMENT|C:\\Users\\SamajitKundu\\git\\threadShopify\\ThreadShopify\\Reports\\20241104_223842\\Threads\\Final TestSuit\\20241104_223843\\screenshots/regestration_20241104223847/without_passwordBefore.png]]

04-11-2024T22:39:21 - [TEST_STEP][PASSED] - click(findTestObject("Object Repository/Thread_Webshop/Register_/Page_Create Account  Threads/button_Create")): Object: 'Object Repository/Thread_Webshop/Register_/Page_Create Account  Threads/button_Create' is clicked on

04-11-2024T22:39:23 - [MESSAGE][PASSED] - Object: 'Object Repository/Thread_Webshop/Register_/Page_Create Account  Threads/button_Create' is clicked on

04-11-2024T22:39:23 - [TEST_STEP][PASSED] - verifyTextPresent(error_msg1, false): Text 'Please adjust the following:' is present on page 

04-11-2024T22:39:23 - [MESSAGE][PASSED] - Text 'Please adjust the following:' is present on page 

04-11-2024T22:39:23 - [TEST_STEP][PASSED] - verifyTextPresent(error_msg2, false): Text 'Password can't be blank' is present on page 

04-11-2024T22:39:24 - [MESSAGE][PASSED] - Text 'Password can't be blank' is present on page 

04-11-2024T22:39:24 - [TEST_STEP][PASSED] - takeScreenshot(screenshotFolderPath + "without_passwordAfter.png"): Taking screenshot successfully

04-11-2024T22:39:24 - [MESSAGE][PASSED] - Taking screenshot successfully
[[ATTACHMENT|C:\\Users\\SamajitKundu\\git\\threadShopify\\ThreadShopify\\Reports\\20241104_223842\\Threads\\Final TestSuit\\20241104_223843\\screenshots/regestration_20241104223847/without_passwordAfter.png]]

04-11-2024T22:39:24 - [TEST_STEP][PASSED] - setText(findTestObject("Object Repository/Thread_Webshop/Register_/Page_Create Account  Threads/input_Create account_customerfirst_name"), f_name): Text 'Tester' is set on object 'Object Repository/Thread_Webshop/Register_/Page_Create Account  Threads/input_Create account_customerfirst_name'

04-11-2024T22:39:25 - [MESSAGE][PASSED] - Text 'Tester' is set on object 'Object Repository/Thread_Webshop/Register_/Page_Create Account  Threads/input_Create account_customerfirst_name'

04-11-2024T22:39:25 - [TEST_STEP][PASSED] - setText(findTestObject("Object Repository/Thread_Webshop/Register_/Page_Create Account  Threads/input_First name_customerlast_name"), l_name): Text 'terter' is set on object 'Object Repository/Thread_Webshop/Register_/Page_Create Account  Threads/input_First name_customerlast_name'

04-11-2024T22:39:26 - [MESSAGE][PASSED] - Text 'terter' is set on object 'Object Repository/Thread_Webshop/Register_/Page_Create Account  Threads/input_First name_customerlast_name'

04-11-2024T22:39:26 - [TEST_STEP][PASSED] - setText(findTestObject("Object Repository/Thread_Webshop/Register_/Page_Create Account  Threads/input_Last name_customeremail"), "tester1234mailinator.com"): Text 'tester1234mailinator.com' is set on object 'Object Repository/Thread_Webshop/Register_/Page_Create Account  Threads/input_Last name_customeremail'

04-11-2024T22:39:27 - [MESSAGE][PASSED] - Text 'tester1234mailinator.com' is set on object 'Object Repository/Thread_Webshop/Register_/Page_Create Account  Threads/input_Last name_customeremail'

04-11-2024T22:39:27 - [TEST_STEP][PASSED] - setEncryptedText(findTestObject("Object Repository/Thread_Webshop/Register_/Page_Create Account  Threads/input_Email_customerpassword"), "UDMlkmqWREzH+mr49N5wRw=="): Text ****** has been set on object 'Object Repository/Thread_Webshop/Register_/Page_Create Account  Threads/input_Email_customerpassword'

04-11-2024T22:39:27 - [MESSAGE][PASSED] - Text ****** has been set on object 'Object Repository/Thread_Webshop/Register_/Page_Create Account  Threads/input_Email_customerpassword'

04-11-2024T22:39:27 - [TEST_STEP][PASSED] - takeScreenshot(screenshotFolderPath + "wrong_emailBefore.png"): Taking screenshot successfully

04-11-2024T22:39:28 - [MESSAGE][PASSED] - Taking screenshot successfully
[[ATTACHMENT|C:\\Users\\SamajitKundu\\git\\threadShopify\\ThreadShopify\\Reports\\20241104_223842\\Threads\\Final TestSuit\\20241104_223843\\screenshots/regestration_20241104223847/wrong_emailBefore.png]]

04-11-2024T22:39:28 - [TEST_STEP][PASSED] - click(findTestObject("Object Repository/Thread_Webshop/Register_/Page_Create Account  Threads/button_Create")): Object: 'Object Repository/Thread_Webshop/Register_/Page_Create Account  Threads/button_Create' is clicked on

04-11-2024T22:39:30 - [MESSAGE][PASSED] - Object: 'Object Repository/Thread_Webshop/Register_/Page_Create Account  Threads/button_Create' is clicked on

04-11-2024T22:39:30 - [TEST_STEP][PASSED] - verifyTextPresent(error_msg1, false): Text 'Please adjust the following:' is present on page 

04-11-2024T22:39:31 - [MESSAGE][PASSED] - Text 'Please adjust the following:' is present on page 

04-11-2024T22:39:31 - [TEST_STEP][PASSED] - verifyTextPresent(error_msg4, false): Text 'Email is invalid' is present on page 

04-11-2024T22:39:31 - [MESSAGE][PASSED] - Text 'Email is invalid' is present on page 

04-11-2024T22:39:31 - [TEST_STEP][PASSED] - takeScreenshot(screenshotFolderPath + "wrong_emailAfter.png"): Taking screenshot successfully

04-11-2024T22:39:31 - [MESSAGE][PASSED] - Taking screenshot successfully
[[ATTACHMENT|C:\\Users\\SamajitKundu\\git\\threadShopify\\ThreadShopify\\Reports\\20241104_223842\\Threads\\Final TestSuit\\20241104_223843\\screenshots/regestration_20241104223847/wrong_emailAfter.png]]

04-11-2024T22:39:31 - [TEST_STEP][PASSED] - setText(findTestObject("Object Repository/Thread_Webshop/Register_/Page_Create Account  Threads/input_Create account_customerfirst_name"), l_name): Text 'terter' is set on object 'Object Repository/Thread_Webshop/Register_/Page_Create Account  Threads/input_Create account_customerfirst_name'

04-11-2024T22:39:32 - [MESSAGE][PASSED] - Text 'terter' is set on object 'Object Repository/Thread_Webshop/Register_/Page_Create Account  Threads/input_Create account_customerfirst_name'

04-11-2024T22:39:32 - [TEST_STEP][PASSED] - setText(findTestObject("Object Repository/Thread_Webshop/Register_/Page_Create Account  Threads/input_First name_customerlast_name"), "Sing"): Text 'Sing' is set on object 'Object Repository/Thread_Webshop/Register_/Page_Create Account  Threads/input_First name_customerlast_name'

04-11-2024T22:39:33 - [MESSAGE][PASSED] - Text 'Sing' is set on object 'Object Repository/Thread_Webshop/Register_/Page_Create Account  Threads/input_First name_customerlast_name'

04-11-2024T22:39:33 - [TEST_STEP][PASSED] - setText(findTestObject("Object Repository/Thread_Webshop/Register_/Page_Create Account  Threads/input_Last name_customeremail"), uniqueEmail): Text 'tester_20241104223847@mailinator.com' is set on object 'Object Repository/Thread_Webshop/Register_/Page_Create Account  Threads/input_Last name_customeremail'

04-11-2024T22:39:34 - [MESSAGE][PASSED] - Text 'tester_20241104223847@mailinator.com' is set on object 'Object Repository/Thread_Webshop/Register_/Page_Create Account  Threads/input_Last name_customeremail'

04-11-2024T22:39:34 - [TEST_STEP][PASSED] - setEncryptedText(findTestObject("Object Repository/Thread_Webshop/Register_/Page_Create Account  Threads/input_Email_customerpassword"), "UDMlkmqWREzH+mr49N5wRw=="): Text ****** has been set on object 'Object Repository/Thread_Webshop/Register_/Page_Create Account  Threads/input_Email_customerpassword'

04-11-2024T22:39:34 - [MESSAGE][PASSED] - Text ****** has been set on object 'Object Repository/Thread_Webshop/Register_/Page_Create Account  Threads/input_Email_customerpassword'

04-11-2024T22:39:34 - [TEST_STEP][PASSED] - takeScreenshot(screenshotFolderPath + "correctBefore.png"): Taking screenshot successfully

04-11-2024T22:39:35 - [MESSAGE][PASSED] - Taking screenshot successfully
[[ATTACHMENT|C:\\Users\\SamajitKundu\\git\\threadShopify\\ThreadShopify\\Reports\\20241104_223842\\Threads\\Final TestSuit\\20241104_223843\\screenshots/regestration_20241104223847/correctBefore.png]]

04-11-2024T22:39:35 - [TEST_STEP][PASSED] - click(findTestObject("Object Repository/Thread_Webshop/Register_/Page_Create Account  Threads/button_Create")): Object: 'Object Repository/Thread_Webshop/Register_/Page_Create Account  Threads/button_Create' is clicked on

04-11-2024T22:39:37 - [MESSAGE][PASSED] - Object: 'Object Repository/Thread_Webshop/Register_/Page_Create Account  Threads/button_Create' is clicked on

04-11-2024T22:39:37 - [TEST_STEP][PASSED] - takeScreenshot(screenshotFolderPath + "correctAfter.png"): Taking screenshot successfully

04-11-2024T22:39:39 - [MESSAGE][PASSED] - Taking screenshot successfully
[[ATTACHMENT|C:\\Users\\SamajitKundu\\git\\threadShopify\\ThreadShopify\\Reports\\20241104_223842\\Threads\\Final TestSuit\\20241104_223843\\screenshots/regestration_20241104223847/correctAfter.png]]

04-11-2024T22:39:39 - [TEST_STEP][PASSED] - verifyTextPresent(verify_home_page, false): Text 'Home' is present on page 

04-11-2024T22:39:40 - [MESSAGE][PASSED] - Text 'Home' is present on page 

04-11-2024T22:39:40 - [TEST_STEP][PASSED] - takeScreenshot(screenshotFolderPath + "home_page_post_login.png"): Taking screenshot successfully

04-11-2024T22:39:41 - [MESSAGE][PASSED] - Taking screenshot successfully
[[ATTACHMENT|C:\\Users\\SamajitKundu\\git\\threadShopify\\ThreadShopify\\Reports\\20241104_223842\\Threads\\Final TestSuit\\20241104_223843\\screenshots/regestration_20241104223847/home_page_post_login.png]]

04-11-2024T22:39:41 - [TEST_STEP][PASSED] - click(findTestObject("Object Repository/Page_Threads/svg_Search_icon icon-account")): Object: 'Object Repository/Page_Threads/svg_Search_icon icon-account' is clicked on

04-11-2024T22:39:42 - [MESSAGE][PASSED] - Object: 'Object Repository/Page_Threads/svg_Search_icon icon-account' is clicked on

04-11-2024T22:39:42 - [TEST_STEP][PASSED] - takeScreenshot(screenshotFolderPath + "logout.png"): Taking screenshot successfully

04-11-2024T22:39:43 - [MESSAGE][PASSED] - Taking screenshot successfully
[[ATTACHMENT|C:\\Users\\SamajitKundu\\git\\threadShopify\\ThreadShopify\\Reports\\20241104_223842\\Threads\\Final TestSuit\\20241104_223843\\screenshots/regestration_20241104223847/logout.png]]

04-11-2024T22:39:43 - [TEST_STEP][PASSED] - click(findTestObject("Object Repository/Thread_Webshop/Register_/Page_Account  Threads/a_Log out")): Object: 'Object Repository/Thread_Webshop/Register_/Page_Account  Threads/a_Log out' is clicked on

04-11-2024T22:39:45 - [MESSAGE][PASSED] - Object: 'Object Repository/Thread_Webshop/Register_/Page_Account  Threads/a_Log out' is clicked on

04-11-2024T22:39:45 - [TEST_STEP][PASSED] - verifyTextPresent(verify_home_page, false): Text 'Home' is present on page 

04-11-2024T22:39:46 - [MESSAGE][PASSED] - Text 'Home' is present on page 

04-11-2024T22:39:46 - [TEST_STEP][PASSED] - closeBrowser(): Browser is closed

04-11-2024T22:39:46 - [MESSAGE][PASSED] - Browser is closed]]></system-out>
         <system-err><![CDATA[]]></system-err>
      </testcase>
      <testcase name="Test Cases/Threads_Webshop/2 Login/Verify Login" time="43.382" classname="Test Cases/Threads_Webshop/2 Login/Verify Login" status="PASSED">
         <system-out><![CDATA[04-11-2024T22:39:46 - [TEST_CASE][PASSED] - Test Cases/Threads_Webshop/2 Login/Verify Login: Test Cases/Threads_Webshop/2 Login/Verify Login

04-11-2024T22:39:47 - [TEST_STEP][PASSED] - currentDateTime = LocalDateTime.now(): null

04-11-2024T22:39:47 - [TEST_STEP][PASSED] - formatter = DateTimeFormatter.ofPattern("yyyyMMddHHmmss"): null

04-11-2024T22:39:47 - [TEST_STEP][PASSED] - dateTimeString = currentDateTime.format(formatter): null

04-11-2024T22:39:47 - [TEST_STEP][PASSED] - screenshotFolderPath = "screenshots/login_" + dateTimeString + "/": null

04-11-2024T22:39:47 - [TEST_STEP][PASSED] - File(screenshotFolderPath).mkdirs(): null

04-11-2024T22:39:47 - [TEST_STEP][PASSED] - callTestCase(findTestCase("Threads_Webshop/ReUsable Testcases/Enter Password"), [:], STOP_ON_FAILURE): Call Test Case 'Test Cases/Threads_Webshop/ReUsable Testcases/Enter Password' successfully

04-11-2024T22:39:47 - [TEST_CASE][PASSED] - Test Cases/Threads_Webshop/ReUsable Testcases/Enter Password: Test Cases/Threads_Webshop/ReUsable Testcases/Enter Password

04-11-2024T22:39:47 - [TEST_STEP][PASSED] - openBrowser(""): Browser is opened with url: ''

04-11-2024T22:39:47 - [MESSAGE][INFO] - Starting 'Chrome' driver

04-11-2024T22:39:47 - [MESSAGE][INFO] - Action delay is set to 0 milliseconds

04-11-2024T22:39:48 - [MESSAGE][PASSED] - Browser is opened with url: ''

04-11-2024T22:39:48 - [TEST_STEP][PASSED] - maximizeWindow(): Current window maximized

04-11-2024T22:39:48 - [MESSAGE][PASSED] - Current window maximized

04-11-2024T22:39:48 - [TEST_STEP][PASSED] - navigateToUrl("https://threads0.myshopify.com/password"): Navigate to 'https://threads0.myshopify.com/password' successfully

04-11-2024T22:39:50 - [MESSAGE][PASSED] - Navigate to 'https://threads0.myshopify.com/password' successfully

04-11-2024T22:39:50 - [TEST_STEP][PASSED] - click(findTestObject("Object Repository/Thread_Webshop/Reusable Testcase/Page_Threads/div_Enter using password")): Object: 'Object Repository/Thread_Webshop/Reusable Testcase/Page_Threads/div_Enter using password' is clicked on

04-11-2024T22:39:55 - [MESSAGE][PASSED] - Object: 'Object Repository/Thread_Webshop/Reusable Testcase/Page_Threads/div_Enter using password' is clicked on

04-11-2024T22:39:55 - [TEST_STEP][PASSED] - setEncryptedText(findTestObject("Object Repository/Thread_Webshop/Reusable Testcase/Page_Threads/input_Enter store using password_password"), "gnzTAVlujIw+lTr0To6+Cg=="): Text ****** has been set on object 'Object Repository/Thread_Webshop/Reusable Testcase/Page_Threads/input_Enter store using password_password'

04-11-2024T22:39:56 - [MESSAGE][PASSED] - Text ****** has been set on object 'Object Repository/Thread_Webshop/Reusable Testcase/Page_Threads/input_Enter store using password_password'

04-11-2024T22:39:56 - [TEST_STEP][PASSED] - click(findTestObject("Object Repository/Thread_Webshop/Reusable Testcase/Page_Threads/button_Enter")): Object: 'Object Repository/Thread_Webshop/Reusable Testcase/Page_Threads/button_Enter' is clicked on

04-11-2024T22:39:57 - [MESSAGE][PASSED] - Object: 'Object Repository/Thread_Webshop/Reusable Testcase/Page_Threads/button_Enter' is clicked on

04-11-2024T22:39:57 - [MESSAGE][PASSED] - Call Test Case 'Test Cases/Threads_Webshop/ReUsable Testcases/Enter Password' successfully

04-11-2024T22:39:57 - [TEST_STEP][PASSED] - click(findTestObject("Object Repository/Login_An/Login with Invalid Credentials/Page_Threads/svg_Search_icon icon-account")): Object: 'Object Repository/Login_An/Login with Invalid Credentials/Page_Threads/svg_Search_icon icon-account' is clicked on

04-11-2024T22:39:59 - [MESSAGE][PASSED] - Object: 'Object Repository/Login_An/Login with Invalid Credentials/Page_Threads/svg_Search_icon icon-account' is clicked on

04-11-2024T22:39:59 - [TEST_STEP][PASSED] - verifyTextPresent(login_page, false): Text 'Login' is present on page 

04-11-2024T22:40:00 - [MESSAGE][PASSED] - Text 'Login' is present on page 

04-11-2024T22:40:00 - [TEST_STEP][PASSED] - takeScreenshot(screenshotFolderPath + "login_page.png"): Taking screenshot successfully

04-11-2024T22:40:00 - [MESSAGE][PASSED] - Taking screenshot successfully
[[ATTACHMENT|C:\\Users\\SamajitKundu\\git\\threadShopify\\ThreadShopify\\Reports\\20241104_223842\\Threads\\Final TestSuit\\20241104_223843\\screenshots/login_20241104223947/login_page.png]]

04-11-2024T22:40:00 - [TEST_STEP][PASSED] - click(findTestObject("Object Repository/Login_An/Login with Invalid Credentials/Page_Account  Threads/button_Sign in")): Object: 'Object Repository/Login_An/Login with Invalid Credentials/Page_Account  Threads/button_Sign in' is clicked on

04-11-2024T22:40:02 - [MESSAGE][PASSED] - Object: 'Object Repository/Login_An/Login with Invalid Credentials/Page_Account  Threads/button_Sign in' is clicked on

04-11-2024T22:40:02 - [TEST_STEP][PASSED] - takeScreenshot(screenshotFolderPath + "login_page_after.png"): Taking screenshot successfully

04-11-2024T22:40:03 - [MESSAGE][PASSED] - Taking screenshot successfully
[[ATTACHMENT|C:\\Users\\SamajitKundu\\git\\threadShopify\\ThreadShopify\\Reports\\20241104_223842\\Threads\\Final TestSuit\\20241104_223843\\screenshots/login_20241104223947/login_page_after.png]]

04-11-2024T22:40:03 - [TEST_STEP][PASSED] - verifyTextPresent(error_msg1, false): Text 'Please adjust the following:' is present on page 

04-11-2024T22:40:03 - [MESSAGE][PASSED] - Text 'Please adjust the following:' is present on page 

04-11-2024T22:40:03 - [TEST_STEP][PASSED] - verifyTextPresent(error_msg2, false): Text 'Incorrect email or password.' is present on page 

04-11-2024T22:40:03 - [MESSAGE][PASSED] - Text 'Incorrect email or password.' is present on page 

04-11-2024T22:40:03 - [TEST_STEP][PASSED] - setText(findTestObject("Object Repository/Login_An/Login with Invalid Credentials/Page_Account  Threads/input_Login_customeremail"), invalidemail): Text 'cenaalice@mailcom' is set on object 'Object Repository/Login_An/Login with Invalid Credentials/Page_Account  Threads/input_Login_customeremail'

04-11-2024T22:40:04 - [MESSAGE][PASSED] - Text 'cenaalice@mailcom' is set on object 'Object Repository/Login_An/Login with Invalid Credentials/Page_Account  Threads/input_Login_customeremail'

04-11-2024T22:40:04 - [TEST_STEP][PASSED] - setEncryptedText(findTestObject("Object Repository/Login_An/Login with Invalid Credentials/Page_Account  Threads/input_Email_customerpassword"), validpassword): Text ****** has been set on object 'Object Repository/Login_An/Login with Invalid Credentials/Page_Account  Threads/input_Email_customerpassword'

04-11-2024T22:40:05 - [MESSAGE][PASSED] - Text ****** has been set on object 'Object Repository/Login_An/Login with Invalid Credentials/Page_Account  Threads/input_Email_customerpassword'

04-11-2024T22:40:05 - [TEST_STEP][PASSED] - takeScreenshot(screenshotFolderPath + "invalid_email_before.png"): Taking screenshot successfully

04-11-2024T22:40:05 - [MESSAGE][PASSED] - Taking screenshot successfully
[[ATTACHMENT|C:\\Users\\SamajitKundu\\git\\threadShopify\\ThreadShopify\\Reports\\20241104_223842\\Threads\\Final TestSuit\\20241104_223843\\screenshots/login_20241104223947/invalid_email_before.png]]

04-11-2024T22:40:05 - [TEST_STEP][PASSED] - click(findTestObject("Object Repository/Login_An/Login with Invalid Credentials/Page_Account  Threads/button_Sign in")): Object: 'Object Repository/Login_An/Login with Invalid Credentials/Page_Account  Threads/button_Sign in' is clicked on

04-11-2024T22:40:07 - [MESSAGE][PASSED] - Object: 'Object Repository/Login_An/Login with Invalid Credentials/Page_Account  Threads/button_Sign in' is clicked on

04-11-2024T22:40:07 - [TEST_STEP][PASSED] - verifyTextPresent(error_msg1, false): Text 'Please adjust the following:' is present on page 

04-11-2024T22:40:08 - [MESSAGE][PASSED] - Text 'Please adjust the following:' is present on page 

04-11-2024T22:40:08 - [TEST_STEP][PASSED] - verifyTextPresent(error_msg2, false): Text 'Incorrect email or password.' is present on page 

04-11-2024T22:40:08 - [MESSAGE][PASSED] - Text 'Incorrect email or password.' is present on page 

04-11-2024T22:40:08 - [TEST_STEP][PASSED] - takeScreenshot(screenshotFolderPath + "invalid_email_after.png"): Taking screenshot successfully

04-11-2024T22:40:09 - [MESSAGE][PASSED] - Taking screenshot successfully
[[ATTACHMENT|C:\\Users\\SamajitKundu\\git\\threadShopify\\ThreadShopify\\Reports\\20241104_223842\\Threads\\Final TestSuit\\20241104_223843\\screenshots/login_20241104223947/invalid_email_after.png]]

04-11-2024T22:40:09 - [TEST_STEP][PASSED] - setText(findTestObject("Object Repository/Login_An/Login with Invalid Credentials/Page_Account  Threads/input_Login_customeremail"), validemail): Text 'cenaalice1234@mailinator.com' is set on object 'Object Repository/Login_An/Login with Invalid Credentials/Page_Account  Threads/input_Login_customeremail'

04-11-2024T22:40:10 - [MESSAGE][PASSED] - Text 'cenaalice1234@mailinator.com' is set on object 'Object Repository/Login_An/Login with Invalid Credentials/Page_Account  Threads/input_Login_customeremail'

04-11-2024T22:40:10 - [TEST_STEP][PASSED] - setEncryptedText(findTestObject("Object Repository/Login_An/Login with Invalid Credentials/Page_Account  Threads/input_Email_customerpassword"), invalidpass): Text ****** has been set on object 'Object Repository/Login_An/Login with Invalid Credentials/Page_Account  Threads/input_Email_customerpassword'

04-11-2024T22:40:10 - [MESSAGE][PASSED] - Text ****** has been set on object 'Object Repository/Login_An/Login with Invalid Credentials/Page_Account  Threads/input_Email_customerpassword'

04-11-2024T22:40:10 - [TEST_STEP][PASSED] - takeScreenshot(screenshotFolderPath + "invalid_password_before.png"): Taking screenshot successfully

04-11-2024T22:40:10 - [MESSAGE][PASSED] - Taking screenshot successfully
[[ATTACHMENT|C:\\Users\\SamajitKundu\\git\\threadShopify\\ThreadShopify\\Reports\\20241104_223842\\Threads\\Final TestSuit\\20241104_223843\\screenshots/login_20241104223947/invalid_password_before.png]]

04-11-2024T22:40:10 - [TEST_STEP][PASSED] - click(findTestObject("Object Repository/Login_An/Login with Invalid Credentials/Page_Account  Threads/button_Sign in")): Object: 'Object Repository/Login_An/Login with Invalid Credentials/Page_Account  Threads/button_Sign in' is clicked on

04-11-2024T22:40:13 - [MESSAGE][PASSED] - Object: 'Object Repository/Login_An/Login with Invalid Credentials/Page_Account  Threads/button_Sign in' is clicked on

04-11-2024T22:40:13 - [TEST_STEP][PASSED] - verifyTextPresent(error_msg1, false): Text 'Please adjust the following:' is present on page 

04-11-2024T22:40:14 - [MESSAGE][PASSED] - Text 'Please adjust the following:' is present on page 

04-11-2024T22:40:14 - [TEST_STEP][PASSED] - verifyTextPresent(error_msg2, false): Text 'Incorrect email or password.' is present on page 

04-11-2024T22:40:14 - [MESSAGE][PASSED] - Text 'Incorrect email or password.' is present on page 

04-11-2024T22:40:14 - [TEST_STEP][PASSED] - takeScreenshot(screenshotFolderPath + "invalid_password_after.png"): Taking screenshot successfully

04-11-2024T22:40:14 - [MESSAGE][PASSED] - Taking screenshot successfully
[[ATTACHMENT|C:\\Users\\SamajitKundu\\git\\threadShopify\\ThreadShopify\\Reports\\20241104_223842\\Threads\\Final TestSuit\\20241104_223843\\screenshots/login_20241104223947/invalid_password_after.png]]

04-11-2024T22:40:14 - [TEST_STEP][PASSED] - setText(findTestObject("Object Repository/Login_An/Login with Invalid Credentials/Page_Account  Threads/input_Login_customeremail"), validemail): Text 'cenaalice1234@mailinator.com' is set on object 'Object Repository/Login_An/Login with Invalid Credentials/Page_Account  Threads/input_Login_customeremail'

04-11-2024T22:40:15 - [MESSAGE][PASSED] - Text 'cenaalice1234@mailinator.com' is set on object 'Object Repository/Login_An/Login with Invalid Credentials/Page_Account  Threads/input_Login_customeremail'

04-11-2024T22:40:15 - [TEST_STEP][PASSED] - setEncryptedText(findTestObject("Object Repository/Login_An/Login with Invalid Credentials/Page_Account  Threads/input_Email_customerpassword"), validpassword): Text ****** has been set on object 'Object Repository/Login_An/Login with Invalid Credentials/Page_Account  Threads/input_Email_customerpassword'

04-11-2024T22:40:16 - [MESSAGE][PASSED] - Text ****** has been set on object 'Object Repository/Login_An/Login with Invalid Credentials/Page_Account  Threads/input_Email_customerpassword'

04-11-2024T22:40:16 - [TEST_STEP][PASSED] - takeScreenshot(screenshotFolderPath + "valid_before.png"): Taking screenshot successfully

04-11-2024T22:40:16 - [MESSAGE][PASSED] - Taking screenshot successfully
[[ATTACHMENT|C:\\Users\\SamajitKundu\\git\\threadShopify\\ThreadShopify\\Reports\\20241104_223842\\Threads\\Final TestSuit\\20241104_223843\\screenshots/login_20241104223947/valid_before.png]]

04-11-2024T22:40:16 - [TEST_STEP][PASSED] - click(findTestObject("Object Repository/Login_An/Login with Invalid Credentials/Page_Account  Threads/button_Sign in")): Object: 'Object Repository/Login_An/Login with Invalid Credentials/Page_Account  Threads/button_Sign in' is clicked on

04-11-2024T22:40:18 - [MESSAGE][PASSED] - Object: 'Object Repository/Login_An/Login with Invalid Credentials/Page_Account  Threads/button_Sign in' is clicked on

04-11-2024T22:40:18 - [TEST_STEP][PASSED] - takeScreenshot(screenshotFolderPath + "valid_after.png"): Taking screenshot successfully

04-11-2024T22:40:19 - [MESSAGE][PASSED] - Taking screenshot successfully
[[ATTACHMENT|C:\\Users\\SamajitKundu\\git\\threadShopify\\ThreadShopify\\Reports\\20241104_223842\\Threads\\Final TestSuit\\20241104_223843\\screenshots/login_20241104223947/valid_after.png]]

04-11-2024T22:40:19 - [TEST_STEP][PASSED] - verifyTextPresent(account_page, false): Text 'Account' is present on page 

04-11-2024T22:40:20 - [MESSAGE][PASSED] - Text 'Account' is present on page 

04-11-2024T22:40:20 - [TEST_STEP][PASSED] - verifyTextPresent(name, false): Text 'Alice Cena' is present on page 

04-11-2024T22:40:20 - [MESSAGE][PASSED] - Text 'Alice Cena' is present on page 

04-11-2024T22:40:20 - [TEST_STEP][PASSED] - takeScreenshot(screenshotFolderPath + "account_page.png"): Taking screenshot successfully

04-11-2024T22:40:21 - [MESSAGE][PASSED] - Taking screenshot successfully
[[ATTACHMENT|C:\\Users\\SamajitKundu\\git\\threadShopify\\ThreadShopify\\Reports\\20241104_223842\\Threads\\Final TestSuit\\20241104_223843\\screenshots/login_20241104223947/account_page.png]]

04-11-2024T22:40:21 - [TEST_STEP][PASSED] - click(findTestObject("Object Repository/Login_An/Login with Invalid Credentials/Page_Account  Threads/span_Home")): Object: 'Object Repository/Login_An/Login with Invalid Credentials/Page_Account  Threads/span_Home' is clicked on

04-11-2024T22:40:22 - [MESSAGE][PASSED] - Object: 'Object Repository/Login_An/Login with Invalid Credentials/Page_Account  Threads/span_Home' is clicked on

04-11-2024T22:40:22 - [TEST_STEP][PASSED] - click(findTestObject("Object Repository/Login_An/Login with Invalid Credentials/Page_Threads/svg_Search_icon icon-account")): Object: 'Object Repository/Login_An/Login with Invalid Credentials/Page_Threads/svg_Search_icon icon-account' is clicked on

04-11-2024T22:40:23 - [MESSAGE][PASSED] - Object: 'Object Repository/Login_An/Login with Invalid Credentials/Page_Threads/svg_Search_icon icon-account' is clicked on

04-11-2024T22:40:23 - [TEST_STEP][PASSED] - takeScreenshot(screenshotFolderPath + "logout_page.png"): Taking screenshot successfully

04-11-2024T22:40:24 - [MESSAGE][PASSED] - Taking screenshot successfully
[[ATTACHMENT|C:\\Users\\SamajitKundu\\git\\threadShopify\\ThreadShopify\\Reports\\20241104_223842\\Threads\\Final TestSuit\\20241104_223843\\screenshots/login_20241104223947/logout_page.png]]

04-11-2024T22:40:24 - [TEST_STEP][PASSED] - click(findTestObject("Object Repository/Login_An/Login with Invalid Credentials/Page_Account  Threads/a_Log out")): Object: 'Object Repository/Login_An/Login with Invalid Credentials/Page_Account  Threads/a_Log out' is clicked on

04-11-2024T22:40:26 - [MESSAGE][PASSED] - Object: 'Object Repository/Login_An/Login with Invalid Credentials/Page_Account  Threads/a_Log out' is clicked on

04-11-2024T22:40:26 - [TEST_STEP][PASSED] - click(findTestObject("Object Repository/Login_An/Login with Invalid Credentials/Page_Threads/span_Search_svg-wrapper")): Object: 'Object Repository/Login_An/Login with Invalid Credentials/Page_Threads/span_Search_svg-wrapper' is clicked on

04-11-2024T22:40:28 - [MESSAGE][PASSED] - Object: 'Object Repository/Login_An/Login with Invalid Credentials/Page_Threads/span_Search_svg-wrapper' is clicked on

04-11-2024T22:40:28 - [TEST_STEP][PASSED] - takeScreenshot(screenshotFolderPath + "login_page_after_logout.png"): Taking screenshot successfully

04-11-2024T22:40:29 - [MESSAGE][PASSED] - Taking screenshot successfully
[[ATTACHMENT|C:\\Users\\SamajitKundu\\git\\threadShopify\\ThreadShopify\\Reports\\20241104_223842\\Threads\\Final TestSuit\\20241104_223843\\screenshots/login_20241104223947/login_page_after_logout.png]]

04-11-2024T22:40:29 - [TEST_STEP][PASSED] - verifyTextPresent(login_page, false): Text 'Login' is present on page 

04-11-2024T22:40:29 - [MESSAGE][PASSED] - Text 'Login' is present on page 

04-11-2024T22:40:29 - [TEST_STEP][PASSED] - closeBrowser(): Browser is closed

04-11-2024T22:40:30 - [MESSAGE][PASSED] - Browser is closed]]></system-out>
         <system-err><![CDATA[]]></system-err>
      </testcase>
      <testcase name="Test Cases/Threads_Webshop/3 Homepage/TC-3,66-Verify Seach Bar" time="34.963" classname="Test Cases/Threads_Webshop/3 Homepage/TC-3,66-Verify Seach Bar" status="PASSED">
         <system-out><![CDATA[04-11-2024T22:40:30 - [TEST_CASE][PASSED] - Test Cases/Threads_Webshop/3 Homepage/TC-3,66-Verify Seach Bar: Test Cases/Threads_Webshop/3 Homepage/TC-3,66-Verify Seach Bar

04-11-2024T22:40:30 - [TEST_STEP][PASSED] - currentDateTime = LocalDateTime.now(): null

04-11-2024T22:40:30 - [TEST_STEP][PASSED] - formatter = DateTimeFormatter.ofPattern("yyyyMMdd_HHmmss"): null

04-11-2024T22:40:30 - [TEST_STEP][PASSED] - dateTimeString = currentDateTime.format(formatter): null

04-11-2024T22:40:30 - [TEST_STEP][PASSED] - screenshotFolderPath = "screenshots/home_page_" + dateTimeString + "/": null

04-11-2024T22:40:30 - [TEST_STEP][PASSED] - File(screenshotFolderPath).mkdirs(): null

04-11-2024T22:40:30 - [TEST_STEP][PASSED] - callTestCase(findTestCase("Threads_Webshop/ReUsable Testcases/Enter Password"), [:], STOP_ON_FAILURE): Call Test Case 'Test Cases/Threads_Webshop/ReUsable Testcases/Enter Password' successfully

04-11-2024T22:40:30 - [TEST_CASE][PASSED] - Test Cases/Threads_Webshop/ReUsable Testcases/Enter Password: Test Cases/Threads_Webshop/ReUsable Testcases/Enter Password

04-11-2024T22:40:30 - [TEST_STEP][PASSED] - openBrowser(""): Browser is opened with url: ''

04-11-2024T22:40:30 - [MESSAGE][INFO] - Starting 'Chrome' driver

04-11-2024T22:40:30 - [MESSAGE][INFO] - Action delay is set to 0 milliseconds

04-11-2024T22:40:31 - [MESSAGE][PASSED] - Browser is opened with url: ''

04-11-2024T22:40:31 - [TEST_STEP][PASSED] - maximizeWindow(): Current window maximized

04-11-2024T22:40:31 - [MESSAGE][PASSED] - Current window maximized

04-11-2024T22:40:31 - [TEST_STEP][PASSED] - navigateToUrl("https://threads0.myshopify.com/password"): Navigate to 'https://threads0.myshopify.com/password' successfully

04-11-2024T22:40:32 - [MESSAGE][PASSED] - Navigate to 'https://threads0.myshopify.com/password' successfully

04-11-2024T22:40:32 - [TEST_STEP][PASSED] - click(findTestObject("Object Repository/Thread_Webshop/Reusable Testcase/Page_Threads/div_Enter using password")): Object: 'Object Repository/Thread_Webshop/Reusable Testcase/Page_Threads/div_Enter using password' is clicked on

04-11-2024T22:40:41 - [MESSAGE][PASSED] - Object: 'Object Repository/Thread_Webshop/Reusable Testcase/Page_Threads/div_Enter using password' is clicked on

04-11-2024T22:40:41 - [TEST_STEP][PASSED] - setEncryptedText(findTestObject("Object Repository/Thread_Webshop/Reusable Testcase/Page_Threads/input_Enter store using password_password"), "gnzTAVlujIw+lTr0To6+Cg=="): Text ****** has been set on object 'Object Repository/Thread_Webshop/Reusable Testcase/Page_Threads/input_Enter store using password_password'

04-11-2024T22:40:41 - [MESSAGE][PASSED] - Text ****** has been set on object 'Object Repository/Thread_Webshop/Reusable Testcase/Page_Threads/input_Enter store using password_password'

04-11-2024T22:40:41 - [TEST_STEP][PASSED] - click(findTestObject("Object Repository/Thread_Webshop/Reusable Testcase/Page_Threads/button_Enter")): Object: 'Object Repository/Thread_Webshop/Reusable Testcase/Page_Threads/button_Enter' is clicked on

04-11-2024T22:40:43 - [MESSAGE][PASSED] - Object: 'Object Repository/Thread_Webshop/Reusable Testcase/Page_Threads/button_Enter' is clicked on

04-11-2024T22:40:43 - [MESSAGE][PASSED] - Call Test Case 'Test Cases/Threads_Webshop/ReUsable Testcases/Enter Password' successfully

04-11-2024T22:40:43 - [TEST_STEP][PASSED] - verifyTextPresent(home_page, false): Text 'Home' is present on page 

04-11-2024T22:40:44 - [MESSAGE][PASSED] - Text 'Home' is present on page 

04-11-2024T22:40:44 - [TEST_STEP][PASSED] - takeScreenshot(screenshotFolderPath + "home.png"): Taking screenshot successfully

04-11-2024T22:40:44 - [MESSAGE][PASSED] - Taking screenshot successfully
[[ATTACHMENT|C:\\Users\\SamajitKundu\\git\\threadShopify\\ThreadShopify\\Reports\\20241104_223842\\Threads\\Final TestSuit\\20241104_223843\\screenshots/home_page_20241104_224030/home.png]]

04-11-2024T22:40:44 - [TEST_STEP][PASSED] - verifyElementClickable(findTestObject("Object Repository/Page_Threads/svg_Contact_icon icon-search")): Object 'Object Repository/Page_Threads/svg_Contact_icon icon-search' is clickable

04-11-2024T22:40:45 - [MESSAGE][PASSED] - Object 'Object Repository/Page_Threads/svg_Contact_icon icon-search' is clickable

04-11-2024T22:40:45 - [TEST_STEP][PASSED] - click(findTestObject("Object Repository/Page_Threads/svg_Contact_icon icon-search")): Object: 'Object Repository/Page_Threads/svg_Contact_icon icon-search' is clicked on

04-11-2024T22:40:45 - [MESSAGE][PASSED] - Object: 'Object Repository/Page_Threads/svg_Contact_icon icon-search' is clicked on

04-11-2024T22:40:45 - [TEST_STEP][PASSED] - takeScreenshot(screenshotFolderPath + "open_search_bar.png"): Taking screenshot successfully

04-11-2024T22:40:46 - [MESSAGE][PASSED] - Taking screenshot successfully
[[ATTACHMENT|C:\\Users\\SamajitKundu\\git\\threadShopify\\ThreadShopify\\Reports\\20241104_223842\\Threads\\Final TestSuit\\20241104_223843\\screenshots/home_page_20241104_224030/open_search_bar.png]]

04-11-2024T22:40:46 - [TEST_STEP][PASSED] - verifyTextPresent("", false): Text '' is present on page 

04-11-2024T22:40:46 - [MESSAGE][PASSED] - Text '' is present on page 

04-11-2024T22:40:46 - [TEST_STEP][PASSED] - verifyElementClickable(findTestObject("Object Repository/Page_Threads/svg_Search_icon icon-search")): Object 'Object Repository/Page_Threads/svg_Search_icon icon-search' is clickable

04-11-2024T22:40:47 - [MESSAGE][PASSED] - Object 'Object Repository/Page_Threads/svg_Search_icon icon-search' is clickable

04-11-2024T22:40:47 - [TEST_STEP][PASSED] - click(findTestObject("Object Repository/Page_Threads/svg_Search_icon icon-search")): Object: 'Object Repository/Page_Threads/svg_Search_icon icon-search' is clicked on

04-11-2024T22:40:47 - [MESSAGE][PASSED] - Object: 'Object Repository/Page_Threads/svg_Search_icon icon-search' is clicked on

04-11-2024T22:40:47 - [TEST_STEP][PASSED] - takeScreenshot(screenshotFolderPath + "blank_bar.png"): Taking screenshot successfully

04-11-2024T22:40:48 - [MESSAGE][PASSED] - Taking screenshot successfully
[[ATTACHMENT|C:\\Users\\SamajitKundu\\git\\threadShopify\\ThreadShopify\\Reports\\20241104_223842\\Threads\\Final TestSuit\\20241104_223843\\screenshots/home_page_20241104_224030/blank_bar.png]]

04-11-2024T22:40:48 - [TEST_STEP][PASSED] - setText(findTestObject("Object Repository/Page_Threads/input_Contact_q"), invalid_search): Text 'Verify invalid search' is set on object 'Object Repository/Page_Threads/input_Contact_q'

04-11-2024T22:40:48 - [MESSAGE][PASSED] - Text 'Verify invalid search' is set on object 'Object Repository/Page_Threads/input_Contact_q'

04-11-2024T22:40:48 - [TEST_STEP][PASSED] - takeScreenshot(screenshotFolderPath + "invalid_before.png"): Taking screenshot successfully

04-11-2024T22:40:49 - [MESSAGE][PASSED] - Taking screenshot successfully
[[ATTACHMENT|C:\\Users\\SamajitKundu\\git\\threadShopify\\ThreadShopify\\Reports\\20241104_223842\\Threads\\Final TestSuit\\20241104_223843\\screenshots/home_page_20241104_224030/invalid_before.png]]

04-11-2024T22:40:49 - [TEST_STEP][PASSED] - click(findTestObject("Object Repository/Page_Threads/svg_Search_icon icon-search")): Object: 'Object Repository/Page_Threads/svg_Search_icon icon-search' is clicked on

04-11-2024T22:40:51 - [MESSAGE][PASSED] - Object: 'Object Repository/Page_Threads/svg_Search_icon icon-search' is clicked on

04-11-2024T22:40:51 - [TEST_STEP][PASSED] - verifyTextPresent(search_result, false): Text 'Search results' is present on page 

04-11-2024T22:40:52 - [MESSAGE][PASSED] - Text 'Search results' is present on page 

04-11-2024T22:40:52 - [TEST_STEP][PASSED] - verifyTextPresent(no_result, false): Text 'No results found for' is present on page 

04-11-2024T22:40:52 - [MESSAGE][PASSED] - Text 'No results found for' is present on page 

04-11-2024T22:40:52 - [TEST_STEP][PASSED] - takeScreenshot(screenshotFolderPath + "invalid_after.png"): Taking screenshot successfully

04-11-2024T22:40:52 - [MESSAGE][PASSED] - Taking screenshot successfully
[[ATTACHMENT|C:\\Users\\SamajitKundu\\git\\threadShopify\\ThreadShopify\\Reports\\20241104_223842\\Threads\\Final TestSuit\\20241104_223843\\screenshots/home_page_20241104_224030/invalid_after.png]]

04-11-2024T22:40:52 - [TEST_STEP][PASSED] - click(findTestObject("Object Repository/Thread_Webshop/Home_Page/Page_Threads/Page_Search 0 results found for Verify inva_0640af/svg_Contact_icon icon-search")): Object: 'Object Repository/Thread_Webshop/Home_Page/Page_Threads/Page_Search 0 results found for Verify inva_0640af/svg_Contact_icon icon-search' is clicked on

04-11-2024T22:40:52 - [MESSAGE][PASSED] - Object: 'Object Repository/Thread_Webshop/Home_Page/Page_Threads/Page_Search 0 results found for Verify inva_0640af/svg_Contact_icon icon-search' is clicked on

04-11-2024T22:40:52 - [TEST_STEP][PASSED] - setText(findTestObject("Object Repository/Thread_Webshop/Home_Page/Page_Threads/Page_Search 0 results found for Verify inva_0640af/input_Contact_q"), search_item): Text 'Shoe' is set on object 'Object Repository/Thread_Webshop/Home_Page/Page_Threads/Page_Search 0 results found for Verify inva_0640af/input_Contact_q'

04-11-2024T22:40:53 - [MESSAGE][PASSED] - Text 'Shoe' is set on object 'Object Repository/Thread_Webshop/Home_Page/Page_Threads/Page_Search 0 results found for Verify inva_0640af/input_Contact_q'

04-11-2024T22:40:53 - [TEST_STEP][PASSED] - takeScreenshot(screenshotFolderPath + "search_item_before.png"): Taking screenshot successfully

04-11-2024T22:40:54 - [MESSAGE][PASSED] - Taking screenshot successfully
[[ATTACHMENT|C:\\Users\\SamajitKundu\\git\\threadShopify\\ThreadShopify\\Reports\\20241104_223842\\Threads\\Final TestSuit\\20241104_223843\\screenshots/home_page_20241104_224030/search_item_before.png]]

04-11-2024T22:40:54 - [TEST_STEP][PASSED] - delay(3): Delayed 3 second(s)

04-11-2024T22:40:57 - [MESSAGE][PASSED] - Delayed 3 second(s)

04-11-2024T22:40:57 - [TEST_STEP][PASSED] - verifyElementPresent(findTestObject("Object Repository/Thread_Webshop/Home_Page/Page_Threads/Page_Search 0 results found for Verify inva_0640af/p_DR MARTENS  CAVENDISH 3-EYE SHOE BLACK"), 0): Object 'Object Repository/Thread_Webshop/Home_Page/Page_Threads/Page_Search 0 results found for Verify inva_0640af/p_DR MARTENS  CAVENDISH 3-EYE SHOE BLACK' is present

04-11-2024T22:40:57 - [MESSAGE][WARNING] - Timeout '0' is invalid. Using default page load timeout: '30'

04-11-2024T22:40:57 - [MESSAGE][PASSED] - Object 'Object Repository/Thread_Webshop/Home_Page/Page_Threads/Page_Search 0 results found for Verify inva_0640af/p_DR MARTENS  CAVENDISH 3-EYE SHOE BLACK' is present

04-11-2024T22:40:57 - [TEST_STEP][PASSED] - verifyElementPresent(findTestObject("Object Repository/Thread_Webshop/Home_Page/Page_Threads/Page_Search 0 results found for Verify inva_0640af/p_DR MARTENS  1461 DMC 3-EYE SHOE  BLACK SMOOTH"), 0): Object 'Object Repository/Thread_Webshop/Home_Page/Page_Threads/Page_Search 0 results found for Verify inva_0640af/p_DR MARTENS  1461 DMC 3-EYE SHOE  BLACK SMOOTH' is present

04-11-2024T22:40:57 - [MESSAGE][WARNING] - Timeout '0' is invalid. Using default page load timeout: '30'

04-11-2024T22:40:57 - [MESSAGE][PASSED] - Object 'Object Repository/Thread_Webshop/Home_Page/Page_Threads/Page_Search 0 results found for Verify inva_0640af/p_DR MARTENS  1461 DMC 3-EYE SHOE  BLACK SMOOTH' is present

04-11-2024T22:40:57 - [TEST_STEP][PASSED] - verifyElementPresent(findTestObject("Object Repository/Thread_Webshop/Home_Page/Page_Threads/Page_Search 0 results found for Verify inva_0640af/p_DR MARTENS  1460Z DMC 8-EYE BOOT  CHERRY SMOOTH"), 0): Object 'Object Repository/Thread_Webshop/Home_Page/Page_Threads/Page_Search 0 results found for Verify inva_0640af/p_DR MARTENS  1460Z DMC 8-EYE BOOT  CHERRY SMOOTH' is present

04-11-2024T22:40:57 - [MESSAGE][WARNING] - Timeout '0' is invalid. Using default page load timeout: '30'

04-11-2024T22:40:58 - [MESSAGE][PASSED] - Object 'Object Repository/Thread_Webshop/Home_Page/Page_Threads/Page_Search 0 results found for Verify inva_0640af/p_DR MARTENS  1460Z DMC 8-EYE BOOT  CHERRY SMOOTH' is present

04-11-2024T22:40:58 - [TEST_STEP][PASSED] - verifyElementPresent(findTestObject("Object Repository/Thread_Webshop/Home_Page/Page_Threads/Page_Search 0 results found for Verify inva_0640af/p_TIMBERLAND  MENS 6 INCH PREMIUM BOOT"), 0): Object 'Object Repository/Thread_Webshop/Home_Page/Page_Threads/Page_Search 0 results found for Verify inva_0640af/p_TIMBERLAND  MENS 6 INCH PREMIUM BOOT' is present

04-11-2024T22:40:58 - [MESSAGE][WARNING] - Timeout '0' is invalid. Using default page load timeout: '30'

04-11-2024T22:40:58 - [MESSAGE][PASSED] - Object 'Object Repository/Thread_Webshop/Home_Page/Page_Threads/Page_Search 0 results found for Verify inva_0640af/p_TIMBERLAND  MENS 6 INCH PREMIUM BOOT' is present

04-11-2024T22:40:58 - [TEST_STEP][PASSED] - click(findTestObject("Object Repository/Thread_Webshop/Home_Page/Page_Threads/Page_Search 0 results found for Verify inva_0640af/svg_Search_icon icon-search")): Object: 'Object Repository/Thread_Webshop/Home_Page/Page_Threads/Page_Search 0 results found for Verify inva_0640af/svg_Search_icon icon-search' is clicked on

04-11-2024T22:40:59 - [MESSAGE][PASSED] - Object: 'Object Repository/Thread_Webshop/Home_Page/Page_Threads/Page_Search 0 results found for Verify inva_0640af/svg_Search_icon icon-search' is clicked on

04-11-2024T22:40:59 - [TEST_STEP][PASSED] - takeScreenshot(screenshotFolderPath + "search_item_after.png"): Taking screenshot successfully

04-11-2024T22:41:00 - [MESSAGE][PASSED] - Taking screenshot successfully
[[ATTACHMENT|C:\\Users\\SamajitKundu\\git\\threadShopify\\ThreadShopify\\Reports\\20241104_223842\\Threads\\Final TestSuit\\20241104_223843\\screenshots/home_page_20241104_224030/search_item_after.png]]

04-11-2024T22:41:00 - [TEST_STEP][PASSED] - verifyTextPresent(search_result, false): Text 'Search results' is present on page 

04-11-2024T22:41:00 - [MESSAGE][PASSED] - Text 'Search results' is present on page 

04-11-2024T22:41:00 - [TEST_STEP][PASSED] - scrollToPosition(500, 0): Browser is scrolled to position x = 500, y = 0

04-11-2024T22:41:00 - [MESSAGE][PASSED] - Browser is scrolled to position x = 500, y = 0

04-11-2024T22:41:00 - [TEST_STEP][PASSED] - verifyElementPresent(findTestObject("Object Repository/Thread_Webshop/Home_Page/Page_Threads/Page_Search 24 results found for Shoe  Threads/a_DR MARTENS  CAVENDISH 3-EYE SHOE BLACK"), 0): Object 'Object Repository/Thread_Webshop/Home_Page/Page_Threads/Page_Search 24 results found for Shoe  Threads/a_DR MARTENS  CAVENDISH 3-EYE SHOE BLACK' is present

04-11-2024T22:41:00 - [MESSAGE][WARNING] - Timeout '0' is invalid. Using default page load timeout: '30'

04-11-2024T22:41:01 - [MESSAGE][PASSED] - Object 'Object Repository/Thread_Webshop/Home_Page/Page_Threads/Page_Search 24 results found for Shoe  Threads/a_DR MARTENS  CAVENDISH 3-EYE SHOE BLACK' is present

04-11-2024T22:41:01 - [TEST_STEP][PASSED] - verifyElementPresent(findTestObject("Object Repository/Thread_Webshop/Home_Page/Page_Threads/Page_Search 24 results found for Shoe  Threads/a_DR MARTENS  1461 DMC 3-EYE SHOE  BLACK SMOOTH"), 0): Object 'Object Repository/Thread_Webshop/Home_Page/Page_Threads/Page_Search 24 results found for Shoe  Threads/a_DR MARTENS  1461 DMC 3-EYE SHOE  BLACK SMOOTH' is present

04-11-2024T22:41:01 - [MESSAGE][WARNING] - Timeout '0' is invalid. Using default page load timeout: '30'

04-11-2024T22:41:01 - [MESSAGE][PASSED] - Object 'Object Repository/Thread_Webshop/Home_Page/Page_Threads/Page_Search 24 results found for Shoe  Threads/a_DR MARTENS  1461 DMC 3-EYE SHOE  BLACK SMOOTH' is present

04-11-2024T22:41:01 - [TEST_STEP][PASSED] - verifyElementPresent(findTestObject("Object Repository/Thread_Webshop/Home_Page/Page_Threads/Page_Search 24 results found for Shoe  Threads/a_ADIDAS  SUPERSTAR 80S"), 0): Object 'Object Repository/Thread_Webshop/Home_Page/Page_Threads/Page_Search 24 results found for Shoe  Threads/a_ADIDAS  SUPERSTAR 80S' is present

04-11-2024T22:41:01 - [MESSAGE][WARNING] - Timeout '0' is invalid. Using default page load timeout: '30'

04-11-2024T22:41:02 - [MESSAGE][PASSED] - Object 'Object Repository/Thread_Webshop/Home_Page/Page_Threads/Page_Search 24 results found for Shoe  Threads/a_ADIDAS  SUPERSTAR 80S' is present

04-11-2024T22:41:02 - [TEST_STEP][PASSED] - verifyElementPresent(findTestObject("Object Repository/Thread_Webshop/Home_Page/Page_Threads/Page_Search 24 results found for Shoe  Threads/a_NIKE  TODDLER ROSHE ONE"), 0): Object 'Object Repository/Thread_Webshop/Home_Page/Page_Threads/Page_Search 24 results found for Shoe  Threads/a_NIKE  TODDLER ROSHE ONE' is present

04-11-2024T22:41:02 - [MESSAGE][WARNING] - Timeout '0' is invalid. Using default page load timeout: '30'

04-11-2024T22:41:02 - [MESSAGE][PASSED] - Object 'Object Repository/Thread_Webshop/Home_Page/Page_Threads/Page_Search 24 results found for Shoe  Threads/a_NIKE  TODDLER ROSHE ONE' is present

04-11-2024T22:41:02 - [TEST_STEP][PASSED] - takeScreenshot(screenshotFolderPath + "search_result.png"): Taking screenshot successfully

04-11-2024T22:41:02 - [MESSAGE][PASSED] - Taking screenshot successfully
[[ATTACHMENT|C:\\Users\\SamajitKundu\\git\\threadShopify\\ThreadShopify\\Reports\\20241104_223842\\Threads\\Final TestSuit\\20241104_223843\\screenshots/home_page_20241104_224030/search_result.png]]

04-11-2024T22:41:02 - [TEST_STEP][PASSED] - click(findTestObject("Object Repository/Thread_Webshop/Home_Page/Page_Threads/Page_Search 24 results found for Shoe  Threads/span_Home")): Object: 'Object Repository/Thread_Webshop/Home_Page/Page_Threads/Page_Search 24 results found for Shoe  Threads/span_Home' is clicked on

04-11-2024T22:41:03 - [MESSAGE][PASSED] - Object: 'Object Repository/Thread_Webshop/Home_Page/Page_Threads/Page_Search 24 results found for Shoe  Threads/span_Home' is clicked on

04-11-2024T22:41:03 - [TEST_STEP][PASSED] - takeScreenshot(screenshotFolderPath + "home_final.png"): Taking screenshot successfully

04-11-2024T22:41:04 - [MESSAGE][PASSED] - Taking screenshot successfully
[[ATTACHMENT|C:\\Users\\SamajitKundu\\git\\threadShopify\\ThreadShopify\\Reports\\20241104_223842\\Threads\\Final TestSuit\\20241104_223843\\screenshots/home_page_20241104_224030/home_final.png]]

04-11-2024T22:41:04 - [TEST_STEP][PASSED] - closeBrowser(): Browser is closed

04-11-2024T22:41:05 - [MESSAGE][PASSED] - Browser is closed]]></system-out>
         <system-err><![CDATA[]]></system-err>
      </testcase>
      <testcase name="Test Cases/Threads_Webshop/3 Homepage/TC-672-Verify the Social media button" time="12.465" classname="Test Cases/Threads_Webshop/3 Homepage/TC-672-Verify the Social media button" status="PASSED">
         <system-out><![CDATA[04-11-2024T22:41:05 - [TEST_CASE][PASSED] - Test Cases/Threads_Webshop/3 Homepage/TC-672-Verify the Social media button: Test Cases/Threads_Webshop/3 Homepage/TC-672-Verify the Social media button

04-11-2024T22:41:05 - [TEST_STEP][PASSED] - currentDateTime = LocalDateTime.now(): null

04-11-2024T22:41:05 - [TEST_STEP][PASSED] - formatter = DateTimeFormatter.ofPattern("yyyyMMdd_HHmmss"): null

04-11-2024T22:41:05 - [TEST_STEP][PASSED] - dateTimeString = currentDateTime.format(formatter): null

04-11-2024T22:41:05 - [TEST_STEP][PASSED] - screenshotFolderPath = "screenshots/home_page_" + dateTimeString + "/": null

04-11-2024T22:41:05 - [TEST_STEP][PASSED] - File(screenshotFolderPath).mkdirs(): null

04-11-2024T22:41:05 - [TEST_STEP][PASSED] - callTestCase(findTestCase("Threads_Webshop/ReUsable Testcases/Enter Password"), [:], STOP_ON_FAILURE): Call Test Case 'Test Cases/Threads_Webshop/ReUsable Testcases/Enter Password' successfully

04-11-2024T22:41:05 - [TEST_CASE][PASSED] - Test Cases/Threads_Webshop/ReUsable Testcases/Enter Password: Test Cases/Threads_Webshop/ReUsable Testcases/Enter Password

04-11-2024T22:41:05 - [TEST_STEP][PASSED] - openBrowser(""): Browser is opened with url: ''

04-11-2024T22:41:05 - [MESSAGE][INFO] - Starting 'Chrome' driver

04-11-2024T22:41:05 - [MESSAGE][INFO] - Action delay is set to 0 milliseconds

04-11-2024T22:41:06 - [MESSAGE][PASSED] - Browser is opened with url: ''

04-11-2024T22:41:06 - [TEST_STEP][PASSED] - maximizeWindow(): Current window maximized

04-11-2024T22:41:06 - [MESSAGE][PASSED] - Current window maximized

04-11-2024T22:41:06 - [TEST_STEP][PASSED] - navigateToUrl("https://threads0.myshopify.com/password"): Navigate to 'https://threads0.myshopify.com/password' successfully

04-11-2024T22:41:08 - [MESSAGE][PASSED] - Navigate to 'https://threads0.myshopify.com/password' successfully

04-11-2024T22:41:08 - [TEST_STEP][PASSED] - click(findTestObject("Object Repository/Thread_Webshop/Reusable Testcase/Page_Threads/div_Enter using password")): Object: 'Object Repository/Thread_Webshop/Reusable Testcase/Page_Threads/div_Enter using password' is clicked on

04-11-2024T22:41:11 - [MESSAGE][PASSED] - Object: 'Object Repository/Thread_Webshop/Reusable Testcase/Page_Threads/div_Enter using password' is clicked on

04-11-2024T22:41:11 - [TEST_STEP][PASSED] - setEncryptedText(findTestObject("Object Repository/Thread_Webshop/Reusable Testcase/Page_Threads/input_Enter store using password_password"), "gnzTAVlujIw+lTr0To6+Cg=="): Text ****** has been set on object 'Object Repository/Thread_Webshop/Reusable Testcase/Page_Threads/input_Enter store using password_password'

04-11-2024T22:41:12 - [MESSAGE][PASSED] - Text ****** has been set on object 'Object Repository/Thread_Webshop/Reusable Testcase/Page_Threads/input_Enter store using password_password'

04-11-2024T22:41:12 - [TEST_STEP][PASSED] - click(findTestObject("Object Repository/Thread_Webshop/Reusable Testcase/Page_Threads/button_Enter")): Object: 'Object Repository/Thread_Webshop/Reusable Testcase/Page_Threads/button_Enter' is clicked on

04-11-2024T22:41:13 - [MESSAGE][PASSED] - Object: 'Object Repository/Thread_Webshop/Reusable Testcase/Page_Threads/button_Enter' is clicked on

04-11-2024T22:41:13 - [MESSAGE][PASSED] - Call Test Case 'Test Cases/Threads_Webshop/ReUsable Testcases/Enter Password' successfully

04-11-2024T22:41:13 - [TEST_STEP][PASSED] - maximizeWindow(): Current window maximized

04-11-2024T22:41:13 - [MESSAGE][PASSED] - Current window maximized

04-11-2024T22:41:13 - [TEST_STEP][PASSED] - scrollToPosition(0, 10000): Browser is scrolled to position x = 0, y = 10000

04-11-2024T22:41:13 - [MESSAGE][PASSED] - Browser is scrolled to position x = 0, y = 10000

04-11-2024T22:41:13 - [TEST_STEP][PASSED] - takeScreenshot(screenshotFolderPath + "social_media_icon.png"): Taking screenshot successfully

04-11-2024T22:41:15 - [MESSAGE][PASSED] - Taking screenshot successfully
[[ATTACHMENT|C:\\Users\\SamajitKundu\\git\\threadShopify\\ThreadShopify\\Reports\\20241104_223842\\Threads\\Final TestSuit\\20241104_223843\\screenshots/home_page_20241104_224105/social_media_icon.png]]

04-11-2024T22:41:15 - [TEST_STEP][PASSED] - verifyElementClickable(findTestObject("Object Repository/Page_Threads/a_Facebook")): Object 'Object Repository/Page_Threads/a_Facebook' is clickable

04-11-2024T22:41:15 - [MESSAGE][PASSED] - Object 'Object Repository/Page_Threads/a_Facebook' is clickable

04-11-2024T22:41:15 - [TEST_STEP][PASSED] - verifyElementClickable(findTestObject("Object Repository/Page_Threads/a_Instagram")): Object 'Object Repository/Page_Threads/a_Instagram' is clickable

04-11-2024T22:41:15 - [MESSAGE][PASSED] - Object 'Object Repository/Page_Threads/a_Instagram' is clickable

04-11-2024T22:41:15 - [TEST_STEP][PASSED] - verifyElementClickable(findTestObject("Object Repository/Page_Threads/a_YouTube")): Object 'Object Repository/Page_Threads/a_YouTube' is clickable

04-11-2024T22:41:16 - [MESSAGE][PASSED] - Object 'Object Repository/Page_Threads/a_YouTube' is clickable

04-11-2024T22:41:16 - [TEST_STEP][PASSED] - verifyElementClickable(findTestObject("Object Repository/Page_Threads/a_X (Twitter)")): Object 'Object Repository/Page_Threads/a_X (Twitter)' is clickable

04-11-2024T22:41:16 - [MESSAGE][PASSED] - Object 'Object Repository/Page_Threads/a_X (Twitter)' is clickable

04-11-2024T22:41:16 - [TEST_STEP][PASSED] - closeBrowser(): Browser is closed

04-11-2024T22:41:17 - [MESSAGE][PASSED] - Browser is closed]]></system-out>
         <system-err><![CDATA[]]></system-err>
      </testcase>
      <testcase name="Test Cases/Threads_Webshop/3 Homepage/TC-89,11-Verify Home page elements" time="15.597" classname="Test Cases/Threads_Webshop/3 Homepage/TC-89,11-Verify Home page elements" status="PASSED">
         <system-out><![CDATA[04-11-2024T22:41:17 - [TEST_CASE][PASSED] - Test Cases/Threads_Webshop/3 Homepage/TC-89,11-Verify Home page elements: Test Cases/Threads_Webshop/3 Homepage/TC-89,11-Verify Home page elements

04-11-2024T22:41:17 - [TEST_STEP][PASSED] - currentDateTime = LocalDateTime.now(): null

04-11-2024T22:41:17 - [TEST_STEP][PASSED] - formatter = DateTimeFormatter.ofPattern("yyyyMMdd_HHmmss"): null

04-11-2024T22:41:17 - [TEST_STEP][PASSED] - dateTimeString = currentDateTime.format(formatter): null

04-11-2024T22:41:17 - [TEST_STEP][PASSED] - screenshotFolderPath = "screenshots/home_page_" + dateTimeString + "/": null

04-11-2024T22:41:17 - [TEST_STEP][PASSED] - File(screenshotFolderPath).mkdirs(): null

04-11-2024T22:41:17 - [TEST_STEP][PASSED] - callTestCase(findTestCase("Threads_Webshop/ReUsable Testcases/Enter Password"), [:], STOP_ON_FAILURE): Call Test Case 'Test Cases/Threads_Webshop/ReUsable Testcases/Enter Password' successfully

04-11-2024T22:41:18 - [TEST_CASE][PASSED] - Test Cases/Threads_Webshop/ReUsable Testcases/Enter Password: Test Cases/Threads_Webshop/ReUsable Testcases/Enter Password

04-11-2024T22:41:18 - [TEST_STEP][PASSED] - openBrowser(""): Browser is opened with url: ''

04-11-2024T22:41:18 - [MESSAGE][INFO] - Starting 'Chrome' driver

04-11-2024T22:41:18 - [MESSAGE][INFO] - Action delay is set to 0 milliseconds

04-11-2024T22:41:18 - [MESSAGE][PASSED] - Browser is opened with url: ''

04-11-2024T22:41:18 - [TEST_STEP][PASSED] - maximizeWindow(): Current window maximized

04-11-2024T22:41:18 - [MESSAGE][PASSED] - Current window maximized

04-11-2024T22:41:18 - [TEST_STEP][PASSED] - navigateToUrl("https://threads0.myshopify.com/password"): Navigate to 'https://threads0.myshopify.com/password' successfully

04-11-2024T22:41:20 - [MESSAGE][PASSED] - Navigate to 'https://threads0.myshopify.com/password' successfully

04-11-2024T22:41:20 - [TEST_STEP][PASSED] - click(findTestObject("Object Repository/Thread_Webshop/Reusable Testcase/Page_Threads/div_Enter using password")): Object: 'Object Repository/Thread_Webshop/Reusable Testcase/Page_Threads/div_Enter using password' is clicked on

04-11-2024T22:41:23 - [MESSAGE][PASSED] - Object: 'Object Repository/Thread_Webshop/Reusable Testcase/Page_Threads/div_Enter using password' is clicked on

04-11-2024T22:41:23 - [TEST_STEP][PASSED] - setEncryptedText(findTestObject("Object Repository/Thread_Webshop/Reusable Testcase/Page_Threads/input_Enter store using password_password"), "gnzTAVlujIw+lTr0To6+Cg=="): Text ****** has been set on object 'Object Repository/Thread_Webshop/Reusable Testcase/Page_Threads/input_Enter store using password_password'

04-11-2024T22:41:24 - [MESSAGE][PASSED] - Text ****** has been set on object 'Object Repository/Thread_Webshop/Reusable Testcase/Page_Threads/input_Enter store using password_password'

04-11-2024T22:41:24 - [TEST_STEP][PASSED] - click(findTestObject("Object Repository/Thread_Webshop/Reusable Testcase/Page_Threads/button_Enter")): Object: 'Object Repository/Thread_Webshop/Reusable Testcase/Page_Threads/button_Enter' is clicked on

04-11-2024T22:41:25 - [MESSAGE][PASSED] - Object: 'Object Repository/Thread_Webshop/Reusable Testcase/Page_Threads/button_Enter' is clicked on

04-11-2024T22:41:25 - [MESSAGE][PASSED] - Call Test Case 'Test Cases/Threads_Webshop/ReUsable Testcases/Enter Password' successfully

04-11-2024T22:41:25 - [TEST_STEP][PASSED] - verifyTextPresent("Home", false): Text 'Home' is present on page 

04-11-2024T22:41:26 - [MESSAGE][PASSED] - Text 'Home' is present on page 

04-11-2024T22:41:26 - [TEST_STEP][PASSED] - takeScreenshot(screenshotFolderPath + "home.png"): Taking screenshot successfully

04-11-2024T22:41:27 - [MESSAGE][PASSED] - Taking screenshot successfully
[[ATTACHMENT|C:\\Users\\SamajitKundu\\git\\threadShopify\\ThreadShopify\\Reports\\20241104_223842\\Threads\\Final TestSuit\\20241104_223843\\screenshots/home_page_20241104_224117/home.png]]

04-11-2024T22:41:27 - [TEST_STEP][PASSED] - verifyElementPresent(findTestObject("Object Repository/Thread_Webshop/Home_Page/Page_Threads/div_Uncover your wardrobe essentials       _66e2bc"), 0): Object 'Object Repository/Thread_Webshop/Home_Page/Page_Threads/div_Uncover your wardrobe essentials       _66e2bc' is present

04-11-2024T22:41:27 - [MESSAGE][WARNING] - Timeout '0' is invalid. Using default page load timeout: '30'

04-11-2024T22:41:27 - [MESSAGE][PASSED] - Object 'Object Repository/Thread_Webshop/Home_Page/Page_Threads/div_Uncover your wardrobe essentials       _66e2bc' is present

04-11-2024T22:41:27 - [TEST_STEP][PASSED] - takeScreenshot(screenshotFolderPath + "banner.png"): Taking screenshot successfully

04-11-2024T22:41:28 - [MESSAGE][PASSED] - Taking screenshot successfully
[[ATTACHMENT|C:\\Users\\SamajitKundu\\git\\threadShopify\\ThreadShopify\\Reports\\20241104_223842\\Threads\\Final TestSuit\\20241104_223843\\screenshots/home_page_20241104_224117/banner.png]]

04-11-2024T22:41:28 - [TEST_STEP][PASSED] - verifyTextPresent("Uncover your wardrobe essentials", false): Text 'Uncover your wardrobe essentials' is present on page 

04-11-2024T22:41:28 - [MESSAGE][PASSED] - Text 'Uncover your wardrobe essentials' is present on page 

04-11-2024T22:41:28 - [TEST_STEP][PASSED] - isFeaturedPresent = verifyTextPresent("Featured", false, OPTIONAL): Text 'Featured' is present on page 

04-11-2024T22:41:29 - [MESSAGE][PASSED] - Text 'Featured' is present on page 

04-11-2024T22:41:29 - [TEST_STEP][PASSED] - if (isFeaturedPresent): Object 'Object Repository/Thread_Webshop/Home_Page/Page_Threads/a_ADIDAS  SUPERSTAR 80S' is clickable

04-11-2024T22:41:29 - [TEST_STEP][PASSED] - verifyElementClickable(findTestObject("Object Repository/Thread_Webshop/Home_Page/Page_Threads/a_ADIDAS  CLASSIC BACKPACK")): Object 'Object Repository/Thread_Webshop/Home_Page/Page_Threads/a_ADIDAS  CLASSIC BACKPACK' is clickable

04-11-2024T22:41:29 - [MESSAGE][PASSED] - Object 'Object Repository/Thread_Webshop/Home_Page/Page_Threads/a_ADIDAS  CLASSIC BACKPACK' is clickable

04-11-2024T22:41:29 - [TEST_STEP][PASSED] - verifyElementClickable(findTestObject("Object Repository/Thread_Webshop/Home_Page/Page_Threads/a_ADIDAS  CLASSIC BACKPACK  LEGEND INK MULTICOLOUR")): Object 'Object Repository/Thread_Webshop/Home_Page/Page_Threads/a_ADIDAS  CLASSIC BACKPACK  LEGEND INK MULTICOLOUR' is clickable

04-11-2024T22:41:29 - [MESSAGE][PASSED] - Object 'Object Repository/Thread_Webshop/Home_Page/Page_Threads/a_ADIDAS  CLASSIC BACKPACK  LEGEND INK MULTICOLOUR' is clickable

04-11-2024T22:41:29 - [TEST_STEP][PASSED] - verifyElementClickable(findTestObject("Object Repository/Thread_Webshop/Home_Page/Page_Threads/a_ADIDAS  KIDS STAN SMITH")): Object 'Object Repository/Thread_Webshop/Home_Page/Page_Threads/a_ADIDAS  KIDS STAN SMITH' is clickable

04-11-2024T22:41:30 - [MESSAGE][PASSED] - Object 'Object Repository/Thread_Webshop/Home_Page/Page_Threads/a_ADIDAS  KIDS STAN SMITH' is clickable

04-11-2024T22:41:30 - [TEST_STEP][PASSED] - verifyElementClickable(findTestObject("Object Repository/Thread_Webshop/Home_Page/Page_Threads/a_ADIDAS  SUPERSTAR 80S")): Object 'Object Repository/Thread_Webshop/Home_Page/Page_Threads/a_ADIDAS  SUPERSTAR 80S' is clickable

04-11-2024T22:41:30 - [MESSAGE][PASSED] - Object 'Object Repository/Thread_Webshop/Home_Page/Page_Threads/a_ADIDAS  SUPERSTAR 80S' is clickable

04-11-2024T22:41:30 - [TEST_STEP][PASSED] - scrollToPosition(0, 1000): Browser is scrolled to position x = 0, y = 1000

04-11-2024T22:41:30 - [MESSAGE][PASSED] - Browser is scrolled to position x = 0, y = 1000

04-11-2024T22:41:30 - [TEST_STEP][PASSED] - delay(2): Delayed 2 second(s)

04-11-2024T22:41:32 - [MESSAGE][PASSED] - Delayed 2 second(s)

04-11-2024T22:41:32 - [TEST_STEP][PASSED] - takeScreenshot(screenshotFolderPath + "featured.png"): Taking screenshot successfully

04-11-2024T22:41:32 - [MESSAGE][PASSED] - Taking screenshot successfully
[[ATTACHMENT|C:\\Users\\SamajitKundu\\git\\threadShopify\\ThreadShopify\\Reports\\20241104_223842\\Threads\\Final TestSuit\\20241104_223843\\screenshots/home_page_20241104_224117/featured.png]]

04-11-2024T22:41:32 - [TEST_STEP][PASSED] - closeBrowser(): Browser is closed

04-11-2024T22:41:33 - [MESSAGE][PASSED] - Browser is closed]]></system-out>
         <system-err><![CDATA[]]></system-err>
      </testcase>
      <testcase name="Test Cases/Threads_Webshop/4 Search/TC-112, 169, 143-Verify Search Scenario" time="60.812" classname="Test Cases/Threads_Webshop/4 Search/TC-112, 169, 143-Verify Search Scenario" status="PASSED">
         <system-out><![CDATA[04-11-2024T22:41:33 - [TEST_CASE][PASSED] - Test Cases/Threads_Webshop/4 Search/TC-112, 169, 143-Verify Search Scenario: Test Cases/Threads_Webshop/4 Search/TC-112, 169, 143-Verify Search Scenario

04-11-2024T22:41:33 - [TEST_STEP][PASSED] - timestamp = SimpleDateFormat(yyyyMMdd_HHmmss).format(new java.util.Date()): null

04-11-2024T22:41:33 - [TEST_STEP][PASSED] - screenshotFolder = "screenshots/search_" + timestamp + "/": null

04-11-2024T22:41:33 - [TEST_STEP][PASSED] - openBrowser(""): Browser is opened with url: ''

04-11-2024T22:41:33 - [MESSAGE][INFO] - Starting 'Chrome' driver

04-11-2024T22:41:33 - [MESSAGE][INFO] - Action delay is set to 0 milliseconds

04-11-2024T22:41:34 - [MESSAGE][PASSED] - Browser is opened with url: ''

04-11-2024T22:41:34 - [TEST_STEP][PASSED] - maximizeWindow(): Current window maximized

04-11-2024T22:41:34 - [MESSAGE][PASSED] - Current window maximized

04-11-2024T22:41:34 - [TEST_STEP][PASSED] - navigateToUrl("https://threads0.myshopify.com/password"): Navigate to 'https://threads0.myshopify.com/password' successfully

04-11-2024T22:41:35 - [MESSAGE][PASSED] - Navigate to 'https://threads0.myshopify.com/password' successfully

04-11-2024T22:41:35 - [TEST_STEP][PASSED] - click(findTestObject("Object Repository/Search with Category_An/Page_Threads/div_Enter using password")): Object: 'Object Repository/Search with Category_An/Page_Threads/div_Enter using password' is clicked on

04-11-2024T22:41:44 - [MESSAGE][PASSED] - Object: 'Object Repository/Search with Category_An/Page_Threads/div_Enter using password' is clicked on

04-11-2024T22:41:44 - [TEST_STEP][PASSED] - setEncryptedText(findTestObject("Object Repository/Search with Category_An/Page_Threads/input_Enter store using password_password"), "gnzTAVlujIw+lTr0To6+Cg=="): Text ****** has been set on object 'Object Repository/Search with Category_An/Page_Threads/input_Enter store using password_password'

04-11-2024T22:41:44 - [MESSAGE][PASSED] - Text ****** has been set on object 'Object Repository/Search with Category_An/Page_Threads/input_Enter store using password_password'

04-11-2024T22:41:44 - [TEST_STEP][PASSED] - click(findTestObject("Object Repository/Search with Category_An/Page_Threads/button_Enter")): Object: 'Object Repository/Search with Category_An/Page_Threads/button_Enter' is clicked on

04-11-2024T22:41:45 - [MESSAGE][PASSED] - Object: 'Object Repository/Search with Category_An/Page_Threads/button_Enter' is clicked on

04-11-2024T22:41:45 - [TEST_STEP][PASSED] - verifyTextPresent("Home", false): Text 'Home' is present on page 

04-11-2024T22:41:47 - [MESSAGE][PASSED] - Text 'Home' is present on page 

04-11-2024T22:41:47 - [TEST_STEP][PASSED] - takeScreenshot(screenshotFolder + "home.png"): Taking screenshot successfully

04-11-2024T22:41:47 - [MESSAGE][PASSED] - Taking screenshot successfully
[[ATTACHMENT|C:\\Users\\SamajitKundu\\git\\threadShopify\\ThreadShopify\\Reports\\20241104_223842\\Threads\\Final TestSuit\\20241104_223843\\screenshots/search_20241104_224133/home.png]]

04-11-2024T22:41:47 - [TEST_STEP][PASSED] - verifyTextPresent("Catalog", false): Text 'Catalog' is present on page 

04-11-2024T22:41:48 - [MESSAGE][PASSED] - Text 'Catalog' is present on page 

04-11-2024T22:41:48 - [TEST_STEP][PASSED] - takeScreenshot(screenshotFolder + "catalog.png"): Taking screenshot successfully

04-11-2024T22:41:49 - [MESSAGE][PASSED] - Taking screenshot successfully
[[ATTACHMENT|C:\\Users\\SamajitKundu\\git\\threadShopify\\ThreadShopify\\Reports\\20241104_223842\\Threads\\Final TestSuit\\20241104_223843\\screenshots/search_20241104_224133/catalog.png]]

04-11-2024T22:41:49 - [TEST_STEP][PASSED] - click(findTestObject("Object Repository/Search with Category_An/Page_Threads/span_Catalog")): Object: 'Object Repository/Search with Category_An/Page_Threads/span_Catalog' is clicked on

04-11-2024T22:41:50 - [MESSAGE][PASSED] - Object: 'Object Repository/Search with Category_An/Page_Threads/span_Catalog' is clicked on

04-11-2024T22:41:50 - [TEST_STEP][PASSED] - verifyTextPresent("Products", false): Text 'Products' is present on page 

04-11-2024T22:41:51 - [MESSAGE][PASSED] - Text 'Products' is present on page 

04-11-2024T22:41:51 - [TEST_STEP][PASSED] - takeScreenshot(screenshotFolder + "product.png"): Taking screenshot successfully

04-11-2024T22:41:51 - [MESSAGE][PASSED] - Taking screenshot successfully
[[ATTACHMENT|C:\\Users\\SamajitKundu\\git\\threadShopify\\ThreadShopify\\Reports\\20241104_223842\\Threads\\Final TestSuit\\20241104_223843\\screenshots/search_20241104_224133/product.png]]

04-11-2024T22:41:51 - [TEST_STEP][PASSED] - verifyTextPresent("Price", false): Text 'Price' is present on page 

04-11-2024T22:41:52 - [MESSAGE][PASSED] - Text 'Price' is present on page 

04-11-2024T22:41:52 - [TEST_STEP][PASSED] - click(findTestObject("Object Repository/Search with Category_An/Page_Products  Threads/span_Price")): Object: 'Object Repository/Search with Category_An/Page_Products  Threads/span_Price' is clicked on

04-11-2024T22:41:52 - [MESSAGE][PASSED] - Object: 'Object Repository/Search with Category_An/Page_Products  Threads/span_Price' is clicked on

04-11-2024T22:41:52 - [TEST_STEP][PASSED] - delay(2): Delayed 2 second(s)

04-11-2024T22:41:54 - [MESSAGE][PASSED] - Delayed 2 second(s)

04-11-2024T22:41:54 - [TEST_STEP][PASSED] - setText(findTestObject("Object Repository/Search with Category_An/Page_Products  Threads/input__filter.v.price.gte"), "199"): Text '199' is set on object 'Object Repository/Search with Category_An/Page_Products  Threads/input__filter.v.price.gte'

04-11-2024T22:41:55 - [MESSAGE][PASSED] - Text '199' is set on object 'Object Repository/Search with Category_An/Page_Products  Threads/input__filter.v.price.gte'

04-11-2024T22:41:55 - [TEST_STEP][PASSED] - setText(findTestObject("Object Repository/Search with Category_An/Page_Products  Threads/input__filter.v.price.lte"), "299"): Text '299' is set on object 'Object Repository/Search with Category_An/Page_Products  Threads/input__filter.v.price.lte'

04-11-2024T22:41:55 - [MESSAGE][PASSED] - Text '299' is set on object 'Object Repository/Search with Category_An/Page_Products  Threads/input__filter.v.price.lte'

04-11-2024T22:41:55 - [TEST_STEP][PASSED] - click(findTestObject("Object Repository/Search with Category_An/Page_Products  Threads/summary_Price")): Object: 'Object Repository/Search with Category_An/Page_Products  Threads/summary_Price' is clicked on

[...]

04-11-2024T23:20:26 - [MESSAGE][INFO] - [SELF-HEALING] Failed Locator: '//iframe[@name='9cc54c77-f6ce-460d-a73a-47539e55d8d3']'.

04-11-2024T23:20:27 - [MESSAGE][INFO] - [SELF-HEALING] Working Locator: '//div[@id='AppFrameScrollable']/div/div/div/div/div/div/iframe'.

04-11-2024T23:20:27 - [MESSAGE][INFO] - [SELF-HEALING] Screenshot: C:/Users/SamajitKundu/git/threadShopify/ThreadShopify/Reports/Self-healing/Object Repository/Thread_Webshop/Banner/Page_Threads  Customize Dawn  Shopify/iframe_Skip to content_9cc54c77-f6ce-460d-a_b95ee9_idRelative.png

04-11-2024T23:20:27 - [MESSAGE][ERROR] - [SELF-HEALING] com.google.gson.stream.MalformedJsonException: Expected ':' at line 5 column 10 path $.brokenTestObjects[0].<<<<<<<

04-11-2024T23:20:27 - [MESSAGE][ERROR] - [SELF-HEALING] C:\Users\SamajitKundu\git\threadShopify\ThreadShopify\Reports\Self-healing\broken-test-objects-v2.json does not exist or is provided by Self-healing Plugin!

04-11-2024T23:20:27 - [MESSAGE][WARNING] - [SELF-HEALING] The current locator of test object 'Object Repository/Thread_Webshop/Banner/Page_Threads  Customize Dawn  Shopify/iframe_Skip to content_9cc54c77-f6ce-460d-a_b95ee9' was broken. Propose an alternative one: '//div[@id='AppFrameScrollable']/div/div/div/div/div/div/iframe'.

04-11-2024T23:20:27 - [MESSAGE][PASSED] - Object: 'Object Repository/Thread_Webshop/Banner/Page_Threads  Customize Dawn  Shopify/input_First button link_UrlSetting1 (2)' is clicked on

04-11-2024T23:20:27 - [TEST_STEP][PASSED] - click(findTestObject("Object Repository/Thread_Webshop/Banner/Page_Threads  Customize Dawn  Shopify/div_Products (2)")): Object: 'Object Repository/Thread_Webshop/Banner/Page_Threads  Customize Dawn  Shopify/div_Products (2)' is clicked on

04-11-2024T23:20:58 - [MESSAGE][INFO] - Unable to find the element located by 'By.xpath: //iframe[@name='9cc54c77-f6ce-460d-a73a-47539e55d8d3']'. Please recheck the objects properties to make sure the desired element is located. 

04-11-2024T23:20:58 - [MESSAGE][WARNING] - [SELF-HEALING] Failed to find element with id 'Object Repository/Thread_Webshop/Banner/Page_Threads  Customize Dawn  Shopify/iframe_Skip to content_9cc54c77-f6ce-460d-a_b95ee9'. Try using Self-healing.

04-11-2024T23:20:58 - [MESSAGE][ERROR] - [SELF-HEALING] com.google.gson.stream.MalformedJsonException: Expected ':' at line 5 column 10 path $.brokenTestObjects[0].<<<<<<<

04-11-2024T23:20:59 - [MESSAGE][INFO] - [SELF-HEALING] Failed Locator: '//iframe[@name='9cc54c77-f6ce-460d-a73a-47539e55d8d3']'.

04-11-2024T23:20:59 - [MESSAGE][INFO] - [SELF-HEALING] Working Locator: '//div[@id='AppFrameScrollable']/div/div/div/div/div/div/iframe'.

04-11-2024T23:20:59 - [MESSAGE][INFO] - [SELF-HEALING] Screenshot: C:/Users/SamajitKundu/git/threadShopify/ThreadShopify/Reports/Self-healing/Object Repository/Thread_Webshop/Banner/Page_Threads  Customize Dawn  Shopify/iframe_Skip to content_9cc54c77-f6ce-460d-a_b95ee9_idRelative.png

04-11-2024T23:20:59 - [MESSAGE][ERROR] - [SELF-HEALING] com.google.gson.stream.MalformedJsonException: Expected ':' at line 5 column 10 path $.brokenTestObjects[0].<<<<<<<

04-11-2024T23:20:59 - [MESSAGE][ERROR] - [SELF-HEALING] C:\Users\SamajitKundu\git\threadShopify\ThreadShopify\Reports\Self-healing\broken-test-objects-v2.json does not exist or is provided by Self-healing Plugin!

04-11-2024T23:20:59 - [MESSAGE][WARNING] - [SELF-HEALING] The current locator of test object 'Object Repository/Thread_Webshop/Banner/Page_Threads  Customize Dawn  Shopify/iframe_Skip to content_9cc54c77-f6ce-460d-a_b95ee9' was broken. Propose an alternative one: '//div[@id='AppFrameScrollable']/div/div/div/div/div/div/iframe'.

04-11-2024T23:20:59 - [MESSAGE][PASSED] - Object: 'Object Repository/Thread_Webshop/Banner/Page_Threads  Customize Dawn  Shopify/div_Products (2)' is clicked on

04-11-2024T23:20:59 - [TEST_STEP][PASSED] - click(findTestObject("Object Repository/Thread_Webshop/Banner/Page_Threads  Customize Dawn  Shopify/div_All products")): Object: 'Object Repository/Thread_Webshop/Banner/Page_Threads  Customize Dawn  Shopify/div_All products' is clicked on

04-11-2024T23:21:30 - [MESSAGE][INFO] - Unable to find the element located by 'By.xpath: //iframe[@name='9cc54c77-f6ce-460d-a73a-47539e55d8d3']'. Please recheck the objects properties to make sure the desired element is located. 

04-11-2024T23:21:30 - [MESSAGE][WARNING] - [SELF-HEALING] Failed to find element with id 'Object Repository/Thread_Webshop/Banner/Page_Threads  Customize Dawn  Shopify/iframe_Skip to content_9cc54c77-f6ce-460d-a_b95ee9'. Try using Self-healing.

04-11-2024T23:21:30 - [MESSAGE][ERROR] - [SELF-HEALING] com.google.gson.stream.MalformedJsonException: Expected ':' at line 5 column 10 path $.brokenTestObjects[0].<<<<<<<

04-11-2024T23:21:31 - [MESSAGE][INFO] - [SELF-HEALING] Failed Locator: '//iframe[@name='9cc54c77-f6ce-460d-a73a-47539e55d8d3']'.

04-11-2024T23:21:31 - [MESSAGE][INFO] - [SELF-HEALING] Working Locator: '//div[@id='AppFrameScrollable']/div/div/div/div/div/div/iframe'.

04-11-2024T23:21:31 - [MESSAGE][INFO] - [SELF-HEALING] Screenshot: C:/Users/SamajitKundu/git/threadShopify/ThreadShopify/Reports/Self-healing/Object Repository/Thread_Webshop/Banner/Page_Threads  Customize Dawn  Shopify/iframe_Skip to content_9cc54c77-f6ce-460d-a_b95ee9_idRelative.png

04-11-2024T23:21:31 - [MESSAGE][ERROR] - [SELF-HEALING] com.google.gson.stream.MalformedJsonException: Expected ':' at line 5 column 10 path $.brokenTestObjects[0].<<<<<<<

04-11-2024T23:21:31 - [MESSAGE][ERROR] - [SELF-HEALING] C:\Users\SamajitKundu\git\threadShopify\ThreadShopify\Reports\Self-healing\broken-test-objects-v2.json does not exist or is provided by Self-healing Plugin!

04-11-2024T23:21:31 - [MESSAGE][WARNING] - [SELF-HEALING] The current locator of test object 'Object Repository/Thread_Webshop/Banner/Page_Threads  Customize Dawn  Shopify/iframe_Skip to content_9cc54c77-f6ce-460d-a_b95ee9' was broken. Propose an alternative one: '//div[@id='AppFrameScrollable']/div/div/div/div/div/div/iframe'.

04-11-2024T23:21:31 - [MESSAGE][PASSED] - Object: 'Object Repository/Thread_Webshop/Banner/Page_Threads  Customize Dawn  Shopify/div_All products' is clicked on

04-11-2024T23:21:31 - [TEST_STEP][PASSED] - takeScreenshot(screenshotFolder + "selection_banner.png"): Taking screenshot successfully

04-11-2024T23:21:32 - [MESSAGE][PASSED] - Taking screenshot successfully
[[ATTACHMENT|C:\\Users\\SamajitKundu\\git\\threadShopify\\ThreadShopify\\Reports\\20241104_223842\\Threads\\Final TestSuit\\20241104_223843\\screenshots/Banner_20241104_231746/selection_banner.png]]

04-11-2024T23:21:32 - [TEST_STEP][PASSED] - click(findTestObject("Object Repository/Thread_Webshop/Banner/Page_Threads  Customize Dawn  Shopify/span_Save (4)")): Object: 'Object Repository/Thread_Webshop/Banner/Page_Threads  Customize Dawn  Shopify/span_Save (4)' is clicked on

04-11-2024T23:22:03 - [MESSAGE][INFO] - Unable to find the element located by 'By.xpath: //iframe[@name='fe56d741-3ec3-491d-b2e4-4f073b20fe50']'. Please recheck the objects properties to make sure the desired element is located. 

04-11-2024T23:22:03 - [MESSAGE][WARNING] - [SELF-HEALING] Failed to find element with id 'Object Repository/Thread_Webshop/Banner/Page_Threads  Customize Dawn  Shopify/iframe_Skip to content_fe56d741-3ec3-491d-b_5f461d'. Try using Self-healing.

04-11-2024T23:22:03 - [MESSAGE][ERROR] - [SELF-HEALING] com.google.gson.stream.MalformedJsonException: Expected ':' at line 5 column 10 path $.brokenTestObjects[0].<<<<<<<

04-11-2024T23:22:04 - [MESSAGE][INFO] - [SELF-HEALING] Failed Locator: '//iframe[@name='fe56d741-3ec3-491d-b2e4-4f073b20fe50']'.

04-11-2024T23:22:04 - [MESSAGE][INFO] - [SELF-HEALING] Working Locator: '//div[@id='AppFrameScrollable']/div/div/div/div/div/div/iframe'.

04-11-2024T23:22:04 - [MESSAGE][INFO] - [SELF-HEALING] Screenshot: C:/Users/SamajitKundu/git/threadShopify/ThreadShopify/Reports/Self-healing/Object Repository/Thread_Webshop/Banner/Page_Threads  Customize Dawn  Shopify/iframe_Skip to content_fe56d741-3ec3-491d-b_5f461d_idRelative.png

04-11-2024T23:22:04 - [MESSAGE][ERROR] - [SELF-HEALING] com.google.gson.stream.MalformedJsonException: Expected ':' at line 5 column 10 path $.brokenTestObjects[0].<<<<<<<

04-11-2024T23:22:04 - [MESSAGE][ERROR] - [SELF-HEALING] C:\Users\SamajitKundu\git\threadShopify\ThreadShopify\Reports\Self-healing\broken-test-objects-v2.json does not exist or is provided by Self-healing Plugin!

04-11-2024T23:22:04 - [MESSAGE][WARNING] - [SELF-HEALING] The current locator of test object 'Object Repository/Thread_Webshop/Banner/Page_Threads  Customize Dawn  Shopify/iframe_Skip to content_fe56d741-3ec3-491d-b_5f461d' was broken. Propose an alternative one: '//div[@id='AppFrameScrollable']/div/div/div/div/div/div/iframe'.

04-11-2024T23:22:04 - [MESSAGE][PASSED] - Object: 'Object Repository/Thread_Webshop/Banner/Page_Threads  Customize Dawn  Shopify/span_Save (4)' is clicked on

04-11-2024T23:22:05 - [TEST_STEP][PASSED] - delay(2): Delayed 2 second(s)

04-11-2024T23:22:07 - [MESSAGE][PASSED] - Delayed 2 second(s)

04-11-2024T23:22:07 - [TEST_STEP][PASSED] - callTestCase(findTestCase("Threads_Webshop/ReUsable Testcases/Enter Password"), [:], STOP_ON_FAILURE): Call Test Case 'Test Cases/Threads_Webshop/ReUsable Testcases/Enter Password' successfully

04-11-2024T23:22:07 - [TEST_CASE][PASSED] - Test Cases/Threads_Webshop/ReUsable Testcases/Enter Password: Test Cases/Threads_Webshop/ReUsable Testcases/Enter Password

04-11-2024T23:22:07 - [TEST_STEP][PASSED] - openBrowser(""): Browser is opened with url: ''

04-11-2024T23:22:07 - [MESSAGE][WARNING] - A browser is already opened. Closing browser and opening a new one

04-11-2024T23:22:08 - [MESSAGE][INFO] - Starting 'Chrome' driver

04-11-2024T23:22:08 - [MESSAGE][INFO] - Action delay is set to 0 milliseconds

04-11-2024T23:22:09 - [MESSAGE][PASSED] - Browser is opened with url: ''

04-11-2024T23:22:09 - [TEST_STEP][PASSED] - maximizeWindow(): Current window maximized

04-11-2024T23:22:09 - [MESSAGE][PASSED] - Current window maximized

04-11-2024T23:22:09 - [TEST_STEP][PASSED] - navigateToUrl("https://threads0.myshopify.com/password"): Navigate to 'https://threads0.myshopify.com/password' successfully

04-11-2024T23:22:10 - [MESSAGE][PASSED] - Navigate to 'https://threads0.myshopify.com/password' successfully

04-11-2024T23:22:10 - [TEST_STEP][PASSED] - click(findTestObject("Object Repository/Thread_Webshop/Reusable Testcase/Page_Threads/div_Enter using password")): Object: 'Object Repository/Thread_Webshop/Reusable Testcase/Page_Threads/div_Enter using password' is clicked on

04-11-2024T23:22:17 - [MESSAGE][PASSED] - Object: 'Object Repository/Thread_Webshop/Reusable Testcase/Page_Threads/div_Enter using password' is clicked on

04-11-2024T23:22:17 - [TEST_STEP][PASSED] - setEncryptedText(findTestObject("Object Repository/Thread_Webshop/Reusable Testcase/Page_Threads/input_Enter store using password_password"), "gnzTAVlujIw+lTr0To6+Cg=="): Text ****** has been set on object 'Object Repository/Thread_Webshop/Reusable Testcase/Page_Threads/input_Enter store using password_password'

04-11-2024T23:22:18 - [MESSAGE][PASSED] - Text ****** has been set on object 'Object Repository/Thread_Webshop/Reusable Testcase/Page_Threads/input_Enter store using password_password'

04-11-2024T23:22:18 - [TEST_STEP][PASSED] - click(findTestObject("Object Repository/Thread_Webshop/Reusable Testcase/Page_Threads/button_Enter")): Object: 'Object Repository/Thread_Webshop/Reusable Testcase/Page_Threads/button_Enter' is clicked on

04-11-2024T23:22:20 - [MESSAGE][PASSED] - Object: 'Object Repository/Thread_Webshop/Reusable Testcase/Page_Threads/button_Enter' is clicked on

04-11-2024T23:22:20 - [MESSAGE][INFO] - 

04-11-2024T23:22:20 - [MESSAGE][INFO] - ===================== Self-healing Report ====================

04-11-2024T23:22:20 - [MESSAGE][INFO] - One of the failed test object locators has been recovered by Self-healing. Please refer to the Self-healing Insights tab for more details.

04-11-2024T23:22:20 - [MESSAGE][INFO] - To learn more about Self-healing, please read https://docs.katalon.com/katalon-studio/docs/self-healing.html

04-11-2024T23:22:20 - [MESSAGE][INFO] - ==============================================================

04-11-2024T23:22:20 - [MESSAGE][PASSED] - Call Test Case 'Test Cases/Threads_Webshop/ReUsable Testcases/Enter Password' successfully

04-11-2024T23:22:20 - [TEST_STEP][PASSED] - click(findTestObject("Object Repository/Thread_Webshop/Banner/Page_Threads/a_Explore Threads_1")): Object: 'Object Repository/Thread_Webshop/Banner/Page_Threads/a_Explore Threads_1' is clicked on

04-11-2024T23:22:22 - [MESSAGE][PASSED] - Object: 'Object Repository/Thread_Webshop/Banner/Page_Threads/a_Explore Threads_1' is clicked on

04-11-2024T23:22:22 - [TEST_STEP][PASSED] - takeScreenshot(screenshotFolder + "check_banner.png"): Taking screenshot successfully

04-11-2024T23:22:25 - [MESSAGE][PASSED] - Taking screenshot successfully
[[ATTACHMENT|C:\\Users\\SamajitKundu\\git\\threadShopify\\ThreadShopify\\Reports\\20241104_223842\\Threads\\Final TestSuit\\20241104_223843\\screenshots/Banner_20241104_231746/check_banner.png]]

04-11-2024T23:22:25 - [TEST_STEP][PASSED] - click(findTestObject("Object Repository/Thread_Webshop/Banner/Page_Products  Threads/a_ADIDAS  CLASSIC BACKPACK")): Object: 'Object Repository/Thread_Webshop/Banner/Page_Products  Threads/a_ADIDAS  CLASSIC BACKPACK' is clicked on

04-11-2024T23:22:27 - [MESSAGE][PASSED] - Object: 'Object Repository/Thread_Webshop/Banner/Page_Products  Threads/a_ADIDAS  CLASSIC BACKPACK' is clicked on

04-11-2024T23:22:27 - [TEST_STEP][PASSED] - closeBrowser(): Browser is closed

04-11-2024T23:22:28 - [MESSAGE][PASSED] - Browser is closed]]></system-out>
         <system-err><![CDATA[]]></system-err>
      </testcase>
      <system-out><![CDATA[04-11-2024T22:38:46 - [TEST_SUITE][FAILED] - Final TestSuit: Test Cases/Threads_Webshop/7 My Account/TC-308,307-Verify the Credit Card details FAILED.
Reason:
com.kms.katalon.core.exception.StepFailedException: Unable to verify text 'Your order is confirmed' is present 
	at com.kms.katalon.core.webui.keyword.internal.WebUIKeywordMain.stepFailed(WebUIKeywordMain.groovy:117)
	at com.kms.katalon.core.webui.keyword.internal.WebUIKeywordMain.runKeyword(WebUIKeywordMain.groovy:43)
	at com.kms.katalon.core.webui.keyword.builtin.VerifyTextPresentKeyword.verifyTextPresent(VerifyTextPresentKeyword.groovy:83)
	at com.kms.katalon.core.webui.keyword.builtin.VerifyTextPresentKeyword.execute(VerifyTextPresentKeyword.groovy:68)
	at com.kms.katalon.core.keyword.internal.KeywordExecutor.executeKeywordForPlatform(KeywordExecutor.groovy:74)
	at com.kms.katalon.core.webui.keyword.WebUiBuiltInKeywords.verifyTextPresent(WebUiBuiltInKeywords.groovy:1762)
	at TC-308,307-Verify the Credit Card details.run(TC-308,307-Verify the Credit Card details:122)
	at com.kms.katalon.core.main.ScriptEngine.run(ScriptEngine.java:194)
	at com.kms.katalon.core.main.ScriptEngine.runScriptAsRawText(ScriptEngine.java:119)
	at com.kms.katalon.core.main.TestCaseExecutor.runScript(TestCaseExecutor.java:448)
	at com.kms.katalon.core.main.TestCaseExecutor.doExecute(TestCaseExecutor.java:439)
	at com.kms.katalon.core.main.TestCaseExecutor.processExecutionPhase(TestCaseExecutor.java:418)
	at com.kms.katalon.core.main.TestCaseExecutor.accessMainPhase(TestCaseExecutor.java:410)
	at com.kms.katalon.core.main.TestCaseExecutor.execute(TestCaseExecutor.java:285)
	at com.kms.katalon.core.common.CommonExecutor.accessTestCaseMainPhase(CommonExecutor.java:65)
	at com.kms.katalon.core.main.TestSuiteExecutor.accessTestSuiteMainPhase(TestSuiteExecutor.java:150)
	at com.kms.katalon.core.main.TestSuiteExecutor.execute(TestSuiteExecutor.java:106)
	at com.kms.katalon.core.main.TestCaseMain.startTestSuite(TestCaseMain.java:180)
	at TempTestSuite1730740123771.run(TempTestSuite1730740123771.groovy:35)
	at java.base/jdk.internal.reflect.NativeMethodAccessorImpl.invoke0(Native Method)
	at java.base/jdk.internal.reflect.NativeMethodAccessorImpl.invoke(NativeMethodAccessorImpl.java:77)
	at java.base/jdk.internal.reflect.DelegatingMethodAccessorImpl.invoke(DelegatingMethodAccessorImpl.java:43)
Caused by: com.kms.katalon.core.exception.StepFailedException: Text 'Your order is confirmed' is not present on page 
	at com.kms.katalon.core.webui.keyword.internal.WebUIKeywordMain.stepFailed(WebUIKeywordMain.groovy:117)
	at com.kms.katalon.core.webui.keyword.builtin.VerifyTextPresentKeyword$_verifyTextPresent_closure1.doCall(VerifyTextPresentKeyword.groovy:79)
	at com.kms.katalon.core.webui.keyword.builtin.VerifyTextPresentKeyword$_verifyTextPresent_closure1.call(VerifyTextPresentKeyword.groovy)
	at com.kms.katalon.core.webui.keyword.internal.WebUIKeywordMain.runKeyword(WebUIKeywordMain.groovy:35)
	... 20 more]]></system-out>
      <system-err><![CDATA[04-11-2024T22:38:46 - [TEST_SUITE][FAILED] - Final TestSuit: Test Cases/Threads_Webshop/7 My Account/TC-308,307-Verify the Credit Card details FAILED.
Reason:
com.kms.katalon.core.exception.StepFailedException: Unable to verify text 'Your order is confirmed' is present 
	at com.kms.katalon.core.webui.keyword.internal.WebUIKeywordMain.stepFailed(WebUIKeywordMain.groovy:117)
	at com.kms.katalon.core.webui.keyword.internal.WebUIKeywordMain.runKeyword(WebUIKeywordMain.groovy:43)
	at com.kms.katalon.core.webui.keyword.builtin.VerifyTextPresentKeyword.verifyTextPresent(VerifyTextPresentKeyword.groovy:83)
	at com.kms.katalon.core.webui.keyword.builtin.VerifyTextPresentKeyword.execute(VerifyTextPresentKeyword.groovy:68)
	at com.kms.katalon.core.keyword.internal.KeywordExecutor.executeKeywordForPlatform(KeywordExecutor.groovy:74)
	at com.kms.katalon.core.webui.keyword.WebUiBuiltInKeywords.verifyTextPresent(WebUiBuiltInKeywords.groovy:1762)
	at TC-308,307-Verify the Credit Card details.run(TC-308,307-Verify the Credit Card details:122)
	at com.kms.katalon.core.main.ScriptEngine.run(ScriptEngine.java:194)
	at com.kms.katalon.core.main.ScriptEngine.runScriptAsRawText(ScriptEngine.java:119)
	at com.kms.katalon.core.main.TestCaseExecutor.runScript(TestCaseExecutor.java:448)
	at com.kms.katalon.core.main.TestCaseExecutor.doExecute(TestCaseExecutor.java:439)
	at com.kms.katalon.core.main.TestCaseExecutor.processExecutionPhase(TestCaseExecutor.java:418)
	at com.kms.katalon.core.main.TestCaseExecutor.accessMainPhase(TestCaseExecutor.java:410)
	at com.kms.katalon.core.main.TestCaseExecutor.execute(TestCaseExecutor.java:285)
	at com.kms.katalon.core.common.CommonExecutor.accessTestCaseMainPhase(CommonExecutor.java:65)
	at com.kms.katalon.core.main.TestSuiteExecutor.accessTestSuiteMainPhase(TestSuiteExecutor.java:150)
	at com.kms.katalon.core.main.TestSuiteExecutor.execute(TestSuiteExecutor.java:106)
	at com.kms.katalon.core.main.TestCaseMain.startTestSuite(TestCaseMain.java:180)
	at TempTestSuite1730740123771.run(TempTestSuite1730740123771.groovy:35)
	at java.base/jdk.internal.reflect.NativeMethodAccessorImpl.invoke0(Native Method)
	at java.base/jdk.internal.reflect.NativeMethodAccessorImpl.invoke(NativeMethodAccessorImpl.java:77)
	at java.base/jdk.internal.reflect.DelegatingMethodAccessorImpl.invoke(DelegatingMethodAccessorImpl.java:43)
Caused by: com.kms.katalon.core.exception.StepFailedException: Text 'Your order is confirmed' is not present on page 
	at com.kms.katalon.core.webui.keyword.internal.WebUIKeywordMain.stepFailed(WebUIKeywordMain.groovy:117)
	at com.kms.katalon.core.webui.keyword.builtin.VerifyTextPresentKeyword$_verifyTextPresent_closure1.doCall(VerifyTextPresentKeyword.groovy:79)
	at com.kms.katalon.core.webui.keyword.builtin.VerifyTextPresentKeyword$_verifyTextPresent_closure1.call(VerifyTextPresentKeyword.groovy)
	at com.kms.katalon.core.webui.keyword.internal.WebUIKeywordMain.runKeyword(WebUIKeywordMain.groovy:35)
	... 20 more]]></system-err>
   </testsuite>
</testsuites>
