<?xml version="1.0" encoding="UTF-8"?>
<testsuites name="Threads_Suits" time="857.498" tests="14" failures="0" errors="0">
   <testsuite name="Threads_Suits" tests="14" failures="0" errors="0" time="857.498" skipped="0" timestamp="01-11-2024T15:55:57" hostname="SamajitKundu - PSDLAP275" id="Test Suites/Threads/Threads_Suits">
      <properties>
         <property name="deviceName" value=""/>
         <property name="devicePlatform"/>
         <property name="logFolder" value="C:\\Users\\SamajitKundu\\git\\threadShopify\\ThreadShopify\\Reports\\20241101_155553\\Threads\\Threads_Suits\\20241101_155554"/>
         <property name="logFiles" value="C:\\Users\\SamajitKundu\\git\\threadShopify\\ThreadShopify\\Reports\\20241101_155553\\Threads\\Threads_Suits\\20241101_155554\\execution0.log"/>
         <property name="attachments" value="C:\\Users\\SamajitKundu\\git\\threadShopify\\ThreadShopify\\Reports\\20241101_155553\\Threads\\Threads_Suits\\20241101_155554\\screenshots/regestration_20241101155558/enter_password.png, C:\\Users\\SamajitKundu\\git\\threadShopify\\ThreadShopify\\Reports\\20241101_155553\\Threads\\Threads_Suits\\20241101_155554\\screenshots/regestration_20241101155558/home_page.png, C:\\Users\\SamajitKundu\\git\\threadShopify\\ThreadShopify\\Reports\\20241101_155553\\Threads\\Threads_Suits\\20241101_155554\\screenshots/regestration_20241101155558/create_account_page.png, C:\\Users\\SamajitKundu\\git\\threadShopify\\ThreadShopify\\Reports\\20241101_155553\\Threads\\Threads_Suits\\20241101_155554\\screenshots/regestration_20241101155558/account_page.png, C:\\Users\\SamajitKundu\\git\\threadShopify\\ThreadShopify\\Reports\\20241101_155553\\Threads\\Threads_Suits\\20241101_155554\\screenshots/regestration_20241101155558/blank_fields.png, C:\\Users\\SamajitKundu\\git\\threadShopify\\ThreadShopify\\Reports\\20241101_155553\\Threads\\Threads_Suits\\20241101_155554\\screenshots/regestration_20241101155558/without_passwordBefore.png, C:\\Users\\SamajitKundu\\git\\threadShopify\\ThreadShopify\\Reports\\20241101_155553\\Threads\\Threads_Suits\\20241101_155554\\screenshots/regestration_20241101155558/without_passwordAfter.png, C:\\Users\\SamajitKundu\\git\\threadShopify\\ThreadShopify\\Reports\\20241101_155553\\Threads\\Threads_Suits\\20241101_155554\\screenshots/regestration_20241101155558/wrong_emailBefore.png, C:\\Users\\SamajitKundu\\git\\threadShopify\\ThreadShopify\\Reports\\20241101_155553\\Threads\\Threads_Suits\\20241101_155554\\screenshots/regestration_20241101155558/wrong_emailAfter.png, C:\\Users\\SamajitKundu\\git\\threadShopify\\ThreadShopify\\Reports\\20241101_155553\\Threads\\Threads_Suits\\20241101_155554\\screenshots/regestration_20241101155558/correctBefore.png, C:\\Users\\SamajitKundu\\git\\threadShopify\\ThreadShopify\\Reports\\20241101_155553\\Threads\\Threads_Suits\\20241101_155554\\screenshots/regestration_20241101155558/correctAfter.png, C:\\Users\\SamajitKundu\\git\\threadShopify\\ThreadShopify\\Reports\\20241101_155553\\Threads\\Threads_Suits\\20241101_155554\\screenshots/regestration_20241101155558/home_page_post_login.png, C:\\Users\\SamajitKundu\\git\\threadShopify\\ThreadShopify\\Reports\\20241101_155553\\Threads\\Threads_Suits\\20241101_155554\\screenshots/regestration_20241101155558/logout.png, C:\\Users\\SamajitKundu\\git\\threadShopify\\ThreadShopify\\Reports\\20241101_155553\\Threads\\Threads_Suits\\20241101_155554\\screenshots/login_20241101155701/login_page.png, C:\\Users\\SamajitKundu\\git\\threadShopify\\ThreadShopify\\Reports\\20241101_155553\\Threads\\Threads_Suits\\20241101_155554\\screenshots/login_20241101155701/login_page_after.png, C:\\Users\\SamajitKundu\\git\\threadShopify\\ThreadShopify\\Reports\\20241101_155553\\Threads\\Threads_Suits\\20241101_155554\\screenshots/login_20241101155701/invalid_email_before.png, C:\\Users\\SamajitKundu\\git\\threadShopify\\ThreadShopify\\Reports\\20241101_155553\\Threads\\Threads_Suits\\20241101_155554\\screenshots/login_20241101155701/invalid_email_after.png, C:\\Users\\SamajitKundu\\git\\threadShopify\\ThreadShopify\\Reports\\20241101_155553\\Threads\\Threads_Suits\\20241101_155554\\screenshots/login_20241101155701/invalid_password_before.png, C:\\Users\\SamajitKundu\\git\\threadShopify\\ThreadShopify\\Reports\\20241101_155553\\Threads\\Threads_Suits\\20241101_155554\\screenshots/login_20241101155701/invalid_password_after.png, C:\\Users\\SamajitKundu\\git\\threadShopify\\ThreadShopify\\Reports\\20241101_155553\\Threads\\Threads_Suits\\20241101_155554\\screenshots/login_20241101155701/valid_before.png, C:\\Users\\SamajitKundu\\git\\threadShopify\\ThreadShopify\\Reports\\20241101_155553\\Threads\\Threads_Suits\\20241101_155554\\screenshots/login_20241101155701/valid_after.png, C:\\Users\\SamajitKundu\\git\\threadShopify\\ThreadShopify\\Reports\\20241101_155553\\Threads\\Threads_Suits\\20241101_155554\\screenshots/login_20241101155701/account_page.png, C:\\Users\\SamajitKundu\\git\\threadShopify\\ThreadShopify\\Reports\\20241101_155553\\Threads\\Threads_Suits\\20241101_155554\\screenshots/login_20241101155701/logout_page.png, C:\\Users\\SamajitKundu\\git\\threadShopify\\ThreadShopify\\Reports\\20241101_155553\\Threads\\Threads_Suits\\20241101_155554\\screenshots/login_20241101155701/login_page_after_logout.png, C:\\Users\\SamajitKundu\\git\\threadShopify\\ThreadShopify\\Reports\\20241101_155553\\Threads\\Threads_Suits\\20241101_155554\\screenshots/home_page_20241101_155749/home.png, C:\\Users\\SamajitKundu\\git\\threadShopify\\ThreadShopify\\Reports\\20241101_155553\\Threads\\Threads_Suits\\20241101_155554\\screenshots/home_page_20241101_155749/open_search_bar.png, C:\\Users\\SamajitKundu\\git\\threadShopify\\ThreadShopify\\Reports\\20241101_155553\\Threads\\Threads_Suits\\20241101_155554\\screenshots/home_page_20241101_155749/blank_bar.png, C:\\Users\\SamajitKundu\\git\\threadShopify\\ThreadShopify\\Reports\\20241101_155553\\Threads\\Threads_Suits\\20241101_155554\\screenshots/home_page_20241101_155749/invalid_before.png, C:\\Users\\SamajitKundu\\git\\threadShopify\\ThreadShopify\\Reports\\20241101_155553\\Threads\\Threads_Suits\\20241101_155554\\screenshots/home_page_20241101_155749/invalid_after.png, C:\\Users\\SamajitKundu\\git\\threadShopify\\ThreadShopify\\Reports\\20241101_155553\\Threads\\Threads_Suits\\20241101_155554\\screenshots/home_page_20241101_155749/search_item_before.png, C:\\Users\\SamajitKundu\\git\\threadShopify\\ThreadShopify\\Reports\\20241101_155553\\Threads\\Threads_Suits\\20241101_155554\\screenshots/home_page_20241101_155749/search_item_after.png, C:\\Users\\SamajitKundu\\git\\threadShopify\\ThreadShopify\\Reports\\20241101_155553\\Threads\\Threads_Suits\\20241101_155554\\screenshots/home_page_20241101_155749/search_result.png, C:\\Users\\SamajitKundu\\git\\threadShopify\\ThreadShopify\\Reports\\20241101_155553\\Threads\\Threads_Suits\\20241101_155554\\screenshots/home_page_20241101_155749/home_final.png, C:\\Users\\SamajitKundu\\git\\threadShopify\\ThreadShopify\\Reports\\20241101_155553\\Threads\\Threads_Suits\\20241101_155554\\screenshots/home_page_20241101_155832/social_media_icon.png, C:\\Users\\SamajitKundu\\git\\threadShopify\\ThreadShopify\\Reports\\20241101_155553\\Threads\\Threads_Suits\\20241101_155554\\screenshots/home_page_20241101_155851/home.png, C:\\Users\\SamajitKundu\\git\\threadShopify\\ThreadShopify\\Reports\\20241101_155553\\Threads\\Threads_Suits\\20241101_155554\\screenshots/home_page_20241101_155851/banner.png, C:\\Users\\SamajitKundu\\git\\threadShopify\\ThreadShopify\\Reports\\20241101_155553\\Threads\\Threads_Suits\\20241101_155554\\screenshots/home_page_20241101_155851/featured.png, C:\\Users\\SamajitKundu\\git\\threadShopify\\ThreadShopify\\Reports\\20241101_155553\\Threads\\Threads_Suits\\20241101_155554\\screenshots/shopping_cart_20241101_155918/home.png, C:\\Users\\SamajitKundu\\git\\threadShopify\\ThreadShopify\\Reports\\20241101_155553\\Threads\\Threads_Suits\\20241101_155554\\screenshots/shopping_cart_20241101_155918/catalog.png, C:\\Users\\SamajitKundu\\git\\threadShopify\\ThreadShopify\\Reports\\20241101_155553\\Threads\\Threads_Suits\\20241101_155554\\screenshots/shopping_cart_20241101_155918/addToCart1.png, C:\\Users\\SamajitKundu\\git\\threadShopify\\ThreadShopify\\Reports\\20241101_155553\\Threads\\Threads_Suits\\20241101_155554\\screenshots/shopping_cart_20241101_155918/addToCart2.png, C:\\Users\\SamajitKundu\\git\\threadShopify\\ThreadShopify\\Reports\\20241101_155553\\Threads\\Threads_Suits\\20241101_155554\\screenshots/shopping_cart_20241101_155918/addToCart3.png, C:\\Users\\SamajitKundu\\git\\threadShopify\\ThreadShopify\\Reports\\20241101_155553\\Threads\\Threads_Suits\\20241101_155554\\screenshots/shopping_cart_20241101_155918/verify_cart.png, C:\\Users\\SamajitKundu\\git\\threadShopify\\ThreadShopify\\Reports\\20241101_155553\\Threads\\Threads_Suits\\20241101_155554\\screenshots/shopping_cart_20241101_160000/home.png, C:\\Users\\SamajitKundu\\git\\threadShopify\\ThreadShopify\\Reports\\20241101_155553\\Threads\\Threads_Suits\\20241101_155554\\screenshots/shopping_cart_20241101_160000/item.png, C:\\Users\\SamajitKundu\\git\\threadShopify\\ThreadShopify\\Reports\\20241101_155553\\Threads\\Threads_Suits\\20241101_155554\\screenshots/shopping_cart_20241101_160000/verify_cart.png, C:\\Users\\SamajitKundu\\git\\threadShopify\\ThreadShopify\\Reports\\20241101_155553\\Threads\\Threads_Suits\\20241101_155554\\screenshots/shopping_cart_20241101_160000/checkout.png, C:\\Users\\SamajitKundu\\git\\threadShopify\\ThreadShopify\\Reports\\20241101_155553\\Threads\\Threads_Suits\\20241101_155554\\screenshots/shopping_cart_20241101_160000/promo.png, C:\\Users\\SamajitKundu\\git\\threadShopify\\ThreadShopify\\Reports\\20241101_155553\\Threads\\Threads_Suits\\20241101_155554\\screenshots/shopping_cart_20241101_160000/verify_price.png, C:\\Users\\SamajitKundu\\git\\threadShopify\\ThreadShopify\\Reports\\20241101_155553\\Threads\\Threads_Suits\\20241101_155554\\screenshots/checkout_20241101_160119/home.png, C:\\Users\\SamajitKundu\\git\\threadShopify\\ThreadShopify\\Reports\\20241101_155553\\Threads\\Threads_Suits\\20241101_155554\\screenshots/checkout_20241101_160119/item.png, C:\\Users\\SamajitKundu\\git\\threadShopify\\ThreadShopify\\Reports\\20241101_155553\\Threads\\Threads_Suits\\20241101_155554\\screenshots/checkout_20241101_160119/checkout_screen.png, C:\\Users\\SamajitKundu\\git\\threadShopify\\ThreadShopify\\Reports\\20241101_155553\\Threads\\Threads_Suits\\20241101_155554\\screenshots/checkout_20241101_160119/information_before.png, C:\\Users\\SamajitKundu\\git\\threadShopify\\ThreadShopify\\Reports\\20241101_155553\\Threads\\Threads_Suits\\20241101_155554\\screenshots/checkout_20241101_160119/changed.png, C:\\Users\\SamajitKundu\\git\\threadShopify\\ThreadShopify\\Reports\\20241101_155553\\Threads\\Threads_Suits\\20241101_155554\\screenshots/checkout_20241101_160119/information_after.png, C:\\Users\\SamajitKundu\\git\\threadShopify\\ThreadShopify\\Reports\\20241101_155553\\Threads\\Threads_Suits\\20241101_155554\\screenshots/checkout_20241101_160218/home.png, C:\\Users\\SamajitKundu\\git\\threadShopify\\ThreadShopify\\Reports\\20241101_155553\\Threads\\Threads_Suits\\20241101_155554\\screenshots/checkout_20241101_160218/item.png, C:\\Users\\SamajitKundu\\git\\threadShopify\\ThreadShopify\\Reports\\20241101_155553\\Threads\\Threads_Suits\\20241101_155554\\screenshots/checkout_20241101_160218/checkout.png, C:\\Users\\SamajitKundu\\git\\threadShopify\\ThreadShopify\\Reports\\20241101_155553\\Threads\\Threads_Suits\\20241101_155554\\screenshots/checkout_20241101_160218/shipping_method1.png, C:\\Users\\SamajitKundu\\git\\threadShopify\\ThreadShopify\\Reports\\20241101_155553\\Threads\\Threads_Suits\\20241101_155554\\screenshots/checkout_20241101_160218/shipping_method2.png, C:\\Users\\SamajitKundu\\git\\threadShopify\\ThreadShopify\\Reports\\20241101_155553\\Threads\\Threads_Suits\\20241101_155554\\screenshots/my_account_20241101_160443/account.png, C:\\Users\\SamajitKundu\\git\\threadShopify\\ThreadShopify\\Reports\\20241101_155553\\Threads\\Threads_Suits\\20241101_155554\\screenshots/my_account_20241101_160443/address.png, C:\\Users\\SamajitKundu\\git\\threadShopify\\ThreadShopify\\Reports\\20241101_155553\\Threads\\Threads_Suits\\20241101_155554\\screenshots/my_account_20241101_160443/edit.png, C:\\Users\\SamajitKundu\\git\\threadShopify\\ThreadShopify\\Reports\\20241101_155553\\Threads\\Threads_Suits\\20241101_155554\\screenshots/my_account_20241101_160443/address_after.png, C:\\Users\\SamajitKundu\\git\\threadShopify\\ThreadShopify\\Reports\\20241101_155553\\Threads\\Threads_Suits\\20241101_155554\\screenshots/order_20241101_160508/home.png, C:\\Users\\SamajitKundu\\git\\threadShopify\\ThreadShopify\\Reports\\20241101_155553\\Threads\\Threads_Suits\\20241101_155554\\screenshots/order_20241101_160508/item.png, C:\\Users\\SamajitKundu\\git\\threadShopify\\ThreadShopify\\Reports\\20241101_155553\\Threads\\Threads_Suits\\20241101_155554\\screenshots/order_20241101_160508/checkout.png, C:\\Users\\SamajitKundu\\git\\threadShopify\\ThreadShopify\\Reports\\20241101_155553\\Threads\\Threads_Suits\\20241101_155554\\screenshots/order_20241101_160508/subscription.png, C:\\Users\\SamajitKundu\\git\\threadShopify\\ThreadShopify\\Reports\\20241101_155553\\Threads\\Threads_Suits\\20241101_155554\\screenshots/wishlist_20241101_160621/home.png, C:\\Users\\SamajitKundu\\git\\threadShopify\\ThreadShopify\\Reports\\20241101_155553\\Threads\\Threads_Suits\\20241101_155554\\screenshots/wishlist_20241101_160621/catalog.png, C:\\Users\\SamajitKundu\\git\\threadShopify\\ThreadShopify\\Reports\\20241101_155553\\Threads\\Threads_Suits\\20241101_155554\\screenshots/wishlist_20241101_160621/item1.png, C:\\Users\\SamajitKundu\\git\\threadShopify\\ThreadShopify\\Reports\\20241101_155553\\Threads\\Threads_Suits\\20241101_155554\\screenshots/wishlist_20241101_160621/wishlist.png, C:\\Users\\SamajitKundu\\git\\threadShopify\\ThreadShopify\\Reports\\20241101_155553\\Threads\\Threads_Suits\\20241101_155554\\screenshots/wishlist_20241101_160621/checkout.png, C:\\Users\\SamajitKundu\\git\\threadShopify\\ThreadShopify\\Reports\\20241101_155553\\Threads\\Threads_Suits\\20241101_155554\\screenshots/wishlist_20241101_160651/home.png, C:\\Users\\SamajitKundu\\git\\threadShopify\\ThreadShopify\\Reports\\20241101_155553\\Threads\\Threads_Suits\\20241101_155554\\screenshots/wishlist_20241101_160651/catalog.png, C:\\Users\\SamajitKundu\\git\\threadShopify\\ThreadShopify\\Reports\\20241101_155553\\Threads\\Threads_Suits\\20241101_155554\\screenshots/wishlist_20241101_160651/wishlist.png, C:\\Users\\SamajitKundu\\git\\threadShopify\\ThreadShopify\\Reports\\20241101_155553\\Threads\\Threads_Suits\\20241101_155554\\screenshots/wishlist_20241101_160752/home.png, C:\\Users\\SamajitKundu\\git\\threadShopify\\ThreadShopify\\Reports\\20241101_155553\\Threads\\Threads_Suits\\20241101_155554\\screenshots/wishlist_20241101_160752/catalog.png, C:\\Users\\SamajitKundu\\git\\threadShopify\\ThreadShopify\\Reports\\20241101_155553\\Threads\\Threads_Suits\\20241101_155554\\screenshots/wishlist_20241101_160752/wishlist.png, C:\\Users\\SamajitKundu\\git\\threadShopify\\ThreadShopify\\Reports\\20241101_155553\\Threads\\Threads_Suits\\20241101_155554\\screenshots/wishlist_20241101_160852/home.png, C:\\Users\\SamajitKundu\\git\\threadShopify\\ThreadShopify\\Reports\\20241101_155553\\Threads\\Threads_Suits\\20241101_155554\\screenshots/wishlist_20241101_160852/catalog.png, C:\\Users\\SamajitKundu\\git\\threadShopify\\ThreadShopify\\Reports\\20241101_155553\\Threads\\Threads_Suits\\20241101_155554\\screenshots/wishlist_20241101_160852/wishlist.png, C:\\Users\\SamajitKundu\\git\\threadShopify\\ThreadShopify\\Reports\\20241101_155553\\Threads\\Threads_Suits\\20241101_155554\\screenshots/wishlist_20241101_160852/addCart.png, C:\\Users\\SamajitKundu\\git\\threadShopify\\ThreadShopify\\Reports\\20241101_155553\\Threads\\Threads_Suits\\20241101_155554\\screenshots/wishlist_20241101_160852/cart.png, C:\\Users\\SamajitKundu\\git\\threadShopify\\ThreadShopify\\Reports\\20241101_155553\\Threads\\Threads_Suits\\20241101_155554\\screenshots/wishlist_20241101_160852/checkout.png"/>
         <property name="hostName" value="SamajitKundu - PSDLAP275"/>
         <property name="os" value="Windows 11 64bit"/>
         <property name="katalonVersion" value="9.7.2.223"/>
         <property name="browser" value="Chrome 130.0.0.0"/>
         <property name="hostAddress" value="192.168.68.67"/>
         <property name="sessionId" value="976b129fa8abe9e96140ddf50e6a8614"/>
         <property name="seleniumVersion" value="3.141.59"/>
         <property name="proxyInformation" value="ProxyInformation { proxyOption=NO_PROXY, proxyServerType=HTTP, username=, password=********, proxyServerAddress=, proxyServerPort=0, executionList=&quot;&quot;, isApplyToDesiredCapabilities=true }"/>
         <property name="platform" value="Windows 11"/>
      </properties>
      <testcase name="Test Cases/Threads_Webshop/1 Registration/TC-73,31-Verify the registration" time="62.74" classname="Test Cases/Threads_Webshop/1 Registration/TC-73,31-Verify the registration" status="PASSED">
         <system-out><![CDATA[01-11-2024T15:55:57 - [TEST_CASE][PASSED] - Test Cases/Threads_Webshop/1 Registration/TC-73,31-Verify the registration: Test Cases/Threads_Webshop/1 Registration/TC-73,31-Verify the registration

01-11-2024T15:55:58 - [TEST_STEP][PASSED] - currentDateTime = LocalDateTime.now(): null

01-11-2024T15:55:58 - [TEST_STEP][PASSED] - formatter = DateTimeFormatter.ofPattern("yyyyMMddHHmmss"): null

01-11-2024T15:55:58 - [TEST_STEP][PASSED] - dateTimeString = currentDateTime.format(formatter): null

01-11-2024T15:55:58 - [TEST_STEP][PASSED] - uniqueEmail = "tester_" + dateTimeString + "@mailinator.com": null

01-11-2024T15:55:58 - [TEST_STEP][PASSED] - println("Generated unique email: " + uniqueEmail): null

01-11-2024T15:55:58 - [TEST_STEP][PASSED] - screenshotFolderPath = "screenshots/regestration_" + dateTimeString + "/": null

01-11-2024T15:55:58 - [TEST_STEP][PASSED] - File(screenshotFolderPath).mkdirs(): null

01-11-2024T15:55:58 - [TEST_STEP][PASSED] - callTestCase(findTestCase("Threads_Webshop/ReUsable Testcases/Enter Password"), [:], STOP_ON_FAILURE): Call Test Case 'Test Cases/Threads_Webshop/ReUsable Testcases/Enter Password' successfully

01-11-2024T15:55:58 - [TEST_CASE][PASSED] - Test Cases/Threads_Webshop/ReUsable Testcases/Enter Password: Test Cases/Threads_Webshop/ReUsable Testcases/Enter Password

01-11-2024T15:55:58 - [TEST_STEP][PASSED] - openBrowser(""): Browser is opened with url: ''

01-11-2024T15:55:58 - [MESSAGE][INFO] - Starting 'Chrome' driver

01-11-2024T15:55:58 - [MESSAGE][INFO] - Action delay is set to 0 milliseconds

01-11-2024T15:56:00 - [MESSAGE][PASSED] - Browser is opened with url: ''

01-11-2024T15:56:00 - [TEST_STEP][PASSED] - maximizeWindow(): Current window maximized

01-11-2024T15:56:00 - [MESSAGE][PASSED] - Current window maximized

01-11-2024T15:56:00 - [TEST_STEP][PASSED] - navigateToUrl("https://threads0.myshopify.com/password"): Navigate to 'https://threads0.myshopify.com/password' successfully

01-11-2024T15:56:04 - [MESSAGE][PASSED] - Navigate to 'https://threads0.myshopify.com/password' successfully

01-11-2024T15:56:04 - [TEST_STEP][PASSED] - click(findTestObject("Object Repository/Thread_Webshop/Reusable Testcase/Page_Threads/div_Enter using password")): Object: 'Object Repository/Thread_Webshop/Reusable Testcase/Page_Threads/div_Enter using password' is clicked on

01-11-2024T15:56:05 - [MESSAGE][PASSED] - Object: 'Object Repository/Thread_Webshop/Reusable Testcase/Page_Threads/div_Enter using password' is clicked on

01-11-2024T15:56:05 - [TEST_STEP][PASSED] - setEncryptedText(findTestObject("Object Repository/Thread_Webshop/Reusable Testcase/Page_Threads/input_Enter store using password_password"), "gnzTAVlujIw+lTr0To6+Cg=="): Text ****** has been set on object 'Object Repository/Thread_Webshop/Reusable Testcase/Page_Threads/input_Enter store using password_password'

01-11-2024T15:56:05 - [MESSAGE][PASSED] - Text ****** has been set on object 'Object Repository/Thread_Webshop/Reusable Testcase/Page_Threads/input_Enter store using password_password'

01-11-2024T15:56:05 - [TEST_STEP][PASSED] - click(findTestObject("Object Repository/Thread_Webshop/Reusable Testcase/Page_Threads/button_Enter")): Object: 'Object Repository/Thread_Webshop/Reusable Testcase/Page_Threads/button_Enter' is clicked on

01-11-2024T15:56:21 - [MESSAGE][PASSED] - Object: 'Object Repository/Thread_Webshop/Reusable Testcase/Page_Threads/button_Enter' is clicked on

01-11-2024T15:56:21 - [MESSAGE][PASSED] - Call Test Case 'Test Cases/Threads_Webshop/ReUsable Testcases/Enter Password' successfully

01-11-2024T15:56:21 - [TEST_STEP][PASSED] - takeScreenshot(screenshotFolderPath + "enter_password.png"): Taking screenshot successfully

01-11-2024T15:56:22 - [MESSAGE][PASSED] - Taking screenshot successfully
[[ATTACHMENT|C:\\Users\\SamajitKundu\\git\\threadShopify\\ThreadShopify\\Reports\\20241101_155553\\Threads\\Threads_Suits\\20241101_155554\\screenshots/regestration_20241101155558/enter_password.png]]

01-11-2024T15:56:22 - [TEST_STEP][PASSED] - click(findTestObject("Object Repository/Page_Threads/button_Enter")): Object: 'Object Repository/Page_Threads/button_Enter' is clicked on

01-11-2024T15:56:23 - [MESSAGE][PASSED] - Object: 'Object Repository/Page_Threads/button_Enter' is clicked on

01-11-2024T15:56:23 - [TEST_STEP][PASSED] - verifyElementClickable(findTestObject("Object Repository/Page_Threads/svg_Search_icon icon-account")): Object 'Object Repository/Page_Threads/svg_Search_icon icon-account' is clickable

01-11-2024T15:56:23 - [MESSAGE][PASSED] - Object 'Object Repository/Page_Threads/svg_Search_icon icon-account' is clickable

01-11-2024T15:56:23 - [TEST_STEP][PASSED] - takeScreenshot(screenshotFolderPath + "home_page.png"): Taking screenshot successfully

01-11-2024T15:56:24 - [MESSAGE][PASSED] - Taking screenshot successfully
[[ATTACHMENT|C:\\Users\\SamajitKundu\\git\\threadShopify\\ThreadShopify\\Reports\\20241101_155553\\Threads\\Threads_Suits\\20241101_155554\\screenshots/regestration_20241101155558/home_page.png]]

01-11-2024T15:56:24 - [TEST_STEP][PASSED] - click(findTestObject("Object Repository/Page_Threads/svg_Search_icon icon-account")): Object: 'Object Repository/Page_Threads/svg_Search_icon icon-account' is clicked on

01-11-2024T15:56:27 - [MESSAGE][PASSED] - Object: 'Object Repository/Page_Threads/svg_Search_icon icon-account' is clicked on

01-11-2024T15:56:27 - [TEST_STEP][PASSED] - verifyElementClickable(findTestObject("Object Repository/Thread_Webshop/Register_/Page_Account  Threads/a_Create account")): Object 'Object Repository/Thread_Webshop/Register_/Page_Account  Threads/a_Create account' is clickable

01-11-2024T15:56:28 - [MESSAGE][PASSED] - Object 'Object Repository/Thread_Webshop/Register_/Page_Account  Threads/a_Create account' is clickable

01-11-2024T15:56:28 - [TEST_STEP][PASSED] - takeScreenshot(screenshotFolderPath + "create_account_page.png"): Taking screenshot successfully

01-11-2024T15:56:28 - [MESSAGE][PASSED] - Taking screenshot successfully
[[ATTACHMENT|C:\\Users\\SamajitKundu\\git\\threadShopify\\ThreadShopify\\Reports\\20241101_155553\\Threads\\Threads_Suits\\20241101_155554\\screenshots/regestration_20241101155558/create_account_page.png]]

01-11-2024T15:56:28 - [TEST_STEP][PASSED] - click(findTestObject("Object Repository/Thread_Webshop/Register_/Page_Account  Threads/a_Create account")): Object: 'Object Repository/Thread_Webshop/Register_/Page_Account  Threads/a_Create account' is clicked on

01-11-2024T15:56:29 - [MESSAGE][PASSED] - Object: 'Object Repository/Thread_Webshop/Register_/Page_Account  Threads/a_Create account' is clicked on

01-11-2024T15:56:29 - [TEST_STEP][PASSED] - takeScreenshot(screenshotFolderPath + "account_page.png"): Taking screenshot successfully

01-11-2024T15:56:30 - [MESSAGE][PASSED] - Taking screenshot successfully
[[ATTACHMENT|C:\\Users\\SamajitKundu\\git\\threadShopify\\ThreadShopify\\Reports\\20241101_155553\\Threads\\Threads_Suits\\20241101_155554\\screenshots/regestration_20241101155558/account_page.png]]

01-11-2024T15:56:30 - [TEST_STEP][PASSED] - verifyElementClickable(findTestObject("Object Repository/Thread_Webshop/Register_/Page_Create Account  Threads/button_Create")): Object 'Object Repository/Thread_Webshop/Register_/Page_Create Account  Threads/button_Create' is clickable

01-11-2024T15:56:30 - [MESSAGE][PASSED] - Object 'Object Repository/Thread_Webshop/Register_/Page_Create Account  Threads/button_Create' is clickable

01-11-2024T15:56:30 - [TEST_STEP][PASSED] - click(findTestObject("Object Repository/Thread_Webshop/Register_/Page_Create Account  Threads/button_Create")): Object: 'Object Repository/Thread_Webshop/Register_/Page_Create Account  Threads/button_Create' is clicked on

01-11-2024T15:56:32 - [MESSAGE][PASSED] - Object: 'Object Repository/Thread_Webshop/Register_/Page_Create Account  Threads/button_Create' is clicked on

01-11-2024T15:56:32 - [TEST_STEP][PASSED] - verifyTextPresent(error_msg1, false): Text 'Please adjust the following:' is present on page 

01-11-2024T15:56:33 - [MESSAGE][PASSED] - Text 'Please adjust the following:' is present on page 

01-11-2024T15:56:33 - [TEST_STEP][PASSED] - verifyTextPresent(error_msg2, false): Text 'Password can't be blank' is present on page 

01-11-2024T15:56:33 - [MESSAGE][PASSED] - Text 'Password can't be blank' is present on page 

01-11-2024T15:56:33 - [TEST_STEP][PASSED] - verifyTextPresent(error_msg3, false): Text 'Email can't be blank' is present on page 

01-11-2024T15:56:34 - [MESSAGE][PASSED] - Text 'Email can't be blank' is present on page 

01-11-2024T15:56:34 - [TEST_STEP][PASSED] - takeScreenshot(screenshotFolderPath + "blank_fields.png"): Taking screenshot successfully

01-11-2024T15:56:34 - [MESSAGE][PASSED] - Taking screenshot successfully
[[ATTACHMENT|C:\\Users\\SamajitKundu\\git\\threadShopify\\ThreadShopify\\Reports\\20241101_155553\\Threads\\Threads_Suits\\20241101_155554\\screenshots/regestration_20241101155558/blank_fields.png]]

01-11-2024T15:56:34 - [TEST_STEP][PASSED] - setText(findTestObject("Object Repository/Thread_Webshop/Register_/Page_Create Account  Threads/input_Create account_customerfirst_name"), f_name): Text 'Tester' is set on object 'Object Repository/Thread_Webshop/Register_/Page_Create Account  Threads/input_Create account_customerfirst_name'

01-11-2024T15:56:35 - [MESSAGE][PASSED] - Text 'Tester' is set on object 'Object Repository/Thread_Webshop/Register_/Page_Create Account  Threads/input_Create account_customerfirst_name'

01-11-2024T15:56:35 - [TEST_STEP][PASSED] - setText(findTestObject("Object Repository/Thread_Webshop/Register_/Page_Create Account  Threads/input_First name_customerlast_name"), l_name): Text 'terter' is set on object 'Object Repository/Thread_Webshop/Register_/Page_Create Account  Threads/input_First name_customerlast_name'

01-11-2024T15:56:35 - [MESSAGE][PASSED] - Text 'terter' is set on object 'Object Repository/Thread_Webshop/Register_/Page_Create Account  Threads/input_First name_customerlast_name'

01-11-2024T15:56:35 - [TEST_STEP][PASSED] - setText(findTestObject("Object Repository/Thread_Webshop/Register_/Page_Create Account  Threads/input_Last name_customeremail"), uniqueEmail): Text 'tester_20241101155558@mailinator.com' is set on object 'Object Repository/Thread_Webshop/Register_/Page_Create Account  Threads/input_Last name_customeremail'

01-11-2024T15:56:36 - [MESSAGE][PASSED] - Text 'tester_20241101155558@mailinator.com' is set on object 'Object Repository/Thread_Webshop/Register_/Page_Create Account  Threads/input_Last name_customeremail'

01-11-2024T15:56:36 - [TEST_STEP][PASSED] - takeScreenshot(screenshotFolderPath + "without_passwordBefore.png"): Taking screenshot successfully

01-11-2024T15:56:36 - [MESSAGE][PASSED] - Taking screenshot successfully
[[ATTACHMENT|C:\\Users\\SamajitKundu\\git\\threadShopify\\ThreadShopify\\Reports\\20241101_155553\\Threads\\Threads_Suits\\20241101_155554\\screenshots/regestration_20241101155558/without_passwordBefore.png]]

01-11-2024T15:56:36 - [TEST_STEP][PASSED] - click(findTestObject("Object Repository/Thread_Webshop/Register_/Page_Create Account  Threads/button_Create")): Object: 'Object Repository/Thread_Webshop/Register_/Page_Create Account  Threads/button_Create' is clicked on

01-11-2024T15:56:38 - [MESSAGE][PASSED] - Object: 'Object Repository/Thread_Webshop/Register_/Page_Create Account  Threads/button_Create' is clicked on

01-11-2024T15:56:38 - [TEST_STEP][PASSED] - verifyTextPresent(error_msg1, false): Text 'Please adjust the following:' is present on page 

01-11-2024T15:56:39 - [MESSAGE][PASSED] - Text 'Please adjust the following:' is present on page 

01-11-2024T15:56:39 - [TEST_STEP][PASSED] - verifyTextPresent(error_msg2, false): Text 'Password can't be blank' is present on page 

01-11-2024T15:56:40 - [MESSAGE][PASSED] - Text 'Password can't be blank' is present on page 

01-11-2024T15:56:40 - [TEST_STEP][PASSED] - takeScreenshot(screenshotFolderPath + "without_passwordAfter.png"): Taking screenshot successfully

01-11-2024T15:56:40 - [MESSAGE][PASSED] - Taking screenshot successfully
[[ATTACHMENT|C:\\Users\\SamajitKundu\\git\\threadShopify\\ThreadShopify\\Reports\\20241101_155553\\Threads\\Threads_Suits\\20241101_155554\\screenshots/regestration_20241101155558/without_passwordAfter.png]]

01-11-2024T15:56:40 - [TEST_STEP][PASSED] - setText(findTestObject("Object Repository/Thread_Webshop/Register_/Page_Create Account  Threads/input_Create account_customerfirst_name"), f_name): Text 'Tester' is set on object 'Object Repository/Thread_Webshop/Register_/Page_Create Account  Threads/input_Create account_customerfirst_name'

01-11-2024T15:56:41 - [MESSAGE][PASSED] - Text 'Tester' is set on object 'Object Repository/Thread_Webshop/Register_/Page_Create Account  Threads/input_Create account_customerfirst_name'

01-11-2024T15:56:41 - [TEST_STEP][PASSED] - setText(findTestObject("Object Repository/Thread_Webshop/Register_/Page_Create Account  Threads/input_First name_customerlast_name"), l_name): Text 'terter' is set on object 'Object Repository/Thread_Webshop/Register_/Page_Create Account  Threads/input_First name_customerlast_name'

01-11-2024T15:56:41 - [MESSAGE][PASSED] - Text 'terter' is set on object 'Object Repository/Thread_Webshop/Register_/Page_Create Account  Threads/input_First name_customerlast_name'

01-11-2024T15:56:41 - [TEST_STEP][PASSED] - setText(findTestObject("Object Repository/Thread_Webshop/Register_/Page_Create Account  Threads/input_Last name_customeremail"), "tester1234mailinator.com"): Text 'tester1234mailinator.com' is set on object 'Object Repository/Thread_Webshop/Register_/Page_Create Account  Threads/input_Last name_customeremail'

01-11-2024T15:56:42 - [MESSAGE][PASSED] - Text 'tester1234mailinator.com' is set on object 'Object Repository/Thread_Webshop/Register_/Page_Create Account  Threads/input_Last name_customeremail'

01-11-2024T15:56:42 - [TEST_STEP][PASSED] - setEncryptedText(findTestObject("Object Repository/Thread_Webshop/Register_/Page_Create Account  Threads/input_Email_customerpassword"), "UDMlkmqWREzH+mr49N5wRw=="): Text ****** has been set on object 'Object Repository/Thread_Webshop/Register_/Page_Create Account  Threads/input_Email_customerpassword'

01-11-2024T15:56:42 - [MESSAGE][PASSED] - Text ****** has been set on object 'Object Repository/Thread_Webshop/Register_/Page_Create Account  Threads/input_Email_customerpassword'

01-11-2024T15:56:42 - [TEST_STEP][PASSED] - takeScreenshot(screenshotFolderPath + "wrong_emailBefore.png"): Taking screenshot successfully

01-11-2024T15:56:43 - [MESSAGE][PASSED] - Taking screenshot successfully
[[ATTACHMENT|C:\\Users\\SamajitKundu\\git\\threadShopify\\ThreadShopify\\Reports\\20241101_155553\\Threads\\Threads_Suits\\20241101_155554\\screenshots/regestration_20241101155558/wrong_emailBefore.png]]

01-11-2024T15:56:43 - [TEST_STEP][PASSED] - click(findTestObject("Object Repository/Thread_Webshop/Register_/Page_Create Account  Threads/button_Create")): Object: 'Object Repository/Thread_Webshop/Register_/Page_Create Account  Threads/button_Create' is clicked on

01-11-2024T15:56:45 - [MESSAGE][PASSED] - Object: 'Object Repository/Thread_Webshop/Register_/Page_Create Account  Threads/button_Create' is clicked on

01-11-2024T15:56:45 - [TEST_STEP][PASSED] - verifyTextPresent(error_msg1, false): Text 'Please adjust the following:' is present on page 

01-11-2024T15:56:46 - [MESSAGE][PASSED] - Text 'Please adjust the following:' is present on page 

01-11-2024T15:56:46 - [TEST_STEP][PASSED] - verifyTextPresent(error_msg4, false): Text 'Email is invalid' is present on page 

01-11-2024T15:56:46 - [MESSAGE][PASSED] - Text 'Email is invalid' is present on page 

01-11-2024T15:56:46 - [TEST_STEP][PASSED] - takeScreenshot(screenshotFolderPath + "wrong_emailAfter.png"): Taking screenshot successfully

01-11-2024T15:56:46 - [MESSAGE][PASSED] - Taking screenshot successfully
[[ATTACHMENT|C:\\Users\\SamajitKundu\\git\\threadShopify\\ThreadShopify\\Reports\\20241101_155553\\Threads\\Threads_Suits\\20241101_155554\\screenshots/regestration_20241101155558/wrong_emailAfter.png]]

01-11-2024T15:56:46 - [TEST_STEP][PASSED] - setText(findTestObject("Object Repository/Thread_Webshop/Register_/Page_Create Account  Threads/input_Create account_customerfirst_name"), l_name): Text 'terter' is set on object 'Object Repository/Thread_Webshop/Register_/Page_Create Account  Threads/input_Create account_customerfirst_name'

01-11-2024T15:56:47 - [MESSAGE][PASSED] - Text 'terter' is set on object 'Object Repository/Thread_Webshop/Register_/Page_Create Account  Threads/input_Create account_customerfirst_name'

01-11-2024T15:56:47 - [TEST_STEP][PASSED] - setText(findTestObject("Object Repository/Thread_Webshop/Register_/Page_Create Account  Threads/input_First name_customerlast_name"), "Sing"): Text 'Sing' is set on object 'Object Repository/Thread_Webshop/Register_/Page_Create Account  Threads/input_First name_customerlast_name'

01-11-2024T15:56:48 - [MESSAGE][PASSED] - Text 'Sing' is set on object 'Object Repository/Thread_Webshop/Register_/Page_Create Account  Threads/input_First name_customerlast_name'

01-11-2024T15:56:48 - [TEST_STEP][PASSED] - setText(findTestObject("Object Repository/Thread_Webshop/Register_/Page_Create Account  Threads/input_Last name_customeremail"), uniqueEmail): Text 'tester_20241101155558@mailinator.com' is set on object 'Object Repository/Thread_Webshop/Register_/Page_Create Account  Threads/input_Last name_customeremail'

01-11-2024T15:56:48 - [MESSAGE][PASSED] - Text 'tester_20241101155558@mailinator.com' is set on object 'Object Repository/Thread_Webshop/Register_/Page_Create Account  Threads/input_Last name_customeremail'

01-11-2024T15:56:48 - [TEST_STEP][PASSED] - setEncryptedText(findTestObject("Object Repository/Thread_Webshop/Register_/Page_Create Account  Threads/input_Email_customerpassword"), "UDMlkmqWREzH+mr49N5wRw=="): Text ****** has been set on object 'Object Repository/Thread_Webshop/Register_/Page_Create Account  Threads/input_Email_customerpassword'

01-11-2024T15:56:49 - [MESSAGE][PASSED] - Text ****** has been set on object 'Object Repository/Thread_Webshop/Register_/Page_Create Account  Threads/input_Email_customerpassword'

01-11-2024T15:56:49 - [TEST_STEP][PASSED] - takeScreenshot(screenshotFolderPath + "correctBefore.png"): Taking screenshot successfully

01-11-2024T15:56:49 - [MESSAGE][PASSED] - Taking screenshot successfully
[[ATTACHMENT|C:\\Users\\SamajitKundu\\git\\threadShopify\\ThreadShopify\\Reports\\20241101_155553\\Threads\\Threads_Suits\\20241101_155554\\screenshots/regestration_20241101155558/correctBefore.png]]

01-11-2024T15:56:49 - [TEST_STEP][PASSED] - click(findTestObject("Object Repository/Thread_Webshop/Register_/Page_Create Account  Threads/button_Create")): Object: 'Object Repository/Thread_Webshop/Register_/Page_Create Account  Threads/button_Create' is clicked on

01-11-2024T15:56:51 - [MESSAGE][PASSED] - Object: 'Object Repository/Thread_Webshop/Register_/Page_Create Account  Threads/button_Create' is clicked on

01-11-2024T15:56:51 - [TEST_STEP][PASSED] - takeScreenshot(screenshotFolderPath + "correctAfter.png"): Taking screenshot successfully

01-11-2024T15:56:53 - [MESSAGE][PASSED] - Taking screenshot successfully
[[ATTACHMENT|C:\\Users\\SamajitKundu\\git\\threadShopify\\ThreadShopify\\Reports\\20241101_155553\\Threads\\Threads_Suits\\20241101_155554\\screenshots/regestration_20241101155558/correctAfter.png]]

01-11-2024T15:56:53 - [TEST_STEP][PASSED] - verifyTextPresent(verify_home_page, false): Text 'Home' is present on page 

01-11-2024T15:56:53 - [MESSAGE][PASSED] - Text 'Home' is present on page 

01-11-2024T15:56:53 - [TEST_STEP][PASSED] - takeScreenshot(screenshotFolderPath + "home_page_post_login.png"): Taking screenshot successfully

01-11-2024T15:56:54 - [MESSAGE][PASSED] - Taking screenshot successfully
[[ATTACHMENT|C:\\Users\\SamajitKundu\\git\\threadShopify\\ThreadShopify\\Reports\\20241101_155553\\Threads\\Threads_Suits\\20241101_155554\\screenshots/regestration_20241101155558/home_page_post_login.png]]

01-11-2024T15:56:54 - [TEST_STEP][PASSED] - click(findTestObject("Object Repository/Page_Threads/svg_Search_icon icon-account")): Object: 'Object Repository/Page_Threads/svg_Search_icon icon-account' is clicked on

01-11-2024T15:56:56 - [MESSAGE][PASSED] - Object: 'Object Repository/Page_Threads/svg_Search_icon icon-account' is clicked on

01-11-2024T15:56:56 - [TEST_STEP][PASSED] - takeScreenshot(screenshotFolderPath + "logout.png"): Taking screenshot successfully

01-11-2024T15:56:56 - [MESSAGE][PASSED] - Taking screenshot successfully
[[ATTACHMENT|C:\\Users\\SamajitKundu\\git\\threadShopify\\ThreadShopify\\Reports\\20241101_155553\\Threads\\Threads_Suits\\20241101_155554\\screenshots/regestration_20241101155558/logout.png]]

01-11-2024T15:56:56 - [TEST_STEP][PASSED] - click(findTestObject("Object Repository/Thread_Webshop/Register_/Page_Account  Threads/a_Log out")): Object: 'Object Repository/Thread_Webshop/Register_/Page_Account  Threads/a_Log out' is clicked on

01-11-2024T15:56:59 - [MESSAGE][PASSED] - Object: 'Object Repository/Thread_Webshop/Register_/Page_Account  Threads/a_Log out' is clicked on

01-11-2024T15:56:59 - [TEST_STEP][PASSED] - verifyTextPresent(verify_home_page, false): Text 'Home' is present on page 

01-11-2024T15:56:59 - [MESSAGE][PASSED] - Text 'Home' is present on page 

01-11-2024T15:56:59 - [TEST_STEP][PASSED] - closeBrowser(): Browser is closed

01-11-2024T15:57:00 - [MESSAGE][PASSED] - Browser is closed]]></system-out>
         <system-err><![CDATA[]]></system-err>
      </testcase>
      <testcase name="Test Cases/Threads_Webshop/2 Login/Verify Login" time="48.488" classname="Test Cases/Threads_Webshop/2 Login/Verify Login" status="PASSED">
         <system-out><![CDATA[01-11-2024T15:57:00 - [TEST_CASE][PASSED] - Test Cases/Threads_Webshop/2 Login/Verify Login: Test Cases/Threads_Webshop/2 Login/Verify Login

01-11-2024T15:57:01 - [TEST_STEP][PASSED] - currentDateTime = LocalDateTime.now(): null

01-11-2024T15:57:01 - [TEST_STEP][PASSED] - formatter = DateTimeFormatter.ofPattern("yyyyMMddHHmmss"): null

01-11-2024T15:57:01 - [TEST_STEP][PASSED] - dateTimeString = currentDateTime.format(formatter): null

01-11-2024T15:57:01 - [TEST_STEP][PASSED] - screenshotFolderPath = "screenshots/login_" + dateTimeString + "/": null

01-11-2024T15:57:01 - [TEST_STEP][PASSED] - File(screenshotFolderPath).mkdirs(): null

01-11-2024T15:57:01 - [TEST_STEP][PASSED] - callTestCase(findTestCase("Threads_Webshop/ReUsable Testcases/Enter Password"), [:], STOP_ON_FAILURE): Call Test Case 'Test Cases/Threads_Webshop/ReUsable Testcases/Enter Password' successfully

01-11-2024T15:57:01 - [TEST_CASE][PASSED] - Test Cases/Threads_Webshop/ReUsable Testcases/Enter Password: Test Cases/Threads_Webshop/ReUsable Testcases/Enter Password

01-11-2024T15:57:01 - [TEST_STEP][PASSED] - openBrowser(""): Browser is opened with url: ''

01-11-2024T15:57:01 - [MESSAGE][INFO] - Starting 'Chrome' driver

01-11-2024T15:57:01 - [MESSAGE][INFO] - Action delay is set to 0 milliseconds

01-11-2024T15:57:01 - [MESSAGE][PASSED] - Browser is opened with url: ''

01-11-2024T15:57:01 - [TEST_STEP][PASSED] - maximizeWindow(): Current window maximized

01-11-2024T15:57:01 - [MESSAGE][PASSED] - Current window maximized

01-11-2024T15:57:01 - [TEST_STEP][PASSED] - navigateToUrl("https://threads0.myshopify.com/password"): Navigate to 'https://threads0.myshopify.com/password' successfully

01-11-2024T15:57:05 - [MESSAGE][PASSED] - Navigate to 'https://threads0.myshopify.com/password' successfully

01-11-2024T15:57:05 - [TEST_STEP][PASSED] - click(findTestObject("Object Repository/Thread_Webshop/Reusable Testcase/Page_Threads/div_Enter using password")): Object: 'Object Repository/Thread_Webshop/Reusable Testcase/Page_Threads/div_Enter using password' is clicked on

01-11-2024T15:57:06 - [MESSAGE][PASSED] - Object: 'Object Repository/Thread_Webshop/Reusable Testcase/Page_Threads/div_Enter using password' is clicked on

01-11-2024T15:57:06 - [TEST_STEP][PASSED] - setEncryptedText(findTestObject("Object Repository/Thread_Webshop/Reusable Testcase/Page_Threads/input_Enter store using password_password"), "gnzTAVlujIw+lTr0To6+Cg=="): Text ****** has been set on object 'Object Repository/Thread_Webshop/Reusable Testcase/Page_Threads/input_Enter store using password_password'

01-11-2024T15:57:07 - [MESSAGE][PASSED] - Text ****** has been set on object 'Object Repository/Thread_Webshop/Reusable Testcase/Page_Threads/input_Enter store using password_password'

01-11-2024T15:57:07 - [TEST_STEP][PASSED] - click(findTestObject("Object Repository/Thread_Webshop/Reusable Testcase/Page_Threads/button_Enter")): Object: 'Object Repository/Thread_Webshop/Reusable Testcase/Page_Threads/button_Enter' is clicked on

01-11-2024T15:57:08 - [MESSAGE][PASSED] - Object: 'Object Repository/Thread_Webshop/Reusable Testcase/Page_Threads/button_Enter' is clicked on

01-11-2024T15:57:08 - [MESSAGE][PASSED] - Call Test Case 'Test Cases/Threads_Webshop/ReUsable Testcases/Enter Password' successfully

01-11-2024T15:57:08 - [TEST_STEP][PASSED] - click(findTestObject("Object Repository/Login_An/Login with Invalid Credentials/Page_Threads/svg_Search_icon icon-account")): Object: 'Object Repository/Login_An/Login with Invalid Credentials/Page_Threads/svg_Search_icon icon-account' is clicked on

01-11-2024T15:57:17 - [MESSAGE][PASSED] - Object: 'Object Repository/Login_An/Login with Invalid Credentials/Page_Threads/svg_Search_icon icon-account' is clicked on

01-11-2024T15:57:17 - [TEST_STEP][PASSED] - verifyTextPresent(login_page, false): Text 'Login' is present on page 

01-11-2024T15:57:18 - [MESSAGE][PASSED] - Text 'Login' is present on page 

01-11-2024T15:57:18 - [TEST_STEP][PASSED] - takeScreenshot(screenshotFolderPath + "login_page.png"): Taking screenshot successfully

01-11-2024T15:57:18 - [MESSAGE][PASSED] - Taking screenshot successfully
[[ATTACHMENT|C:\\Users\\SamajitKundu\\git\\threadShopify\\ThreadShopify\\Reports\\20241101_155553\\Threads\\Threads_Suits\\20241101_155554\\screenshots/login_20241101155701/login_page.png]]

01-11-2024T15:57:18 - [TEST_STEP][PASSED] - click(findTestObject("Object Repository/Login_An/Login with Invalid Credentials/Page_Account  Threads/button_Sign in")): Object: 'Object Repository/Login_An/Login with Invalid Credentials/Page_Account  Threads/button_Sign in' is clicked on

01-11-2024T15:57:20 - [MESSAGE][PASSED] - Object: 'Object Repository/Login_An/Login with Invalid Credentials/Page_Account  Threads/button_Sign in' is clicked on

01-11-2024T15:57:20 - [TEST_STEP][PASSED] - takeScreenshot(screenshotFolderPath + "login_page_after.png"): Taking screenshot successfully

01-11-2024T15:57:21 - [MESSAGE][PASSED] - Taking screenshot successfully
[[ATTACHMENT|C:\\Users\\SamajitKundu\\git\\threadShopify\\ThreadShopify\\Reports\\20241101_155553\\Threads\\Threads_Suits\\20241101_155554\\screenshots/login_20241101155701/login_page_after.png]]

01-11-2024T15:57:21 - [TEST_STEP][PASSED] - verifyTextPresent(error_msg1, false): Text 'Please adjust the following:' is present on page 

01-11-2024T15:57:25 - [MESSAGE][PASSED] - Text 'Please adjust the following:' is present on page 

01-11-2024T15:57:25 - [TEST_STEP][PASSED] - verifyTextPresent(error_msg2, false): Text 'Incorrect email or password.' is present on page 

01-11-2024T15:57:25 - [MESSAGE][PASSED] - Text 'Incorrect email or password.' is present on page 

01-11-2024T15:57:25 - [TEST_STEP][PASSED] - setText(findTestObject("Object Repository/Login_An/Login with Invalid Credentials/Page_Account  Threads/input_Login_customeremail"), invalidemail): Text 'cenaalice@mailcom' is set on object 'Object Repository/Login_An/Login with Invalid Credentials/Page_Account  Threads/input_Login_customeremail'

01-11-2024T15:57:26 - [MESSAGE][PASSED] - Text 'cenaalice@mailcom' is set on object 'Object Repository/Login_An/Login with Invalid Credentials/Page_Account  Threads/input_Login_customeremail'

01-11-2024T15:57:26 - [TEST_STEP][PASSED] - setEncryptedText(findTestObject("Object Repository/Login_An/Login with Invalid Credentials/Page_Account  Threads/input_Email_customerpassword"), validpassword): Text ****** has been set on object 'Object Repository/Login_An/Login with Invalid Credentials/Page_Account  Threads/input_Email_customerpassword'

01-11-2024T15:57:26 - [MESSAGE][PASSED] - Text ****** has been set on object 'Object Repository/Login_An/Login with Invalid Credentials/Page_Account  Threads/input_Email_customerpassword'

01-11-2024T15:57:26 - [TEST_STEP][PASSED] - takeScreenshot(screenshotFolderPath + "invalid_email_before.png"): Taking screenshot successfully

01-11-2024T15:57:27 - [MESSAGE][PASSED] - Taking screenshot successfully
[[ATTACHMENT|C:\\Users\\SamajitKundu\\git\\threadShopify\\ThreadShopify\\Reports\\20241101_155553\\Threads\\Threads_Suits\\20241101_155554\\screenshots/login_20241101155701/invalid_email_before.png]]

01-11-2024T15:57:27 - [TEST_STEP][PASSED] - click(findTestObject("Object Repository/Login_An/Login with Invalid Credentials/Page_Account  Threads/button_Sign in")): Object: 'Object Repository/Login_An/Login with Invalid Credentials/Page_Account  Threads/button_Sign in' is clicked on

01-11-2024T15:57:28 - [MESSAGE][PASSED] - Object: 'Object Repository/Login_An/Login with Invalid Credentials/Page_Account  Threads/button_Sign in' is clicked on

01-11-2024T15:57:28 - [TEST_STEP][PASSED] - verifyTextPresent(error_msg1, false): Text 'Please adjust the following:' is present on page 

01-11-2024T15:57:29 - [MESSAGE][PASSED] - Text 'Please adjust the following:' is present on page 

01-11-2024T15:57:29 - [TEST_STEP][PASSED] - verifyTextPresent(error_msg2, false): Text 'Incorrect email or password.' is present on page 

01-11-2024T15:57:29 - [MESSAGE][PASSED] - Text 'Incorrect email or password.' is present on page 

01-11-2024T15:57:29 - [TEST_STEP][PASSED] - takeScreenshot(screenshotFolderPath + "invalid_email_after.png"): Taking screenshot successfully

01-11-2024T15:57:30 - [MESSAGE][PASSED] - Taking screenshot successfully
[[ATTACHMENT|C:\\Users\\SamajitKundu\\git\\threadShopify\\ThreadShopify\\Reports\\20241101_155553\\Threads\\Threads_Suits\\20241101_155554\\screenshots/login_20241101155701/invalid_email_after.png]]

01-11-2024T15:57:30 - [TEST_STEP][PASSED] - setText(findTestObject("Object Repository/Login_An/Login with Invalid Credentials/Page_Account  Threads/input_Login_customeremail"), validemail): Text 'cenaalice1234@mailinator.com' is set on object 'Object Repository/Login_An/Login with Invalid Credentials/Page_Account  Threads/input_Login_customeremail'

01-11-2024T15:57:30 - [MESSAGE][PASSED] - Text 'cenaalice1234@mailinator.com' is set on object 'Object Repository/Login_An/Login with Invalid Credentials/Page_Account  Threads/input_Login_customeremail'

01-11-2024T15:57:30 - [TEST_STEP][PASSED] - setEncryptedText(findTestObject("Object Repository/Login_An/Login with Invalid Credentials/Page_Account  Threads/input_Email_customerpassword"), invalidpass): Text ****** has been set on object 'Object Repository/Login_An/Login with Invalid Credentials/Page_Account  Threads/input_Email_customerpassword'

01-11-2024T15:57:31 - [MESSAGE][PASSED] - Text ****** has been set on object 'Object Repository/Login_An/Login with Invalid Credentials/Page_Account  Threads/input_Email_customerpassword'

01-11-2024T15:57:31 - [TEST_STEP][PASSED] - takeScreenshot(screenshotFolderPath + "invalid_password_before.png"): Taking screenshot successfully

01-11-2024T15:57:31 - [MESSAGE][PASSED] - Taking screenshot successfully
[[ATTACHMENT|C:\\Users\\SamajitKundu\\git\\threadShopify\\ThreadShopify\\Reports\\20241101_155553\\Threads\\Threads_Suits\\20241101_155554\\screenshots/login_20241101155701/invalid_password_before.png]]

01-11-2024T15:57:31 - [TEST_STEP][PASSED] - click(findTestObject("Object Repository/Login_An/Login with Invalid Credentials/Page_Account  Threads/button_Sign in")): Object: 'Object Repository/Login_An/Login with Invalid Credentials/Page_Account  Threads/button_Sign in' is clicked on

01-11-2024T15:57:33 - [MESSAGE][PASSED] - Object: 'Object Repository/Login_An/Login with Invalid Credentials/Page_Account  Threads/button_Sign in' is clicked on

01-11-2024T15:57:33 - [TEST_STEP][PASSED] - verifyTextPresent(error_msg1, false): Text 'Please adjust the following:' is present on page 

01-11-2024T15:57:34 - [MESSAGE][PASSED] - Text 'Please adjust the following:' is present on page 

01-11-2024T15:57:34 - [TEST_STEP][PASSED] - verifyTextPresent(error_msg2, false): Text 'Incorrect email or password.' is present on page 

01-11-2024T15:57:34 - [MESSAGE][PASSED] - Text 'Incorrect email or password.' is present on page 

01-11-2024T15:57:34 - [TEST_STEP][PASSED] - takeScreenshot(screenshotFolderPath + "invalid_password_after.png"): Taking screenshot successfully

01-11-2024T15:57:35 - [MESSAGE][PASSED] - Taking screenshot successfully
[[ATTACHMENT|C:\\Users\\SamajitKundu\\git\\threadShopify\\ThreadShopify\\Reports\\20241101_155553\\Threads\\Threads_Suits\\20241101_155554\\screenshots/login_20241101155701/invalid_password_after.png]]

01-11-2024T15:57:35 - [TEST_STEP][PASSED] - setText(findTestObject("Object Repository/Login_An/Login with Invalid Credentials/Page_Account  Threads/input_Login_customeremail"), validemail): Text 'cenaalice1234@mailinator.com' is set on object 'Object Repository/Login_An/Login with Invalid Credentials/Page_Account  Threads/input_Login_customeremail'

01-11-2024T15:57:36 - [MESSAGE][PASSED] - Text 'cenaalice1234@mailinator.com' is set on object 'Object Repository/Login_An/Login with Invalid Credentials/Page_Account  Threads/input_Login_customeremail'

01-11-2024T15:57:36 - [TEST_STEP][PASSED] - setEncryptedText(findTestObject("Object Repository/Login_An/Login with Invalid Credentials/Page_Account  Threads/input_Email_customerpassword"), validpassword): Text ****** has been set on object 'Object Repository/Login_An/Login with Invalid Credentials/Page_Account  Threads/input_Email_customerpassword'

01-11-2024T15:57:36 - [MESSAGE][PASSED] - Text ****** has been set on object 'Object Repository/Login_An/Login with Invalid Credentials/Page_Account  Threads/input_Email_customerpassword'

01-11-2024T15:57:36 - [TEST_STEP][PASSED] - takeScreenshot(screenshotFolderPath + "valid_before.png"): Taking screenshot successfully

01-11-2024T15:57:36 - [MESSAGE][PASSED] - Taking screenshot successfully
[[ATTACHMENT|C:\\Users\\SamajitKundu\\git\\threadShopify\\ThreadShopify\\Reports\\20241101_155553\\Threads\\Threads_Suits\\20241101_155554\\screenshots/login_20241101155701/valid_before.png]]

01-11-2024T15:57:36 - [TEST_STEP][PASSED] - click(findTestObject("Object Repository/Login_An/Login with Invalid Credentials/Page_Account  Threads/button_Sign in")): Object: 'Object Repository/Login_An/Login with Invalid Credentials/Page_Account  Threads/button_Sign in' is clicked on

01-11-2024T15:57:38 - [MESSAGE][PASSED] - Object: 'Object Repository/Login_An/Login with Invalid Credentials/Page_Account  Threads/button_Sign in' is clicked on

01-11-2024T15:57:38 - [TEST_STEP][PASSED] - takeScreenshot(screenshotFolderPath + "valid_after.png"): Taking screenshot successfully

01-11-2024T15:57:39 - [MESSAGE][PASSED] - Taking screenshot successfully
[[ATTACHMENT|C:\\Users\\SamajitKundu\\git\\threadShopify\\ThreadShopify\\Reports\\20241101_155553\\Threads\\Threads_Suits\\20241101_155554\\screenshots/login_20241101155701/valid_after.png]]

01-11-2024T15:57:39 - [TEST_STEP][PASSED] - verifyTextPresent(account_page, false): Text 'Account' is present on page 

01-11-2024T15:57:40 - [MESSAGE][PASSED] - Text 'Account' is present on page 

01-11-2024T15:57:40 - [TEST_STEP][PASSED] - verifyTextPresent(name, false): Text 'Alice Cena' is present on page 

01-11-2024T15:57:40 - [MESSAGE][PASSED] - Text 'Alice Cena' is present on page 

01-11-2024T15:57:40 - [TEST_STEP][PASSED] - takeScreenshot(screenshotFolderPath + "account_page.png"): Taking screenshot successfully

01-11-2024T15:57:40 - [MESSAGE][PASSED] - Taking screenshot successfully
[[ATTACHMENT|C:\\Users\\SamajitKundu\\git\\threadShopify\\ThreadShopify\\Reports\\20241101_155553\\Threads\\Threads_Suits\\20241101_155554\\screenshots/login_20241101155701/account_page.png]]

01-11-2024T15:57:40 - [TEST_STEP][PASSED] - click(findTestObject("Object Repository/Login_An/Login with Invalid Credentials/Page_Account  Threads/span_Home")): Object: 'Object Repository/Login_An/Login with Invalid Credentials/Page_Account  Threads/span_Home' is clicked on

01-11-2024T15:57:41 - [MESSAGE][PASSED] - Object: 'Object Repository/Login_An/Login with Invalid Credentials/Page_Account  Threads/span_Home' is clicked on

01-11-2024T15:57:41 - [TEST_STEP][PASSED] - click(findTestObject("Object Repository/Login_An/Login with Invalid Credentials/Page_Threads/svg_Search_icon icon-account")): Object: 'Object Repository/Login_An/Login with Invalid Credentials/Page_Threads/svg_Search_icon icon-account' is clicked on

01-11-2024T15:57:43 - [MESSAGE][PASSED] - Object: 'Object Repository/Login_An/Login with Invalid Credentials/Page_Threads/svg_Search_icon icon-account' is clicked on

01-11-2024T15:57:43 - [TEST_STEP][PASSED] - takeScreenshot(screenshotFolderPath + "logout_page.png"): Taking screenshot successfully

01-11-2024T15:57:44 - [MESSAGE][PASSED] - Taking screenshot successfully
[[ATTACHMENT|C:\\Users\\SamajitKundu\\git\\threadShopify\\ThreadShopify\\Reports\\20241101_155553\\Threads\\Threads_Suits\\20241101_155554\\screenshots/login_20241101155701/logout_page.png]]

01-11-2024T15:57:44 - [TEST_STEP][PASSED] - click(findTestObject("Object Repository/Login_An/Login with Invalid Credentials/Page_Account  Threads/a_Log out")): Object: 'Object Repository/Login_An/Login with Invalid Credentials/Page_Account  Threads/a_Log out' is clicked on

01-11-2024T15:57:45 - [MESSAGE][PASSED] - Object: 'Object Repository/Login_An/Login with Invalid Credentials/Page_Account  Threads/a_Log out' is clicked on

01-11-2024T15:57:45 - [TEST_STEP][PASSED] - click(findTestObject("Object Repository/Login_An/Login with Invalid Credentials/Page_Threads/span_Search_svg-wrapper")): Object: 'Object Repository/Login_An/Login with Invalid Credentials/Page_Threads/span_Search_svg-wrapper' is clicked on

01-11-2024T15:57:47 - [MESSAGE][PASSED] - Object: 'Object Repository/Login_An/Login with Invalid Credentials/Page_Threads/span_Search_svg-wrapper' is clicked on

01-11-2024T15:57:47 - [TEST_STEP][PASSED] - takeScreenshot(screenshotFolderPath + "login_page_after_logout.png"): Taking screenshot successfully

01-11-2024T15:57:48 - [MESSAGE][PASSED] - Taking screenshot successfully
[[ATTACHMENT|C:\\Users\\SamajitKundu\\git\\threadShopify\\ThreadShopify\\Reports\\20241101_155553\\Threads\\Threads_Suits\\20241101_155554\\screenshots/login_20241101155701/login_page_after_logout.png]]

01-11-2024T15:57:48 - [TEST_STEP][PASSED] - verifyTextPresent(login_page, false): Text 'Login' is present on page 

01-11-2024T15:57:48 - [MESSAGE][PASSED] - Text 'Login' is present on page 

01-11-2024T15:57:48 - [TEST_STEP][PASSED] - closeBrowser(): Browser is closed

01-11-2024T15:57:49 - [MESSAGE][PASSED] - Browser is closed]]></system-out>
         <system-err><![CDATA[]]></system-err>
      </testcase>
      <testcase name="Test Cases/Threads_Webshop/3 Homepage/TC-3,66-Verify Seach Bar" time="43.118" classname="Test Cases/Threads_Webshop/3 Homepage/TC-3,66-Verify Seach Bar" status="PASSED">
         <system-out><![CDATA[01-11-2024T15:57:49 - [TEST_CASE][PASSED] - Test Cases/Threads_Webshop/3 Homepage/TC-3,66-Verify Seach Bar: Test Cases/Threads_Webshop/3 Homepage/TC-3,66-Verify Seach Bar

01-11-2024T15:57:49 - [TEST_STEP][PASSED] - currentDateTime = LocalDateTime.now(): null

01-11-2024T15:57:49 - [TEST_STEP][PASSED] - formatter = DateTimeFormatter.ofPattern("yyyyMMdd_HHmmss"): null

01-11-2024T15:57:49 - [TEST_STEP][PASSED] - dateTimeString = currentDateTime.format(formatter): null

01-11-2024T15:57:49 - [TEST_STEP][PASSED] - screenshotFolderPath = "screenshots/home_page_" + dateTimeString + "/": null

01-11-2024T15:57:49 - [TEST_STEP][PASSED] - File(screenshotFolderPath).mkdirs(): null

01-11-2024T15:57:49 - [TEST_STEP][PASSED] - callTestCase(findTestCase("Threads_Webshop/ReUsable Testcases/Enter Password"), [:], STOP_ON_FAILURE): Call Test Case 'Test Cases/Threads_Webshop/ReUsable Testcases/Enter Password' successfully

01-11-2024T15:57:49 - [TEST_CASE][PASSED] - Test Cases/Threads_Webshop/ReUsable Testcases/Enter Password: Test Cases/Threads_Webshop/ReUsable Testcases/Enter Password

01-11-2024T15:57:49 - [TEST_STEP][PASSED] - openBrowser(""): Browser is opened with url: ''

01-11-2024T15:57:49 - [MESSAGE][INFO] - Starting 'Chrome' driver

01-11-2024T15:57:49 - [MESSAGE][INFO] - Action delay is set to 0 milliseconds

01-11-2024T15:57:50 - [MESSAGE][PASSED] - Browser is opened with url: ''

01-11-2024T15:57:50 - [TEST_STEP][PASSED] - maximizeWindow(): Current window maximized

01-11-2024T15:57:50 - [MESSAGE][PASSED] - Current window maximized

01-11-2024T15:57:50 - [TEST_STEP][PASSED] - navigateToUrl("https://threads0.myshopify.com/password"): Navigate to 'https://threads0.myshopify.com/password' successfully

01-11-2024T15:57:52 - [MESSAGE][PASSED] - Navigate to 'https://threads0.myshopify.com/password' successfully

01-11-2024T15:57:52 - [TEST_STEP][PASSED] - click(findTestObject("Object Repository/Thread_Webshop/Reusable Testcase/Page_Threads/div_Enter using password")): Object: 'Object Repository/Thread_Webshop/Reusable Testcase/Page_Threads/div_Enter using password' is clicked on

01-11-2024T15:57:53 - [MESSAGE][PASSED] - Object: 'Object Repository/Thread_Webshop/Reusable Testcase/Page_Threads/div_Enter using password' is clicked on

01-11-2024T15:57:53 - [TEST_STEP][PASSED] - setEncryptedText(findTestObject("Object Repository/Thread_Webshop/Reusable Testcase/Page_Threads/input_Enter store using password_password"), "gnzTAVlujIw+lTr0To6+Cg=="): Text ****** has been set on object 'Object Repository/Thread_Webshop/Reusable Testcase/Page_Threads/input_Enter store using password_password'

01-11-2024T15:57:54 - [MESSAGE][PASSED] - Text ****** has been set on object 'Object Repository/Thread_Webshop/Reusable Testcase/Page_Threads/input_Enter store using password_password'

01-11-2024T15:57:54 - [TEST_STEP][PASSED] - click(findTestObject("Object Repository/Thread_Webshop/Reusable Testcase/Page_Threads/button_Enter")): Object: 'Object Repository/Thread_Webshop/Reusable Testcase/Page_Threads/button_Enter' is clicked on

01-11-2024T15:58:10 - [MESSAGE][PASSED] - Object: 'Object Repository/Thread_Webshop/Reusable Testcase/Page_Threads/button_Enter' is clicked on

01-11-2024T15:58:10 - [MESSAGE][PASSED] - Call Test Case 'Test Cases/Threads_Webshop/ReUsable Testcases/Enter Password' successfully

01-11-2024T15:58:10 - [TEST_STEP][PASSED] - verifyTextPresent(home_page, false): Text 'Home' is present on page 

01-11-2024T15:58:11 - [MESSAGE][PASSED] - Text 'Home' is present on page 

01-11-2024T15:58:11 - [TEST_STEP][PASSED] - takeScreenshot(screenshotFolderPath + "home.png"): Taking screenshot successfully

01-11-2024T15:58:12 - [MESSAGE][PASSED] - Taking screenshot successfully
[[ATTACHMENT|C:\\Users\\SamajitKundu\\git\\threadShopify\\ThreadShopify\\Reports\\20241101_155553\\Threads\\Threads_Suits\\20241101_155554\\screenshots/home_page_20241101_155749/home.png]]

01-11-2024T15:58:12 - [TEST_STEP][PASSED] - verifyElementClickable(findTestObject("Object Repository/Page_Threads/svg_Contact_icon icon-search")): Object 'Object Repository/Page_Threads/svg_Contact_icon icon-search' is clickable

01-11-2024T15:58:12 - [MESSAGE][PASSED] - Object 'Object Repository/Page_Threads/svg_Contact_icon icon-search' is clickable

01-11-2024T15:58:12 - [TEST_STEP][PASSED] - click(findTestObject("Object Repository/Page_Threads/svg_Contact_icon icon-search")): Object: 'Object Repository/Page_Threads/svg_Contact_icon icon-search' is clicked on

01-11-2024T15:58:13 - [MESSAGE][PASSED] - Object: 'Object Repository/Page_Threads/svg_Contact_icon icon-search' is clicked on

01-11-2024T15:58:13 - [TEST_STEP][PASSED] - takeScreenshot(screenshotFolderPath + "open_search_bar.png"): Taking screenshot successfully

01-11-2024T15:58:14 - [MESSAGE][PASSED] - Taking screenshot successfully
[[ATTACHMENT|C:\\Users\\SamajitKundu\\git\\threadShopify\\ThreadShopify\\Reports\\20241101_155553\\Threads\\Threads_Suits\\20241101_155554\\screenshots/home_page_20241101_155749/open_search_bar.png]]

01-11-2024T15:58:14 - [TEST_STEP][PASSED] - verifyTextPresent("", false): Text '' is present on page 

01-11-2024T15:58:14 - [MESSAGE][PASSED] - Text '' is present on page 

01-11-2024T15:58:14 - [TEST_STEP][PASSED] - verifyElementClickable(findTestObject("Object Repository/Page_Threads/svg_Search_icon icon-search")): Object 'Object Repository/Page_Threads/svg_Search_icon icon-search' is clickable

01-11-2024T15:58:14 - [MESSAGE][PASSED] - Object 'Object Repository/Page_Threads/svg_Search_icon icon-search' is clickable

01-11-2024T15:58:14 - [TEST_STEP][PASSED] - click(findTestObject("Object Repository/Page_Threads/svg_Search_icon icon-search")): Object: 'Object Repository/Page_Threads/svg_Search_icon icon-search' is clicked on

01-11-2024T15:58:14 - [MESSAGE][PASSED] - Object: 'Object Repository/Page_Threads/svg_Search_icon icon-search' is clicked on

01-11-2024T15:58:14 - [TEST_STEP][PASSED] - takeScreenshot(screenshotFolderPath + "blank_bar.png"): Taking screenshot successfully

01-11-2024T15:58:15 - [MESSAGE][PASSED] - Taking screenshot successfully
[[ATTACHMENT|C:\\Users\\SamajitKundu\\git\\threadShopify\\ThreadShopify\\Reports\\20241101_155553\\Threads\\Threads_Suits\\20241101_155554\\screenshots/home_page_20241101_155749/blank_bar.png]]

01-11-2024T15:58:15 - [TEST_STEP][PASSED] - setText(findTestObject("Object Repository/Page_Threads/input_Contact_q"), invalid_search): Text 'Verify invalid search' is set on object 'Object Repository/Page_Threads/input_Contact_q'

01-11-2024T15:58:16 - [MESSAGE][PASSED] - Text 'Verify invalid search' is set on object 'Object Repository/Page_Threads/input_Contact_q'

01-11-2024T15:58:16 - [TEST_STEP][PASSED] - takeScreenshot(screenshotFolderPath + "invalid_before.png"): Taking screenshot successfully

01-11-2024T15:58:16 - [MESSAGE][PASSED] - Taking screenshot successfully
[[ATTACHMENT|C:\\Users\\SamajitKundu\\git\\threadShopify\\ThreadShopify\\Reports\\20241101_155553\\Threads\\Threads_Suits\\20241101_155554\\screenshots/home_page_20241101_155749/invalid_before.png]]

01-11-2024T15:58:16 - [TEST_STEP][PASSED] - click(findTestObject("Object Repository/Page_Threads/svg_Search_icon icon-search")): Object: 'Object Repository/Page_Threads/svg_Search_icon icon-search' is clicked on

01-11-2024T15:58:18 - [MESSAGE][PASSED] - Object: 'Object Repository/Page_Threads/svg_Search_icon icon-search' is clicked on

01-11-2024T15:58:18 - [TEST_STEP][PASSED] - verifyTextPresent(search_result, false): Text 'Search results' is present on page 

01-11-2024T15:58:19 - [MESSAGE][PASSED] - Text 'Search results' is present on page 

01-11-2024T15:58:19 - [TEST_STEP][PASSED] - verifyTextPresent(no_result, false): Text 'No results found for' is present on page 

01-11-2024T15:58:19 - [MESSAGE][PASSED] - Text 'No results found for' is present on page 

01-11-2024T15:58:19 - [TEST_STEP][PASSED] - takeScreenshot(screenshotFolderPath + "invalid_after.png"): Taking screenshot successfully

01-11-2024T15:58:20 - [MESSAGE][PASSED] - Taking screenshot successfully
[[ATTACHMENT|C:\\Users\\SamajitKundu\\git\\threadShopify\\ThreadShopify\\Reports\\20241101_155553\\Threads\\Threads_Suits\\20241101_155554\\screenshots/home_page_20241101_155749/invalid_after.png]]

01-11-2024T15:58:20 - [TEST_STEP][PASSED] - click(findTestObject("Object Repository/Thread_Webshop/Home_Page/Page_Threads/Page_Search 0 results found for Verify inva_0640af/svg_Contact_icon icon-search")): Object: 'Object Repository/Thread_Webshop/Home_Page/Page_Threads/Page_Search 0 results found for Verify inva_0640af/svg_Contact_icon icon-search' is clicked on

01-11-2024T15:58:20 - [MESSAGE][PASSED] - Object: 'Object Repository/Thread_Webshop/Home_Page/Page_Threads/Page_Search 0 results found for Verify inva_0640af/svg_Contact_icon icon-search' is clicked on

01-11-2024T15:58:20 - [TEST_STEP][PASSED] - setText(findTestObject("Object Repository/Thread_Webshop/Home_Page/Page_Threads/Page_Search 0 results found for Verify inva_0640af/input_Contact_q"), search_item): Text 'Shoe' is set on object 'Object Repository/Thread_Webshop/Home_Page/Page_Threads/Page_Search 0 results found for Verify inva_0640af/input_Contact_q'

01-11-2024T15:58:21 - [MESSAGE][PASSED] - Text 'Shoe' is set on object 'Object Repository/Thread_Webshop/Home_Page/Page_Threads/Page_Search 0 results found for Verify inva_0640af/input_Contact_q'

01-11-2024T15:58:21 - [TEST_STEP][PASSED] - takeScreenshot(screenshotFolderPath + "search_item_before.png"): Taking screenshot successfully

01-11-2024T15:58:21 - [MESSAGE][PASSED] - Taking screenshot successfully
[[ATTACHMENT|C:\\Users\\SamajitKundu\\git\\threadShopify\\ThreadShopify\\Reports\\20241101_155553\\Threads\\Threads_Suits\\20241101_155554\\screenshots/home_page_20241101_155749/search_item_before.png]]

01-11-2024T15:58:21 - [TEST_STEP][PASSED] - delay(3): Delayed 3 second(s)

01-11-2024T15:58:24 - [MESSAGE][PASSED] - Delayed 3 second(s)

01-11-2024T15:58:24 - [TEST_STEP][PASSED] - verifyElementPresent(findTestObject("Object Repository/Thread_Webshop/Home_Page/Page_Threads/Page_Search 0 results found for Verify inva_0640af/p_DR MARTENS  CAVENDISH 3-EYE SHOE BLACK"), 0): Object 'Object Repository/Thread_Webshop/Home_Page/Page_Threads/Page_Search 0 results found for Verify inva_0640af/p_DR MARTENS  CAVENDISH 3-EYE SHOE BLACK' is present

01-11-2024T15:58:24 - [MESSAGE][WARNING] - Timeout '0' is invalid. Using default page load timeout: '30'

01-11-2024T15:58:24 - [MESSAGE][PASSED] - Object 'Object Repository/Thread_Webshop/Home_Page/Page_Threads/Page_Search 0 results found for Verify inva_0640af/p_DR MARTENS  CAVENDISH 3-EYE SHOE BLACK' is present

01-11-2024T15:58:24 - [TEST_STEP][PASSED] - verifyElementPresent(findTestObject("Object Repository/Thread_Webshop/Home_Page/Page_Threads/Page_Search 0 results found for Verify inva_0640af/p_DR MARTENS  1461 DMC 3-EYE SHOE  BLACK SMOOTH"), 0): Object 'Object Repository/Thread_Webshop/Home_Page/Page_Threads/Page_Search 0 results found for Verify inva_0640af/p_DR MARTENS  1461 DMC 3-EYE SHOE  BLACK SMOOTH' is present

01-11-2024T15:58:24 - [MESSAGE][WARNING] - Timeout '0' is invalid. Using default page load timeout: '30'

01-11-2024T15:58:25 - [MESSAGE][PASSED] - Object 'Object Repository/Thread_Webshop/Home_Page/Page_Threads/Page_Search 0 results found for Verify inva_0640af/p_DR MARTENS  1461 DMC 3-EYE SHOE  BLACK SMOOTH' is present

01-11-2024T15:58:25 - [TEST_STEP][PASSED] - verifyElementPresent(findTestObject("Object Repository/Thread_Webshop/Home_Page/Page_Threads/Page_Search 0 results found for Verify inva_0640af/p_DR MARTENS  1460Z DMC 8-EYE BOOT  CHERRY SMOOTH"), 0): Object 'Object Repository/Thread_Webshop/Home_Page/Page_Threads/Page_Search 0 results found for Verify inva_0640af/p_DR MARTENS  1460Z DMC 8-EYE BOOT  CHERRY SMOOTH' is present

01-11-2024T15:58:25 - [MESSAGE][WARNING] - Timeout '0' is invalid. Using default page load timeout: '30'

01-11-2024T15:58:25 - [MESSAGE][PASSED] - Object 'Object Repository/Thread_Webshop/Home_Page/Page_Threads/Page_Search 0 results found for Verify inva_0640af/p_DR MARTENS  1460Z DMC 8-EYE BOOT  CHERRY SMOOTH' is present

01-11-2024T15:58:25 - [TEST_STEP][PASSED] - verifyElementPresent(findTestObject("Object Repository/Thread_Webshop/Home_Page/Page_Threads/Page_Search 0 results found for Verify inva_0640af/p_TIMBERLAND  MENS 6 INCH PREMIUM BOOT"), 0): Object 'Object Repository/Thread_Webshop/Home_Page/Page_Threads/Page_Search 0 results found for Verify inva_0640af/p_TIMBERLAND  MENS 6 INCH PREMIUM BOOT' is present

01-11-2024T15:58:25 - [MESSAGE][WARNING] - Timeout '0' is invalid. Using default page load timeout: '30'

01-11-2024T15:58:25 - [MESSAGE][PASSED] - Object 'Object Repository/Thread_Webshop/Home_Page/Page_Threads/Page_Search 0 results found for Verify inva_0640af/p_TIMBERLAND  MENS 6 INCH PREMIUM BOOT' is present

01-11-2024T15:58:25 - [TEST_STEP][PASSED] - click(findTestObject("Object Repository/Thread_Webshop/Home_Page/Page_Threads/Page_Search 0 results found for Verify inva_0640af/svg_Search_icon icon-search")): Object: 'Object Repository/Thread_Webshop/Home_Page/Page_Threads/Page_Search 0 results found for Verify inva_0640af/svg_Search_icon icon-search' is clicked on

01-11-2024T15:58:26 - [MESSAGE][PASSED] - Object: 'Object Repository/Thread_Webshop/Home_Page/Page_Threads/Page_Search 0 results found for Verify inva_0640af/svg_Search_icon icon-search' is clicked on

01-11-2024T15:58:26 - [TEST_STEP][PASSED] - takeScreenshot(screenshotFolderPath + "search_item_after.png"): Taking screenshot successfully

01-11-2024T15:58:27 - [MESSAGE][PASSED] - Taking screenshot successfully
[[ATTACHMENT|C:\\Users\\SamajitKundu\\git\\threadShopify\\ThreadShopify\\Reports\\20241101_155553\\Threads\\Threads_Suits\\20241101_155554\\screenshots/home_page_20241101_155749/search_item_after.png]]

01-11-2024T15:58:27 - [TEST_STEP][PASSED] - verifyTextPresent(search_result, false): Text 'Search results' is present on page 

01-11-2024T15:58:27 - [MESSAGE][PASSED] - Text 'Search results' is present on page 

01-11-2024T15:58:27 - [TEST_STEP][PASSED] - scrollToPosition(500, 0): Browser is scrolled to position x = 500, y = 0

01-11-2024T15:58:27 - [MESSAGE][PASSED] - Browser is scrolled to position x = 500, y = 0

01-11-2024T15:58:27 - [TEST_STEP][PASSED] - verifyElementPresent(findTestObject("Object Repository/Thread_Webshop/Home_Page/Page_Threads/Page_Search 24 results found for Shoe  Threads/a_DR MARTENS  CAVENDISH 3-EYE SHOE BLACK"), 0): Object 'Object Repository/Thread_Webshop/Home_Page/Page_Threads/Page_Search 24 results found for Shoe  Threads/a_DR MARTENS  CAVENDISH 3-EYE SHOE BLACK' is present

01-11-2024T15:58:28 - [MESSAGE][WARNING] - Timeout '0' is invalid. Using default page load timeout: '30'

01-11-2024T15:58:28 - [MESSAGE][PASSED] - Object 'Object Repository/Thread_Webshop/Home_Page/Page_Threads/Page_Search 24 results found for Shoe  Threads/a_DR MARTENS  CAVENDISH 3-EYE SHOE BLACK' is present

01-11-2024T15:58:28 - [TEST_STEP][PASSED] - verifyElementPresent(findTestObject("Object Repository/Thread_Webshop/Home_Page/Page_Threads/Page_Search 24 results found for Shoe  Threads/a_DR MARTENS  1461 DMC 3-EYE SHOE  BLACK SMOOTH"), 0): Object 'Object Repository/Thread_Webshop/Home_Page/Page_Threads/Page_Search 24 results found for Shoe  Threads/a_DR MARTENS  1461 DMC 3-EYE SHOE  BLACK SMOOTH' is present

01-11-2024T15:58:28 - [MESSAGE][WARNING] - Timeout '0' is invalid. Using default page load timeout: '30'

01-11-2024T15:58:28 - [MESSAGE][PASSED] - Object 'Object Repository/Thread_Webshop/Home_Page/Page_Threads/Page_Search 24 results found for Shoe  Threads/a_DR MARTENS  1461 DMC 3-EYE SHOE  BLACK SMOOTH' is present

01-11-2024T15:58:28 - [TEST_STEP][PASSED] - verifyElementPresent(findTestObject("Object Repository/Thread_Webshop/Home_Page/Page_Threads/Page_Search 24 results found for Shoe  Threads/a_ADIDAS  SUPERSTAR 80S"), 0): Object 'Object Repository/Thread_Webshop/Home_Page/Page_Threads/Page_Search 24 results found for Shoe  Threads/a_ADIDAS  SUPERSTAR 80S' is present

01-11-2024T15:58:28 - [MESSAGE][WARNING] - Timeout '0' is invalid. Using default page load timeout: '30'

01-11-2024T15:58:29 - [MESSAGE][PASSED] - Object 'Object Repository/Thread_Webshop/Home_Page/Page_Threads/Page_Search 24 results found for Shoe  Threads/a_ADIDAS  SUPERSTAR 80S' is present

01-11-2024T15:58:29 - [TEST_STEP][PASSED] - verifyElementPresent(findTestObject("Object Repository/Thread_Webshop/Home_Page/Page_Threads/Page_Search 24 results found for Shoe  Threads/a_NIKE  TODDLER ROSHE ONE"), 0): Object 'Object Repository/Thread_Webshop/Home_Page/Page_Threads/Page_Search 24 results found for Shoe  Threads/a_NIKE  TODDLER ROSHE ONE' is present

01-11-2024T15:58:29 - [MESSAGE][WARNING] - Timeout '0' is invalid. Using default page load timeout: '30'

01-11-2024T15:58:29 - [MESSAGE][PASSED] - Object 'Object Repository/Thread_Webshop/Home_Page/Page_Threads/Page_Search 24 results found for Shoe  Threads/a_NIKE  TODDLER ROSHE ONE' is present

01-11-2024T15:58:29 - [TEST_STEP][PASSED] - takeScreenshot(screenshotFolderPath + "search_result.png"): Taking screenshot successfully

01-11-2024T15:58:29 - [MESSAGE][PASSED] - Taking screenshot successfully
[[ATTACHMENT|C:\\Users\\SamajitKundu\\git\\threadShopify\\ThreadShopify\\Reports\\20241101_155553\\Threads\\Threads_Suits\\20241101_155554\\screenshots/home_page_20241101_155749/search_result.png]]

01-11-2024T15:58:29 - [TEST_STEP][PASSED] - click(findTestObject("Object Repository/Thread_Webshop/Home_Page/Page_Threads/Page_Search 24 results found for Shoe  Threads/span_Home")): Object: 'Object Repository/Thread_Webshop/Home_Page/Page_Threads/Page_Search 24 results found for Shoe  Threads/span_Home' is clicked on

01-11-2024T15:58:30 - [MESSAGE][PASSED] - Object: 'Object Repository/Thread_Webshop/Home_Page/Page_Threads/Page_Search 24 results found for Shoe  Threads/span_Home' is clicked on

01-11-2024T15:58:30 - [TEST_STEP][PASSED] - takeScreenshot(screenshotFolderPath + "home_final.png"): Taking screenshot successfully

01-11-2024T15:58:31 - [MESSAGE][PASSED] - Taking screenshot successfully
[[ATTACHMENT|C:\\Users\\SamajitKundu\\git\\threadShopify\\ThreadShopify\\Reports\\20241101_155553\\Threads\\Threads_Suits\\20241101_155554\\screenshots/home_page_20241101_155749/home_final.png]]

01-11-2024T15:58:31 - [TEST_STEP][PASSED] - closeBrowser(): Browser is closed

01-11-2024T15:58:32 - [MESSAGE][PASSED] - Browser is closed]]></system-out>
         <system-err><![CDATA[]]></system-err>
      </testcase>
      <testcase name="Test Cases/Threads_Webshop/3 Homepage/TC-672-Verify the Social media button" time="18.948" classname="Test Cases/Threads_Webshop/3 Homepage/TC-672-Verify the Social media button" status="PASSED">
         <system-out><![CDATA[01-11-2024T15:58:32 - [TEST_CASE][PASSED] - Test Cases/Threads_Webshop/3 Homepage/TC-672-Verify the Social media button: Test Cases/Threads_Webshop/3 Homepage/TC-672-Verify the Social media button

01-11-2024T15:58:32 - [TEST_STEP][PASSED] - currentDateTime = LocalDateTime.now(): null

01-11-2024T15:58:32 - [TEST_STEP][PASSED] - formatter = DateTimeFormatter.ofPattern("yyyyMMdd_HHmmss"): null

01-11-2024T15:58:32 - [TEST_STEP][PASSED] - dateTimeString = currentDateTime.format(formatter): null

01-11-2024T15:58:32 - [TEST_STEP][PASSED] - screenshotFolderPath = "screenshots/home_page_" + dateTimeString + "/": null

01-11-2024T15:58:32 - [TEST_STEP][PASSED] - File(screenshotFolderPath).mkdirs(): null

01-11-2024T15:58:32 - [TEST_STEP][PASSED] - callTestCase(findTestCase("Threads_Webshop/ReUsable Testcases/Enter Password"), [:], STOP_ON_FAILURE): Call Test Case 'Test Cases/Threads_Webshop/ReUsable Testcases/Enter Password' successfully

01-11-2024T15:58:32 - [TEST_CASE][PASSED] - Test Cases/Threads_Webshop/ReUsable Testcases/Enter Password: Test Cases/Threads_Webshop/ReUsable Testcases/Enter Password

01-11-2024T15:58:32 - [TEST_STEP][PASSED] - openBrowser(""): Browser is opened with url: ''

01-11-2024T15:58:32 - [MESSAGE][INFO] - Starting 'Chrome' driver

01-11-2024T15:58:32 - [MESSAGE][INFO] - Action delay is set to 0 milliseconds

01-11-2024T15:58:33 - [MESSAGE][PASSED] - Browser is opened with url: ''

01-11-2024T15:58:33 - [TEST_STEP][PASSED] - maximizeWindow(): Current window maximized

01-11-2024T15:58:33 - [MESSAGE][PASSED] - Current window maximized

01-11-2024T15:58:33 - [TEST_STEP][PASSED] - navigateToUrl("https://threads0.myshopify.com/password"): Navigate to 'https://threads0.myshopify.com/password' successfully

01-11-2024T15:58:36 - [MESSAGE][PASSED] - Navigate to 'https://threads0.myshopify.com/password' successfully

01-11-2024T15:58:36 - [TEST_STEP][PASSED] - click(findTestObject("Object Repository/Thread_Webshop/Reusable Testcase/Page_Threads/div_Enter using password")): Object: 'Object Repository/Thread_Webshop/Reusable Testcase/Page_Threads/div_Enter using password' is clicked on

01-11-2024T15:58:37 - [MESSAGE][PASSED] - Object: 'Object Repository/Thread_Webshop/Reusable Testcase/Page_Threads/div_Enter using password' is clicked on

01-11-2024T15:58:37 - [TEST_STEP][PASSED] - setEncryptedText(findTestObject("Object Repository/Thread_Webshop/Reusable Testcase/Page_Threads/input_Enter store using password_password"), "gnzTAVlujIw+lTr0To6+Cg=="): Text ****** has been set on object 'Object Repository/Thread_Webshop/Reusable Testcase/Page_Threads/input_Enter store using password_password'

01-11-2024T15:58:37 - [MESSAGE][PASSED] - Text ****** has been set on object 'Object Repository/Thread_Webshop/Reusable Testcase/Page_Threads/input_Enter store using password_password'

01-11-2024T15:58:37 - [TEST_STEP][PASSED] - click(findTestObject("Object Repository/Thread_Webshop/Reusable Testcase/Page_Threads/button_Enter")): Object: 'Object Repository/Thread_Webshop/Reusable Testcase/Page_Threads/button_Enter' is clicked on

01-11-2024T15:58:46 - [MESSAGE][PASSED] - Object: 'Object Repository/Thread_Webshop/Reusable Testcase/Page_Threads/button_Enter' is clicked on

01-11-2024T15:58:46 - [MESSAGE][PASSED] - Call Test Case 'Test Cases/Threads_Webshop/ReUsable Testcases/Enter Password' successfully

01-11-2024T15:58:46 - [TEST_STEP][PASSED] - maximizeWindow(): Current window maximized

01-11-2024T15:58:46 - [MESSAGE][PASSED] - Current window maximized

01-11-2024T15:58:46 - [TEST_STEP][PASSED] - scrollToPosition(0, 10000): Browser is scrolled to position x = 0, y = 10000

01-11-2024T15:58:46 - [MESSAGE][PASSED] - Browser is scrolled to position x = 0, y = 10000

01-11-2024T15:58:46 - [TEST_STEP][PASSED] - takeScreenshot(screenshotFolderPath + "social_media_icon.png"): Taking screenshot successfully

01-11-2024T15:58:49 - [MESSAGE][PASSED] - Taking screenshot successfully
[[ATTACHMENT|C:\\Users\\SamajitKundu\\git\\threadShopify\\ThreadShopify\\Reports\\20241101_155553\\Threads\\Threads_Suits\\20241101_155554\\screenshots/home_page_20241101_155832/social_media_icon.png]]

01-11-2024T15:58:49 - [TEST_STEP][PASSED] - verifyElementClickable(findTestObject("Object Repository/Page_Threads/a_Facebook")): Object 'Object Repository/Page_Threads/a_Facebook' is clickable

01-11-2024T15:58:49 - [MESSAGE][PASSED] - Object 'Object Repository/Page_Threads/a_Facebook' is clickable

01-11-2024T15:58:49 - [TEST_STEP][PASSED] - verifyElementClickable(findTestObject("Object Repository/Page_Threads/a_Instagram")): Object 'Object Repository/Page_Threads/a_Instagram' is clickable

01-11-2024T15:58:49 - [MESSAGE][PASSED] - Object 'Object Repository/Page_Threads/a_Instagram' is clickable

01-11-2024T15:58:49 - [TEST_STEP][PASSED] - verifyElementClickable(findTestObject("Object Repository/Page_Threads/a_YouTube")): Object 'Object Repository/Page_Threads/a_YouTube' is clickable

01-11-2024T15:58:50 - [MESSAGE][PASSED] - Object 'Object Repository/Page_Threads/a_YouTube' is clickable

01-11-2024T15:58:50 - [TEST_STEP][PASSED] - verifyElementClickable(findTestObject("Object Repository/Page_Threads/a_X (Twitter)")): Object 'Object Repository/Page_Threads/a_X (Twitter)' is clickable

01-11-2024T15:58:50 - [MESSAGE][PASSED] - Object 'Object Repository/Page_Threads/a_X (Twitter)' is clickable

01-11-2024T15:58:50 - [TEST_STEP][PASSED] - closeBrowser(): Browser is closed

01-11-2024T15:58:51 - [MESSAGE][PASSED] - Browser is closed]]></system-out>
         <system-err><![CDATA[]]></system-err>
      </testcase>
      <testcase name="Test Cases/Threads_Webshop/3 Homepage/TC-89,11-Verify Home page elements" time="26.764" classname="Test Cases/Threads_Webshop/3 Homepage/TC-89,11-Verify Home page elements" status="PASSED">
         <system-out><![CDATA[01-11-2024T15:58:51 - [TEST_CASE][PASSED] - Test Cases/Threads_Webshop/3 Homepage/TC-89,11-Verify Home page elements: Test Cases/Threads_Webshop/3 Homepage/TC-89,11-Verify Home page elements

01-11-2024T15:58:51 - [TEST_STEP][PASSED] - currentDateTime = LocalDateTime.now(): null

01-11-2024T15:58:51 - [TEST_STEP][PASSED] - formatter = DateTimeFormatter.ofPattern("yyyyMMdd_HHmmss"): null

01-11-2024T15:58:51 - [TEST_STEP][PASSED] - dateTimeString = currentDateTime.format(formatter): null

01-11-2024T15:58:51 - [TEST_STEP][PASSED] - screenshotFolderPath = "screenshots/home_page_" + dateTimeString + "/": null

01-11-2024T15:58:51 - [TEST_STEP][PASSED] - File(screenshotFolderPath).mkdirs(): null

01-11-2024T15:58:51 - [TEST_STEP][PASSED] - callTestCase(findTestCase("Threads_Webshop/ReUsable Testcases/Enter Password"), [:], STOP_ON_FAILURE): Call Test Case 'Test Cases/Threads_Webshop/ReUsable Testcases/Enter Password' successfully

01-11-2024T15:58:51 - [TEST_CASE][PASSED] - Test Cases/Threads_Webshop/ReUsable Testcases/Enter Password: Test Cases/Threads_Webshop/ReUsable Testcases/Enter Password

01-11-2024T15:58:51 - [TEST_STEP][PASSED] - openBrowser(""): Browser is opened with url: ''

01-11-2024T15:58:51 - [MESSAGE][INFO] - Starting 'Chrome' driver

01-11-2024T15:58:51 - [MESSAGE][INFO] - Action delay is set to 0 milliseconds

01-11-2024T15:58:52 - [MESSAGE][PASSED] - Browser is opened with url: ''

01-11-2024T15:58:52 - [TEST_STEP][PASSED] - maximizeWindow(): Current window maximized

01-11-2024T15:58:52 - [MESSAGE][PASSED] - Current window maximized

01-11-2024T15:58:52 - [TEST_STEP][PASSED] - navigateToUrl("https://threads0.myshopify.com/password"): Navigate to 'https://threads0.myshopify.com/password' successfully

01-11-2024T15:58:56 - [MESSAGE][PASSED] - Navigate to 'https://threads0.myshopify.com/password' successfully

01-11-2024T15:58:56 - [TEST_STEP][PASSED] - click(findTestObject("Object Repository/Thread_Webshop/Reusable Testcase/Page_Threads/div_Enter using password")): Object: 'Object Repository/Thread_Webshop/Reusable Testcase/Page_Threads/div_Enter using password' is clicked on

01-11-2024T15:58:57 - [MESSAGE][PASSED] - Object: 'Object Repository/Thread_Webshop/Reusable Testcase/Page_Threads/div_Enter using password' is clicked on

01-11-2024T15:58:57 - [TEST_STEP][PASSED] - setEncryptedText(findTestObject("Object Repository/Thread_Webshop/Reusable Testcase/Page_Threads/input_Enter store using password_password"), "gnzTAVlujIw+lTr0To6+Cg=="): Text ****** has been set on object 'Object Repository/Thread_Webshop/Reusable Testcase/Page_Threads/input_Enter store using password_password'

01-11-2024T15:58:57 - [MESSAGE][PASSED] - Text ****** has been set on object 'Object Repository/Thread_Webshop/Reusable Testcase/Page_Threads/input_Enter store using password_password'

01-11-2024T15:58:57 - [TEST_STEP][PASSED] - click(findTestObject("Object Repository/Thread_Webshop/Reusable Testcase/Page_Threads/button_Enter")): Object: 'Object Repository/Thread_Webshop/Reusable Testcase/Page_Threads/button_Enter' is clicked on

01-11-2024T15:59:06 - [MESSAGE][PASSED] - Object: 'Object Repository/Thread_Webshop/Reusable Testcase/Page_Threads/button_Enter' is clicked on

01-11-2024T15:59:06 - [MESSAGE][PASSED] - Call Test Case 'Test Cases/Threads_Webshop/ReUsable Testcases/Enter Password' successfully

01-11-2024T15:59:06 - [TEST_STEP][PASSED] - verifyTextPresent("Home", false): Text 'Home' is present on page 

01-11-2024T15:59:07 - [MESSAGE][PASSED] - Text 'Home' is present on page 

01-11-2024T15:59:07 - [TEST_STEP][PASSED] - takeScreenshot(screenshotFolderPath + "home.png"): Taking screenshot successfully

01-11-2024T15:59:08 - [MESSAGE][PASSED] - Taking screenshot successfully
[[ATTACHMENT|C:\\Users\\SamajitKundu\\git\\threadShopify\\ThreadShopify\\Reports\\20241101_155553\\Threads\\Threads_Suits\\20241101_155554\\screenshots/home_page_20241101_155851/home.png]]

01-11-2024T15:59:08 - [TEST_STEP][PASSED] - verifyElementPresent(findTestObject("Object Repository/Thread_Webshop/Home_Page/Page_Threads/div_Uncover your wardrobe essentials       _66e2bc"), 0): Object 'Object Repository/Thread_Webshop/Home_Page/Page_Threads/div_Uncover your wardrobe essentials       _66e2bc' is present

01-11-2024T15:59:08 - [MESSAGE][WARNING] - Timeout '0' is invalid. Using default page load timeout: '30'

01-11-2024T15:59:10 - [MESSAGE][PASSED] - Object 'Object Repository/Thread_Webshop/Home_Page/Page_Threads/div_Uncover your wardrobe essentials       _66e2bc' is present

01-11-2024T15:59:10 - [TEST_STEP][PASSED] - takeScreenshot(screenshotFolderPath + "banner.png"): Taking screenshot successfully

01-11-2024T15:59:10 - [MESSAGE][PASSED] - Taking screenshot successfully
[[ATTACHMENT|C:\\Users\\SamajitKundu\\git\\threadShopify\\ThreadShopify\\Reports\\20241101_155553\\Threads\\Threads_Suits\\20241101_155554\\screenshots/home_page_20241101_155851/banner.png]]

01-11-2024T15:59:10 - [TEST_STEP][PASSED] - verifyTextPresent("Uncover your wardrobe essentials", false): Text 'Uncover your wardrobe essentials' is present on page 

01-11-2024T15:59:13 - [MESSAGE][PASSED] - Text 'Uncover your wardrobe essentials' is present on page 

01-11-2024T15:59:13 - [TEST_STEP][PASSED] - isFeaturedPresent = verifyTextPresent("Featured", false, OPTIONAL): Text 'Featured' is present on page 

01-11-2024T15:59:14 - [MESSAGE][PASSED] - Text 'Featured' is present on page 

01-11-2024T15:59:14 - [TEST_STEP][PASSED] - if (isFeaturedPresent): Object 'Object Repository/Thread_Webshop/Home_Page/Page_Threads/a_ADIDAS  SUPERSTAR 80S' is clickable

01-11-2024T15:59:14 - [TEST_STEP][PASSED] - verifyElementClickable(findTestObject("Object Repository/Thread_Webshop/Home_Page/Page_Threads/a_ADIDAS  CLASSIC BACKPACK")): Object 'Object Repository/Thread_Webshop/Home_Page/Page_Threads/a_ADIDAS  CLASSIC BACKPACK' is clickable

01-11-2024T15:59:14 - [MESSAGE][PASSED] - Object 'Object Repository/Thread_Webshop/Home_Page/Page_Threads/a_ADIDAS  CLASSIC BACKPACK' is clickable

01-11-2024T15:59:14 - [TEST_STEP][PASSED] - verifyElementClickable(findTestObject("Object Repository/Thread_Webshop/Home_Page/Page_Threads/a_ADIDAS  CLASSIC BACKPACK  LEGEND INK MULTICOLOUR")): Object 'Object Repository/Thread_Webshop/Home_Page/Page_Threads/a_ADIDAS  CLASSIC BACKPACK  LEGEND INK MULTICOLOUR' is clickable

01-11-2024T15:59:14 - [MESSAGE][PASSED] - Object 'Object Repository/Thread_Webshop/Home_Page/Page_Threads/a_ADIDAS  CLASSIC BACKPACK  LEGEND INK MULTICOLOUR' is clickable

01-11-2024T15:59:14 - [TEST_STEP][PASSED] - verifyElementClickable(findTestObject("Object Repository/Thread_Webshop/Home_Page/Page_Threads/a_ADIDAS  KIDS STAN SMITH")): Object 'Object Repository/Thread_Webshop/Home_Page/Page_Threads/a_ADIDAS  KIDS STAN SMITH' is clickable

01-11-2024T15:59:14 - [MESSAGE][PASSED] - Object 'Object Repository/Thread_Webshop/Home_Page/Page_Threads/a_ADIDAS  KIDS STAN SMITH' is clickable

01-11-2024T15:59:14 - [TEST_STEP][PASSED] - verifyElementClickable(findTestObject("Object Repository/Thread_Webshop/Home_Page/Page_Threads/a_ADIDAS  SUPERSTAR 80S")): Object 'Object Repository/Thread_Webshop/Home_Page/Page_Threads/a_ADIDAS  SUPERSTAR 80S' is clickable

01-11-2024T15:59:15 - [MESSAGE][PASSED] - Object 'Object Repository/Thread_Webshop/Home_Page/Page_Threads/a_ADIDAS  SUPERSTAR 80S' is clickable

01-11-2024T15:59:15 - [TEST_STEP][PASSED] - scrollToPosition(0, 1000): Browser is scrolled to position x = 0, y = 1000

01-11-2024T15:59:15 - [MESSAGE][PASSED] - Browser is scrolled to position x = 0, y = 1000

01-11-2024T15:59:15 - [TEST_STEP][PASSED] - delay(2): Delayed 2 second(s)

01-11-2024T15:59:17 - [MESSAGE][PASSED] - Delayed 2 second(s)

01-11-2024T15:59:17 - [TEST_STEP][PASSED] - takeScreenshot(screenshotFolderPath + "featured.png"): Taking screenshot successfully

01-11-2024T15:59:17 - [MESSAGE][PASSED] - Taking screenshot successfully
[[ATTACHMENT|C:\\Users\\SamajitKundu\\git\\threadShopify\\ThreadShopify\\Reports\\20241101_155553\\Threads\\Threads_Suits\\20241101_155554\\screenshots/home_page_20241101_155851/featured.png]]

01-11-2024T15:59:17 - [TEST_STEP][PASSED] - closeBrowser(): Browser is closed

01-11-2024T15:59:17 - [MESSAGE][PASSED] - Browser is closed]]></system-out>
         <system-err><![CDATA[]]></system-err>
      </testcase>
      <testcase name="Test Cases/Threads_Webshop/5 Shopping Cart/TC-157 Verify the cart" time="42.695" classname="Test Cases/Threads_Webshop/5 Shopping Cart/TC-157 Verify the cart" status="PASSED">
         <system-out><![CDATA[01-11-2024T15:59:17 - [TEST_CASE][PASSED] - Test Cases/Threads_Webshop/5 Shopping Cart/TC-157 Verify the cart: Test Cases/Threads_Webshop/5 Shopping Cart/TC-157 Verify the cart

01-11-2024T15:59:18 - [TEST_STEP][PASSED] - currentDateTime = LocalDateTime.now(): null

01-11-2024T15:59:18 - [TEST_STEP][PASSED] - formatter = DateTimeFormatter.ofPattern("yyyyMMdd_HHmmss"): null

01-11-2024T15:59:18 - [TEST_STEP][PASSED] - dateTimeString = currentDateTime.format(formatter): null

01-11-2024T15:59:18 - [TEST_STEP][PASSED] - screenshotFolderPath = "screenshots/shopping_cart_" + dateTimeString + "/": null

01-11-2024T15:59:18 - [TEST_STEP][PASSED] - File(screenshotFolderPath).mkdirs(): null

01-11-2024T15:59:18 - [TEST_STEP][PASSED] - callTestCase(findTestCase("Threads_Webshop/ReUsable Testcases/Enter Password"), [:], STOP_ON_FAILURE): Call Test Case 'Test Cases/Threads_Webshop/ReUsable Testcases/Enter Password' successfully

01-11-2024T15:59:18 - [TEST_CASE][PASSED] - Test Cases/Threads_Webshop/ReUsable Testcases/Enter Password: Test Cases/Threads_Webshop/ReUsable Testcases/Enter Password

01-11-2024T15:59:18 - [TEST_STEP][PASSED] - openBrowser(""): Browser is opened with url: ''

01-11-2024T15:59:18 - [MESSAGE][INFO] - Starting 'Chrome' driver

01-11-2024T15:59:18 - [MESSAGE][INFO] - Action delay is set to 0 milliseconds

01-11-2024T15:59:18 - [MESSAGE][PASSED] - Browser is opened with url: ''

01-11-2024T15:59:18 - [TEST_STEP][PASSED] - maximizeWindow(): Current window maximized

01-11-2024T15:59:19 - [MESSAGE][PASSED] - Current window maximized

01-11-2024T15:59:19 - [TEST_STEP][PASSED] - navigateToUrl("https://threads0.myshopify.com/password"): Navigate to 'https://threads0.myshopify.com/password' successfully

01-11-2024T15:59:21 - [MESSAGE][PASSED] - Navigate to 'https://threads0.myshopify.com/password' successfully

01-11-2024T15:59:21 - [TEST_STEP][PASSED] - click(findTestObject("Object Repository/Thread_Webshop/Reusable Testcase/Page_Threads/div_Enter using password")): Object: 'Object Repository/Thread_Webshop/Reusable Testcase/Page_Threads/div_Enter using password' is clicked on

01-11-2024T15:59:26 - [MESSAGE][PASSED] - Object: 'Object Repository/Thread_Webshop/Reusable Testcase/Page_Threads/div_Enter using password' is clicked on

01-11-2024T15:59:26 - [TEST_STEP][PASSED] - setEncryptedText(findTestObject("Object Repository/Thread_Webshop/Reusable Testcase/Page_Threads/input_Enter store using password_password"), "gnzTAVlujIw+lTr0To6+Cg=="): Text ****** has been set on object 'Object Repository/Thread_Webshop/Reusable Testcase/Page_Threads/input_Enter store using password_password'

01-11-2024T15:59:27 - [MESSAGE][PASSED] - Text ****** has been set on object 'Object Repository/Thread_Webshop/Reusable Testcase/Page_Threads/input_Enter store using password_password'

01-11-2024T15:59:27 - [TEST_STEP][PASSED] - click(findTestObject("Object Repository/Thread_Webshop/Reusable Testcase/Page_Threads/button_Enter")): Object: 'Object Repository/Thread_Webshop/Reusable Testcase/Page_Threads/button_Enter' is clicked on

01-11-2024T15:59:28 - [MESSAGE][PASSED] - Object: 'Object Repository/Thread_Webshop/Reusable Testcase/Page_Threads/button_Enter' is clicked on

01-11-2024T15:59:28 - [MESSAGE][PASSED] - Call Test Case 'Test Cases/Threads_Webshop/ReUsable Testcases/Enter Password' successfully

01-11-2024T15:59:28 - [TEST_STEP][PASSED] - takeScreenshot(screenshotFolderPath + "home.png"): Taking screenshot successfully

01-11-2024T15:59:29 - [MESSAGE][PASSED] - Taking screenshot successfully
[[ATTACHMENT|C:\\Users\\SamajitKundu\\git\\threadShopify\\ThreadShopify\\Reports\\20241101_155553\\Threads\\Threads_Suits\\20241101_155554\\screenshots/shopping_cart_20241101_155918/home.png]]

01-11-2024T15:59:29 - [TEST_STEP][PASSED] - click(findTestObject("Object Repository/Thread_Webshop/Shopping Cart/Page_Threads/span_Catalog")): Object: 'Object Repository/Thread_Webshop/Shopping Cart/Page_Threads/span_Catalog' is clicked on

01-11-2024T15:59:30 - [MESSAGE][PASSED] - Object: 'Object Repository/Thread_Webshop/Shopping Cart/Page_Threads/span_Catalog' is clicked on

01-11-2024T15:59:30 - [TEST_STEP][PASSED] - takeScreenshot(screenshotFolderPath + "catalog.png"): Taking screenshot successfully

01-11-2024T15:59:31 - [MESSAGE][PASSED] - Taking screenshot successfully
[[ATTACHMENT|C:\\Users\\SamajitKundu\\git\\threadShopify\\ThreadShopify\\Reports\\20241101_155553\\Threads\\Threads_Suits\\20241101_155554\\screenshots/shopping_cart_20241101_155918/catalog.png]]

01-11-2024T15:59:31 - [TEST_STEP][PASSED] - click(findTestObject("Object Repository/Thread_Webshop/Shopping Cart/Page_Products  Threads/a_ADIDAS  CLASSIC BACKPACK")): Object: 'Object Repository/Thread_Webshop/Shopping Cart/Page_Products  Threads/a_ADIDAS  CLASSIC BACKPACK' is clicked on

01-11-2024T15:59:32 - [MESSAGE][PASSED] - Object: 'Object Repository/Thread_Webshop/Shopping Cart/Page_Products  Threads/a_ADIDAS  CLASSIC BACKPACK' is clicked on

01-11-2024T15:59:32 - [TEST_STEP][PASSED] - click(findTestObject("Object Repository/Thread_Webshop/Shopping Cart/Page_ADIDAS  CLASSIC BACKPACK  Threads/button_Add to cart")): Object: 'Object Repository/Thread_Webshop/Shopping Cart/Page_ADIDAS  CLASSIC BACKPACK  Threads/button_Add to cart' is clicked on

01-11-2024T15:59:33 - [MESSAGE][PASSED] - Object: 'Object Repository/Thread_Webshop/Shopping Cart/Page_ADIDAS  CLASSIC BACKPACK  Threads/button_Add to cart' is clicked on

01-11-2024T15:59:33 - [TEST_STEP][PASSED] - delay(2): Delayed 2 second(s)

01-11-2024T15:59:35 - [MESSAGE][PASSED] - Delayed 2 second(s)

01-11-2024T15:59:35 - [TEST_STEP][PASSED] - takeScreenshot(screenshotFolderPath + "addToCart1.png"): Taking screenshot successfully

01-11-2024T15:59:36 - [MESSAGE][PASSED] - Taking screenshot successfully
[[ATTACHMENT|C:\\Users\\SamajitKundu\\git\\threadShopify\\ThreadShopify\\Reports\\20241101_155553\\Threads\\Threads_Suits\\20241101_155554\\screenshots/shopping_cart_20241101_155918/addToCart1.png]]

01-11-2024T15:59:36 - [TEST_STEP][PASSED] - click(findTestObject("Object Repository/Thread_Webshop/Shopping Cart/Page_ADIDAS  CLASSIC BACKPACK  Threads/button_Continue shopping")): Object: 'Object Repository/Thread_Webshop/Shopping Cart/Page_ADIDAS  CLASSIC BACKPACK  Threads/button_Continue shopping' is clicked on

01-11-2024T15:59:36 - [MESSAGE][PASSED] - Object: 'Object Repository/Thread_Webshop/Shopping Cart/Page_ADIDAS  CLASSIC BACKPACK  Threads/button_Continue shopping' is clicked on

01-11-2024T15:59:36 - [TEST_STEP][PASSED] - click(findTestObject("Object Repository/Thread_Webshop/Shopping Cart/Page_ADIDAS  CLASSIC BACKPACK  Threads/span_Catalog")): Object: 'Object Repository/Thread_Webshop/Shopping Cart/Page_ADIDAS  CLASSIC BACKPACK  Threads/span_Catalog' is clicked on

01-11-2024T15:59:39 - [MESSAGE][PASSED] - Object: 'Object Repository/Thread_Webshop/Shopping Cart/Page_ADIDAS  CLASSIC BACKPACK  Threads/span_Catalog' is clicked on

01-11-2024T15:59:39 - [TEST_STEP][PASSED] - click(findTestObject("Object Repository/Thread_Webshop/Shopping Cart/Page_Products  Threads/a_ADIDAS  CLASSIC BACKPACK  LEGEND INK MULTICOLOUR")): Object: 'Object Repository/Thread_Webshop/Shopping Cart/Page_Products  Threads/a_ADIDAS  CLASSIC BACKPACK  LEGEND INK MULTICOLOUR' is clicked on

01-11-2024T15:59:41 - [MESSAGE][PASSED] - Object: 'Object Repository/Thread_Webshop/Shopping Cart/Page_Products  Threads/a_ADIDAS  CLASSIC BACKPACK  LEGEND INK MULTICOLOUR' is clicked on

01-11-2024T15:59:41 - [TEST_STEP][PASSED] - click(findTestObject("Object Repository/Thread_Webshop/Shopping Cart/Page_ADIDAS  CLASSIC BACKPACK  LEGEND INK M_ff53f1/button_Add to cart")): Object: 'Object Repository/Thread_Webshop/Shopping Cart/Page_ADIDAS  CLASSIC BACKPACK  LEGEND INK M_ff53f1/button_Add to cart' is clicked on

01-11-2024T15:59:42 - [MESSAGE][PASSED] - Object: 'Object Repository/Thread_Webshop/Shopping Cart/Page_ADIDAS  CLASSIC BACKPACK  LEGEND INK M_ff53f1/button_Add to cart' is clicked on

01-11-2024T15:59:42 - [TEST_STEP][PASSED] - delay(2): Delayed 2 second(s)

01-11-2024T15:59:44 - [MESSAGE][PASSED] - Delayed 2 second(s)

01-11-2024T15:59:44 - [TEST_STEP][PASSED] - takeScreenshot(screenshotFolderPath + "addToCart2.png"): Taking screenshot successfully

01-11-2024T15:59:44 - [MESSAGE][PASSED] - Taking screenshot successfully
[[ATTACHMENT|C:\\Users\\SamajitKundu\\git\\threadShopify\\ThreadShopify\\Reports\\20241101_155553\\Threads\\Threads_Suits\\20241101_155554\\screenshots/shopping_cart_20241101_155918/addToCart2.png]]

01-11-2024T15:59:44 - [TEST_STEP][PASSED] - click(findTestObject("Object Repository/Thread_Webshop/Shopping Cart/Page_ADIDAS  CLASSIC BACKPACK  LEGEND INK M_ff53f1/button_Continue shopping")): Object: 'Object Repository/Thread_Webshop/Shopping Cart/Page_ADIDAS  CLASSIC BACKPACK  LEGEND INK M_ff53f1/button_Continue shopping' is clicked on

01-11-2024T15:59:45 - [MESSAGE][PASSED] - Object: 'Object Repository/Thread_Webshop/Shopping Cart/Page_ADIDAS  CLASSIC BACKPACK  LEGEND INK M_ff53f1/button_Continue shopping' is clicked on

01-11-2024T15:59:45 - [TEST_STEP][PASSED] - click(findTestObject("Object Repository/Thread_Webshop/Shopping Cart/Page_ADIDAS  CLASSIC BACKPACK  LEGEND INK M_ff53f1/span_Catalog")): Object: 'Object Repository/Thread_Webshop/Shopping Cart/Page_ADIDAS  CLASSIC BACKPACK  LEGEND INK M_ff53f1/span_Catalog' is clicked on

01-11-2024T15:59:48 - [MESSAGE][PASSED] - Object: 'Object Repository/Thread_Webshop/Shopping Cart/Page_ADIDAS  CLASSIC BACKPACK  LEGEND INK M_ff53f1/span_Catalog' is clicked on

01-11-2024T15:59:48 - [TEST_STEP][PASSED] - click(findTestObject("Object Repository/Thread_Webshop/Shopping Cart/Page_Products  Threads/a_CONVERSE  CHUCK TAYLOR ALL STAR II HI")): Object: 'Object Repository/Thread_Webshop/Shopping Cart/Page_Products  Threads/a_CONVERSE  CHUCK TAYLOR ALL STAR II HI' is clicked on

01-11-2024T15:59:49 - [MESSAGE][PASSED] - Object: 'Object Repository/Thread_Webshop/Shopping Cart/Page_Products  Threads/a_CONVERSE  CHUCK TAYLOR ALL STAR II HI' is clicked on

01-11-2024T15:59:49 - [TEST_STEP][PASSED] - click(findTestObject("Object Repository/Thread_Webshop/Shopping Cart/Page_CONVERSE  CHUCK TAYLOR ALL STAR II HI _4a158e/button_Add to cart")): Object: 'Object Repository/Thread_Webshop/Shopping Cart/Page_CONVERSE  CHUCK TAYLOR ALL STAR II HI _4a158e/button_Add to cart' is clicked on

01-11-2024T15:59:50 - [MESSAGE][PASSED] - Object: 'Object Repository/Thread_Webshop/Shopping Cart/Page_CONVERSE  CHUCK TAYLOR ALL STAR II HI _4a158e/button_Add to cart' is clicked on

01-11-2024T15:59:50 - [TEST_STEP][PASSED] - delay(2): Delayed 2 second(s)

01-11-2024T15:59:52 - [MESSAGE][PASSED] - Delayed 2 second(s)

01-11-2024T15:59:52 - [TEST_STEP][PASSED] - takeScreenshot(screenshotFolderPath + "addToCart3.png"): Taking screenshot successfully

01-11-2024T15:59:53 - [MESSAGE][PASSED] - Taking screenshot successfully
[[ATTACHMENT|C:\\Users\\SamajitKundu\\git\\threadShopify\\ThreadShopify\\Reports\\20241101_155553\\Threads\\Threads_Suits\\20241101_155554\\screenshots/shopping_cart_20241101_155918/addToCart3.png]]

01-11-2024T15:59:53 - [TEST_STEP][PASSED] - click(findTestObject("Object Repository/Thread_Webshop/Shopping Cart/Page_CONVERSE  CHUCK TAYLOR ALL STAR II HI _4a158e/button_Continue shopping")): Object: 'Object Repository/Thread_Webshop/Shopping Cart/Page_CONVERSE  CHUCK TAYLOR ALL STAR II HI _4a158e/button_Continue shopping' is clicked on

01-11-2024T15:59:53 - [MESSAGE][PASSED] - Object: 'Object Repository/Thread_Webshop/Shopping Cart/Page_CONVERSE  CHUCK TAYLOR ALL STAR II HI _4a158e/button_Continue shopping' is clicked on

01-11-2024T15:59:53 - [TEST_STEP][PASSED] - click(findTestObject("Object Repository/Thread_Webshop/Shopping Cart/Page_CONVERSE  CHUCK TAYLOR ALL STAR II HI _4a158e/span_Home")): Object: 'Object Repository/Thread_Webshop/Shopping Cart/Page_CONVERSE  CHUCK TAYLOR ALL STAR II HI _4a158e/span_Home' is clicked on

01-11-2024T15:59:56 - [MESSAGE][PASSED] - Object: 'Object Repository/Thread_Webshop/Shopping Cart/Page_CONVERSE  CHUCK TAYLOR ALL STAR II HI _4a158e/span_Home' is clicked on

01-11-2024T15:59:56 - [TEST_STEP][PASSED] - click(findTestObject("Object Repository/Thread_Webshop/Shopping Cart/Page_Threads/svg_Log in_icon icon-cart")): Object: 'Object Repository/Thread_Webshop/Shopping Cart/Page_Threads/svg_Log in_icon icon-cart' is clicked on

01-11-2024T15:59:57 - [MESSAGE][PASSED] - Object: 'Object Repository/Thread_Webshop/Shopping Cart/Page_Threads/svg_Log in_icon icon-cart' is clicked on

01-11-2024T15:59:57 - [TEST_STEP][PASSED] - scrollToPosition(0, 150): Browser is scrolled to position x = 0, y = 150

01-11-2024T15:59:57 - [MESSAGE][PASSED] - Browser is scrolled to position x = 0, y = 150

01-11-2024T15:59:57 - [TEST_STEP][PASSED] - takeScreenshot(screenshotFolderPath + "verify_cart.png"): Taking screenshot successfully

01-11-2024T15:59:58 - [MESSAGE][PASSED] - Taking screenshot successfully
[[ATTACHMENT|C:\\Users\\SamajitKundu\\git\\threadShopify\\ThreadShopify\\Reports\\20241101_155553\\Threads\\Threads_Suits\\20241101_155554\\screenshots/shopping_cart_20241101_155918/verify_cart.png]]

01-11-2024T15:59:58 - [TEST_STEP][PASSED] - abbText = getText(findTestObject("Object Repository/Thread_Webshop/Shopping Cart/Page_Your Shopping Cart  Threads/span_Rs. 140.00")): Text of object 'Object Repository/Thread_Webshop/Shopping Cart/Page_Your Shopping Cart  Threads/span_Rs. 140.00' is: 'Rs. 140.00'

01-11-2024T15:59:58 - [MESSAGE][PASSED] - Text of object 'Object Repository/Thread_Webshop/Shopping Cart/Page_Your Shopping Cart  Threads/span_Rs. 140.00' is: 'Rs. 140.00'

01-11-2024T15:59:58 - [TEST_STEP][PASSED] - abbPrice = parsePrice(abbText): null

01-11-2024T15:59:58 - [TEST_STEP][PASSED] - cleanText = replace(",", "").trim(): null

01-11-2024T15:59:58 - [TEST_STEP][PASSED] - return java.lang.Float.parseFloat(cleanText): null

01-11-2024T15:59:58 - [TEST_STEP][PASSED] - println($abbPrice): null

01-11-2024T15:59:58 - [TEST_STEP][PASSED] - ambText = getText(findTestObject("Object Repository/Thread_Webshop/Shopping Cart/Page_Your Shopping Cart  Threads/span_Rs. 40.00")): Text of object 'Object Repository/Thread_Webshop/Shopping Cart/Page_Your Shopping Cart  Threads/span_Rs. 40.00' is: 'Rs. 40.00'

01-11-2024T15:59:59 - [MESSAGE][PASSED] - Text of object 'Object Repository/Thread_Webshop/Shopping Cart/Page_Your Shopping Cart  Threads/span_Rs. 40.00' is: 'Rs. 40.00'

01-11-2024T15:59:59 - [TEST_STEP][PASSED] - ambPrice = parsePrice(ambText): null

01-11-2024T15:59:59 - [TEST_STEP][PASSED] - cleanText = replace(",", "").trim(): null

01-11-2024T15:59:59 - [TEST_STEP][PASSED] - return java.lang.Float.parseFloat(cleanText): null

01-11-2024T15:59:59 - [TEST_STEP][PASSED] - println($ambPrice): null

01-11-2024T15:59:59 - [TEST_STEP][PASSED] - shoeText = getText(findTestObject("Object Repository/Thread_Webshop/Shopping Cart/Page_Your Shopping Cart  Threads/span_Rs. 56.00")): Text of object 'Object Repository/Thread_Webshop/Shopping Cart/Page_Your Shopping Cart  Threads/span_Rs. 56.00' is: 'Rs. 56.00'

01-11-2024T15:59:59 - [MESSAGE][PASSED] - Text of object 'Object Repository/Thread_Webshop/Shopping Cart/Page_Your Shopping Cart  Threads/span_Rs. 56.00' is: 'Rs. 56.00'

01-11-2024T15:59:59 - [TEST_STEP][PASSED] - shoePrice = parsePrice(shoeText): null

01-11-2024T15:59:59 - [TEST_STEP][PASSED] - cleanText = replace(",", "").trim(): null

01-11-2024T15:59:59 - [TEST_STEP][PASSED] - return java.lang.Float.parseFloat(cleanText): null

01-11-2024T15:59:59 - [TEST_STEP][PASSED] - println($shoePrice): null

01-11-2024T15:59:59 - [TEST_STEP][PASSED] - totalText = getText(findTestObject("Object Repository/Thread_Webshop/Shopping Cart/Page_Your Shopping Cart  Threads/p_Rs. 236.00")): Text of object 'Object Repository/Thread_Webshop/Shopping Cart/Page_Your Shopping Cart  Threads/p_Rs. 236.00' is: 'Rs. 236.00'

01-11-2024T15:59:59 - [MESSAGE][PASSED] - Text of object 'Object Repository/Thread_Webshop/Shopping Cart/Page_Your Shopping Cart  Threads/p_Rs. 236.00' is: 'Rs. 236.00'

01-11-2024T15:59:59 - [TEST_STEP][PASSED] - totalPrice = parsePrice(totalText): null

01-11-2024T15:59:59 - [TEST_STEP][PASSED] - cleanText = replace(",", "").trim(): null

01-11-2024T15:59:59 - [TEST_STEP][PASSED] - return java.lang.Float.parseFloat(cleanText): null

01-11-2024T15:59:59 - [TEST_STEP][PASSED] - println(Total Price: $totalPrice): null

01-11-2024T15:59:59 - [TEST_STEP][PASSED] - total = abbPrice + ambPrice + shoePrice: null

01-11-2024T15:59:59 - [TEST_STEP][PASSED] - println(Calculated Total: $total): null

01-11-2024T15:59:59 - [TEST_STEP][PASSED] - if (total == totalPrice): null

01-11-2024T15:59:59 - [TEST_STEP][PASSED] - println("The price has matched"): null

01-11-2024T15:59:59 - [TEST_STEP][PASSED] - closeBrowser(): Browser is closed

01-11-2024T16:00:00 - [MESSAGE][PASSED] - Browser is closed]]></system-out>
         <system-err><![CDATA[]]></system-err>
      </testcase>
      <testcase name="Test Cases/Threads_Webshop/5 Shopping Cart/TC-309-Verify Promo code" time="78.427" classname="Test Cases/Threads_Webshop/5 Shopping Cart/TC-309-Verify Promo code" status="PASSED">
         <system-out><![CDATA[01-11-2024T16:00:00 - [TEST_CASE][PASSED] - Test Cases/Threads_Webshop/5 Shopping Cart/TC-309-Verify Promo code: Test Cases/Threads_Webshop/5 Shopping Cart/TC-309-Verify Promo code

01-11-2024T16:00:00 - [TEST_STEP][PASSED] - currentDateTime = LocalDateTime.now(): null

01-11-2024T16:00:00 - [TEST_STEP][PASSED] - formatter = DateTimeFormatter.ofPattern("yyyyMMdd_HHmmss"): null

01-11-2024T16:00:00 - [TEST_STEP][PASSED] - dateTimeString = currentDateTime.format(formatter): null

01-11-2024T16:00:00 - [TEST_STEP][PASSED] - screenshotFolderPath = "screenshots/shopping_cart_" + dateTimeString + "/": null

01-11-2024T16:00:00 - [TEST_STEP][PASSED] - File(screenshotFolderPath).mkdirs(): null

01-11-2024T16:00:00 - [TEST_STEP][PASSED] - callTestCase(findTestCase("Threads_Webshop/ReUsable Testcases/Enter Password"), [:], STOP_ON_FAILURE): Call Test Case 'Test Cases/Threads_Webshop/ReUsable Testcases/Enter Password' successfully

01-11-2024T16:00:00 - [TEST_CASE][PASSED] - Test Cases/Threads_Webshop/ReUsable Testcases/Enter Password: Test Cases/Threads_Webshop/ReUsable Testcases/Enter Password

01-11-2024T16:00:00 - [TEST_STEP][PASSED] - openBrowser(""): Browser is opened with url: ''

01-11-2024T16:00:00 - [MESSAGE][INFO] - Starting 'Chrome' driver

01-11-2024T16:00:00 - [MESSAGE][INFO] - Action delay is set to 0 milliseconds

01-11-2024T16:00:01 - [MESSAGE][PASSED] - Browser is opened with url: ''

01-11-2024T16:00:01 - [TEST_STEP][PASSED] - maximizeWindow(): Current window maximized

01-11-2024T16:00:01 - [MESSAGE][PASSED] - Current window maximized

01-11-2024T16:00:01 - [TEST_STEP][PASSED] - navigateToUrl("https://threads0.myshopify.com/password"): Navigate to 'https://threads0.myshopify.com/password' successfully

01-11-2024T16:00:03 - [MESSAGE][PASSED] - Navigate to 'https://threads0.myshopify.com/password' successfully

01-11-2024T16:00:03 - [TEST_STEP][PASSED] - click(findTestObject("Object Repository/Thread_Webshop/Reusable Testcase/Page_Threads/div_Enter using password")): Object: 'Object Repository/Thread_Webshop/Reusable Testcase/Page_Threads/div_Enter using password' is clicked on

01-11-2024T16:00:05 - [MESSAGE][PASSED] - Object: 'Object Repository/Thread_Webshop/Reusable Testcase/Page_Threads/div_Enter using password' is clicked on

01-11-2024T16:00:05 - [TEST_STEP][PASSED] - setEncryptedText(findTestObject("Object Repository/Thread_Webshop/Reusable Testcase/Page_Threads/input_Enter store using password_password"), "gnzTAVlujIw+lTr0To6+Cg=="): Text ****** has been set on object 'Object Repository/Thread_Webshop/Reusable Testcase/Page_Threads/input_Enter store using password_password'

01-11-2024T16:00:06 - [MESSAGE][PASSED] - Text ****** has been set on object 'Object Repository/Thread_Webshop/Reusable Testcase/Page_Threads/input_Enter store using password_password'

01-11-2024T16:00:06 - [TEST_STEP][PASSED] - click(findTestObject("Object Repository/Thread_Webshop/Reusable Testcase/Page_Threads/button_Enter")): Object: 'Object Repository/Thread_Webshop/Reusable Testcase/Page_Threads/button_Enter' is clicked on

01-11-2024T16:00:07 - [MESSAGE][PASSED] - Object: 'Object Repository/Thread_Webshop/Reusable Testcase/Page_Threads/button_Enter' is clicked on

01-11-2024T16:00:07 - [MESSAGE][PASSED] - Call Test Case 'Test Cases/Threads_Webshop/ReUsable Testcases/Enter Password' successfully

01-11-2024T16:00:07 - [TEST_STEP][PASSED] - takeScreenshot(screenshotFolderPath + "home.png"): Taking screenshot successfully

01-11-2024T16:00:15 - [MESSAGE][PASSED] - Taking screenshot successfully
[[ATTACHMENT|C:\\Users\\SamajitKundu\\git\\threadShopify\\ThreadShopify\\Reports\\20241101_155553\\Threads\\Threads_Suits\\20241101_155554\\screenshots/shopping_cart_20241101_160000/home.png]]

01-11-2024T16:00:15 - [TEST_STEP][PASSED] - click(findTestObject("Object Repository/Shopping cart_An/PROMO CODE/Page_Threads/span_Catalog")): Object: 'Object Repository/Shopping cart_An/PROMO CODE/Page_Threads/span_Catalog' is clicked on

01-11-2024T16:00:15 - [MESSAGE][PASSED] - Object: 'Object Repository/Shopping cart_An/PROMO CODE/Page_Threads/span_Catalog' is clicked on

01-11-2024T16:00:15 - [TEST_STEP][PASSED] - click(findTestObject("Object Repository/Shopping cart_An/PROMO CODE/Page_Products  Threads/a_CONVERSE  CHUCK TAYLOR ALL STAR LO")): Object: 'Object Repository/Shopping cart_An/PROMO CODE/Page_Products  Threads/a_CONVERSE  CHUCK TAYLOR ALL STAR LO' is clicked on

01-11-2024T16:00:17 - [MESSAGE][PASSED] - Object: 'Object Repository/Shopping cart_An/PROMO CODE/Page_Products  Threads/a_CONVERSE  CHUCK TAYLOR ALL STAR LO' is clicked on

01-11-2024T16:00:17 - [TEST_STEP][PASSED] - takeScreenshot(screenshotFolderPath + "item.png"): Taking screenshot successfully

01-11-2024T16:00:22 - [MESSAGE][PASSED] - Taking screenshot successfully
[[ATTACHMENT|C:\\Users\\SamajitKundu\\git\\threadShopify\\ThreadShopify\\Reports\\20241101_155553\\Threads\\Threads_Suits\\20241101_155554\\screenshots/shopping_cart_20241101_160000/item.png]]

01-11-2024T16:00:22 - [TEST_STEP][PASSED] - delay(2): Delayed 2 second(s)

01-11-2024T16:00:24 - [MESSAGE][PASSED] - Delayed 2 second(s)

01-11-2024T16:00:24 - [TEST_STEP][PASSED] - click(findTestObject("Object Repository/Shopping cart_An/PROMO CODE/Page_CONVERSE  CHUCK TAYLOR ALL STAR LO  Threads/label_4Variant sold out or unavailable")): Object: 'Object Repository/Shopping cart_An/PROMO CODE/Page_CONVERSE  CHUCK TAYLOR ALL STAR LO  Threads/label_4Variant sold out or unavailable' is clicked on

01-11-2024T16:00:25 - [MESSAGE][PASSED] - Object: 'Object Repository/Shopping cart_An/PROMO CODE/Page_CONVERSE  CHUCK TAYLOR ALL STAR LO  Threads/label_4Variant sold out or unavailable' is clicked on

01-11-2024T16:00:25 - [TEST_STEP][PASSED] - click(findTestObject("Object Repository/Shopping cart_An/PROMO CODE/Page_CONVERSE  CHUCK TAYLOR ALL STAR LO  Threads/button_Add to cart")): Object: 'Object Repository/Shopping cart_An/PROMO CODE/Page_CONVERSE  CHUCK TAYLOR ALL STAR LO  Threads/button_Add to cart' is clicked on

01-11-2024T16:00:25 - [MESSAGE][PASSED] - Object: 'Object Repository/Shopping cart_An/PROMO CODE/Page_CONVERSE  CHUCK TAYLOR ALL STAR LO  Threads/button_Add to cart' is clicked on

01-11-2024T16:00:25 - [TEST_STEP][PASSED] - takeScreenshot(screenshotFolderPath + "verify_cart.png"): Taking screenshot successfully

01-11-2024T16:00:28 - [MESSAGE][PASSED] - Taking screenshot successfully
[[ATTACHMENT|C:\\Users\\SamajitKundu\\git\\threadShopify\\ThreadShopify\\Reports\\20241101_155553\\Threads\\Threads_Suits\\20241101_155554\\screenshots/shopping_cart_20241101_160000/verify_cart.png]]

01-11-2024T16:00:28 - [TEST_STEP][PASSED] - click(findTestObject("Object Repository/Shopping cart_An/PROMO CODE/Page_CONVERSE  CHUCK TAYLOR ALL STAR LO  Threads/a_View cart (1)")): Object: 'Object Repository/Shopping cart_An/PROMO CODE/Page_CONVERSE  CHUCK TAYLOR ALL STAR LO  Threads/a_View cart (1)' is clicked on

01-11-2024T16:00:29 - [MESSAGE][PASSED] - Object: 'Object Repository/Shopping cart_An/PROMO CODE/Page_CONVERSE  CHUCK TAYLOR ALL STAR LO  Threads/a_View cart (1)' is clicked on

01-11-2024T16:00:29 - [TEST_STEP][PASSED] - click(findTestObject("Object Repository/Shopping cart_An/PROMO CODE/Page_Your Shopping Cart  Threads/button_Check out")): Object: 'Object Repository/Shopping cart_An/PROMO CODE/Page_Your Shopping Cart  Threads/button_Check out' is clicked on

01-11-2024T16:00:37 - [MESSAGE][PASSED] - Object: 'Object Repository/Shopping cart_An/PROMO CODE/Page_Your Shopping Cart  Threads/button_Check out' is clicked on

01-11-2024T16:00:37 - [TEST_STEP][PASSED] - takeScreenshot(screenshotFolderPath + "checkout.png"): Taking screenshot successfully

01-11-2024T16:00:38 - [MESSAGE][PASSED] - Taking screenshot successfully
[[ATTACHMENT|C:\\Users\\SamajitKundu\\git\\threadShopify\\ThreadShopify\\Reports\\20241101_155553\\Threads\\Threads_Suits\\20241101_155554\\screenshots/shopping_cart_20241101_160000/checkout.png]]

01-11-2024T16:00:38 - [TEST_STEP][PASSED] - setText(findTestObject("Object Repository/Shopping cart_An/PROMO CODE/Page_Checkout - Threads/input_Discount code_reductions"), "WINTER10"): Text 'WINTER10' is set on object 'Object Repository/Shopping cart_An/PROMO CODE/Page_Checkout - Threads/input_Discount code_reductions'

01-11-2024T16:00:39 - [MESSAGE][PASSED] - Text 'WINTER10' is set on object 'Object Repository/Shopping cart_An/PROMO CODE/Page_Checkout - Threads/input_Discount code_reductions'

01-11-2024T16:00:39 - [TEST_STEP][PASSED] - delay(3): Delayed 3 second(s)

01-11-2024T16:00:42 - [MESSAGE][PASSED] - Delayed 3 second(s)

01-11-2024T16:00:42 - [TEST_STEP][PASSED] - takeScreenshot(screenshotFolderPath + "promo.png"): Taking screenshot successfully

01-11-2024T16:00:42 - [MESSAGE][PASSED] - Taking screenshot successfully
[[ATTACHMENT|C:\\Users\\SamajitKundu\\git\\threadShopify\\ThreadShopify\\Reports\\20241101_155553\\Threads\\Threads_Suits\\20241101_155554\\screenshots/shopping_cart_20241101_160000/promo.png]]

01-11-2024T16:00:42 - [TEST_STEP][PASSED] - click(findTestObject("Object Repository/Shopping cart_An/PROMO CODE/Page_Checkout - Threads/button_Apply")): Object: 'Object Repository/Shopping cart_An/PROMO CODE/Page_Checkout - Threads/button_Apply' is clicked on

01-11-2024T16:00:43 - [MESSAGE][PASSED] - Object: 'Object Repository/Shopping cart_An/PROMO CODE/Page_Checkout - Threads/button_Apply' is clicked on

01-11-2024T16:00:43 - [TEST_STEP][PASSED] - prodPrice = getText(findTestObject("Object Repository/Shopping cart_An/PROMO CODE/Page_Checkout - Threads/span_100.00")): Text of object 'Object Repository/Shopping cart_An/PROMO CODE/Page_Checkout - Threads/span_100.00' is: '100.00'

01-11-2024T16:00:44 - [MESSAGE][PASSED] - Text of object 'Object Repository/Shopping cart_An/PROMO CODE/Page_Checkout - Threads/span_100.00' is: '100.00'

01-11-2024T16:00:44 - [TEST_STEP][PASSED] - originalPrice = parsePrice(prodPrice): null

01-11-2024T16:00:44 - [TEST_STEP][PASSED] - cleanText = ]", "").trim(): null

01-11-2024T16:00:44 - [TEST_STEP][PASSED] - return java.lang.Float.parseFloat(cleanText): null

01-11-2024T16:00:44 - [TEST_STEP][PASSED] - println(Original Price: $originalPrice): null

01-11-2024T16:00:44 - [TEST_STEP][PASSED] - discountedPrice = originalPrice / 100 * 10: null

01-11-2024T16:00:44 - [TEST_STEP][PASSED] - discount = parseDisc(getText(findTestObject("Object Repository/Shopping cart_An/PROMO CODE/Page_Checkout - Threads/span_10.00"))): Text of object 'Object Repository/Shopping cart_An/PROMO CODE/Page_Checkout - Threads/span_10.00' is: '10.00'

01-11-2024T16:00:45 - [MESSAGE][PASSED] - Text of object 'Object Repository/Shopping cart_An/PROMO CODE/Page_Checkout - Threads/span_10.00' is: '10.00'

01-11-2024T16:00:45 - [TEST_STEP][PASSED] - cleanText = -]", "").trim(): null

01-11-2024T16:00:45 - [TEST_STEP][PASSED] - return java.lang.Float.parseFloat(cleanText): null

01-11-2024T16:00:45 - [TEST_STEP][PASSED] - if (discount == discountedPrice): null

01-11-2024T16:00:45 - [TEST_STEP][PASSED] - println("Discounted price matches"): null

01-11-2024T16:00:45 - [TEST_STEP][PASSED] - taxAmt = parsePrice(getText(findTestObject("Object Repository/Shopping cart_An/PROMO CODE/Page_Checkout - Threads/span_8.10"))): Text of object 'Object Repository/Shopping cart_An/PROMO CODE/Page_Checkout - Threads/span_8.10' is: '8.10'

01-11-2024T16:00:45 - [MESSAGE][PASSED] - Text of object 'Object Repository/Shopping cart_An/PROMO CODE/Page_Checkout - Threads/span_8.10' is: '8.10'

01-11-2024T16:00:45 - [TEST_STEP][PASSED] - cleanText = ]", "").trim(): null

01-11-2024T16:00:45 - [TEST_STEP][PASSED] - return java.lang.Float.parseFloat(cleanText): null

01-11-2024T16:00:45 - [TEST_STEP][PASSED] - totalPrice = originalPrice - discount + taxAmt: null

01-11-2024T16:00:45 - [TEST_STEP][PASSED] - finalPriceStr = getText(findTestObject("Object Repository/Shopping cart_An/PROMO CODE/Page_Checkout - Threads/strong_98.10")): Text of object 'Object Repository/Shopping cart_An/PROMO CODE/Page_Checkout - Threads/strong_98.10' is: '98.10'

01-11-2024T16:00:45 - [MESSAGE][PASSED] - Text of object 'Object Repository/Shopping cart_An/PROMO CODE/Page_Checkout - Threads/strong_98.10' is: '98.10'

01-11-2024T16:00:45 - [TEST_STEP][PASSED] - finalPrice = parsePrice(finalPriceStr): null

01-11-2024T16:00:45 - [TEST_STEP][PASSED] - cleanText = ]", "").trim(): null

01-11-2024T16:00:45 - [TEST_STEP][PASSED] - return java.lang.Float.parseFloat(cleanText): null

01-11-2024T16:00:45 - [TEST_STEP][PASSED] - if (totalPrice == finalPrice): null

01-11-2024T16:00:45 - [TEST_STEP][PASSED] - println("Final price matches"): null

01-11-2024T16:00:45 - [TEST_STEP][PASSED] - verifyTextPresent("TOTAL SAVINGS", false): Text 'TOTAL SAVINGS' is present on page 

01-11-2024T16:00:46 - [MESSAGE][PASSED] - Text 'TOTAL SAVINGS' is present on page 

01-11-2024T16:00:46 - [TEST_STEP][PASSED] - savings = parsePrice(getText(findTestObject("Object Repository/Shopping cart_An/PROMO CODE/Page_Checkout - Threads/strong_10.00"))): Text of object 'Object Repository/Shopping cart_An/PROMO CODE/Page_Checkout - Threads/strong_10.00' is: '10.00'

01-11-2024T16:01:17 - [MESSAGE][INFO] - Unable to find the element located by 'By.xpath: //div[@id='app']/div/div/div/div[2]/div[2]/div/aside/div/section/div/section/div[3]/div/div/div/strong[2]'. Please recheck the objects properties to make sure the desired element is located. 

01-11-2024T16:01:17 - [MESSAGE][WARNING] - [SELF-HEALING] Failed to find element with id 'Object Repository/Shopping cart_An/PROMO CODE/Page_Checkout - Threads/strong_10.00'. Try using Self-healing.

01-11-2024T16:01:17 - [MESSAGE][ERROR] - [SELF-HEALING] com.google.gson.stream.MalformedJsonException: Expected ':' at line 5 column 10 path $.brokenTestObjects[0].<<<<<<<

01-11-2024T16:01:17 - [MESSAGE][INFO] - [SELF-HEALING] Failed Locator: '//div[@id='app']/div/div/div/div[2]/div[2]/div/aside/div/section/div/section/div[3]/div/div/div/strong[2]'.

01-11-2024T16:01:17 - [MESSAGE][INFO] - [SELF-HEALING] Working Locator: '(.//*[normalize-space(text()) and normalize-space(.)='TOTAL SAVINGS'])[1]/following::strong[1]'.

01-11-2024T16:01:18 - [MESSAGE][INFO] - [SELF-HEALING] Screenshot: C:/Users/SamajitKundu/git/threadShopify/ThreadShopify/Reports/Self-healing/Object Repository/Shopping cart_An/PROMO CODE/Page_Checkout - Threads/strong_10.00_neighbor.png

01-11-2024T16:01:18 - [MESSAGE][ERROR] - [SELF-HEALING] com.google.gson.stream.MalformedJsonException: Expected ':' at line 5 column 10 path $.brokenTestObjects[0].<<<<<<<

01-11-2024T16:01:18 - [MESSAGE][ERROR] - [SELF-HEALING] C:\Users\SamajitKundu\git\threadShopify\ThreadShopify\Reports\Self-healing\broken-test-objects-v2.json does not exist or is provided by Self-healing Plugin!

01-11-2024T16:01:18 - [MESSAGE][WARNING] - [SELF-HEALING] The current locator of test object 'Object Repository/Shopping cart_An/PROMO CODE/Page_Checkout - Threads/strong_10.00' was broken. Propose an alternative one: '(.//*[normalize-space(text()) and normalize-space(.)='TOTAL SAVINGS'])[1]/following::strong[1]'.

01-11-2024T16:01:18 - [MESSAGE][PASSED] - Text of object 'Object Repository/Shopping cart_An/PROMO CODE/Page_Checkout - Threads/strong_10.00' is: '10.00'

01-11-2024T16:01:18 - [TEST_STEP][PASSED] - cleanText = ]", "").trim(): null

01-11-2024T16:01:18 - [TEST_STEP][PASSED] - return java.lang.Float.parseFloat(cleanText): null

01-11-2024T16:01:18 - [TEST_STEP][PASSED] - if (savings == discountedPrice): null

01-11-2024T16:01:18 - [TEST_STEP][PASSED] - println("Savings match"): null

01-11-2024T16:01:18 - [TEST_STEP][PASSED] - takeScreenshot(screenshotFolderPath + "verify_price.png"): Taking screenshot successfully

01-11-2024T16:01:18 - [MESSAGE][PASSED] - Taking screenshot successfully
[[ATTACHMENT|C:\\Users\\SamajitKundu\\git\\threadShopify\\ThreadShopify\\Reports\\20241101_155553\\Threads\\Threads_Suits\\20241101_155554\\screenshots/shopping_cart_20241101_160000/verify_price.png]]

01-11-2024T16:01:18 - [TEST_STEP][PASSED] - closeBrowser(): Browser is closed

01-11-2024T16:01:19 - [MESSAGE][PASSED] - Browser is closed]]></system-out>
         <system-err><![CDATA[]]></system-err>
      </testcase>
      <testcase name="Test Cases/Threads_Webshop/6 Checkout/TC-178,404,305-Verify checkout scenario" time="59.459" classname="Test Cases/Threads_Webshop/6 Checkout/TC-178,404,305-Verify checkout scenario" status="PASSED">
         <system-out><![CDATA[01-11-2024T16:01:19 - [TEST_CASE][PASSED] - Test Cases/Threads_Webshop/6 Checkout/TC-178,404,305-Verify checkout scenario: Test Cases/Threads_Webshop/6 Checkout/TC-178,404,305-Verify checkout scenario

01-11-2024T16:01:19 - [TEST_STEP][PASSED] - currentDateTime = LocalDateTime.now(): null

01-11-2024T16:01:19 - [TEST_STEP][PASSED] - formatter = DateTimeFormatter.ofPattern("yyyyMMdd_HHmmss"): null

01-11-2024T16:01:19 - [TEST_STEP][PASSED] - dateTimeString = currentDateTime.format(formatter): null

01-11-2024T16:01:19 - [TEST_STEP][PASSED] - screenshotFolderPath = "screenshots/checkout_" + dateTimeString + "/": null

01-11-2024T16:01:19 - [TEST_STEP][PASSED] - File(screenshotFolderPath).mkdirs(): null

01-11-2024T16:01:19 - [TEST_STEP][PASSED] - callTestCase(findTestCase("Threads_Webshop/ReUsable Testcases/Login to an Account"), ["validemail":"cenaalice1234@mailinator.com", "password":"UDMlkmqWREzH+mr49N5wRw=="], STOP_ON_FAILURE): Call Test Case 'Test Cases/Threads_Webshop/ReUsable Testcases/Login to an Account' successfully

01-11-2024T16:01:19 - [TEST_CASE][PASSED] - Test Cases/Threads_Webshop/ReUsable Testcases/Login to an Account: Test Cases/Threads_Webshop/ReUsable Testcases/Login to an Account

01-11-2024T16:01:19 - [TEST_STEP][PASSED] - callTestCase(findTestCase("Threads_Webshop/ReUsable Testcases/Enter Password"), [:], STOP_ON_FAILURE): Call Test Case 'Test Cases/Threads_Webshop/ReUsable Testcases/Enter Password' successfully

01-11-2024T16:01:19 - [TEST_CASE][PASSED] - Test Cases/Threads_Webshop/ReUsable Testcases/Enter Password: Test Cases/Threads_Webshop/ReUsable Testcases/Enter Password

01-11-2024T16:01:19 - [TEST_STEP][PASSED] - openBrowser(""): Browser is opened with url: ''

01-11-2024T16:01:19 - [MESSAGE][INFO] - Starting 'Chrome' driver

01-11-2024T16:01:19 - [MESSAGE][INFO] - Action delay is set to 0 milliseconds

01-11-2024T16:01:20 - [MESSAGE][PASSED] - Browser is opened with url: ''

01-11-2024T16:01:20 - [TEST_STEP][PASSED] - maximizeWindow(): Current window maximized

01-11-2024T16:01:20 - [MESSAGE][PASSED] - Current window maximized

01-11-2024T16:01:20 - [TEST_STEP][PASSED] - navigateToUrl("https://threads0.myshopify.com/password"): Navigate to 'https://threads0.myshopify.com/password' successfully

01-11-2024T16:01:24 - [MESSAGE][PASSED] - Navigate to 'https://threads0.myshopify.com/password' successfully

01-11-2024T16:01:24 - [TEST_STEP][PASSED] - click(findTestObject("Object Repository/Thread_Webshop/Reusable Testcase/Page_Threads/div_Enter using password")): Object: 'Object Repository/Thread_Webshop/Reusable Testcase/Page_Threads/div_Enter using password' is clicked on

01-11-2024T16:01:24 - [MESSAGE][PASSED] - Object: 'Object Repository/Thread_Webshop/Reusable Testcase/Page_Threads/div_Enter using password' is clicked on

01-11-2024T16:01:24 - [TEST_STEP][PASSED] - setEncryptedText(findTestObject("Object Repository/Thread_Webshop/Reusable Testcase/Page_Threads/input_Enter store using password_password"), "gnzTAVlujIw+lTr0To6+Cg=="): Text ****** has been set on object 'Object Repository/Thread_Webshop/Reusable Testcase/Page_Threads/input_Enter store using password_password'

01-11-2024T16:01:32 - [MESSAGE][PASSED] - Text ****** has been set on object 'Object Repository/Thread_Webshop/Reusable Testcase/Page_Threads/input_Enter store using password_password'

01-11-2024T16:01:32 - [TEST_STEP][PASSED] - click(findTestObject("Object Repository/Thread_Webshop/Reusable Testcase/Page_Threads/button_Enter")): Object: 'Object Repository/Thread_Webshop/Reusable Testcase/Page_Threads/button_Enter' is clicked on

01-11-2024T16:01:38 - [MESSAGE][PASSED] - Object: 'Object Repository/Thread_Webshop/Reusable Testcase/Page_Threads/button_Enter' is clicked on

01-11-2024T16:01:38 - [MESSAGE][PASSED] - Call Test Case 'Test Cases/Threads_Webshop/ReUsable Testcases/Enter Password' successfully

01-11-2024T16:01:38 - [TEST_STEP][PASSED] - click(findTestObject("Object Repository/Thread_Webshop/Reusable Testcase/Page_Threads/svg_Search_icon icon-account")): Object: 'Object Repository/Thread_Webshop/Reusable Testcase/Page_Threads/svg_Search_icon icon-account' is clicked on

01-11-2024T16:01:40 - [MESSAGE][PASSED] - Object: 'Object Repository/Thread_Webshop/Reusable Testcase/Page_Threads/svg_Search_icon icon-account' is clicked on

01-11-2024T16:01:40 - [TEST_STEP][PASSED] - setText(findTestObject("Object Repository/Thread_Webshop/Reusable Testcase/Page_Account  Threads/input_Login_customeremail"), validemail): Text 'cenaalice1234@mailinator.com' is set on object 'Object Repository/Thread_Webshop/Reusable Testcase/Page_Account  Threads/input_Login_customeremail'

01-11-2024T16:01:41 - [MESSAGE][PASSED] - Text 'cenaalice1234@mailinator.com' is set on object 'Object Repository/Thread_Webshop/Reusable Testcase/Page_Account  Threads/input_Login_customeremail'

01-11-2024T16:01:41 - [TEST_STEP][PASSED] - setEncryptedText(findTestObject("Object Repository/Thread_Webshop/Reusable Testcase/Page_Account  Threads/input_Email_customerpassword"), password): Text ****** has been set on object 'Object Repository/Thread_Webshop/Reusable Testcase/Page_Account  Threads/input_Email_customerpassword'

01-11-2024T16:01:41 - [MESSAGE][PASSED] - Text ****** has been set on object 'Object Repository/Thread_Webshop/Reusable Testcase/Page_Account  Threads/input_Email_customerpassword'

01-11-2024T16:01:41 - [TEST_STEP][PASSED] - click(findTestObject("Object Repository/Thread_Webshop/Reusable Testcase/Page_Account  Threads/button_Sign in")): Object: 'Object Repository/Thread_Webshop/Reusable Testcase/Page_Account  Threads/button_Sign in' is clicked on

01-11-2024T16:01:45 - [MESSAGE][PASSED] - Object: 'Object Repository/Thread_Webshop/Reusable Testcase/Page_Account  Threads/button_Sign in' is clicked on

01-11-2024T16:01:45 - [TEST_STEP][PASSED] - click(findTestObject("Object Repository/Thread_Webshop/Reusable Testcase/Page_Account  Threads/span_Home")): Object: 'Object Repository/Thread_Webshop/Reusable Testcase/Page_Account  Threads/span_Home' is clicked on

01-11-2024T16:01:47 - [MESSAGE][PASSED] - Object: 'Object Repository/Thread_Webshop/Reusable Testcase/Page_Account  Threads/span_Home' is clicked on

01-11-2024T16:01:47 - [MESSAGE][PASSED] - Call Test Case 'Test Cases/Threads_Webshop/ReUsable Testcases/Login to an Account' successfully

01-11-2024T16:01:47 - [TEST_STEP][PASSED] - verifyTextPresent("Home", false): Text 'Home' is present on page 

01-11-2024T16:01:48 - [MESSAGE][PASSED] - Text 'Home' is present on page 

01-11-2024T16:01:48 - [TEST_STEP][PASSED] - takeScreenshot(screenshotFolderPath + "home.png"): Taking screenshot successfully

01-11-2024T16:01:48 - [MESSAGE][PASSED] - Taking screenshot successfully
[[ATTACHMENT|C:\\Users\\SamajitKundu\\git\\threadShopify\\ThreadShopify\\Reports\\20241101_155553\\Threads\\Threads_Suits\\20241101_155554\\screenshots/checkout_20241101_160119/home.png]]

01-11-2024T16:01:48 - [TEST_STEP][PASSED] - verifyElementClickable(findTestObject("Object Repository/Thread_Webshop/Checkout/Page_Threads/a_ADIDAS  CLASSIC BACKPACK")): Object 'Object Repository/Thread_Webshop/Checkout/Page_Threads/a_ADIDAS  CLASSIC BACKPACK' is clickable

01-11-2024T16:01:49 - [MESSAGE][PASSED] - Object 'Object Repository/Thread_Webshop/Checkout/Page_Threads/a_ADIDAS  CLASSIC BACKPACK' is clickable

01-11-2024T16:01:49 - [TEST_STEP][PASSED] - click(findTestObject("Object Repository/Thread_Webshop/Checkout/Page_Threads/a_ADIDAS  CLASSIC BACKPACK")): Object: 'Object Repository/Thread_Webshop/Checkout/Page_Threads/a_ADIDAS  CLASSIC BACKPACK' is clicked on

01-11-2024T16:02:00 - [MESSAGE][PASSED] - Object: 'Object Repository/Thread_Webshop/Checkout/Page_Threads/a_ADIDAS  CLASSIC BACKPACK' is clicked on

01-11-2024T16:02:00 - [TEST_STEP][PASSED] - takeScreenshot(screenshotFolderPath + "item.png"): Taking screenshot successfully

01-11-2024T16:02:01 - [MESSAGE][PASSED] - Taking screenshot successfully
[[ATTACHMENT|C:\\Users\\SamajitKundu\\git\\threadShopify\\ThreadShopify\\Reports\\20241101_155553\\Threads\\Threads_Suits\\20241101_155554\\screenshots/checkout_20241101_160119/item.png]]

01-11-2024T16:02:01 - [TEST_STEP][PASSED] - click(findTestObject("Object Repository/Thread_Webshop/Checkout/Page_ADIDAS  CLASSIC BACKPACK  Threads/button_Buy it now")): Object: 'Object Repository/Thread_Webshop/Checkout/Page_ADIDAS  CLASSIC BACKPACK  Threads/button_Buy it now' is clicked on

01-11-2024T16:02:02 - [MESSAGE][PASSED] - Object: 'Object Repository/Thread_Webshop/Checkout/Page_ADIDAS  CLASSIC BACKPACK  Threads/button_Buy it now' is clicked on

01-11-2024T16:02:02 - [TEST_STEP][PASSED] - verifyTextPresent("Threads", false): Text 'Threads' is present on page 

01-11-2024T16:02:08 - [MESSAGE][PASSED] - Text 'Threads' is present on page 

01-11-2024T16:02:08 - [TEST_STEP][PASSED] - takeScreenshot(screenshotFolderPath + "checkout_screen.png"): Taking screenshot successfully

01-11-2024T16:02:08 - [MESSAGE][PASSED] - Taking screenshot successfully
[[ATTACHMENT|C:\\Users\\SamajitKundu\\git\\threadShopify\\ThreadShopify\\Reports\\20241101_155553\\Threads\\Threads_Suits\\20241101_155554\\screenshots/checkout_20241101_160119/checkout_screen.png]]

01-11-2024T16:02:08 - [TEST_STEP][PASSED] - productText = getText(findTestObject("Object Repository/Thread_Webshop/Checkout/Page_Checkout - Threads/span_56.00")): Text of object 'Object Repository/Thread_Webshop/Checkout/Page_Checkout - Threads/span_56.00' is: '56.00'

01-11-2024T16:02:09 - [MESSAGE][PASSED] - Text of object 'Object Repository/Thread_Webshop/Checkout/Page_Checkout - Threads/span_56.00' is: '56.00'

01-11-2024T16:02:09 - [TEST_STEP][PASSED] - clothWithoutDollar = replace(",", "").trim(): null

01-11-2024T16:02:09 - [TEST_STEP][PASSED] - productPrice = Float.parseFloat(clothWithoutDollar): null

01-11-2024T16:02:09 - [TEST_STEP][PASSED] - println($productPrice): null

01-11-2024T16:02:09 - [TEST_STEP][PASSED] - shippinfText = getText(findTestObject("Object Repository/Thread_Webshop/Checkout/Page_Checkout - Threads/span_10.00")): Text of object 'Object Repository/Thread_Webshop/Checkout/Page_Checkout - Threads/span_10.00' is: '10.00'

01-11-2024T16:02:09 - [MESSAGE][PASSED] - Text of object 'Object Repository/Thread_Webshop/Checkout/Page_Checkout - Threads/span_10.00' is: '10.00'

01-11-2024T16:02:09 - [TEST_STEP][PASSED] - ShippinfTextW$ = replace(",", "").trim(): null

01-11-2024T16:02:09 - [TEST_STEP][PASSED] - shippingPrice = Float.parseFloat(ShippinfTextW$): null

01-11-2024T16:02:09 - [TEST_STEP][PASSED] - println($shippingPrice): null

01-11-2024T16:02:09 - [TEST_STEP][PASSED] - taxText = getText(findTestObject("Object Repository/Thread_Webshop/Checkout/Page_Checkout - Threads/span_10.08")): Text of object 'Object Repository/Thread_Webshop/Checkout/Page_Checkout - Threads/span_10.08' is: '10.08'

01-11-2024T16:02:10 - [MESSAGE][PASSED] - Text of object 'Object Repository/Thread_Webshop/Checkout/Page_Checkout - Threads/span_10.08' is: '10.08'

01-11-2024T16:02:10 - [TEST_STEP][PASSED] - taxText$ = replace(",", "").trim(): null

01-11-2024T16:02:10 - [TEST_STEP][PASSED] - taxPrice = Float.parseFloat(taxText$): null

01-11-2024T16:02:10 - [TEST_STEP][PASSED] - println($taxPrice): null

01-11-2024T16:02:10 - [TEST_STEP][PASSED] - totalText = getText(findTestObject("Object Repository/Thread_Webshop/Checkout/Page_Checkout - Threads/strong_76.08")): Text of object 'Object Repository/Thread_Webshop/Checkout/Page_Checkout - Threads/strong_76.08' is: '76.08'

01-11-2024T16:02:10 - [MESSAGE][PASSED] - Text of object 'Object Repository/Thread_Webshop/Checkout/Page_Checkout - Threads/strong_76.08' is: '76.08'

01-11-2024T16:02:10 - [TEST_STEP][PASSED] - totalText$ = replace(",", "").trim(): null

01-11-2024T16:02:10 - [TEST_STEP][PASSED] - totalPrice = Float.parseFloat(totalText$): null

01-11-2024T16:02:10 - [TEST_STEP][PASSED] - println(totalPrice): null

01-11-2024T16:02:10 - [TEST_STEP][PASSED] - total = taxPrice + shippingPrice + productPrice: null

01-11-2024T16:02:10 - [TEST_STEP][PASSED] - println($total): null

01-11-2024T16:02:10 - [TEST_STEP][PASSED] - if (total == totalPrice): null

01-11-2024T16:02:10 - [TEST_STEP][PASSED] - println("The price has matched"): null

01-11-2024T16:02:10 - [TEST_STEP][PASSED] - click(findTestObject("Object Repository/Thread_Webshop/Checkout/Page_Checkout - Threads/div_Ship to__1fragemfz _1fragemeo _1fragemh_6626dd")): Object: 'Object Repository/Thread_Webshop/Checkout/Page_Checkout - Threads/div_Ship to__1fragemfz _1fragemeo _1fragemh_6626dd' is clicked on

01-11-2024T16:02:10 - [MESSAGE][PASSED] - Object: 'Object Repository/Thread_Webshop/Checkout/Page_Checkout - Threads/div_Ship to__1fragemfz _1fragemeo _1fragemh_6626dd' is clicked on

01-11-2024T16:02:10 - [TEST_STEP][PASSED] - click(findTestObject("Object Repository/Thread_Webshop/Checkout/Page_Checkout - Threads/button_Bob Chen, Pursuit Software, abc apar_ab85f8")): Object: 'Object Repository/Thread_Webshop/Checkout/Page_Checkout - Threads/button_Bob Chen, Pursuit Software, abc apar_ab85f8' is clicked on

01-11-2024T16:02:11 - [MESSAGE][PASSED] - Object: 'Object Repository/Thread_Webshop/Checkout/Page_Checkout - Threads/button_Bob Chen, Pursuit Software, abc apar_ab85f8' is clicked on

01-11-2024T16:02:11 - [TEST_STEP][PASSED] - takeScreenshot(screenshotFolderPath + "information_before.png"): Taking screenshot successfully

01-11-2024T16:02:11 - [MESSAGE][PASSED] - Taking screenshot successfully
[[ATTACHMENT|C:\\Users\\SamajitKundu\\git\\threadShopify\\ThreadShopify\\Reports\\20241101_155553\\Threads\\Threads_Suits\\20241101_155554\\screenshots/checkout_20241101_160119/information_before.png]]

01-11-2024T16:02:11 - [TEST_STEP][PASSED] - click(findTestObject("Object Repository/Thread_Webshop/Checkout/Page_Checkout - Threads/button_Edit")): Object: 'Object Repository/Thread_Webshop/Checkout/Page_Checkout - Threads/button_Edit' is clicked on

01-11-2024T16:02:12 - [MESSAGE][PASSED] - Object: 'Object Repository/Thread_Webshop/Checkout/Page_Checkout - Threads/button_Edit' is clicked on

01-11-2024T16:02:12 - [TEST_STEP][PASSED] - click(findTestObject("Object Repository/Thread_Webshop/Checkout/Page_Checkout - Threads/input_Address_address1")): Object: 'Object Repository/Thread_Webshop/Checkout/Page_Checkout - Threads/input_Address_address1' is clicked on

01-11-2024T16:02:12 - [MESSAGE][PASSED] - Object: 'Object Repository/Thread_Webshop/Checkout/Page_Checkout - Threads/input_Address_address1' is clicked on

01-11-2024T16:02:12 - [TEST_STEP][PASSED] - setText(findTestObject("Object Repository/Thread_Webshop/Checkout/Page_Checkout - Threads/input_Apartment, suite, etc. (optional)_address2"), "abc"): Text 'abc' is set on object 'Object Repository/Thread_Webshop/Checkout/Page_Checkout - Threads/input_Apartment, suite, etc. (optional)_address2'

01-11-2024T16:02:13 - [MESSAGE][PASSED] - Text 'abc' is set on object 'Object Repository/Thread_Webshop/Checkout/Page_Checkout - Threads/input_Apartment, suite, etc. (optional)_address2'

01-11-2024T16:02:13 - [TEST_STEP][PASSED] - takeScreenshot(screenshotFolderPath + "changed.png"): Taking screenshot successfully

01-11-2024T16:02:14 - [MESSAGE][PASSED] - Taking screenshot successfully
[[ATTACHMENT|C:\\Users\\SamajitKundu\\git\\threadShopify\\ThreadShopify\\Reports\\20241101_155553\\Threads\\Threads_Suits\\20241101_155554\\screenshots/checkout_20241101_160119/changed.png]]

01-11-2024T16:02:14 - [TEST_STEP][PASSED] - click(findTestObject("Object Repository/Thread_Webshop/Checkout/Page_Checkout - Threads/button_Save")): Object: 'Object Repository/Thread_Webshop/Checkout/Page_Checkout - Threads/button_Save' is clicked on

01-11-2024T16:02:14 - [MESSAGE][PASSED] - Object: 'Object Repository/Thread_Webshop/Checkout/Page_Checkout - Threads/button_Save' is clicked on

01-11-2024T16:02:14 - [TEST_STEP][PASSED] - takeScreenshot(screenshotFolderPath + "information_after.png"): Taking screenshot successfully

01-11-2024T16:02:16 - [MESSAGE][PASSED] - Taking screenshot successfully
[[ATTACHMENT|C:\\Users\\SamajitKundu\\git\\threadShopify\\ThreadShopify\\Reports\\20241101_155553\\Threads\\Threads_Suits\\20241101_155554\\screenshots/checkout_20241101_160119/information_after.png]]

01-11-2024T16:02:16 - [TEST_STEP][PASSED] - click(findTestObject("Object Repository/Thread_Webshop/Checkout/Page_Checkout - Threads/a_Threads")): Object: 'Object Repository/Thread_Webshop/Checkout/Page_Checkout - Threads/a_Threads' is clicked on

01-11-2024T16:02:17 - [MESSAGE][PASSED] - Object: 'Object Repository/Thread_Webshop/Checkout/Page_Checkout - Threads/a_Threads' is clicked on

01-11-2024T16:02:17 - [TEST_STEP][PASSED] - closeBrowser(): Browser is closed

01-11-2024T16:02:18 - [MESSAGE][PASSED] - Browser is closed]]></system-out>
         <system-err><![CDATA[]]></system-err>
      </testcase>
      <testcase name="Test Cases/Threads_Webshop/6 Checkout/TC-Verify Shipping method" time="145.023" classname="Test Cases/Threads_Webshop/6 Checkout/TC-Verify Shipping method" status="PASSED">
         <system-out><![CDATA[01-11-2024T16:02:18 - [TEST_CASE][PASSED] - Test Cases/Threads_Webshop/6 Checkout/TC-Verify Shipping method: Test Cases/Threads_Webshop/6 Checkout/TC-Verify Shipping method

01-11-2024T16:02:18 - [TEST_STEP][PASSED] - currentDateTime = LocalDateTime.now(): null

01-11-2024T16:02:18 - [TEST_STEP][PASSED] - formatter = DateTimeFormatter.ofPattern("yyyyMMdd_HHmmss"): null

01-11-2024T16:02:18 - [TEST_STEP][PASSED] - dateTimeString = currentDateTime.format(formatter): null

01-11-2024T16:02:18 - [TEST_STEP][PASSED] - screenshotFolderPath = "screenshots/checkout_" + dateTimeString + "/": null

01-11-2024T16:02:18 - [TEST_STEP][PASSED] - File(screenshotFolderPath).mkdirs(): null

01-11-2024T16:02:18 - [TEST_STEP][PASSED] - callTestCase(findTestCase("Threads_Webshop/ReUsable Testcases/Login to an Account"), ["validemail":"cenaalice1234@mailinator.com", "password":"UDMlkmqWREzH+mr49N5wRw=="], STOP_ON_FAILURE): Call Test Case 'Test Cases/Threads_Webshop/ReUsable Testcases/Login to an Account' successfully

01-11-2024T16:02:18 - [TEST_CASE][PASSED] - Test Cases/Threads_Webshop/ReUsable Testcases/Login to an Account: Test Cases/Threads_Webshop/ReUsable Testcases/Login to an Account

01-11-2024T16:02:18 - [TEST_STEP][PASSED] - callTestCase(findTestCase("Threads_Webshop/ReUsable Testcases/Enter Password"), [:], STOP_ON_FAILURE): Call Test Case 'Test Cases/Threads_Webshop/ReUsable Testcases/Enter Password' successfully

01-11-2024T16:02:18 - [TEST_CASE][PASSED] - Test Cases/Threads_Webshop/ReUsable Testcases/Enter Password: Test Cases/Threads_Webshop/ReUsable Testcases/Enter Password

01-11-2024T16:02:18 - [TEST_STEP][PASSED] - openBrowser(""): Browser is opened with url: ''

01-11-2024T16:02:18 - [MESSAGE][INFO] - Starting 'Chrome' driver

01-11-2024T16:02:18 - [MESSAGE][INFO] - Action delay is set to 0 milliseconds

01-11-2024T16:02:19 - [MESSAGE][PASSED] - Browser is opened with url: ''

01-11-2024T16:02:19 - [TEST_STEP][PASSED] - maximizeWindow(): Current window maximized

01-11-2024T16:02:19 - [MESSAGE][PASSED] - Current window maximized

01-11-2024T16:02:19 - [TEST_STEP][PASSED] - navigateToUrl("https://threads0.myshopify.com/password"): Navigate to 'https://threads0.myshopify.com/password' successfully

01-11-2024T16:02:22 - [MESSAGE][PASSED] - Navigate to 'https://threads0.myshopify.com/password' successfully

01-11-2024T16:02:22 - [TEST_STEP][PASSED] - click(findTestObject("Object Repository/Thread_Webshop/Reusable Testcase/Page_Threads/div_Enter using password")): Object: 'Object Repository/Thread_Webshop/Reusable Testcase/Page_Threads/div_Enter using password' is clicked on

01-11-2024T16:02:23 - [MESSAGE][PASSED] - Object: 'Object Repository/Thread_Webshop/Reusable Testcase/Page_Threads/div_Enter using password' is clicked on

01-11-2024T16:02:23 - [TEST_STEP][PASSED] - setEncryptedText(findTestObject("Object Repository/Thread_Webshop/Reusable Testcase/Page_Threads/input_Enter store using password_password"), "gnzTAVlujIw+lTr0To6+Cg=="): Text ****** has been set on object 'Object Repository/Thread_Webshop/Reusable Testcase/Page_Threads/input_Enter store using password_password'

01-11-2024T16:02:24 - [MESSAGE][PASSED] - Text ****** has been set on object 'Object Repository/Thread_Webshop/Reusable Testcase/Page_Threads/input_Enter store using password_password'

01-11-2024T16:02:24 - [TEST_STEP][PASSED] - click(findTestObject("Object Repository/Thread_Webshop/Reusable Testcase/Page_Threads/button_Enter")): Object: 'Object Repository/Thread_Webshop/Reusable Testcase/Page_Threads/button_Enter' is clicked on

01-11-2024T16:02:38 - [MESSAGE][PASSED] - Object: 'Object Repository/Thread_Webshop/Reusable Testcase/Page_Threads/button_Enter' is clicked on

01-11-2024T16:02:38 - [MESSAGE][PASSED] - Call Test Case 'Test Cases/Threads_Webshop/ReUsable Testcases/Enter Password' successfully

01-11-2024T16:02:38 - [TEST_STEP][PASSED] - click(findTestObject("Object Repository/Thread_Webshop/Reusable Testcase/Page_Threads/svg_Search_icon icon-account")): Object: 'Object Repository/Thread_Webshop/Reusable Testcase/Page_Threads/svg_Search_icon icon-account' is clicked on

01-11-2024T16:02:43 - [MESSAGE][PASSED] - Object: 'Object Repository/Thread_Webshop/Reusable Testcase/Page_Threads/svg_Search_icon icon-account' is clicked on

01-11-2024T16:02:43 - [TEST_STEP][PASSED] - setText(findTestObject("Object Repository/Thread_Webshop/Reusable Testcase/Page_Account  Threads/input_Login_customeremail"), validemail): Text 'cenaalice1234@mailinator.com' is set on object 'Object Repository/Thread_Webshop/Reusable Testcase/Page_Account  Threads/input_Login_customeremail'

01-11-2024T16:02:45 - [MESSAGE][PASSED] - Text 'cenaalice1234@mailinator.com' is set on object 'Object Repository/Thread_Webshop/Reusable Testcase/Page_Account  Threads/input_Login_customeremail'

01-11-2024T16:02:45 - [TEST_STEP][PASSED] - setEncryptedText(findTestObject("Object Repository/Thread_Webshop/Reusable Testcase/Page_Account  Threads/input_Email_customerpassword"), password): Text ****** has been set on object 'Object Repository/Thread_Webshop/Reusable Testcase/Page_Account  Threads/input_Email_customerpassword'

01-11-2024T16:02:45 - [MESSAGE][PASSED] - Text ****** has been set on object 'Object Repository/Thread_Webshop/Reusable Testcase/Page_Account  Threads/input_Email_customerpassword'

01-11-2024T16:02:45 - [TEST_STEP][PASSED] - click(findTestObject("Object Repository/Thread_Webshop/Reusable Testcase/Page_Account  Threads/button_Sign in")): Object: 'Object Repository/Thread_Webshop/Reusable Testcase/Page_Account  Threads/button_Sign in' is clicked on

01-11-2024T16:02:48 - [MESSAGE][PASSED] - Object: 'Object Repository/Thread_Webshop/Reusable Testcase/Page_Account  Threads/button_Sign in' is clicked on

01-11-2024T16:02:48 - [TEST_STEP][PASSED] - click(findTestObject("Object Repository/Thread_Webshop/Reusable Testcase/Page_Account  Threads/span_Home")): Object: 'Object Repository/Thread_Webshop/Reusable Testcase/Page_Account  Threads/span_Home' is clicked on

01-11-2024T16:02:50 - [MESSAGE][PASSED] - Object: 'Object Repository/Thread_Webshop/Reusable Testcase/Page_Account  Threads/span_Home' is clicked on

01-11-2024T16:02:50 - [MESSAGE][PASSED] - Call Test Case 'Test Cases/Threads_Webshop/ReUsable Testcases/Login to an Account' successfully

01-11-2024T16:02:50 - [TEST_STEP][PASSED] - takeScreenshot(screenshotFolderPath + "home.png"): Taking screenshot successfully

01-11-2024T16:02:52 - [MESSAGE][PASSED] - Taking screenshot successfully
[[ATTACHMENT|C:\\Users\\SamajitKundu\\git\\threadShopify\\ThreadShopify\\Reports\\20241101_155553\\Threads\\Threads_Suits\\20241101_155554\\screenshots/checkout_20241101_160218/home.png]]

01-11-2024T16:02:52 - [TEST_STEP][PASSED] - verifyElementClickable(findTestObject("Object Repository/Thread_Webshop/Checkout/Page_Threads/a_ADIDAS  CLASSIC BACKPACK")): Object 'Object Repository/Thread_Webshop/Checkout/Page_Threads/a_ADIDAS  CLASSIC BACKPACK' is clickable

01-11-2024T16:02:52 - [MESSAGE][PASSED] - Object 'Object Repository/Thread_Webshop/Checkout/Page_Threads/a_ADIDAS  CLASSIC BACKPACK' is clickable

01-11-2024T16:02:52 - [TEST_STEP][PASSED] - click(findTestObject("Object Repository/Thread_Webshop/Checkout/Page_Threads/a_ADIDAS  CLASSIC BACKPACK")): Object: 'Object Repository/Thread_Webshop/Checkout/Page_Threads/a_ADIDAS  CLASSIC BACKPACK' is clicked on

01-11-2024T16:02:54 - [MESSAGE][PASSED] - Object: 'Object Repository/Thread_Webshop/Checkout/Page_Threads/a_ADIDAS  CLASSIC BACKPACK' is clicked on

01-11-2024T16:02:54 - [TEST_STEP][PASSED] - takeScreenshot(screenshotFolderPath + "item.png"): Taking screenshot successfully

01-11-2024T16:02:56 - [MESSAGE][PASSED] - Taking screenshot successfully
[[ATTACHMENT|C:\\Users\\SamajitKundu\\git\\threadShopify\\ThreadShopify\\Reports\\20241101_155553\\Threads\\Threads_Suits\\20241101_155554\\screenshots/checkout_20241101_160218/item.png]]

01-11-2024T16:02:56 - [TEST_STEP][PASSED] - verifyElementClickable(findTestObject("Object Repository/Thread_Webshop/Checkout/Page_ADIDAS  CLASSIC BACKPACK  Threads/button_Buy it now")): Object 'Object Repository/Thread_Webshop/Checkout/Page_ADIDAS  CLASSIC BACKPACK  Threads/button_Buy it now' is clickable

01-11-2024T16:02:56 - [MESSAGE][PASSED] - Object 'Object Repository/Thread_Webshop/Checkout/Page_ADIDAS  CLASSIC BACKPACK  Threads/button_Buy it now' is clickable

01-11-2024T16:02:56 - [TEST_STEP][PASSED] - click(findTestObject("Object Repository/Thread_Webshop/Checkout/Page_ADIDAS  CLASSIC BACKPACK  Threads/button_Buy it now")): Object: 'Object Repository/Thread_Webshop/Checkout/Page_ADIDAS  CLASSIC BACKPACK  Threads/button_Buy it now' is clicked on

01-11-2024T16:02:57 - [MESSAGE][PASSED] - Object: 'Object Repository/Thread_Webshop/Checkout/Page_ADIDAS  CLASSIC BACKPACK  Threads/button_Buy it now' is clicked on

01-11-2024T16:02:57 - [TEST_STEP][PASSED] - takeScreenshot(screenshotFolderPath + "checkout.png"): Taking screenshot successfully

01-11-2024T16:03:02 - [MESSAGE][PASSED] - Taking screenshot successfully
[[ATTACHMENT|C:\\Users\\SamajitKundu\\git\\threadShopify\\ThreadShopify\\Reports\\20241101_155553\\Threads\\Threads_Suits\\20241101_155554\\screenshots/checkout_20241101_160218/checkout.png]]

01-11-2024T16:03:02 - [TEST_STEP][PASSED] - click(findTestObject("Object Repository/Thread_Webshop/Checkout/Page_Checkout - Threads/path")): Object: 'Object Repository/Thread_Webshop/Checkout/Page_Checkout - Threads/path' is clicked on

01-11-2024T16:03:33 - [MESSAGE][INFO] - Unable to find the element located by 'By.xpath: '. Please recheck the objects properties to make sure the desired element is located. 

01-11-2024T16:03:33 - [MESSAGE][WARNING] - [SELF-HEALING] Failed to find element with id 'Object Repository/Thread_Webshop/Checkout/Page_Checkout - Threads/path'. Try using Self-healing.

01-11-2024T16:03:33 - [MESSAGE][ERROR] - [SELF-HEALING] com.google.gson.stream.MalformedJsonException: Expected ':' at line 5 column 10 path $.brokenTestObjects[0].<<<<<<<

01-11-2024T16:03:34 - [MESSAGE][INFO] - [SELF-HEALING] No working XPath is found.

01-11-2024T16:03:34 - [MESSAGE][INFO] - [SELF-HEALING] Screenshot: C:/Users/SamajitKundu/git/threadShopify/ThreadShopify/Reports/Self-healing/Object Repository/Thread_Webshop/Checkout/Page_Checkout - Threads/path_SMART_LOCATOR.png

01-11-2024T16:03:34 - [MESSAGE][ERROR] - [SELF-HEALING] com.google.gson.stream.MalformedJsonException: Expected ':' at line 5 column 10 path $.brokenTestObjects[0].<<<<<<<

01-11-2024T16:03:34 - [MESSAGE][ERROR] - [SELF-HEALING] C:\Users\SamajitKundu\git\threadShopify\ThreadShopify\Reports\Self-healing\broken-test-objects-v2.json does not exist or is provided by Self-healing Plugin!

01-11-2024T16:03:34 - [MESSAGE][WARNING] - [SELF-HEALING] The current locator of test object 'Object Repository/Thread_Webshop/Checkout/Page_Checkout - Threads/path' was broken. Propose an alternative one: 'internal:role=button[name="Shipping method Standard  10.00"i]'.

01-11-2024T16:03:34 - [MESSAGE][PASSED] - Object: 'Object Repository/Thread_Webshop/Checkout/Page_Checkout - Threads/path' is clicked on

01-11-2024T16:03:34 - [TEST_STEP][PASSED] - click(findTestObject("Object Repository/Thread_Webshop/Checkout/Page_Checkout - Threads/input_Choose a shipping method_shipping_methods")): Object: 'Object Repository/Thread_Webshop/Checkout/Page_Checkout - Threads/input_Choose a shipping method_shipping_methods' is clicked on

01-11-2024T16:04:05 - [MESSAGE][INFO] - Unable to find the element located by 'By.xpath: //input[@id='shipping_methods-87a3659e7fe354379e05ee630f6a14f5-8065b300762b4a82452fb156c5f860bb']'. Please recheck the objects properties to make sure the desired element is located. 

01-11-2024T16:04:05 - [MESSAGE][WARNING] - [SELF-HEALING] Failed to find element with id 'Object Repository/Thread_Webshop/Checkout/Page_Checkout - Threads/input_Choose a shipping method_shipping_methods'. Try using Self-healing.

01-11-2024T16:04:05 - [MESSAGE][ERROR] - [SELF-HEALING] com.google.gson.stream.MalformedJsonException: Expected ':' at line 5 column 10 path $.brokenTestObjects[0].<<<<<<<

01-11-2024T16:04:05 - [MESSAGE][INFO] - [SELF-HEALING] Failed Locator: '//input[@id='shipping_methods-87a3659e7fe354379e05ee630f6a14f5-8065b300762b4a82452fb156c5f860bb']'.

01-11-2024T16:04:05 - [MESSAGE][INFO] - [SELF-HEALING] Working Locator: '//fieldset[@id='shipping_methods']/div/div/div/div/input'.

01-11-2024T16:04:05 - [MESSAGE][INFO] - [SELF-HEALING] Screenshot: C:/Users/SamajitKundu/git/threadShopify/ThreadShopify/Reports/Self-healing/Object Repository/Thread_Webshop/Checkout/Page_Checkout - Threads/input_Choose a shipping method_shipping_methods_idRelative.png

01-11-2024T16:04:05 - [MESSAGE][ERROR] - [SELF-HEALING] com.google.gson.stream.MalformedJsonException: Expected ':' at line 5 column 10 path $.brokenTestObjects[0].<<<<<<<

01-11-2024T16:04:05 - [MESSAGE][ERROR] - [SELF-HEALING] C:\Users\SamajitKundu\git\threadShopify\ThreadShopify\Reports\Self-healing\broken-test-objects-v2.json does not exist or is provided by Self-healing Plugin!

01-11-2024T16:04:05 - [MESSAGE][WARNING] - [SELF-HEALING] The current locator of test object 'Object Repository/Thread_Webshop/Checkout/Page_Checkout - Threads/input_Choose a shipping method_shipping_methods' was broken. Propose an alternative one: '//fieldset[@id='shipping_methods']/div/div/div/div/input'.

01-11-2024T16:04:06 - [MESSAGE][PASSED] - Object: 'Object Repository/Thread_Webshop/Checkout/Page_Checkout - Threads/input_Choose a shipping method_shipping_methods' is clicked on

01-11-2024T16:04:06 - [TEST_STEP][PASSED] - takeScreenshot(screenshotFolderPath + "shipping_method1.png"): Taking screenshot successfully

01-11-2024T16:04:06 - [MESSAGE][PASSED] - Taking screenshot successfully
[[ATTACHMENT|C:\\Users\\SamajitKundu\\git\\threadShopify\\ThreadShopify\\Reports\\20241101_155553\\Threads\\Threads_Suits\\20241101_155554\\screenshots/checkout_20241101_160218/shipping_method1.png]]

01-11-2024T16:04:06 - [TEST_STEP][PASSED] - product1 = getText(findTestObject("Object Repository/Thread_Webshop/Checkout/Page_Checkout - Threads/span_56.00")): Text of object 'Object Repository/Thread_Webshop/Checkout/Page_Checkout - Threads/span_56.00' is: '56.00'

01-11-2024T16:04:06 - [MESSAGE][PASSED] - Text of object 'Object Repository/Thread_Webshop/Checkout/Page_Checkout - Threads/span_56.00' is: '56.00'

01-11-2024T16:04:06 - [TEST_STEP][PASSED] - println($product1): null

01-11-2024T16:04:06 - [TEST_STEP][PASSED] - product1 = product1.replace("", ""): null

01-11-2024T16:04:06 - [TEST_STEP][PASSED] - productPrice1 = Float.parseFloat(product1): null

01-11-2024T16:04:06 - [TEST_STEP][PASSED] - println($productPrice1): null

01-11-2024T16:04:06 - [TEST_STEP][PASSED] - shipping1 = getText(findTestObject("Object Repository/Thread_Webshop/Checkout/Page_Checkout - Threads/span_10.00")): Text of object 'Object Repository/Thread_Webshop/Checkout/Page_Checkout - Threads/span_10.00' is: '10.00'

01-11-2024T16:04:06 - [MESSAGE][PASSED] - Text of object 'Object Repository/Thread_Webshop/Checkout/Page_Checkout - Threads/span_10.00' is: '10.00'

01-11-2024T16:04:06 - [TEST_STEP][PASSED] - println($shipping1): null

01-11-2024T16:04:06 - [TEST_STEP][PASSED] - shipping1 = shipping1.replace("", ""): null

01-11-2024T16:04:06 - [TEST_STEP][PASSED] - shippingPrice1 = Float.parseFloat(shipping1): null

01-11-2024T16:04:06 - [TEST_STEP][PASSED] - println($shippingPrice1): null

01-11-2024T16:04:06 - [TEST_STEP][PASSED] - tax1 = getText(findTestObject("Object Repository/Thread_Webshop/Checkout/Page_Checkout - Threads/span_10.08")): Text of object 'Object Repository/Thread_Webshop/Checkout/Page_Checkout - Threads/span_10.08' is: '10.08'

01-11-2024T16:04:07 - [MESSAGE][PASSED] - Text of object 'Object Repository/Thread_Webshop/Checkout/Page_Checkout - Threads/span_10.08' is: '10.08'

01-11-2024T16:04:07 - [TEST_STEP][PASSED] - println($tax1): null

01-11-2024T16:04:07 - [TEST_STEP][PASSED] - tax1 = tax1.replace("", ""): null

01-11-2024T16:04:07 - [TEST_STEP][PASSED] - taxPrice1 = Float.parseFloat(tax1): null

01-11-2024T16:04:07 - [TEST_STEP][PASSED] - println($taxPrice1): null

01-11-2024T16:04:07 - [TEST_STEP][PASSED] - priceTotal1 = productPrice1 + shippingPrice1 + taxPrice1: null

01-11-2024T16:04:07 - [TEST_STEP][PASSED] - total1 = getText(findTestObject("Object Repository/Thread_Webshop/Checkout/Page_Checkout - Threads/strong_76.08")): Text of object 'Object Repository/Thread_Webshop/Checkout/Page_Checkout - Threads/strong_76.08' is: '76.08'

01-11-2024T16:04:07 - [MESSAGE][PASSED] - Text of object 'Object Repository/Thread_Webshop/Checkout/Page_Checkout - Threads/strong_76.08' is: '76.08'

01-11-2024T16:04:07 - [TEST_STEP][PASSED] - println($total1): null

01-11-2024T16:04:07 - [TEST_STEP][PASSED] - total1 = total1.replace("", ""): null

01-11-2024T16:04:07 - [TEST_STEP][PASSED] - totalPrice1 = Float.parseFloat(total1): null

01-11-2024T16:04:07 - [TEST_STEP][PASSED] - println($totalPrice1): null

01-11-2024T16:04:07 - [TEST_STEP][PASSED] - if (priceTotal1 == totalPrice1): null

01-11-2024T16:04:07 - [TEST_STEP][PASSED] - println("The price has matched"): null

01-11-2024T16:04:07 - [TEST_STEP][PASSED] - click(findTestObject("Object Repository/Thread_Webshop/Checkout/Page_Checkout - Threads/input_10.00_shipping_methods")): Object: 'Object Repository/Thread_Webshop/Checkout/Page_Checkout - Threads/input_10.00_shipping_methods' is clicked on

01-11-2024T16:04:38 - [MESSAGE][INFO] - Unable to find the element located by 'By.xpath: //input[@id='shipping_methods-87a3659e7fe354379e05ee630f6a14f5-e1ddef4ea339ac02339348a2a08e6f6c']'. Please recheck the objects properties to make sure the desired element is located. 

01-11-2024T16:04:38 - [MESSAGE][WARNING] - [SELF-HEALING] Failed to find element with id 'Object Repository/Thread_Webshop/Checkout/Page_Checkout - Threads/input_10.00_shipping_methods'. Try using Self-healing.

01-11-2024T16:04:38 - [MESSAGE][ERROR] - [SELF-HEALING] com.google.gson.stream.MalformedJsonException: Expected ':' at line 5 column 10 path $.brokenTestObjects[0].<<<<<<<

01-11-2024T16:04:38 - [MESSAGE][INFO] - [SELF-HEALING] Failed Locator: '//input[@id='shipping_methods-87a3659e7fe354379e05ee630f6a14f5-e1ddef4ea339ac02339348a2a08e6f6c']'.

01-11-2024T16:04:38 - [MESSAGE][INFO] - [SELF-HEALING] Working Locator: '//fieldset[@id='shipping_methods']/div/div[2]/div/div/input'.

01-11-2024T16:04:39 - [MESSAGE][INFO] - [SELF-HEALING] Screenshot: C:/Users/SamajitKundu/git/threadShopify/ThreadShopify/Reports/Self-healing/Object Repository/Thread_Webshop/Checkout/Page_Checkout - Threads/input_10.00_shipping_methods_idRelative.png

01-11-2024T16:04:39 - [MESSAGE][ERROR] - [SELF-HEALING] com.google.gson.stream.MalformedJsonException: Expected ':' at line 5 column 10 path $.brokenTestObjects[0].<<<<<<<

01-11-2024T16:04:39 - [MESSAGE][ERROR] - [SELF-HEALING] C:\Users\SamajitKundu\git\threadShopify\ThreadShopify\Reports\Self-healing\broken-test-objects-v2.json does not exist or is provided by Self-healing Plugin!

01-11-2024T16:04:39 - [MESSAGE][WARNING] - [SELF-HEALING] The current locator of test object 'Object Repository/Thread_Webshop/Checkout/Page_Checkout - Threads/input_10.00_shipping_methods' was broken. Propose an alternative one: '//fieldset[@id='shipping_methods']/div/div[2]/div/div/input'.

01-11-2024T16:04:39 - [MESSAGE][PASSED] - Object: 'Object Repository/Thread_Webshop/Checkout/Page_Checkout - Threads/input_10.00_shipping_methods' is clicked on

01-11-2024T16:04:39 - [TEST_STEP][PASSED] - takeScreenshot(screenshotFolderPath + "shipping_method2.png"): Taking screenshot successfully

01-11-2024T16:04:40 - [MESSAGE][PASSED] - Taking screenshot successfully
[[ATTACHMENT|C:\\Users\\SamajitKundu\\git\\threadShopify\\ThreadShopify\\Reports\\20241101_155553\\Threads\\Threads_Suits\\20241101_155554\\screenshots/checkout_20241101_160218/shipping_method2.png]]

01-11-2024T16:04:40 - [TEST_STEP][PASSED] - product2 = getText(findTestObject("Object Repository/Thread_Webshop/Checkout/Page_Checkout - Threads/span_56.00")): Text of object 'Object Repository/Thread_Webshop/Checkout/Page_Checkout - Threads/span_56.00' is: '56.00'

01-11-2024T16:04:41 - [MESSAGE][PASSED] - Text of object 'Object Repository/Thread_Webshop/Checkout/Page_Checkout - Threads/span_56.00' is: '56.00'

01-11-2024T16:04:41 - [TEST_STEP][PASSED] - println($product2): null

01-11-2024T16:04:41 - [TEST_STEP][PASSED] - product2 = product2.replace("", ""): null

01-11-2024T16:04:41 - [TEST_STEP][PASSED] - productPrice2 = Float.parseFloat(product2): null

01-11-2024T16:04:41 - [TEST_STEP][PASSED] - println($productPrice2): null

01-11-2024T16:04:41 - [TEST_STEP][PASSED] - shipping2 = getText(findTestObject("Object Repository/Thread_Webshop/Checkout/Page_Checkout - Threads/span_25.00")): Text of object 'Object Repository/Thread_Webshop/Checkout/Page_Checkout - Threads/span_25.00' is: '25.00'

01-11-2024T16:04:42 - [MESSAGE][PASSED] - Text of object 'Object Repository/Thread_Webshop/Checkout/Page_Checkout - Threads/span_25.00' is: '25.00'

01-11-2024T16:04:42 - [TEST_STEP][PASSED] - println($shipping2): null

01-11-2024T16:04:42 - [TEST_STEP][PASSED] - shipping2 = shipping2.replace("", ""): null

01-11-2024T16:04:42 - [TEST_STEP][PASSED] - shippingPrice2 = Float.parseFloat(shipping2): null

01-11-2024T16:04:42 - [TEST_STEP][PASSED] - println($shippingPrice2): null

01-11-2024T16:04:42 - [TEST_STEP][PASSED] - tax2 = getText(findTestObject("Object Repository/Thread_Webshop/Checkout/Page_Checkout - Threads/span_10.08")): Text of object 'Object Repository/Thread_Webshop/Checkout/Page_Checkout - Threads/span_10.08' is: '10.08'

01-11-2024T16:04:42 - [MESSAGE][PASSED] - Text of object 'Object Repository/Thread_Webshop/Checkout/Page_Checkout - Threads/span_10.08' is: '10.08'

01-11-2024T16:04:42 - [TEST_STEP][PASSED] - println($tax2): null

01-11-2024T16:04:42 - [TEST_STEP][PASSED] - tax2 = tax2.replace("", ""): null

01-11-2024T16:04:42 - [TEST_STEP][PASSED] - taxPrice2 = Float.parseFloat(tax2): null

01-11-2024T16:04:42 - [TEST_STEP][PASSED] - println($taxPrice2): null

01-11-2024T16:04:42 - [TEST_STEP][PASSED] - priceTotal2 = productPrice2 + shippingPrice2 + taxPrice2: null

01-11-2024T16:04:42 - [TEST_STEP][PASSED] - total2 = getText(findTestObject("Object Repository/Thread_Webshop/Checkout/Page_Checkout - Threads/strong_91.08")): Text of object 'Object Repository/Thread_Webshop/Checkout/Page_Checkout - Threads/strong_91.08' is: '91.08'

01-11-2024T16:04:42 - [MESSAGE][PASSED] - Text of object 'Object Repository/Thread_Webshop/Checkout/Page_Checkout - Threads/strong_91.08' is: '91.08'

01-11-2024T16:04:42 - [TEST_STEP][PASSED] - println($total2): null

01-11-2024T16:04:42 - [TEST_STEP][PASSED] - total2 = total2.replace("", ""): null

01-11-2024T16:04:42 - [TEST_STEP][PASSED] - totalPrice2 = Float.parseFloat(total2): null

01-11-2024T16:04:42 - [TEST_STEP][PASSED] - println($totalPrice2): null

01-11-2024T16:04:42 - [TEST_STEP][PASSED] - if (priceTotal2 == totalPrice2): null

01-11-2024T16:04:42 - [TEST_STEP][PASSED] - println("The price has matched"): null

01-11-2024T16:04:42 - [TEST_STEP][PASSED] - closeBrowser(): Browser is closed

01-11-2024T16:04:43 - [MESSAGE][PASSED] - Browser is closed]]></system-out>
         <system-err><![CDATA[]]></system-err>
      </testcase>
      <testcase name="Test Cases/Threads_Webshop/7 My Account/TC-165-Verify Edit Address" time="24.55" classname="Test Cases/Threads_Webshop/7 My Account/TC-165-Verify Edit Address" status="PASSED">
         <system-out><![CDATA[01-11-2024T16:04:43 - [TEST_CASE][PASSED] - Test Cases/Threads_Webshop/7 My Account/TC-165-Verify Edit Address: Test Cases/Threads_Webshop/7 My Account/TC-165-Verify Edit Address

01-11-2024T16:04:43 - [TEST_STEP][PASSED] - timestamp = now().format(DateTimeFormatter.ofPattern("yyyyMMdd_HHmmss")): null

01-11-2024T16:04:43 - [TEST_STEP][PASSED] - screenshotFolder = "screenshots/my_account_" + timestamp + "/": null

01-11-2024T16:04:43 - [TEST_STEP][PASSED] - openBrowser(""): Browser is opened with url: ''

01-11-2024T16:04:43 - [MESSAGE][INFO] - Starting 'Chrome' driver

01-11-2024T16:04:43 - [MESSAGE][INFO] - Action delay is set to 0 milliseconds

01-11-2024T16:04:44 - [MESSAGE][PASSED] - Browser is opened with url: ''

01-11-2024T16:04:44 - [TEST_STEP][PASSED] - navigateToUrl("https://threads0.myshopify.com/password"): Navigate to 'https://threads0.myshopify.com/password' successfully

01-11-2024T16:04:46 - [MESSAGE][PASSED] - Navigate to 'https://threads0.myshopify.com/password' successfully

01-11-2024T16:04:46 - [TEST_STEP][PASSED] - click(findTestObject("Object Repository/Thread_Webshop/My Contact/Page_Threads/div_Enter using password")): Object: 'Object Repository/Thread_Webshop/My Contact/Page_Threads/div_Enter using password' is clicked on

01-11-2024T16:04:49 - [MESSAGE][PASSED] - Object: 'Object Repository/Thread_Webshop/My Contact/Page_Threads/div_Enter using password' is clicked on

01-11-2024T16:04:49 - [TEST_STEP][PASSED] - setEncryptedText(findTestObject("Object Repository/Thread_Webshop/My Contact/Page_Threads/input_Enter store using password_password"), "gnzTAVlujIw+lTr0To6+Cg=="): Text ****** has been set on object 'Object Repository/Thread_Webshop/My Contact/Page_Threads/input_Enter store using password_password'

01-11-2024T16:04:49 - [MESSAGE][PASSED] - Text ****** has been set on object 'Object Repository/Thread_Webshop/My Contact/Page_Threads/input_Enter store using password_password'

01-11-2024T16:04:49 - [TEST_STEP][PASSED] - click(findTestObject("Object Repository/Thread_Webshop/My Contact/Page_Threads/button_Enter")): Object: 'Object Repository/Thread_Webshop/My Contact/Page_Threads/button_Enter' is clicked on

01-11-2024T16:04:51 - [MESSAGE][PASSED] - Object: 'Object Repository/Thread_Webshop/My Contact/Page_Threads/button_Enter' is clicked on

01-11-2024T16:04:51 - [TEST_STEP][PASSED] - maximizeWindow(): Current window maximized

01-11-2024T16:04:51 - [MESSAGE][PASSED] - Current window maximized

01-11-2024T16:04:51 - [TEST_STEP][PASSED] - click(findTestObject("Object Repository/Thread_Webshop/My Contact/Page_Threads/svg_Search_icon icon-account")): Object: 'Object Repository/Thread_Webshop/My Contact/Page_Threads/svg_Search_icon icon-account' is clicked on

01-11-2024T16:04:53 - [MESSAGE][PASSED] - Object: 'Object Repository/Thread_Webshop/My Contact/Page_Threads/svg_Search_icon icon-account' is clicked on

01-11-2024T16:04:53 - [TEST_STEP][PASSED] - verifyTextPresent("Login", false): Text 'Login' is present on page 

01-11-2024T16:04:54 - [MESSAGE][PASSED] - Text 'Login' is present on page 

01-11-2024T16:04:54 - [TEST_STEP][PASSED] - setText(findTestObject("Object Repository/Thread_Webshop/My Contact/Page_Account  Threads/input_Login_customeremail"), "cenaalice1234@mailinator.com"): Text 'cenaalice1234@mailinator.com' is set on object 'Object Repository/Thread_Webshop/My Contact/Page_Account  Threads/input_Login_customeremail'

01-11-2024T16:04:54 - [MESSAGE][PASSED] - Text 'cenaalice1234@mailinator.com' is set on object 'Object Repository/Thread_Webshop/My Contact/Page_Account  Threads/input_Login_customeremail'

01-11-2024T16:04:54 - [TEST_STEP][PASSED] - setEncryptedText(findTestObject("Object Repository/Thread_Webshop/My Contact/Page_Account  Threads/input_Email_customerpassword"), "UDMlkmqWREzH+mr49N5wRw=="): Text ****** has been set on object 'Object Repository/Thread_Webshop/My Contact/Page_Account  Threads/input_Email_customerpassword'

01-11-2024T16:04:54 - [MESSAGE][PASSED] - Text ****** has been set on object 'Object Repository/Thread_Webshop/My Contact/Page_Account  Threads/input_Email_customerpassword'

01-11-2024T16:04:54 - [TEST_STEP][PASSED] - click(findTestObject("Object Repository/Thread_Webshop/My Contact/Page_Account  Threads/button_Sign in")): Object: 'Object Repository/Thread_Webshop/My Contact/Page_Account  Threads/button_Sign in' is clicked on

01-11-2024T16:04:57 - [MESSAGE][PASSED] - Object: 'Object Repository/Thread_Webshop/My Contact/Page_Account  Threads/button_Sign in' is clicked on

01-11-2024T16:04:57 - [TEST_STEP][PASSED] - verifyTextPresent("Account", false): Text 'Account' is present on page 

01-11-2024T16:04:58 - [MESSAGE][PASSED] - Text 'Account' is present on page 

01-11-2024T16:04:58 - [TEST_STEP][PASSED] - takeScreenshot(screenshotFolder + "account.png"): Taking screenshot successfully

01-11-2024T16:04:58 - [MESSAGE][PASSED] - Taking screenshot successfully
[[ATTACHMENT|C:\\Users\\SamajitKundu\\git\\threadShopify\\ThreadShopify\\Reports\\20241101_155553\\Threads\\Threads_Suits\\20241101_155554\\screenshots/my_account_20241101_160443/account.png]]

01-11-2024T16:04:58 - [TEST_STEP][PASSED] - click(findTestObject("Object Repository/Thread_Webshop/My Contact/Page_Account  Threads/a_View addresses (1)")): Object: 'Object Repository/Thread_Webshop/My Contact/Page_Account  Threads/a_View addresses (1)' is clicked on

01-11-2024T16:05:00 - [MESSAGE][PASSED] - Object: 'Object Repository/Thread_Webshop/My Contact/Page_Account  Threads/a_View addresses (1)' is clicked on

01-11-2024T16:05:00 - [TEST_STEP][PASSED] - verifyTextPresent("Addresses", false): Text 'Addresses' is present on page 

01-11-2024T16:05:00 - [MESSAGE][PASSED] - Text 'Addresses' is present on page 

01-11-2024T16:05:00 - [TEST_STEP][PASSED] - verifyTextPresent("Default", false): Text 'Default' is present on page 

01-11-2024T16:05:01 - [MESSAGE][PASSED] - Text 'Default' is present on page 

01-11-2024T16:05:01 - [TEST_STEP][PASSED] - takeScreenshot(screenshotFolder + "address.png"): Taking screenshot successfully

01-11-2024T16:05:01 - [MESSAGE][PASSED] - Taking screenshot successfully
[[ATTACHMENT|C:\\Users\\SamajitKundu\\git\\threadShopify\\ThreadShopify\\Reports\\20241101_155553\\Threads\\Threads_Suits\\20241101_155554\\screenshots/my_account_20241101_160443/address.png]]

01-11-2024T16:05:01 - [TEST_STEP][PASSED] - click(findTestObject("Object Repository/Thread_Webshop/My Contact/Page_Addresses  Threads/button_Edit")): Object: 'Object Repository/Thread_Webshop/My Contact/Page_Addresses  Threads/button_Edit' is clicked on

01-11-2024T16:05:01 - [MESSAGE][PASSED] - Object: 'Object Repository/Thread_Webshop/My Contact/Page_Addresses  Threads/button_Edit' is clicked on

01-11-2024T16:05:01 - [TEST_STEP][PASSED] - takeScreenshot(screenshotFolder + "edit.png"): Taking screenshot successfully

01-11-2024T16:05:02 - [MESSAGE][PASSED] - Taking screenshot successfully
[[ATTACHMENT|C:\\Users\\SamajitKundu\\git\\threadShopify\\ThreadShopify\\Reports\\20241101_155553\\Threads\\Threads_Suits\\20241101_155554\\screenshots/my_account_20241101_160443/edit.png]]

01-11-2024T16:05:02 - [TEST_STEP][PASSED] - setText(findTestObject("Object Repository/Thread_Webshop/My Contact/Page_Addresses  Threads/input_Company_addressaddress1"), "abc apartment, xyz road"): Text 'abc apartment, xyz road' is set on object 'Object Repository/Thread_Webshop/My Contact/Page_Addresses  Threads/input_Company_addressaddress1'

01-11-2024T16:05:02 - [MESSAGE][PASSED] - Text 'abc apartment, xyz road' is set on object 'Object Repository/Thread_Webshop/My Contact/Page_Addresses  Threads/input_Company_addressaddress1'

01-11-2024T16:05:02 - [TEST_STEP][PASSED] - click(findTestObject("Object Repository/Thread_Webshop/My Contact/Page_Addresses  Threads/button_Update address")): Object: 'Object Repository/Thread_Webshop/My Contact/Page_Addresses  Threads/button_Update address' is clicked on

01-11-2024T16:05:04 - [MESSAGE][PASSED] - Object: 'Object Repository/Thread_Webshop/My Contact/Page_Addresses  Threads/button_Update address' is clicked on

01-11-2024T16:05:04 - [TEST_STEP][PASSED] - verifyTextPresent("abc apartment, xyz road", false): Text 'abc apartment, xyz road' is present on page 

01-11-2024T16:05:05 - [MESSAGE][PASSED] - Text 'abc apartment, xyz road' is present on page 

01-11-2024T16:05:05 - [TEST_STEP][PASSED] - takeScreenshot(screenshotFolder + "address_after.png"): Taking screenshot successfully

01-11-2024T16:05:06 - [MESSAGE][PASSED] - Taking screenshot successfully
[[ATTACHMENT|C:\\Users\\SamajitKundu\\git\\threadShopify\\ThreadShopify\\Reports\\20241101_155553\\Threads\\Threads_Suits\\20241101_155554\\screenshots/my_account_20241101_160443/address_after.png]]

01-11-2024T16:05:06 - [TEST_STEP][PASSED] - click(findTestObject("Object Repository/Thread_Webshop/My Contact/Page_Addresses  Threads/span_Home")): Object: 'Object Repository/Thread_Webshop/My Contact/Page_Addresses  Threads/span_Home' is clicked on

01-11-2024T16:05:07 - [MESSAGE][PASSED] - Object: 'Object Repository/Thread_Webshop/My Contact/Page_Addresses  Threads/span_Home' is clicked on

01-11-2024T16:05:07 - [TEST_STEP][PASSED] - closeBrowser(): Browser is closed

01-11-2024T16:05:08 - [MESSAGE][PASSED] - Browser is closed]]></system-out>
         <system-err><![CDATA[]]></system-err>
      </testcase>
      <testcase name="Test Cases/Threads_Webshop/8 Order Details/Subscription/subscription" time="43.245" classname="Test Cases/Threads_Webshop/8 Order Details/Subscription/subscription" status="PASSED">
         <system-out><![CDATA[01-11-2024T16:05:08 - [TEST_CASE][PASSED] - Test Cases/Threads_Webshop/8 Order Details/Subscription/subscription: Test Cases/Threads_Webshop/8 Order Details/Subscription/subscription

01-11-2024T16:05:08 - [TEST_STEP][PASSED] - timestamp = now().format(DateTimeFormatter.ofPattern("yyyyMMdd_HHmmss")): null

01-11-2024T16:05:08 - [TEST_STEP][PASSED] - screenshotFolder = "screenshots/order_" + timestamp: null

01-11-2024T16:05:08 - [TEST_STEP][PASSED] - callTestCase(findTestCase("Threads_Webshop/ReUsable Testcases/Enter Password"), [:], STOP_ON_FAILURE): Call Test Case 'Test Cases/Threads_Webshop/ReUsable Testcases/Enter Password' successfully

01-11-2024T16:05:08 - [TEST_CASE][PASSED] - Test Cases/Threads_Webshop/ReUsable Testcases/Enter Password: Test Cases/Threads_Webshop/ReUsable Testcases/Enter Password

01-11-2024T16:05:08 - [TEST_STEP][PASSED] - openBrowser(""): Browser is opened with url: ''

01-11-2024T16:05:08 - [MESSAGE][INFO] - Starting 'Chrome' driver

01-11-2024T16:05:08 - [MESSAGE][INFO] - Action delay is set to 0 milliseconds

01-11-2024T16:05:09 - [MESSAGE][PASSED] - Browser is opened with url: ''

01-11-2024T16:05:09 - [TEST_STEP][PASSED] - maximizeWindow(): Current window maximized

01-11-2024T16:05:09 - [MESSAGE][PASSED] - Current window maximized

01-11-2024T16:05:09 - [TEST_STEP][PASSED] - navigateToUrl("https://threads0.myshopify.com/password"): Navigate to 'https://threads0.myshopify.com/password' successfully

01-11-2024T16:05:11 - [MESSAGE][PASSED] - Navigate to 'https://threads0.myshopify.com/password' successfully

01-11-2024T16:05:11 - [TEST_STEP][PASSED] - click(findTestObject("Object Repository/Thread_Webshop/Reusable Testcase/Page_Threads/div_Enter using password")): Object: 'Object Repository/Thread_Webshop/Reusable Testcase/Page_Threads/div_Enter using password' is clicked on

01-11-2024T16:05:16 - [MESSAGE][PASSED] - Object: 'Object Repository/Thread_Webshop/Reusable Testcase/Page_Threads/div_Enter using password' is clicked on

01-11-2024T16:05:16 - [TEST_STEP][PASSED] - setEncryptedText(findTestObject("Object Repository/Thread_Webshop/Reusable Testcase/Page_Threads/input_Enter store using password_password"), "gnzTAVlujIw+lTr0To6+Cg=="): Text ****** has been set on object 'Object Repository/Thread_Webshop/Reusable Testcase/Page_Threads/input_Enter store using password_password'

01-11-2024T16:05:16 - [MESSAGE][PASSED] - Text ****** has been set on object 'Object Repository/Thread_Webshop/Reusable Testcase/Page_Threads/input_Enter store using password_password'

01-11-2024T16:05:16 - [TEST_STEP][PASSED] - click(findTestObject("Object Repository/Thread_Webshop/Reusable Testcase/Page_Threads/button_Enter")): Object: 'Object Repository/Thread_Webshop/Reusable Testcase/Page_Threads/button_Enter' is clicked on

01-11-2024T16:05:17 - [MESSAGE][PASSED] - Object: 'Object Repository/Thread_Webshop/Reusable Testcase/Page_Threads/button_Enter' is clicked on

01-11-2024T16:05:17 - [MESSAGE][PASSED] - Call Test Case 'Test Cases/Threads_Webshop/ReUsable Testcases/Enter Password' successfully

01-11-2024T16:05:17 - [TEST_STEP][PASSED] - takeScreenshot(screenshotFolder + "/home.png"): Taking screenshot successfully

01-11-2024T16:05:19 - [MESSAGE][PASSED] - Taking screenshot successfully
[[ATTACHMENT|C:\\Users\\SamajitKundu\\git\\threadShopify\\ThreadShopify\\Reports\\20241101_155553\\Threads\\Threads_Suits\\20241101_155554\\screenshots/order_20241101_160508/home.png]]

01-11-2024T16:05:19 - [TEST_STEP][PASSED] - click(findTestObject("Object Repository/Thread_Webshop/Shopping Cart/Order Summary/Page_Checkout - Threads/Page_Threads/a_Explore Threads")): Object: 'Object Repository/Thread_Webshop/Shopping Cart/Order Summary/Page_Checkout - Threads/Page_Threads/a_Explore Threads' is clicked on

01-11-2024T16:05:20 - [MESSAGE][PASSED] - Object: 'Object Repository/Thread_Webshop/Shopping Cart/Order Summary/Page_Checkout - Threads/Page_Threads/a_Explore Threads' is clicked on

01-11-2024T16:05:20 - [TEST_STEP][PASSED] - click(findTestObject("Object Repository/Thread_Webshop/Shopping Cart/Order Summary/Page_Checkout - Threads/Page_Products  Threads/a_ADIDAS  SUPERSTAR 80S")): Object: 'Object Repository/Thread_Webshop/Shopping Cart/Order Summary/Page_Checkout - Threads/Page_Products  Threads/a_ADIDAS  SUPERSTAR 80S' is clicked on

01-11-2024T16:05:21 - [MESSAGE][PASSED] - Object: 'Object Repository/Thread_Webshop/Shopping Cart/Order Summary/Page_Checkout - Threads/Page_Products  Threads/a_ADIDAS  SUPERSTAR 80S' is clicked on

01-11-2024T16:05:21 - [TEST_STEP][PASSED] - takeScreenshot(screenshotFolder + "/item.png"): Taking screenshot successfully

01-11-2024T16:05:24 - [MESSAGE][PASSED] - Taking screenshot successfully
[[ATTACHMENT|C:\\Users\\SamajitKundu\\git\\threadShopify\\ThreadShopify\\Reports\\20241101_155553\\Threads\\Threads_Suits\\20241101_155554\\screenshots/order_20241101_160508/item.png]]

01-11-2024T16:05:24 - [TEST_STEP][PASSED] - click(findTestObject("Object Repository/Thread_Webshop/Shopping Cart/Order Summary/Page_Checkout - Threads/Page_ADIDAS  SUPERSTAR 80S  Threads/span_One-time purchase_sls-custom-radio")): Object: 'Object Repository/Thread_Webshop/Shopping Cart/Order Summary/Page_Checkout - Threads/Page_ADIDAS  SUPERSTAR 80S  Threads/span_One-time purchase_sls-custom-radio' is clicked on

01-11-2024T16:05:24 - [MESSAGE][PASSED] - Object: 'Object Repository/Thread_Webshop/Shopping Cart/Order Summary/Page_Checkout - Threads/Page_ADIDAS  SUPERSTAR 80S  Threads/span_One-time purchase_sls-custom-radio' is clicked on

01-11-2024T16:05:24 - [TEST_STEP][PASSED] - selectOptionByValue(findTestObject("Object Repository/Thread_Webshop/Shopping Cart/Order Summary/Page_Checkout - Threads/Page_ADIDAS  SUPERSTAR 80S  Threads/select_month3 months"), "3 month", true): All options with value '3 month' are selected in object 'Object Repository/Thread_Webshop/Shopping Cart/Order Summary/Page_Checkout - Threads/Page_ADIDAS  SUPERSTAR 80S  Threads/select_month3 months'  using regular expression

01-11-2024T16:05:25 - [MESSAGE][PASSED] - All options with value '3 month' are selected in object 'Object Repository/Thread_Webshop/Shopping Cart/Order Summary/Page_Checkout - Threads/Page_ADIDAS  SUPERSTAR 80S  Threads/select_month3 months'  using regular expression

01-11-2024T16:05:25 - [TEST_STEP][PASSED] - click(findTestObject("Object Repository/Thread_Webshop/Shopping Cart/Order Summary/Page_Checkout - Threads/Page_ADIDAS  SUPERSTAR 80S  Threads/div_See details")): Object: 'Object Repository/Thread_Webshop/Shopping Cart/Order Summary/Page_Checkout - Threads/Page_ADIDAS  SUPERSTAR 80S  Threads/div_See details' is clicked on

01-11-2024T16:05:26 - [MESSAGE][PASSED] - Object: 'Object Repository/Thread_Webshop/Shopping Cart/Order Summary/Page_Checkout - Threads/Page_ADIDAS  SUPERSTAR 80S  Threads/div_See details' is clicked on

01-11-2024T16:05:26 - [TEST_STEP][PASSED] - verifyTextPresent("You will receive a payment link and won't be charged automatically", false): Text 'You will receive a payment link and won't be charged automatically' is present on page 

01-11-2024T16:05:26 - [MESSAGE][PASSED] - Text 'You will receive a payment link and won't be charged automatically' is present on page 

01-11-2024T16:05:26 - [TEST_STEP][PASSED] - click(findTestObject("Object Repository/Thread_Webshop/Shopping Cart/Order Summary/Page_Checkout - Threads/Page_ADIDAS  SUPERSTAR 80S  Threads/button_Add to cart")): Object: 'Object Repository/Thread_Webshop/Shopping Cart/Order Summary/Page_Checkout - Threads/Page_ADIDAS  SUPERSTAR 80S  Threads/button_Add to cart' is clicked on

01-11-2024T16:05:26 - [MESSAGE][PASSED] - Object: 'Object Repository/Thread_Webshop/Shopping Cart/Order Summary/Page_Checkout - Threads/Page_ADIDAS  SUPERSTAR 80S  Threads/button_Add to cart' is clicked on

01-11-2024T16:05:26 - [TEST_STEP][PASSED] - takeScreenshot(screenshotFolder + "/checkout.png"): Taking screenshot successfully

01-11-2024T16:05:29 - [MESSAGE][PASSED] - Taking screenshot successfully
[[ATTACHMENT|C:\\Users\\SamajitKundu\\git\\threadShopify\\ThreadShopify\\Reports\\20241101_155553\\Threads\\Threads_Suits\\20241101_155554\\screenshots/order_20241101_160508/checkout.png]]

01-11-2024T16:05:29 - [TEST_STEP][PASSED] - click(findTestObject("Object Repository/Thread_Webshop/Shopping Cart/Order Summary/Page_Checkout - Threads/Page_ADIDAS  SUPERSTAR 80S  Threads/a_View cart (1)")): Object: 'Object Repository/Thread_Webshop/Shopping Cart/Order Summary/Page_Checkout - Threads/Page_ADIDAS  SUPERSTAR 80S  Threads/a_View cart (1)' is clicked on

01-11-2024T16:05:29 - [MESSAGE][PASSED] - Object: 'Object Repository/Thread_Webshop/Shopping Cart/Order Summary/Page_Checkout - Threads/Page_ADIDAS  SUPERSTAR 80S  Threads/a_View cart (1)' is clicked on

01-11-2024T16:05:29 - [TEST_STEP][PASSED] - click(findTestObject("Object Repository/Thread_Webshop/Shopping Cart/Order Summary/Page_Checkout - Threads/Page_Your Shopping Cart  Threads/button_Check out")): Object: 'Object Repository/Thread_Webshop/Shopping Cart/Order Summary/Page_Checkout - Threads/Page_Your Shopping Cart  Threads/button_Check out' is clicked on

01-11-2024T16:05:48 - [MESSAGE][PASSED] - Object: 'Object Repository/Thread_Webshop/Shopping Cart/Order Summary/Page_Checkout - Threads/Page_Your Shopping Cart  Threads/button_Check out' is clicked on

01-11-2024T16:05:48 - [TEST_STEP][PASSED] - click(findTestObject("Object Repository/Thread_Webshop/Shopping Cart/Order Summary/Page_Checkout - Threads/Page_Checkout - Threads/button_Pay now")): Object: 'Object Repository/Thread_Webshop/Shopping Cart/Order Summary/Page_Checkout - Threads/Page_Checkout - Threads/button_Pay now' is clicked on

01-11-2024T16:05:50 - [MESSAGE][PASSED] - Object: 'Object Repository/Thread_Webshop/Shopping Cart/Order Summary/Page_Checkout - Threads/Page_Checkout - Threads/button_Pay now' is clicked on

01-11-2024T16:05:50 - [TEST_STEP][PASSED] - takeScreenshot(screenshotFolder + "/subscription.png"): Taking screenshot successfully

01-11-2024T16:05:50 - [MESSAGE][PASSED] - Taking screenshot successfully
[[ATTACHMENT|C:\\Users\\SamajitKundu\\git\\threadShopify\\ThreadShopify\\Reports\\20241101_155553\\Threads\\Threads_Suits\\20241101_155554\\screenshots/order_20241101_160508/subscription.png]]

01-11-2024T16:05:50 - [TEST_STEP][PASSED] - closeBrowser(): Browser is closed

01-11-2024T16:05:51 - [MESSAGE][PASSED] - Browser is closed]]></system-out>
         <system-err><![CDATA[]]></system-err>
      </testcase>
      <testcase name="Test Cases/Threads_Webshop/8 Order Details/TC-575 Verify Reorder Functionality/Reorder" time="29.7" classname="Test Cases/Threads_Webshop/8 Order Details/TC-575 Verify Reorder Functionality/Reorder" status="PASSED">
         <system-out><![CDATA[01-11-2024T16:05:51 - [TEST_CASE][PASSED] - Test Cases/Threads_Webshop/8 Order Details/TC-575 Verify Reorder Functionality/Reorder: Test Cases/Threads_Webshop/8 Order Details/TC-575 Verify Reorder Functionality/Reorder

01-11-2024T16:05:51 - [TEST_STEP][PASSED] - openBrowser(""): Browser is opened with url: ''

01-11-2024T16:05:51 - [MESSAGE][INFO] - Starting 'Chrome' driver

01-11-2024T16:05:51 - [MESSAGE][INFO] - Action delay is set to 0 milliseconds

01-11-2024T16:05:52 - [MESSAGE][PASSED] - Browser is opened with url: ''

01-11-2024T16:05:52 - [TEST_STEP][PASSED] - navigateToUrl("https://threads0.myshopify.com/password"): Navigate to 'https://threads0.myshopify.com/password' successfully

01-11-2024T16:05:56 - [MESSAGE][PASSED] - Navigate to 'https://threads0.myshopify.com/password' successfully

01-11-2024T16:05:56 - [TEST_STEP][PASSED] - click(findTestObject("Object Repository/Thread_Webshop/Account/Reorder/Page_Threads/div_Enter using password")): Object: 'Object Repository/Thread_Webshop/Account/Reorder/Page_Threads/div_Enter using password' is clicked on

01-11-2024T16:05:57 - [MESSAGE][PASSED] - Object: 'Object Repository/Thread_Webshop/Account/Reorder/Page_Threads/div_Enter using password' is clicked on

01-11-2024T16:05:57 - [TEST_STEP][PASSED] - setEncryptedText(findTestObject("Object Repository/Thread_Webshop/Account/Reorder/Page_Threads/input_Enter store using password_password"), "gnzTAVlujIw+lTr0To6+Cg=="): Text ****** has been set on object 'Object Repository/Thread_Webshop/Account/Reorder/Page_Threads/input_Enter store using password_password'

01-11-2024T16:05:57 - [MESSAGE][PASSED] - Text ****** has been set on object 'Object Repository/Thread_Webshop/Account/Reorder/Page_Threads/input_Enter store using password_password'

01-11-2024T16:05:57 - [TEST_STEP][PASSED] - click(findTestObject("Object Repository/Thread_Webshop/Account/Reorder/Page_Threads/button_Enter")): Object: 'Object Repository/Thread_Webshop/Account/Reorder/Page_Threads/button_Enter' is clicked on

01-11-2024T16:05:59 - [MESSAGE][PASSED] - Object: 'Object Repository/Thread_Webshop/Account/Reorder/Page_Threads/button_Enter' is clicked on

01-11-2024T16:05:59 - [TEST_STEP][PASSED] - click(findTestObject("Object Repository/Thread_Webshop/Account/Reorder/Page_Threads/svg_Search_icon icon-account")): Object: 'Object Repository/Thread_Webshop/Account/Reorder/Page_Threads/svg_Search_icon icon-account' is clicked on

01-11-2024T16:06:08 - [MESSAGE][PASSED] - Object: 'Object Repository/Thread_Webshop/Account/Reorder/Page_Threads/svg_Search_icon icon-account' is clicked on

01-11-2024T16:06:08 - [TEST_STEP][PASSED] - setText(findTestObject("Object Repository/Thread_Webshop/Account/Reorder/Page_Account  Threads/input_Login_customeremail"), "cenaalice1234@mailinator.com"): Text 'cenaalice1234@mailinator.com' is set on object 'Object Repository/Thread_Webshop/Account/Reorder/Page_Account  Threads/input_Login_customeremail'

01-11-2024T16:06:09 - [MESSAGE][PASSED] - Text 'cenaalice1234@mailinator.com' is set on object 'Object Repository/Thread_Webshop/Account/Reorder/Page_Account  Threads/input_Login_customeremail'

01-11-2024T16:06:09 - [TEST_STEP][PASSED] - setEncryptedText(findTestObject("Object Repository/Thread_Webshop/Account/Reorder/Page_Account  Threads/input_Email_customerpassword"), "UDMlkmqWREzH+mr49N5wRw=="): Text ****** has been set on object 'Object Repository/Thread_Webshop/Account/Reorder/Page_Account  Threads/input_Email_customerpassword'

01-11-2024T16:06:09 - [MESSAGE][PASSED] - Text ****** has been set on object 'Object Repository/Thread_Webshop/Account/Reorder/Page_Account  Threads/input_Email_customerpassword'

01-11-2024T16:06:09 - [TEST_STEP][PASSED] - click(findTestObject("Object Repository/Thread_Webshop/Account/Reorder/Page_Account  Threads/button_Sign in")): Object: 'Object Repository/Thread_Webshop/Account/Reorder/Page_Account  Threads/button_Sign in' is clicked on

01-11-2024T16:06:11 - [MESSAGE][PASSED] - Object: 'Object Repository/Thread_Webshop/Account/Reorder/Page_Account  Threads/button_Sign in' is clicked on

01-11-2024T16:06:11 - [TEST_STEP][PASSED] - click(findTestObject("Object Repository/Thread_Webshop/Account/Reorder/Page_Account  Threads/button_Reorder")): Object: 'Object Repository/Thread_Webshop/Account/Reorder/Page_Account  Threads/button_Reorder' is clicked on

01-11-2024T16:06:18 - [MESSAGE][PASSED] - Object: 'Object Repository/Thread_Webshop/Account/Reorder/Page_Account  Threads/button_Reorder' is clicked on

01-11-2024T16:06:18 - [TEST_STEP][PASSED] - verifyTextPresent("Payment", false): Text 'Payment' is present on page 

01-11-2024T16:06:20 - [MESSAGE][PASSED] - Text 'Payment' is present on page 

01-11-2024T16:06:20 - [TEST_STEP][PASSED] - closeBrowser(): Browser is closed

01-11-2024T16:06:21 - [MESSAGE][PASSED] - Browser is closed]]></system-out>
         <system-err><![CDATA[]]></system-err>
      </testcase>
      <testcase name="Test Cases/Threads_Webshop/9 Wishlist/TC-588 TC-65 TC-605" time="30.584" classname="Test Cases/Threads_Webshop/9 Wishlist/TC-588 TC-65 TC-605" status="PASSED">
         <system-out><![CDATA[01-11-2024T16:06:21 - [TEST_CASE][PASSED] - Test Cases/Threads_Webshop/9 Wishlist/TC-588 TC-65 TC-605: Test Cases/Threads_Webshop/9 Wishlist/TC-588 TC-65 TC-605

01-11-2024T16:06:21 - [TEST_STEP][PASSED] - timestamp = now().format(DateTimeFormatter.ofPattern("yyyyMMdd_HHmmss")): null

01-11-2024T16:06:21 - [TEST_STEP][PASSED] - screenshotFolder = "screenshots/wishlist_" + timestamp + "/": null

01-11-2024T16:06:21 - [TEST_STEP][PASSED] - callTestCase(findTestCase("Threads_Webshop/ReUsable Testcases/Enter Password"), [:], STOP_ON_FAILURE): Call Test Case 'Test Cases/Threads_Webshop/ReUsable Testcases/Enter Password' successfully

01-11-2024T16:06:21 - [TEST_CASE][PASSED] - Test Cases/Threads_Webshop/ReUsable Testcases/Enter Password: Test Cases/Threads_Webshop/ReUsable Testcases/Enter Password

01-11-2024T16:06:21 - [TEST_STEP][PASSED] - openBrowser(""): Browser is opened with url: ''

01-11-2024T16:06:21 - [MESSAGE][INFO] - Starting 'Chrome' driver

01-11-2024T16:06:21 - [MESSAGE][INFO] - Action delay is set to 0 milliseconds

01-11-2024T16:06:21 - [MESSAGE][PASSED] - Browser is opened with url: ''

01-11-2024T16:06:21 - [TEST_STEP][PASSED] - maximizeWindow(): Current window maximized

01-11-2024T16:06:21 - [MESSAGE][PASSED] - Current window maximized

01-11-2024T16:06:21 - [TEST_STEP][PASSED] - navigateToUrl("https://threads0.myshopify.com/password"): Navigate to 'https://threads0.myshopify.com/password' successfully

01-11-2024T16:06:25 - [MESSAGE][PASSED] - Navigate to 'https://threads0.myshopify.com/password' successfully

01-11-2024T16:06:25 - [TEST_STEP][PASSED] - click(findTestObject("Object Repository/Thread_Webshop/Reusable Testcase/Page_Threads/div_Enter using password")): Object: 'Object Repository/Thread_Webshop/Reusable Testcase/Page_Threads/div_Enter using password' is clicked on

01-11-2024T16:06:25 - [MESSAGE][PASSED] - Object: 'Object Repository/Thread_Webshop/Reusable Testcase/Page_Threads/div_Enter using password' is clicked on

01-11-2024T16:06:25 - [TEST_STEP][PASSED] - setEncryptedText(findTestObject("Object Repository/Thread_Webshop/Reusable Testcase/Page_Threads/input_Enter store using password_password"), "gnzTAVlujIw+lTr0To6+Cg=="): Text ****** has been set on object 'Object Repository/Thread_Webshop/Reusable Testcase/Page_Threads/input_Enter store using password_password'

01-11-2024T16:06:25 - [MESSAGE][PASSED] - Text ****** has been set on object 'Object Repository/Thread_Webshop/Reusable Testcase/Page_Threads/input_Enter store using password_password'

01-11-2024T16:06:25 - [TEST_STEP][PASSED] - click(findTestObject("Object Repository/Thread_Webshop/Reusable Testcase/Page_Threads/button_Enter")): Object: 'Object Repository/Thread_Webshop/Reusable Testcase/Page_Threads/button_Enter' is clicked on

01-11-2024T16:06:27 - [MESSAGE][PASSED] - Object: 'Object Repository/Thread_Webshop/Reusable Testcase/Page_Threads/button_Enter' is clicked on

01-11-2024T16:06:27 - [MESSAGE][PASSED] - Call Test Case 'Test Cases/Threads_Webshop/ReUsable Testcases/Enter Password' successfully

01-11-2024T16:06:27 - [TEST_STEP][PASSED] - takeScreenshot(screenshotFolder + "home.png"): Taking screenshot successfully

01-11-2024T16:06:30 - [MESSAGE][PASSED] - Taking screenshot successfully
[[ATTACHMENT|C:\\Users\\SamajitKundu\\git\\threadShopify\\ThreadShopify\\Reports\\20241101_155553\\Threads\\Threads_Suits\\20241101_155554\\screenshots/wishlist_20241101_160621/home.png]]

01-11-2024T16:06:30 - [TEST_STEP][PASSED] - click(findTestObject("Object Repository/Wishlist_An/Page_Threads/span_Catalog")): Object: 'Object Repository/Wishlist_An/Page_Threads/span_Catalog' is clicked on

01-11-2024T16:06:32 - [MESSAGE][PASSED] - Object: 'Object Repository/Wishlist_An/Page_Threads/span_Catalog' is clicked on

01-11-2024T16:06:32 - [TEST_STEP][PASSED] - takeScreenshot(screenshotFolder + "catalog.png"): Taking screenshot successfully

01-11-2024T16:06:35 - [MESSAGE][PASSED] - Taking screenshot successfully
[[ATTACHMENT|C:\\Users\\SamajitKundu\\git\\threadShopify\\ThreadShopify\\Reports\\20241101_155553\\Threads\\Threads_Suits\\20241101_155554\\screenshots/wishlist_20241101_160621/catalog.png]]

01-11-2024T16:06:35 - [TEST_STEP][PASSED] - click(findTestObject("Object Repository/Wishlist_An/Page_Products  Threads/a_ADIDAS  CLASSIC BACKPACK")): Object: 'Object Repository/Wishlist_An/Page_Products  Threads/a_ADIDAS  CLASSIC BACKPACK' is clicked on

01-11-2024T16:06:37 - [MESSAGE][PASSED] - Object: 'Object Repository/Wishlist_An/Page_Products  Threads/a_ADIDAS  CLASSIC BACKPACK' is clicked on

01-11-2024T16:06:37 - [TEST_STEP][PASSED] - takeScreenshot(screenshotFolder + "item1.png"): Taking screenshot successfully

01-11-2024T16:06:40 - [MESSAGE][PASSED] - Taking screenshot successfully
[[ATTACHMENT|C:\\Users\\SamajitKundu\\git\\threadShopify\\ThreadShopify\\Reports\\20241101_155553\\Threads\\Threads_Suits\\20241101_155554\\screenshots/wishlist_20241101_160621/item1.png]]

01-11-2024T16:06:40 - [TEST_STEP][PASSED] - prodname = getText(findTestObject("Object Repository/Wishlist_An/Page_ADIDAS  CLASSIC BACKPACK  Threads/h1_ADIDAS  CLASSIC BACKPACK")): Text of object 'Object Repository/Wishlist_An/Page_ADIDAS  CLASSIC BACKPACK  Threads/h1_ADIDAS  CLASSIC BACKPACK' is: 'ADIDAS | CLASSIC BACKPACK'

01-11-2024T16:06:41 - [MESSAGE][PASSED] - Text of object 'Object Repository/Wishlist_An/Page_ADIDAS  CLASSIC BACKPACK  Threads/h1_ADIDAS  CLASSIC BACKPACK' is: 'ADIDAS | CLASSIC BACKPACK'

01-11-2024T16:06:41 - [TEST_STEP][PASSED] - price = getText(findTestObject("Object Repository/Wishlist_An/Page_ADIDAS  CLASSIC BACKPACK  Threads/span_Rs. 56.00")): Text of object 'Object Repository/Wishlist_An/Page_ADIDAS  CLASSIC BACKPACK  Threads/span_Rs. 56.00' is: 'Rs. 56.00'

01-11-2024T16:06:41 - [MESSAGE][PASSED] - Text of object 'Object Repository/Wishlist_An/Page_ADIDAS  CLASSIC BACKPACK  Threads/span_Rs. 56.00' is: 'Rs. 56.00'

01-11-2024T16:06:41 - [TEST_STEP][PASSED] - click(findTestObject("Object Repository/Wishlist_An/Page_ADIDAS  CLASSIC BACKPACK  Threads/button_Add To Wishlist")): Object: 'Object Repository/Wishlist_An/Page_ADIDAS  CLASSIC BACKPACK  Threads/button_Add To Wishlist' is clicked on

01-11-2024T16:06:42 - [MESSAGE][PASSED] - Object: 'Object Repository/Wishlist_An/Page_ADIDAS  CLASSIC BACKPACK  Threads/button_Add To Wishlist' is clicked on

01-11-2024T16:06:42 - [TEST_STEP][PASSED] - takeScreenshot(screenshotFolder + "wishlist.png"): Taking screenshot successfully

01-11-2024T16:06:43 - [MESSAGE][PASSED] - Taking screenshot successfully
[[ATTACHMENT|C:\\Users\\SamajitKundu\\git\\threadShopify\\ThreadShopify\\Reports\\20241101_155553\\Threads\\Threads_Suits\\20241101_155554\\screenshots/wishlist_20241101_160621/wishlist.png]]

01-11-2024T16:06:43 - [TEST_STEP][PASSED] - click(findTestObject("Object Repository/Wishlist_An/Page_ADIDAS  CLASSIC BACKPACK  Threads/div_ADIDAS  CLASSIC BACKPACK - OS  black ha_7c7ea2")): Object: 'Object Repository/Wishlist_An/Page_ADIDAS  CLASSIC BACKPACK  Threads/div_ADIDAS  CLASSIC BACKPACK - OS  black ha_7c7ea2' is clicked on

01-11-2024T16:06:45 - [MESSAGE][PASSED] - Object: 'Object Repository/Wishlist_An/Page_ADIDAS  CLASSIC BACKPACK  Threads/div_ADIDAS  CLASSIC BACKPACK - OS  black ha_7c7ea2' is clicked on

01-11-2024T16:06:45 - [TEST_STEP][PASSED] - verifyTextPresent("My Wishlist", false): Text 'My Wishlist' is present on page 

01-11-2024T16:06:46 - [MESSAGE][PASSED] - Text 'My Wishlist' is present on page 

01-11-2024T16:06:46 - [TEST_STEP][PASSED] - click(findTestObject("Object Repository/Wishlist_An/Page_Wishlist  Threads/h2_ADIDAS  CLASSIC BACKPACK")): Object: 'Object Repository/Wishlist_An/Page_Wishlist  Threads/h2_ADIDAS  CLASSIC BACKPACK' is clicked on

01-11-2024T16:06:50 - [MESSAGE][PASSED] - Object: 'Object Repository/Wishlist_An/Page_Wishlist  Threads/h2_ADIDAS  CLASSIC BACKPACK' is clicked on

01-11-2024T16:06:50 - [TEST_STEP][PASSED] - takeScreenshot(screenshotFolder + "checkout.png"): Taking screenshot successfully

01-11-2024T16:06:50 - [MESSAGE][PASSED] - Taking screenshot successfully
[[ATTACHMENT|C:\\Users\\SamajitKundu\\git\\threadShopify\\ThreadShopify\\Reports\\20241101_155553\\Threads\\Threads_Suits\\20241101_155554\\screenshots/wishlist_20241101_160621/checkout.png]]

01-11-2024T16:06:50 - [TEST_STEP][PASSED] - verifyTextPresent(prodname, false): Text 'ADIDAS | CLASSIC BACKPACK' is present on page 

01-11-2024T16:06:50 - [MESSAGE][PASSED] - Text 'ADIDAS | CLASSIC BACKPACK' is present on page 

01-11-2024T16:06:50 - [TEST_STEP][PASSED] - verifyTextPresent(price, false): Text 'Rs. 56.00' is present on page 

01-11-2024T16:06:51 - [MESSAGE][PASSED] - Text 'Rs. 56.00' is present on page 

01-11-2024T16:06:51 - [TEST_STEP][PASSED] - closeBrowser(): Browser is closed

01-11-2024T16:06:51 - [MESSAGE][PASSED] - Browser is closed]]></system-out>
         <system-err><![CDATA[]]></system-err>
      </testcase>
      <testcase name="Test Cases/Threads_Webshop/9 Wishlist/TC-593-Verify Wishlist to Cart" time="82.54" classname="Test Cases/Threads_Webshop/9 Wishlist/TC-593-Verify Wishlist to Cart" status="PASSED">
         <system-out><![CDATA[01-11-2024T16:08:52 - [TEST_CASE][PASSED] - Test Cases/Threads_Webshop/9 Wishlist/TC-593-Verify Wishlist to Cart: Test Cases/Threads_Webshop/9 Wishlist/TC-593-Verify Wishlist to Cart

01-11-2024T16:08:52 - [TEST_STEP][PASSED] - timestamp = now().format(DateTimeFormatter.ofPattern("yyyyMMdd_HHmmss")): null

01-11-2024T16:08:52 - [TEST_STEP][PASSED] - screenshotFolder = "screenshots/wishlist_" + timestamp + "/": null

01-11-2024T16:08:52 - [TEST_STEP][PASSED] - callTestCase(findTestCase("Threads_Webshop/ReUsable Testcases/Enter Password"), [:], STOP_ON_FAILURE): Call Test Case 'Test Cases/Threads_Webshop/ReUsable Testcases/Enter Password' successfully

01-11-2024T16:08:52 - [TEST_CASE][PASSED] - Test Cases/Threads_Webshop/ReUsable Testcases/Enter Password: Test Cases/Threads_Webshop/ReUsable Testcases/Enter Password

01-11-2024T16:08:52 - [TEST_STEP][PASSED] - openBrowser(""): Browser is opened with url: ''

01-11-2024T16:08:52 - [MESSAGE][WARNING] - A browser is already opened. Closing browser and opening a new one

01-11-2024T16:08:53 - [MESSAGE][INFO] - Starting 'Chrome' driver

01-11-2024T16:08:53 - [MESSAGE][INFO] - Action delay is set to 0 milliseconds

01-11-2024T16:08:54 - [MESSAGE][PASSED] - Browser is opened with url: ''

01-11-2024T16:08:54 - [TEST_STEP][PASSED] - maximizeWindow(): Current window maximized

01-11-2024T16:08:54 - [MESSAGE][PASSED] - Current window maximized

01-11-2024T16:08:54 - [TEST_STEP][PASSED] - navigateToUrl("https://threads0.myshopify.com/password"): Navigate to 'https://threads0.myshopify.com/password' successfully

01-11-2024T16:08:57 - [MESSAGE][PASSED] - Navigate to 'https://threads0.myshopify.com/password' successfully

01-11-2024T16:08:57 - [TEST_STEP][PASSED] - click(findTestObject("Object Repository/Thread_Webshop/Reusable Testcase/Page_Threads/div_Enter using password")): Object: 'Object Repository/Thread_Webshop/Reusable Testcase/Page_Threads/div_Enter using password' is clicked on

01-11-2024T16:08:58 - [MESSAGE][PASSED] - Object: 'Object Repository/Thread_Webshop/Reusable Testcase/Page_Threads/div_Enter using password' is clicked on

01-11-2024T16:08:58 - [TEST_STEP][PASSED] - setEncryptedText(findTestObject("Object Repository/Thread_Webshop/Reusable Testcase/Page_Threads/input_Enter store using password_password"), "gnzTAVlujIw+lTr0To6+Cg=="): Text ****** has been set on object 'Object Repository/Thread_Webshop/Reusable Testcase/Page_Threads/input_Enter store using password_password'

01-11-2024T16:08:59 - [MESSAGE][PASSED] - Text ****** has been set on object 'Object Repository/Thread_Webshop/Reusable Testcase/Page_Threads/input_Enter store using password_password'

01-11-2024T16:08:59 - [TEST_STEP][PASSED] - click(findTestObject("Object Repository/Thread_Webshop/Reusable Testcase/Page_Threads/button_Enter")): Object: 'Object Repository/Thread_Webshop/Reusable Testcase/Page_Threads/button_Enter' is clicked on

01-11-2024T16:09:23 - [MESSAGE][PASSED] - Object: 'Object Repository/Thread_Webshop/Reusable Testcase/Page_Threads/button_Enter' is clicked on

01-11-2024T16:09:23 - [MESSAGE][PASSED] - Call Test Case 'Test Cases/Threads_Webshop/ReUsable Testcases/Enter Password' successfully

01-11-2024T16:09:23 - [TEST_STEP][PASSED] - takeScreenshot(screenshotFolder + "home.png"): Taking screenshot successfully

01-11-2024T16:09:27 - [MESSAGE][PASSED] - Taking screenshot successfully
[[ATTACHMENT|C:\\Users\\SamajitKundu\\git\\threadShopify\\ThreadShopify\\Reports\\20241101_155553\\Threads\\Threads_Suits\\20241101_155554\\screenshots/wishlist_20241101_160852/home.png]]

01-11-2024T16:09:27 - [TEST_STEP][PASSED] - click(findTestObject("Object Repository/Wishlist to cart_An/Page_Threads/span_Catalog")): Object: 'Object Repository/Wishlist to cart_An/Page_Threads/span_Catalog' is clicked on

01-11-2024T16:09:29 - [MESSAGE][PASSED] - Object: 'Object Repository/Wishlist to cart_An/Page_Threads/span_Catalog' is clicked on

01-11-2024T16:09:29 - [TEST_STEP][PASSED] - takeScreenshot(screenshotFolder + "catalog.png"): Taking screenshot successfully

01-11-2024T16:09:31 - [MESSAGE][PASSED] - Taking screenshot successfully
[[ATTACHMENT|C:\\Users\\SamajitKundu\\git\\threadShopify\\ThreadShopify\\Reports\\20241101_155553\\Threads\\Threads_Suits\\20241101_155554\\screenshots/wishlist_20241101_160852/catalog.png]]

01-11-2024T16:09:31 - [TEST_STEP][PASSED] - click(findTestObject("Object Repository/Wishlist to cart_An/Page_Products  Threads/a_ADIDAS  CLASSIC BACKPACK")): Object: 'Object Repository/Wishlist to cart_An/Page_Products  Threads/a_ADIDAS  CLASSIC BACKPACK' is clicked on

01-11-2024T16:09:33 - [MESSAGE][PASSED] - Object: 'Object Repository/Wishlist to cart_An/Page_Products  Threads/a_ADIDAS  CLASSIC BACKPACK' is clicked on

01-11-2024T16:09:33 - [TEST_STEP][PASSED] - click(findTestObject("Object Repository/Wishlist to cart_An/Page_ADIDAS  CLASSIC BACKPACK  Threads/span_Add To Wishlist")): Object: 'Object Repository/Wishlist to cart_An/Page_ADIDAS  CLASSIC BACKPACK  Threads/span_Add To Wishlist' is clicked on

01-11-2024T16:09:35 - [MESSAGE][PASSED] - Object: 'Object Repository/Wishlist to cart_An/Page_ADIDAS  CLASSIC BACKPACK  Threads/span_Add To Wishlist' is clicked on

01-11-2024T16:09:35 - [TEST_STEP][PASSED] - takeScreenshot(screenshotFolder + "wishlist.png"): Taking screenshot successfully

01-11-2024T16:09:36 - [MESSAGE][PASSED] - Taking screenshot successfully
[[ATTACHMENT|C:\\Users\\SamajitKundu\\git\\threadShopify\\ThreadShopify\\Reports\\20241101_155553\\Threads\\Threads_Suits\\20241101_155554\\screenshots/wishlist_20241101_160852/wishlist.png]]

01-11-2024T16:09:36 - [TEST_STEP][PASSED] - verifyTextPresent("ADDED TO WISHLIST", false): Text 'ADDED TO WISHLIST' is present on page 

01-11-2024T16:09:36 - [MESSAGE][PASSED] - Text 'ADDED TO WISHLIST' is present on page 

01-11-2024T16:09:36 - [TEST_STEP][PASSED] - click(findTestObject("Object Repository/Wishlist to cart_An/Page_ADIDAS  CLASSIC BACKPACK  Threads/svg")): Object: 'Object Repository/Wishlist to cart_An/Page_ADIDAS  CLASSIC BACKPACK  Threads/svg' is clicked on

01-11-2024T16:10:07 - [MESSAGE][INFO] - Unable to find the element located by 'By.xpath: /html/body/div[2]/sticky-header/header/div/a[2]/span[1]/svg'. Please recheck the objects properties to make sure the desired element is located. 

01-11-2024T16:10:07 - [MESSAGE][WARNING] - [SELF-HEALING] Failed to find element with id 'Object Repository/Wishlist to cart_An/Page_ADIDAS  CLASSIC BACKPACK  Threads/svg'. Try using Self-healing.

01-11-2024T16:10:07 - [MESSAGE][ERROR] - [SELF-HEALING] com.google.gson.stream.MalformedJsonException: Expected ':' at line 5 column 10 path $.brokenTestObjects[0].<<<<<<<

01-11-2024T16:10:07 - [MESSAGE][INFO] - [SELF-HEALING] Working Locator: '(.//*[normalize-space(text()) and normalize-space(.)='Log in'])[2]/following::*[name()='svg'][1]'.

01-11-2024T16:10:08 - [MESSAGE][INFO] - [SELF-HEALING] Screenshot: C:/Users/SamajitKundu/git/threadShopify/ThreadShopify/Reports/Self-healing/Object Repository/Wishlist to cart_An/Page_ADIDAS  CLASSIC BACKPACK  Threads/svg_neighbor.png

01-11-2024T16:10:08 - [MESSAGE][ERROR] - [SELF-HEALING] com.google.gson.stream.MalformedJsonException: Expected ':' at line 5 column 10 path $.brokenTestObjects[0].<<<<<<<

01-11-2024T16:10:08 - [MESSAGE][ERROR] - [SELF-HEALING] C:\Users\SamajitKundu\git\threadShopify\ThreadShopify\Reports\Self-healing\broken-test-objects-v2.json does not exist or is provided by Self-healing Plugin!

01-11-2024T16:10:08 - [MESSAGE][WARNING] - [SELF-HEALING] The current locator of test object 'Object Repository/Wishlist to cart_An/Page_ADIDAS  CLASSIC BACKPACK  Threads/svg' was broken. Propose an alternative one: '(.//*[normalize-space(text()) and normalize-space(.)='Log in'])[2]/following::*[name()='svg'][1]'.

01-11-2024T16:10:08 - [MESSAGE][PASSED] - Object: 'Object Repository/Wishlist to cart_An/Page_ADIDAS  CLASSIC BACKPACK  Threads/svg' is clicked on

01-11-2024T16:10:08 - [TEST_STEP][PASSED] - click(findTestObject("Object Repository/Wishlist to cart_An/Page_Wishlist  Threads/button_Add To Cart")): Object: 'Object Repository/Wishlist to cart_An/Page_Wishlist  Threads/button_Add To Cart' is clicked on

01-11-2024T16:10:10 - [MESSAGE][PASSED] - Object: 'Object Repository/Wishlist to cart_An/Page_Wishlist  Threads/button_Add To Cart' is clicked on

01-11-2024T16:10:10 - [TEST_STEP][PASSED] - verifyTextPresent("ADDED TO CART", false): Text 'ADDED TO CART' is present on page 

01-11-2024T16:10:11 - [MESSAGE][PASSED] - Text 'ADDED TO CART' is present on page 

01-11-2024T16:10:11 - [TEST_STEP][PASSED] - takeScreenshot(screenshotFolder + "addCart.png"): Taking screenshot successfully

01-11-2024T16:10:12 - [MESSAGE][PASSED] - Taking screenshot successfully
[[ATTACHMENT|C:\\Users\\SamajitKundu\\git\\threadShopify\\ThreadShopify\\Reports\\20241101_155553\\Threads\\Threads_Suits\\20241101_155554\\screenshots/wishlist_20241101_160852/addCart.png]]

01-11-2024T16:10:12 - [TEST_STEP][PASSED] - click(findTestObject("Object Repository/Wishlist to cart_An/Page_Wishlist  Threads/div_22 items")): Object: 'Object Repository/Wishlist to cart_An/Page_Wishlist  Threads/div_22 items' is clicked on

01-11-2024T16:10:12 - [MESSAGE][PASSED] - Object: 'Object Repository/Wishlist to cart_An/Page_Wishlist  Threads/div_22 items' is clicked on

01-11-2024T16:10:12 - [TEST_STEP][PASSED] - verifyTextPresent("Your cart", false): Text 'Your cart' is present on page 

01-11-2024T16:10:13 - [MESSAGE][PASSED] - Text 'Your cart' is present on page 

01-11-2024T16:10:13 - [TEST_STEP][PASSED] - takeScreenshot(screenshotFolder + "cart.png"): Taking screenshot successfully

01-11-2024T16:10:13 - [MESSAGE][PASSED] - Taking screenshot successfully
[[ATTACHMENT|C:\\Users\\SamajitKundu\\git\\threadShopify\\ThreadShopify\\Reports\\20241101_155553\\Threads\\Threads_Suits\\20241101_155554\\screenshots/wishlist_20241101_160852/cart.png]]

01-11-2024T16:10:13 - [TEST_STEP][PASSED] - click(findTestObject("Object Repository/Wishlist to cart_An/Page_Your Shopping Cart  Threads/div_Rs. 56.00")): Object: 'Object Repository/Wishlist to cart_An/Page_Your Shopping Cart  Threads/div_Rs. 56.00' is clicked on

01-11-2024T16:10:14 - [MESSAGE][PASSED] - Object: 'Object Repository/Wishlist to cart_An/Page_Your Shopping Cart  Threads/div_Rs. 56.00' is clicked on

01-11-2024T16:10:14 - [TEST_STEP][PASSED] - takeScreenshot(screenshotFolder + "checkout.png"): Taking screenshot successfully

01-11-2024T16:10:14 - [MESSAGE][PASSED] - Taking screenshot successfully
[[ATTACHMENT|C:\\Users\\SamajitKundu\\git\\threadShopify\\ThreadShopify\\Reports\\20241101_155553\\Threads\\Threads_Suits\\20241101_155554\\screenshots/wishlist_20241101_160852/checkout.png]]

01-11-2024T16:10:14 - [TEST_STEP][PASSED] - closeBrowser(): Browser is closed

01-11-2024T16:10:15 - [MESSAGE][PASSED] - Browser is closed]]></system-out>
         <system-err><![CDATA[]]></system-err>
      </testcase>
      <system-out><![CDATA[01-11-2024T15:55:57 - [TEST_SUITE][FAILED] - Threads_Suits: Test Cases/Threads_Webshop/9 Wishlist/TC-593-Verify Wishlist to Cart FAILED.
Reason:
com.kms.katalon.core.exception.StepFailedException: Unable to verify text 'ADDED TO WISHLIST' is present 
	at com.kms.katalon.core.webui.keyword.internal.WebUIKeywordMain.stepFailed(WebUIKeywordMain.groovy:117)
	at com.kms.katalon.core.webui.keyword.internal.WebUIKeywordMain.runKeyword(WebUIKeywordMain.groovy:43)
	at com.kms.katalon.core.webui.keyword.builtin.VerifyTextPresentKeyword.verifyTextPresent(VerifyTextPresentKeyword.groovy:83)
	at com.kms.katalon.core.webui.keyword.builtin.VerifyTextPresentKeyword.execute(VerifyTextPresentKeyword.groovy:68)
	at com.kms.katalon.core.keyword.internal.KeywordExecutor.executeKeywordForPlatform(KeywordExecutor.groovy:74)
	at com.kms.katalon.core.webui.keyword.WebUiBuiltInKeywords.verifyTextPresent(WebUiBuiltInKeywords.groovy:1762)
	at TC-593-Verify Wishlist to Cart.run(TC-593-Verify Wishlist to Cart:48)
	at com.kms.katalon.core.main.ScriptEngine.run(ScriptEngine.java:194)
	at com.kms.katalon.core.main.ScriptEngine.runScriptAsRawText(ScriptEngine.java:119)
	at com.kms.katalon.core.main.TestCaseExecutor.runScript(TestCaseExecutor.java:448)
	at com.kms.katalon.core.main.TestCaseExecutor.doExecute(TestCaseExecutor.java:439)
	at com.kms.katalon.core.main.TestCaseExecutor.processExecutionPhase(TestCaseExecutor.java:418)
	at com.kms.katalon.core.main.TestCaseExecutor.accessMainPhase(TestCaseExecutor.java:410)
	at com.kms.katalon.core.main.TestCaseExecutor.execute(TestCaseExecutor.java:285)
	at com.kms.katalon.core.common.CommonExecutor.accessTestCaseMainPhase(CommonExecutor.java:65)
	at com.kms.katalon.core.main.TestSuiteExecutor.accessTestSuiteMainPhase(TestSuiteExecutor.java:150)
	at com.kms.katalon.core.main.TestSuiteExecutor.execute(TestSuiteExecutor.java:106)
	at com.kms.katalon.core.main.TestCaseMain.startTestSuite(TestCaseMain.java:180)
	at TempTestSuite1730456754927.run(TempTestSuite1730456754927.groovy:35)
	at java.base/jdk.internal.reflect.NativeMethodAccessorImpl.invoke0(Native Method)
	at java.base/jdk.internal.reflect.NativeMethodAccessorImpl.invoke(NativeMethodAccessorImpl.java:77)
	at java.base/jdk.internal.reflect.DelegatingMethodAccessorImpl.invoke(DelegatingMethodAccessorImpl.java:43)
Caused by: com.kms.katalon.core.exception.StepFailedException: Text 'ADDED TO WISHLIST' is not present on page 
	at com.kms.katalon.core.webui.keyword.internal.WebUIKeywordMain.stepFailed(WebUIKeywordMain.groovy:117)
	at com.kms.katalon.core.webui.keyword.builtin.VerifyTextPresentKeyword$_verifyTextPresent_closure1.doCall(VerifyTextPresentKeyword.groovy:79)
	at com.kms.katalon.core.webui.keyword.builtin.VerifyTextPresentKeyword$_verifyTextPresent_closure1.call(VerifyTextPresentKeyword.groovy)
	at com.kms.katalon.core.webui.keyword.internal.WebUIKeywordMain.runKeyword(WebUIKeywordMain.groovy:35)
	... 20 more]]></system-out>
      <system-err><![CDATA[01-11-2024T15:55:57 - [TEST_SUITE][FAILED] - Threads_Suits: Test Cases/Threads_Webshop/9 Wishlist/TC-593-Verify Wishlist to Cart FAILED.
Reason:
com.kms.katalon.core.exception.StepFailedException: Unable to verify text 'ADDED TO WISHLIST' is present 
	at com.kms.katalon.core.webui.keyword.internal.WebUIKeywordMain.stepFailed(WebUIKeywordMain.groovy:117)
	at com.kms.katalon.core.webui.keyword.internal.WebUIKeywordMain.runKeyword(WebUIKeywordMain.groovy:43)
	at com.kms.katalon.core.webui.keyword.builtin.VerifyTextPresentKeyword.verifyTextPresent(VerifyTextPresentKeyword.groovy:83)
	at com.kms.katalon.core.webui.keyword.builtin.VerifyTextPresentKeyword.execute(VerifyTextPresentKeyword.groovy:68)
	at com.kms.katalon.core.keyword.internal.KeywordExecutor.executeKeywordForPlatform(KeywordExecutor.groovy:74)
	at com.kms.katalon.core.webui.keyword.WebUiBuiltInKeywords.verifyTextPresent(WebUiBuiltInKeywords.groovy:1762)
	at TC-593-Verify Wishlist to Cart.run(TC-593-Verify Wishlist to Cart:48)
	at com.kms.katalon.core.main.ScriptEngine.run(ScriptEngine.java:194)
	at com.kms.katalon.core.main.ScriptEngine.runScriptAsRawText(ScriptEngine.java:119)
	at com.kms.katalon.core.main.TestCaseExecutor.runScript(TestCaseExecutor.java:448)
	at com.kms.katalon.core.main.TestCaseExecutor.doExecute(TestCaseExecutor.java:439)
	at com.kms.katalon.core.main.TestCaseExecutor.processExecutionPhase(TestCaseExecutor.java:418)
	at com.kms.katalon.core.main.TestCaseExecutor.accessMainPhase(TestCaseExecutor.java:410)
	at com.kms.katalon.core.main.TestCaseExecutor.execute(TestCaseExecutor.java:285)
	at com.kms.katalon.core.common.CommonExecutor.accessTestCaseMainPhase(CommonExecutor.java:65)
	at com.kms.katalon.core.main.TestSuiteExecutor.accessTestSuiteMainPhase(TestSuiteExecutor.java:150)
	at com.kms.katalon.core.main.TestSuiteExecutor.execute(TestSuiteExecutor.java:106)
	at com.kms.katalon.core.main.TestCaseMain.startTestSuite(TestCaseMain.java:180)
	at TempTestSuite1730456754927.run(TempTestSuite1730456754927.groovy:35)
	at java.base/jdk.internal.reflect.NativeMethodAccessorImpl.invoke0(Native Method)
	at java.base/jdk.internal.reflect.NativeMethodAccessorImpl.invoke(NativeMethodAccessorImpl.java:77)
	at java.base/jdk.internal.reflect.DelegatingMethodAccessorImpl.invoke(DelegatingMethodAccessorImpl.java:43)
Caused by: com.kms.katalon.core.exception.StepFailedException: Text 'ADDED TO WISHLIST' is not present on page 
	at com.kms.katalon.core.webui.keyword.internal.WebUIKeywordMain.stepFailed(WebUIKeywordMain.groovy:117)
	at com.kms.katalon.core.webui.keyword.builtin.VerifyTextPresentKeyword$_verifyTextPresent_closure1.doCall(VerifyTextPresentKeyword.groovy:79)
	at com.kms.katalon.core.webui.keyword.builtin.VerifyTextPresentKeyword$_verifyTextPresent_closure1.call(VerifyTextPresentKeyword.groovy)
	at com.kms.katalon.core.webui.keyword.internal.WebUIKeywordMain.runKeyword(WebUIKeywordMain.groovy:35)
	... 20 more]]></system-err>
   </testsuite>
</testsuites>
